[2023-12-15T08:50:24.331-0300] {taskinstance.py:1159} INFO - Dependencies all met for dep_context=non-requeueable deps ti=<TaskInstance: ArmazenaPastaMongoDBDAG.store_folder scheduled__2023-02-08T00:00:00+00:00 [queued]>
[2023-12-15T08:50:24.336-0300] {taskinstance.py:1159} INFO - Dependencies all met for dep_context=requeueable deps ti=<TaskInstance: ArmazenaPastaMongoDBDAG.store_folder scheduled__2023-02-08T00:00:00+00:00 [queued]>
[2023-12-15T08:50:24.337-0300] {taskinstance.py:1361} INFO - Starting attempt 1 of 1
[2023-12-15T08:50:24.352-0300] {taskinstance.py:1382} INFO - Executing <Task(PythonOperator): store_folder> on 2023-02-08 00:00:00+00:00
[2023-12-15T08:50:24.356-0300] {standard_task_runner.py:57} INFO - Started process 7613 to run task
[2023-12-15T08:50:24.358-0300] {standard_task_runner.py:84} INFO - Running: ['airflow', 'tasks', 'run', 'ArmazenaPastaMongoDBDAG', 'store_folder', 'scheduled__2023-02-08T00:00:00+00:00', '--job-id', '405', '--raw', '--subdir', 'DAGS_FOLDER/upload_mongo.py', '--cfg-path', '/tmp/tmpiv_8gz4l']
[2023-12-15T08:50:24.359-0300] {standard_task_runner.py:85} INFO - Job 405: Subtask store_folder
[2023-12-15T08:50:24.393-0300] {task_command.py:416} INFO - Running <TaskInstance: ArmazenaPastaMongoDBDAG.store_folder scheduled__2023-02-08T00:00:00+00:00 [running]> on host JulioPC.
[2023-12-15T08:50:24.459-0300] {taskinstance.py:1662} INFO - Exporting env vars: AIRFLOW_CTX_DAG_OWNER='airflow' AIRFLOW_CTX_DAG_ID='ArmazenaPastaMongoDBDAG' AIRFLOW_CTX_TASK_ID='store_folder' AIRFLOW_CTX_EXECUTION_DATE='2023-02-08T00:00:00+00:00' AIRFLOW_CTX_TRY_NUMBER='1' AIRFLOW_CTX_DAG_RUN_ID='scheduled__2023-02-08T00:00:00+00:00'
[2023-12-15T08:50:25.474-0300] {python.py:194} INFO - Done. Returned value was: None
[2023-12-15T08:50:25.480-0300] {taskinstance.py:1400} INFO - Marking task as SUCCESS. dag_id=ArmazenaPastaMongoDBDAG, task_id=store_folder, execution_date=20230208T000000, start_date=20231215T115024, end_date=20231215T115025
[2023-12-15T08:50:25.537-0300] {local_task_job_runner.py:228} INFO - Task exited with return code 0
[2023-12-15T08:50:25.551-0300] {taskinstance.py:2778} INFO - 0 downstream tasks scheduled from follow-on schedule check
[2023-12-15T09:33:55.977-0300] {taskinstance.py:1159} INFO - Dependencies all met for dep_context=non-requeueable deps ti=<TaskInstance: ArmazenaPastaMongoDBDAG.store_folder scheduled__2023-02-08T00:00:00+00:00 [queued]>
[2023-12-15T09:33:55.984-0300] {taskinstance.py:1159} INFO - Dependencies all met for dep_context=requeueable deps ti=<TaskInstance: ArmazenaPastaMongoDBDAG.store_folder scheduled__2023-02-08T00:00:00+00:00 [queued]>
[2023-12-15T09:33:55.984-0300] {taskinstance.py:1361} INFO - Starting attempt 1 of 1
[2023-12-15T09:33:56.003-0300] {taskinstance.py:1382} INFO - Executing <Task(PythonOperator): store_folder> on 2023-02-08 00:00:00+00:00
[2023-12-15T09:33:56.008-0300] {standard_task_runner.py:57} INFO - Started process 33282 to run task
[2023-12-15T09:33:56.014-0300] {standard_task_runner.py:84} INFO - Running: ['airflow', 'tasks', 'run', 'ArmazenaPastaMongoDBDAG', 'store_folder', 'scheduled__2023-02-08T00:00:00+00:00', '--job-id', '405', '--raw', '--subdir', 'DAGS_FOLDER/upload_mongo.py', '--cfg-path', '/tmp/tmp4orfvzfj']
[2023-12-15T09:33:56.017-0300] {standard_task_runner.py:85} INFO - Job 405: Subtask store_folder
[2023-12-15T09:33:56.092-0300] {task_command.py:416} INFO - Running <TaskInstance: ArmazenaPastaMongoDBDAG.store_folder scheduled__2023-02-08T00:00:00+00:00 [running]> on host JulioPC.
[2023-12-15T09:33:56.162-0300] {taskinstance.py:1662} INFO - Exporting env vars: AIRFLOW_CTX_DAG_OWNER='airflow' AIRFLOW_CTX_DAG_ID='ArmazenaPastaMongoDBDAG' AIRFLOW_CTX_TASK_ID='store_folder' AIRFLOW_CTX_EXECUTION_DATE='2023-02-08T00:00:00+00:00' AIRFLOW_CTX_TRY_NUMBER='1' AIRFLOW_CTX_DAG_RUN_ID='scheduled__2023-02-08T00:00:00+00:00'
[2023-12-15T09:33:57.233-0300] {python.py:194} INFO - Done. Returned value was: None
[2023-12-15T09:33:57.239-0300] {taskinstance.py:1400} INFO - Marking task as SUCCESS. dag_id=ArmazenaPastaMongoDBDAG, task_id=store_folder, execution_date=20230208T000000, start_date=20231215T123355, end_date=20231215T123357
[2023-12-15T09:33:57.276-0300] {local_task_job_runner.py:228} INFO - Task exited with return code 0
[2023-12-15T09:33:57.284-0300] {taskinstance.py:2778} INFO - 0 downstream tasks scheduled from follow-on schedule check
