[2023-12-15T01:04:57.309-0300] {taskinstance.py:1159} INFO - Dependencies all met for dep_context=non-requeueable deps ti=<TaskInstance: TwitterDAG.transform_twitter_datascience scheduled__2023-12-13T00:00:00+00:00 [queued]>
[2023-12-15T01:04:57.315-0300] {taskinstance.py:1159} INFO - Dependencies all met for dep_context=requeueable deps ti=<TaskInstance: TwitterDAG.transform_twitter_datascience scheduled__2023-12-13T00:00:00+00:00 [queued]>
[2023-12-15T01:04:57.315-0300] {taskinstance.py:1361} INFO - Starting attempt 1 of 1
[2023-12-15T01:04:57.335-0300] {taskinstance.py:1382} INFO - Executing <Task(SparkSubmitOperator): transform_twitter_datascience> on 2023-12-13 00:00:00+00:00
[2023-12-15T01:04:57.338-0300] {standard_task_runner.py:57} INFO - Started process 15408 to run task
[2023-12-15T01:04:57.341-0300] {standard_task_runner.py:84} INFO - Running: ['airflow', 'tasks', 'run', 'TwitterDAG', 'transform_twitter_datascience', 'scheduled__2023-12-13T00:00:00+00:00', '--job-id', '61', '--raw', '--subdir', 'DAGS_FOLDER/twitter_dag.py', '--cfg-path', '/tmp/tmp73vxium8']
[2023-12-15T01:04:57.343-0300] {standard_task_runner.py:85} INFO - Job 61: Subtask transform_twitter_datascience
[2023-12-15T01:04:57.380-0300] {task_command.py:416} INFO - Running <TaskInstance: TwitterDAG.transform_twitter_datascience scheduled__2023-12-13T00:00:00+00:00 [running]> on host JulioPC.
[2023-12-15T01:04:57.440-0300] {taskinstance.py:1662} INFO - Exporting env vars: AIRFLOW_CTX_DAG_OWNER='airflow' AIRFLOW_CTX_DAG_ID='TwitterDAG' AIRFLOW_CTX_TASK_ID='transform_twitter_datascience' AIRFLOW_CTX_EXECUTION_DATE='2023-12-13T00:00:00+00:00' AIRFLOW_CTX_TRY_NUMBER='1' AIRFLOW_CTX_DAG_RUN_ID='scheduled__2023-12-13T00:00:00+00:00'
[2023-12-15T01:04:57.445-0300] {base.py:73} INFO - Using connection ID 'spark_default' for task execution.
[2023-12-15T01:04:57.446-0300] {spark_submit.py:351} INFO - Spark-Submit cmd: spark-submit --master local --name twitter_transformation /home/julioubuntu/Projects/EGD/airflow-trabalho-final/src/spark/transformation.py --src /home/julioubuntu/Projects/EGD/airflow-trabalho-final/datalake/Bronze/twitter_datascience/extract_date=2023-12-13 --dest /home/julioubuntu/Projects/EGD/airflow-trabalho-final/datalake/Silver/twitter_datascience/ --process-date 2023-12-13
[2023-12-15T01:04:57.452-0300] {spark_submit.py:521} INFO - /home/julioubuntu/Projects/EGD/airflow-trabalho-final/venv/bin/spark-submit: line 27: /home/julioubuntu/Projects/EGD/airflow-trabalho-final/spark-3.1.3-bin-hadoop3.2/bin/spark-class: No such file or directory
[2023-12-15T01:04:57.458-0300] {taskinstance.py:1937} ERROR - Task failed with exception
Traceback (most recent call last):
  File "/home/julioubuntu/Projects/EGD/airflow-trabalho-final/venv/lib/python3.9/site-packages/airflow/providers/apache/spark/operators/spark_submit.py", line 160, in execute
    self._hook.submit(self._application)
  File "/home/julioubuntu/Projects/EGD/airflow-trabalho-final/venv/lib/python3.9/site-packages/airflow/providers/apache/spark/hooks/spark_submit.py", line 452, in submit
    raise AirflowException(
airflow.exceptions.AirflowException: Cannot execute: spark-submit --master local --name twitter_transformation /home/julioubuntu/Projects/EGD/airflow-trabalho-final/src/spark/transformation.py --src /home/julioubuntu/Projects/EGD/airflow-trabalho-final/datalake/Bronze/twitter_datascience/extract_date=2023-12-13 --dest /home/julioubuntu/Projects/EGD/airflow-trabalho-final/datalake/Silver/twitter_datascience/ --process-date 2023-12-13. Error code is: 127.
[2023-12-15T01:04:57.460-0300] {taskinstance.py:1400} INFO - Marking task as FAILED. dag_id=TwitterDAG, task_id=transform_twitter_datascience, execution_date=20231213T000000, start_date=20231215T040457, end_date=20231215T040457
[2023-12-15T01:04:57.483-0300] {standard_task_runner.py:104} ERROR - Failed to execute job 61 for task transform_twitter_datascience (Cannot execute: spark-submit --master local --name twitter_transformation /home/julioubuntu/Projects/EGD/airflow-trabalho-final/src/spark/transformation.py --src /home/julioubuntu/Projects/EGD/airflow-trabalho-final/datalake/Bronze/twitter_datascience/extract_date=2023-12-13 --dest /home/julioubuntu/Projects/EGD/airflow-trabalho-final/datalake/Silver/twitter_datascience/ --process-date 2023-12-13. Error code is: 127.; 15408)
[2023-12-15T01:04:57.514-0300] {local_task_job_runner.py:228} INFO - Task exited with return code 1
[2023-12-15T01:04:57.526-0300] {taskinstance.py:2778} INFO - 0 downstream tasks scheduled from follow-on schedule check
[2023-12-15T01:10:10.897-0300] {taskinstance.py:1159} INFO - Dependencies all met for dep_context=non-requeueable deps ti=<TaskInstance: TwitterDAG.transform_twitter_datascience scheduled__2023-12-13T00:00:00+00:00 [queued]>
[2023-12-15T01:10:10.903-0300] {taskinstance.py:1159} INFO - Dependencies all met for dep_context=requeueable deps ti=<TaskInstance: TwitterDAG.transform_twitter_datascience scheduled__2023-12-13T00:00:00+00:00 [queued]>
[2023-12-15T01:10:10.903-0300] {taskinstance.py:1361} INFO - Starting attempt 1 of 1
[2023-12-15T01:10:10.921-0300] {taskinstance.py:1382} INFO - Executing <Task(SparkSubmitOperator): transform_twitter_datascience> on 2023-12-13 00:00:00+00:00
[2023-12-15T01:10:10.923-0300] {standard_task_runner.py:57} INFO - Started process 19263 to run task
[2023-12-15T01:10:10.926-0300] {standard_task_runner.py:84} INFO - Running: ['airflow', 'tasks', 'run', 'TwitterDAG', 'transform_twitter_datascience', 'scheduled__2023-12-13T00:00:00+00:00', '--job-id', '61', '--raw', '--subdir', 'DAGS_FOLDER/twitter_dag.py', '--cfg-path', '/tmp/tmp0efpimh4']
[2023-12-15T01:10:10.927-0300] {standard_task_runner.py:85} INFO - Job 61: Subtask transform_twitter_datascience
[2023-12-15T01:10:10.965-0300] {task_command.py:416} INFO - Running <TaskInstance: TwitterDAG.transform_twitter_datascience scheduled__2023-12-13T00:00:00+00:00 [running]> on host JulioPC.
[2023-12-15T01:10:11.025-0300] {taskinstance.py:1662} INFO - Exporting env vars: AIRFLOW_CTX_DAG_OWNER='airflow' AIRFLOW_CTX_DAG_ID='TwitterDAG' AIRFLOW_CTX_TASK_ID='transform_twitter_datascience' AIRFLOW_CTX_EXECUTION_DATE='2023-12-13T00:00:00+00:00' AIRFLOW_CTX_TRY_NUMBER='1' AIRFLOW_CTX_DAG_RUN_ID='scheduled__2023-12-13T00:00:00+00:00'
[2023-12-15T01:10:11.029-0300] {base.py:73} INFO - Using connection ID 'spark_default' for task execution.
[2023-12-15T01:10:11.031-0300] {spark_submit.py:351} INFO - Spark-Submit cmd: spark-submit --master local --name twitter_transformation /home/julioubuntu/Projects/EGD/airflow-trabalho-final/src/spark/transformation.py --src /home/julioubuntu/Projects/EGD/airflow-trabalho-final/datalake/Bronze/twitter_datascience/extract_date=2023-12-13 --dest /home/julioubuntu/Projects/EGD/airflow-trabalho-final/datalake/Silver/twitter_datascience/ --process-date 2023-12-13
[2023-12-15T01:10:11.036-0300] {spark_submit.py:521} INFO - /home/julioubuntu/Projects/EGD/airflow-trabalho-final/venv/bin/spark-submit: line 27: /home/julioubuntu/Projects/EGD/airflow-trabalho-final/spark-3.1.3-bin-hadoop3.2/bin/spark-class: No such file or directory
[2023-12-15T01:10:11.042-0300] {taskinstance.py:1937} ERROR - Task failed with exception
Traceback (most recent call last):
  File "/home/julioubuntu/Projects/EGD/airflow-trabalho-final/venv/lib/python3.9/site-packages/airflow/providers/apache/spark/operators/spark_submit.py", line 160, in execute
    self._hook.submit(self._application)
  File "/home/julioubuntu/Projects/EGD/airflow-trabalho-final/venv/lib/python3.9/site-packages/airflow/providers/apache/spark/hooks/spark_submit.py", line 452, in submit
    raise AirflowException(
airflow.exceptions.AirflowException: Cannot execute: spark-submit --master local --name twitter_transformation /home/julioubuntu/Projects/EGD/airflow-trabalho-final/src/spark/transformation.py --src /home/julioubuntu/Projects/EGD/airflow-trabalho-final/datalake/Bronze/twitter_datascience/extract_date=2023-12-13 --dest /home/julioubuntu/Projects/EGD/airflow-trabalho-final/datalake/Silver/twitter_datascience/ --process-date 2023-12-13. Error code is: 127.
[2023-12-15T01:10:11.044-0300] {taskinstance.py:1400} INFO - Marking task as FAILED. dag_id=TwitterDAG, task_id=transform_twitter_datascience, execution_date=20231213T000000, start_date=20231215T041010, end_date=20231215T041011
[2023-12-15T01:10:11.057-0300] {standard_task_runner.py:104} ERROR - Failed to execute job 61 for task transform_twitter_datascience (Cannot execute: spark-submit --master local --name twitter_transformation /home/julioubuntu/Projects/EGD/airflow-trabalho-final/src/spark/transformation.py --src /home/julioubuntu/Projects/EGD/airflow-trabalho-final/datalake/Bronze/twitter_datascience/extract_date=2023-12-13 --dest /home/julioubuntu/Projects/EGD/airflow-trabalho-final/datalake/Silver/twitter_datascience/ --process-date 2023-12-13. Error code is: 127.; 19263)
[2023-12-15T01:10:11.099-0300] {local_task_job_runner.py:228} INFO - Task exited with return code 1
[2023-12-15T01:10:11.111-0300] {taskinstance.py:2778} INFO - 0 downstream tasks scheduled from follow-on schedule check
[2023-12-15T01:22:26.337-0300] {taskinstance.py:1159} INFO - Dependencies all met for dep_context=non-requeueable deps ti=<TaskInstance: TwitterDAG.transform_twitter_datascience scheduled__2023-12-13T00:00:00+00:00 [queued]>
[2023-12-15T01:22:26.344-0300] {taskinstance.py:1159} INFO - Dependencies all met for dep_context=requeueable deps ti=<TaskInstance: TwitterDAG.transform_twitter_datascience scheduled__2023-12-13T00:00:00+00:00 [queued]>
[2023-12-15T01:22:26.345-0300] {taskinstance.py:1361} INFO - Starting attempt 1 of 1
[2023-12-15T01:22:26.364-0300] {taskinstance.py:1382} INFO - Executing <Task(SparkSubmitOperator): transform_twitter_datascience> on 2023-12-13 00:00:00+00:00
[2023-12-15T01:22:26.367-0300] {standard_task_runner.py:57} INFO - Started process 31834 to run task
[2023-12-15T01:22:26.370-0300] {standard_task_runner.py:84} INFO - Running: ['airflow', 'tasks', 'run', 'TwitterDAG', 'transform_twitter_datascience', 'scheduled__2023-12-13T00:00:00+00:00', '--job-id', '65', '--raw', '--subdir', 'DAGS_FOLDER/twitter_dag.py', '--cfg-path', '/tmp/tmpaj2u6kxo']
[2023-12-15T01:22:26.371-0300] {standard_task_runner.py:85} INFO - Job 65: Subtask transform_twitter_datascience
[2023-12-15T01:22:26.407-0300] {task_command.py:416} INFO - Running <TaskInstance: TwitterDAG.transform_twitter_datascience scheduled__2023-12-13T00:00:00+00:00 [running]> on host JulioPC.
[2023-12-15T01:22:26.472-0300] {taskinstance.py:1662} INFO - Exporting env vars: AIRFLOW_CTX_DAG_OWNER='airflow' AIRFLOW_CTX_DAG_ID='TwitterDAG' AIRFLOW_CTX_TASK_ID='transform_twitter_datascience' AIRFLOW_CTX_EXECUTION_DATE='2023-12-13T00:00:00+00:00' AIRFLOW_CTX_TRY_NUMBER='1' AIRFLOW_CTX_DAG_RUN_ID='scheduled__2023-12-13T00:00:00+00:00'
[2023-12-15T01:22:26.477-0300] {base.py:73} INFO - Using connection ID 'spark_default' for task execution.
[2023-12-15T01:22:26.478-0300] {spark_submit.py:351} INFO - Spark-Submit cmd: spark-submit --master local --name twitter_transformation /home/julioubuntu/Projects/EGD/airflow-trabalho-final/src/spark/transformation.py --src /home/julioubuntu/Projects/EGD/airflow-trabalho-final/datalake/Bronze/twitter_datascience/extract_date=2023-12-13 --dest /home/julioubuntu/Projects/EGD/airflow-trabalho-final/datalake/Silver/twitter_datascience/ --process-date 2023-12-13
[2023-12-15T01:22:27.653-0300] {spark_submit.py:521} INFO - 23/12/15 01:22:27 WARN Utils: Your hostname, JulioPC resolves to a loopback address: 127.0.1.1; using 172.27.58.37 instead (on interface eth0)
[2023-12-15T01:22:27.653-0300] {spark_submit.py:521} INFO - 23/12/15 01:22:27 WARN Utils: Set SPARK_LOCAL_IP if you need to bind to another address
[2023-12-15T01:22:29.187-0300] {spark_submit.py:521} INFO - 23/12/15 01:22:29 WARN NativeCodeLoader: Unable to load native-hadoop library for your platform... using builtin-java classes where applicable
[2023-12-15T01:22:29.993-0300] {spark_submit.py:521} INFO - Using Spark's default log4j profile: org/apache/spark/log4j-defaults.properties
[2023-12-15T01:22:30.005-0300] {spark_submit.py:521} INFO - 23/12/15 01:22:30 INFO SparkContext: Running Spark version 3.1.3
[2023-12-15T01:22:30.058-0300] {spark_submit.py:521} INFO - 23/12/15 01:22:30 INFO ResourceUtils: ==============================================================
[2023-12-15T01:22:30.059-0300] {spark_submit.py:521} INFO - 23/12/15 01:22:30 INFO ResourceUtils: No custom resources configured for spark.driver.
[2023-12-15T01:22:30.059-0300] {spark_submit.py:521} INFO - 23/12/15 01:22:30 INFO ResourceUtils: ==============================================================
[2023-12-15T01:22:30.060-0300] {spark_submit.py:521} INFO - 23/12/15 01:22:30 INFO SparkContext: Submitted application: twitter_transformation
[2023-12-15T01:22:30.098-0300] {spark_submit.py:521} INFO - 23/12/15 01:22:30 INFO ResourceProfile: Default ResourceProfile created, executor resources: Map(cores -> name: cores, amount: 1, script: , vendor: , memory -> name: memory, amount: 1024, script: , vendor: , offHeap -> name: offHeap, amount: 0, script: , vendor: ), task resources: Map(cpus -> name: cpus, amount: 1.0)
[2023-12-15T01:22:30.130-0300] {spark_submit.py:521} INFO - 23/12/15 01:22:30 INFO ResourceProfile: Limiting resource is cpu
[2023-12-15T01:22:30.131-0300] {spark_submit.py:521} INFO - 23/12/15 01:22:30 INFO ResourceProfileManager: Added ResourceProfile id: 0
[2023-12-15T01:22:30.212-0300] {spark_submit.py:521} INFO - 23/12/15 01:22:30 INFO SecurityManager: Changing view acls to: julioubuntu
[2023-12-15T01:22:30.213-0300] {spark_submit.py:521} INFO - 23/12/15 01:22:30 INFO SecurityManager: Changing modify acls to: julioubuntu
[2023-12-15T01:22:30.213-0300] {spark_submit.py:521} INFO - 23/12/15 01:22:30 INFO SecurityManager: Changing view acls groups to:
[2023-12-15T01:22:30.213-0300] {spark_submit.py:521} INFO - 23/12/15 01:22:30 INFO SecurityManager: Changing modify acls groups to:
[2023-12-15T01:22:30.213-0300] {spark_submit.py:521} INFO - 23/12/15 01:22:30 INFO SecurityManager: SecurityManager: authentication disabled; ui acls disabled; users  with view permissions: Set(julioubuntu); groups with view permissions: Set(); users  with modify permissions: Set(julioubuntu); groups with modify permissions: Set()
[2023-12-15T01:22:30.489-0300] {spark_submit.py:521} INFO - 23/12/15 01:22:30 INFO Utils: Successfully started service 'sparkDriver' on port 46165.
[2023-12-15T01:22:30.529-0300] {spark_submit.py:521} INFO - 23/12/15 01:22:30 INFO SparkEnv: Registering MapOutputTracker
[2023-12-15T01:22:30.570-0300] {spark_submit.py:521} INFO - 23/12/15 01:22:30 INFO SparkEnv: Registering BlockManagerMaster
[2023-12-15T01:22:30.590-0300] {spark_submit.py:521} INFO - 23/12/15 01:22:30 INFO BlockManagerMasterEndpoint: Using org.apache.spark.storage.DefaultTopologyMapper for getting topology information
[2023-12-15T01:22:30.591-0300] {spark_submit.py:521} INFO - 23/12/15 01:22:30 INFO BlockManagerMasterEndpoint: BlockManagerMasterEndpoint up
[2023-12-15T01:22:30.595-0300] {spark_submit.py:521} INFO - 23/12/15 01:22:30 INFO SparkEnv: Registering BlockManagerMasterHeartbeat
[2023-12-15T01:22:30.614-0300] {spark_submit.py:521} INFO - 23/12/15 01:22:30 INFO DiskBlockManager: Created local directory at /tmp/blockmgr-92f50217-ac08-4ece-81ef-b9c34cacb958
[2023-12-15T01:22:30.641-0300] {spark_submit.py:521} INFO - 23/12/15 01:22:30 INFO MemoryStore: MemoryStore started with capacity 366.3 MiB
[2023-12-15T01:22:30.662-0300] {spark_submit.py:521} INFO - 23/12/15 01:22:30 INFO SparkEnv: Registering OutputCommitCoordinator
[2023-12-15T01:22:30.954-0300] {spark_submit.py:521} INFO - 23/12/15 01:22:30 INFO Utils: Successfully started service 'SparkUI' on port 4040.
[2023-12-15T01:22:31.028-0300] {spark_submit.py:521} INFO - 23/12/15 01:22:31 INFO SparkUI: Bound SparkUI to 0.0.0.0, and started at http://172.27.58.37:4040
[2023-12-15T01:22:31.252-0300] {spark_submit.py:521} INFO - 23/12/15 01:22:31 INFO Executor: Starting executor ID driver on host 172.27.58.37
[2023-12-15T01:22:31.283-0300] {spark_submit.py:521} INFO - 23/12/15 01:22:31 INFO Utils: Successfully started service 'org.apache.spark.network.netty.NettyBlockTransferService' on port 43021.
[2023-12-15T01:22:31.283-0300] {spark_submit.py:521} INFO - 23/12/15 01:22:31 INFO NettyBlockTransferService: Server created on 172.27.58.37:43021
[2023-12-15T01:22:31.285-0300] {spark_submit.py:521} INFO - 23/12/15 01:22:31 INFO BlockManager: Using org.apache.spark.storage.RandomBlockReplicationPolicy for block replication policy
[2023-12-15T01:22:31.293-0300] {spark_submit.py:521} INFO - 23/12/15 01:22:31 INFO BlockManagerMaster: Registering BlockManager BlockManagerId(driver, 172.27.58.37, 43021, None)
[2023-12-15T01:22:31.297-0300] {spark_submit.py:521} INFO - 23/12/15 01:22:31 INFO BlockManagerMasterEndpoint: Registering block manager 172.27.58.37:43021 with 366.3 MiB RAM, BlockManagerId(driver, 172.27.58.37, 43021, None)
[2023-12-15T01:22:31.300-0300] {spark_submit.py:521} INFO - 23/12/15 01:22:31 INFO BlockManagerMaster: Registered BlockManager BlockManagerId(driver, 172.27.58.37, 43021, None)
[2023-12-15T01:22:31.302-0300] {spark_submit.py:521} INFO - 23/12/15 01:22:31 INFO BlockManager: Initialized BlockManager: BlockManagerId(driver, 172.27.58.37, 43021, None)
[2023-12-15T01:22:31.980-0300] {spark_submit.py:521} INFO - 23/12/15 01:22:31 INFO SharedState: Setting hive.metastore.warehouse.dir ('null') to the value of spark.sql.warehouse.dir ('file:/home/julioubuntu/Projects/EGD/airflow-trabalho-final/spark-warehouse').
[2023-12-15T01:22:31.981-0300] {spark_submit.py:521} INFO - 23/12/15 01:22:31 INFO SharedState: Warehouse path is 'file:/home/julioubuntu/Projects/EGD/airflow-trabalho-final/spark-warehouse'.
[2023-12-15T01:22:32.944-0300] {spark_submit.py:521} INFO - 23/12/15 01:22:32 INFO InMemoryFileIndex: It took 39 ms to list leaf files for 1 paths.
[2023-12-15T01:22:33.005-0300] {spark_submit.py:521} INFO - 23/12/15 01:22:33 INFO InMemoryFileIndex: It took 2 ms to list leaf files for 1 paths.
[2023-12-15T01:22:35.207-0300] {spark_submit.py:521} INFO - 23/12/15 01:22:35 INFO FileSourceStrategy: Pushed Filters:
[2023-12-15T01:22:35.209-0300] {spark_submit.py:521} INFO - 23/12/15 01:22:35 INFO FileSourceStrategy: Post-Scan Filters:
[2023-12-15T01:22:35.212-0300] {spark_submit.py:521} INFO - 23/12/15 01:22:35 INFO FileSourceStrategy: Output Data Schema: struct<value: string>
[2023-12-15T01:22:35.531-0300] {spark_submit.py:521} INFO - 23/12/15 01:22:35 INFO MemoryStore: Block broadcast_0 stored as values in memory (estimated size 303.1 KiB, free 366.0 MiB)
[2023-12-15T01:22:35.593-0300] {spark_submit.py:521} INFO - 23/12/15 01:22:35 INFO MemoryStore: Block broadcast_0_piece0 stored as bytes in memory (estimated size 27.5 KiB, free 366.0 MiB)
[2023-12-15T01:22:35.598-0300] {spark_submit.py:521} INFO - 23/12/15 01:22:35 INFO BlockManagerInfo: Added broadcast_0_piece0 in memory on 172.27.58.37:43021 (size: 27.5 KiB, free: 366.3 MiB)
[2023-12-15T01:22:35.607-0300] {spark_submit.py:521} INFO - 23/12/15 01:22:35 INFO SparkContext: Created broadcast 0 from json at NativeMethodAccessorImpl.java:0
[2023-12-15T01:22:35.619-0300] {spark_submit.py:521} INFO - 23/12/15 01:22:35 INFO FileSourceScanExec: Planning scan with bin packing, max size: 4198846 bytes, open cost is considered as scanning 4194304 bytes.
[2023-12-15T01:22:35.818-0300] {spark_submit.py:521} INFO - 23/12/15 01:22:35 INFO SparkContext: Starting job: json at NativeMethodAccessorImpl.java:0
[2023-12-15T01:22:35.838-0300] {spark_submit.py:521} INFO - 23/12/15 01:22:35 INFO DAGScheduler: Got job 0 (json at NativeMethodAccessorImpl.java:0) with 1 output partitions
[2023-12-15T01:22:35.838-0300] {spark_submit.py:521} INFO - 23/12/15 01:22:35 INFO DAGScheduler: Final stage: ResultStage 0 (json at NativeMethodAccessorImpl.java:0)
[2023-12-15T01:22:35.839-0300] {spark_submit.py:521} INFO - 23/12/15 01:22:35 INFO DAGScheduler: Parents of final stage: List()
[2023-12-15T01:22:35.840-0300] {spark_submit.py:521} INFO - 23/12/15 01:22:35 INFO DAGScheduler: Missing parents: List()
[2023-12-15T01:22:35.847-0300] {spark_submit.py:521} INFO - 23/12/15 01:22:35 INFO DAGScheduler: Submitting ResultStage 0 (MapPartitionsRDD[3] at json at NativeMethodAccessorImpl.java:0), which has no missing parents
[2023-12-15T01:22:36.037-0300] {spark_submit.py:521} INFO - 23/12/15 01:22:36 INFO MemoryStore: Block broadcast_1 stored as values in memory (estimated size 12.1 KiB, free 366.0 MiB)
[2023-12-15T01:22:36.040-0300] {spark_submit.py:521} INFO - 23/12/15 01:22:36 INFO MemoryStore: Block broadcast_1_piece0 stored as bytes in memory (estimated size 6.3 KiB, free 366.0 MiB)
[2023-12-15T01:22:36.041-0300] {spark_submit.py:521} INFO - 23/12/15 01:22:36 INFO BlockManagerInfo: Added broadcast_1_piece0 in memory on 172.27.58.37:43021 (size: 6.3 KiB, free: 366.3 MiB)
[2023-12-15T01:22:36.042-0300] {spark_submit.py:521} INFO - 23/12/15 01:22:36 INFO SparkContext: Created broadcast 1 from broadcast at DAGScheduler.scala:1433
[2023-12-15T01:22:36.058-0300] {spark_submit.py:521} INFO - 23/12/15 01:22:36 INFO DAGScheduler: Submitting 1 missing tasks from ResultStage 0 (MapPartitionsRDD[3] at json at NativeMethodAccessorImpl.java:0) (first 15 tasks are for partitions Vector(0))
[2023-12-15T01:22:36.060-0300] {spark_submit.py:521} INFO - 23/12/15 01:22:36 INFO TaskSchedulerImpl: Adding task set 0.0 with 1 tasks resource profile 0
[2023-12-15T01:22:36.121-0300] {spark_submit.py:521} INFO - 23/12/15 01:22:36 INFO TaskSetManager: Starting task 0.0 in stage 0.0 (TID 0) (172.27.58.37, executor driver, partition 0, PROCESS_LOCAL, 4971 bytes) taskResourceAssignments Map()
[2023-12-15T01:22:36.141-0300] {spark_submit.py:521} INFO - 23/12/15 01:22:36 INFO Executor: Running task 0.0 in stage 0.0 (TID 0)
[2023-12-15T01:22:36.471-0300] {spark_submit.py:521} INFO - 23/12/15 01:22:36 INFO FileScanRDD: Reading File path: file:///home/julioubuntu/Projects/EGD/airflow-trabalho-final/datalake/Bronze/twitter_datascience/extract_date=2023-12-13/datascience_20231213.json, range: 0-4542, partition values: [empty row]
[2023-12-15T01:22:36.765-0300] {spark_submit.py:521} INFO - 23/12/15 01:22:36 INFO CodeGenerator: Code generated in 173.056795 ms
[2023-12-15T01:22:36.818-0300] {spark_submit.py:521} INFO - 23/12/15 01:22:36 INFO Executor: Finished task 0.0 in stage 0.0 (TID 0). 2725 bytes result sent to driver
[2023-12-15T01:22:36.829-0300] {spark_submit.py:521} INFO - 23/12/15 01:22:36 INFO TaskSetManager: Finished task 0.0 in stage 0.0 (TID 0) in 720 ms on 172.27.58.37 (executor driver) (1/1)
[2023-12-15T01:22:36.832-0300] {spark_submit.py:521} INFO - 23/12/15 01:22:36 INFO TaskSchedulerImpl: Removed TaskSet 0.0, whose tasks have all completed, from pool
[2023-12-15T01:22:36.932-0300] {spark_submit.py:521} INFO - 23/12/15 01:22:36 INFO DAGScheduler: ResultStage 0 (json at NativeMethodAccessorImpl.java:0) finished in 1.063 s
[2023-12-15T01:22:36.935-0300] {spark_submit.py:521} INFO - 23/12/15 01:22:36 INFO DAGScheduler: Job 0 is finished. Cancelling potential speculative or zombie tasks for this job
[2023-12-15T01:22:36.936-0300] {spark_submit.py:521} INFO - 23/12/15 01:22:36 INFO TaskSchedulerImpl: Killing all running tasks in stage 0: Stage finished
[2023-12-15T01:22:36.939-0300] {spark_submit.py:521} INFO - 23/12/15 01:22:36 INFO DAGScheduler: Job 0 finished: json at NativeMethodAccessorImpl.java:0, took 1.120078 s
[2023-12-15T01:22:37.398-0300] {spark_submit.py:521} INFO - 23/12/15 01:22:37 INFO FileSourceStrategy: Pushed Filters: IsNotNull(data)
[2023-12-15T01:22:37.401-0300] {spark_submit.py:521} INFO - 23/12/15 01:22:37 INFO FileSourceStrategy: Post-Scan Filters: (size(data#7, true) > 0),isnotnull(data#7)
[2023-12-15T01:22:37.401-0300] {spark_submit.py:521} INFO - 23/12/15 01:22:37 INFO FileSourceStrategy: Output Data Schema: struct<data: array<struct<author_id:string,conversation_id:string,created_at:string,edit_history_tweet_ids:array<bigint>,id:string,in_reply_to_user_id:string,lang:string,public_metrics:struct<like_count:bigint,quote_count:bigint,reply_count:bigint,retweet_count:bigint>,text:string>>>
[2023-12-15T01:22:37.490-0300] {spark_submit.py:521} INFO - 23/12/15 01:22:37 INFO FileOutputCommitter: File Output Committer Algorithm version is 1
[2023-12-15T01:22:37.490-0300] {spark_submit.py:521} INFO - 23/12/15 01:22:37 INFO FileOutputCommitter: FileOutputCommitter skip cleanup _temporary folders under output directory:false, ignore cleanup failures: false
[2023-12-15T01:22:37.491-0300] {spark_submit.py:521} INFO - 23/12/15 01:22:37 INFO SQLHadoopMapReduceCommitProtocol: Using output committer class org.apache.hadoop.mapreduce.lib.output.FileOutputCommitter
[2023-12-15T01:22:37.585-0300] {spark_submit.py:521} INFO - 23/12/15 01:22:37 INFO CodeGenerator: Code generated in 33.755399 ms
[2023-12-15T01:22:37.648-0300] {spark_submit.py:521} INFO - 23/12/15 01:22:37 INFO CodeGenerator: Code generated in 43.326898 ms
[2023-12-15T01:22:37.657-0300] {spark_submit.py:521} INFO - 23/12/15 01:22:37 INFO MemoryStore: Block broadcast_2 stored as values in memory (estimated size 303.0 KiB, free 365.7 MiB)
[2023-12-15T01:22:37.667-0300] {spark_submit.py:521} INFO - 23/12/15 01:22:37 INFO MemoryStore: Block broadcast_2_piece0 stored as bytes in memory (estimated size 27.5 KiB, free 365.6 MiB)
[2023-12-15T01:22:37.668-0300] {spark_submit.py:521} INFO - 23/12/15 01:22:37 INFO BlockManagerInfo: Added broadcast_2_piece0 in memory on 172.27.58.37:43021 (size: 27.5 KiB, free: 366.2 MiB)
[2023-12-15T01:22:37.670-0300] {spark_submit.py:521} INFO - 23/12/15 01:22:37 INFO SparkContext: Created broadcast 2 from json at NativeMethodAccessorImpl.java:0
[2023-12-15T01:22:37.674-0300] {spark_submit.py:521} INFO - 23/12/15 01:22:37 INFO FileSourceScanExec: Planning scan with bin packing, max size: 4198846 bytes, open cost is considered as scanning 4194304 bytes.
[2023-12-15T01:22:37.769-0300] {spark_submit.py:521} INFO - 23/12/15 01:22:37 INFO SparkContext: Starting job: json at NativeMethodAccessorImpl.java:0
[2023-12-15T01:22:37.772-0300] {spark_submit.py:521} INFO - 23/12/15 01:22:37 INFO DAGScheduler: Got job 1 (json at NativeMethodAccessorImpl.java:0) with 1 output partitions
[2023-12-15T01:22:37.773-0300] {spark_submit.py:521} INFO - 23/12/15 01:22:37 INFO DAGScheduler: Final stage: ResultStage 1 (json at NativeMethodAccessorImpl.java:0)
[2023-12-15T01:22:37.773-0300] {spark_submit.py:521} INFO - 23/12/15 01:22:37 INFO DAGScheduler: Parents of final stage: List()
[2023-12-15T01:22:37.773-0300] {spark_submit.py:521} INFO - 23/12/15 01:22:37 INFO DAGScheduler: Missing parents: List()
[2023-12-15T01:22:37.776-0300] {spark_submit.py:521} INFO - 23/12/15 01:22:37 INFO DAGScheduler: Submitting ResultStage 1 (CoalescedRDD[9] at json at NativeMethodAccessorImpl.java:0), which has no missing parents
[2023-12-15T01:22:37.841-0300] {spark_submit.py:521} INFO - 23/12/15 01:22:37 INFO MemoryStore: Block broadcast_3 stored as values in memory (estimated size 190.0 KiB, free 365.5 MiB)
[2023-12-15T01:22:37.845-0300] {spark_submit.py:521} INFO - 23/12/15 01:22:37 INFO MemoryStore: Block broadcast_3_piece0 stored as bytes in memory (estimated size 66.6 KiB, free 365.4 MiB)
[2023-12-15T01:22:37.846-0300] {spark_submit.py:521} INFO - 23/12/15 01:22:37 INFO BlockManagerInfo: Added broadcast_3_piece0 in memory on 172.27.58.37:43021 (size: 66.6 KiB, free: 366.2 MiB)
[2023-12-15T01:22:37.847-0300] {spark_submit.py:521} INFO - 23/12/15 01:22:37 INFO SparkContext: Created broadcast 3 from broadcast at DAGScheduler.scala:1433
[2023-12-15T01:22:37.848-0300] {spark_submit.py:521} INFO - 23/12/15 01:22:37 INFO DAGScheduler: Submitting 1 missing tasks from ResultStage 1 (CoalescedRDD[9] at json at NativeMethodAccessorImpl.java:0) (first 15 tasks are for partitions Vector(0))
[2023-12-15T01:22:37.848-0300] {spark_submit.py:521} INFO - 23/12/15 01:22:37 INFO TaskSchedulerImpl: Adding task set 1.0 with 1 tasks resource profile 0
[2023-12-15T01:22:37.853-0300] {spark_submit.py:521} INFO - 23/12/15 01:22:37 INFO TaskSetManager: Starting task 0.0 in stage 1.0 (TID 1) (172.27.58.37, executor driver, partition 0, PROCESS_LOCAL, 5200 bytes) taskResourceAssignments Map()
[2023-12-15T01:22:37.854-0300] {spark_submit.py:521} INFO - 23/12/15 01:22:37 INFO Executor: Running task 0.0 in stage 1.0 (TID 1)
[2023-12-15T01:22:37.923-0300] {spark_submit.py:521} INFO - 23/12/15 01:22:37 INFO FileOutputCommitter: File Output Committer Algorithm version is 1
[2023-12-15T01:22:37.924-0300] {spark_submit.py:521} INFO - 23/12/15 01:22:37 INFO FileOutputCommitter: FileOutputCommitter skip cleanup _temporary folders under output directory:false, ignore cleanup failures: false
[2023-12-15T01:22:37.925-0300] {spark_submit.py:521} INFO - 23/12/15 01:22:37 INFO SQLHadoopMapReduceCommitProtocol: Using output committer class org.apache.hadoop.mapreduce.lib.output.FileOutputCommitter
[2023-12-15T01:22:38.011-0300] {spark_submit.py:521} INFO - 23/12/15 01:22:38 INFO CodeGenerator: Code generated in 38.762899 ms
[2023-12-15T01:22:38.015-0300] {spark_submit.py:521} INFO - 23/12/15 01:22:38 INFO FileScanRDD: Reading File path: file:///home/julioubuntu/Projects/EGD/airflow-trabalho-final/datalake/Bronze/twitter_datascience/extract_date=2023-12-13/datascience_20231213.json, range: 0-4542, partition values: [empty row]
[2023-12-15T01:22:38.052-0300] {spark_submit.py:521} INFO - 23/12/15 01:22:38 INFO CodeGenerator: Code generated in 32.444199 ms
[2023-12-15T01:22:38.081-0300] {spark_submit.py:521} INFO - 23/12/15 01:22:38 INFO CodeGenerator: Code generated in 6.9072 ms
[2023-12-15T01:22:38.134-0300] {spark_submit.py:521} INFO - 23/12/15 01:22:38 INFO FileOutputCommitter: Saved output of task 'attempt_202312150122377296920012227872899_0001_m_000000_1' to file:/home/julioubuntu/Projects/EGD/airflow-trabalho-final/datalake/Silver/twitter_datascience/tweet/process_date=2023-12-13/_temporary/0/task_202312150122377296920012227872899_0001_m_000000
[2023-12-15T01:22:38.134-0300] {spark_submit.py:521} INFO - 23/12/15 01:22:38 INFO SparkHadoopMapRedUtil: attempt_202312150122377296920012227872899_0001_m_000000_1: Committed
[2023-12-15T01:22:38.140-0300] {spark_submit.py:521} INFO - 23/12/15 01:22:38 INFO Executor: Finished task 0.0 in stage 1.0 (TID 1). 2901 bytes result sent to driver
[2023-12-15T01:22:38.143-0300] {spark_submit.py:521} INFO - 23/12/15 01:22:38 INFO TaskSetManager: Finished task 0.0 in stage 1.0 (TID 1) in 293 ms on 172.27.58.37 (executor driver) (1/1)
[2023-12-15T01:22:38.143-0300] {spark_submit.py:521} INFO - 23/12/15 01:22:38 INFO TaskSchedulerImpl: Removed TaskSet 1.0, whose tasks have all completed, from pool
[2023-12-15T01:22:38.144-0300] {spark_submit.py:521} INFO - 23/12/15 01:22:38 INFO DAGScheduler: ResultStage 1 (json at NativeMethodAccessorImpl.java:0) finished in 0.367 s
[2023-12-15T01:22:38.145-0300] {spark_submit.py:521} INFO - 23/12/15 01:22:38 INFO DAGScheduler: Job 1 is finished. Cancelling potential speculative or zombie tasks for this job
[2023-12-15T01:22:38.145-0300] {spark_submit.py:521} INFO - 23/12/15 01:22:38 INFO TaskSchedulerImpl: Killing all running tasks in stage 1: Stage finished
[2023-12-15T01:22:38.147-0300] {spark_submit.py:521} INFO - 23/12/15 01:22:38 INFO DAGScheduler: Job 1 finished: json at NativeMethodAccessorImpl.java:0, took 0.376766 s
[2023-12-15T01:22:38.163-0300] {spark_submit.py:521} INFO - 23/12/15 01:22:38 INFO FileFormatWriter: Write Job 68ddfaa8-3a31-4e84-ab2d-9957e27dcb32 committed.
[2023-12-15T01:22:38.168-0300] {spark_submit.py:521} INFO - 23/12/15 01:22:38 INFO FileFormatWriter: Finished processing stats for write job 68ddfaa8-3a31-4e84-ab2d-9957e27dcb32.
[2023-12-15T01:22:38.218-0300] {spark_submit.py:521} INFO - 23/12/15 01:22:38 INFO FileSourceStrategy: Pushed Filters:
[2023-12-15T01:22:38.219-0300] {spark_submit.py:521} INFO - 23/12/15 01:22:38 INFO FileSourceStrategy: Post-Scan Filters:
[2023-12-15T01:22:38.219-0300] {spark_submit.py:521} INFO - 23/12/15 01:22:38 INFO FileSourceStrategy: Output Data Schema: struct<includes: struct<users: array<struct<created_at:string,id:string,name:string,username:string>>>>
[2023-12-15T01:22:38.233-0300] {spark_submit.py:521} INFO - 23/12/15 01:22:38 INFO FileOutputCommitter: File Output Committer Algorithm version is 1
[2023-12-15T01:22:38.234-0300] {spark_submit.py:521} INFO - 23/12/15 01:22:38 INFO FileOutputCommitter: FileOutputCommitter skip cleanup _temporary folders under output directory:false, ignore cleanup failures: false
[2023-12-15T01:22:38.234-0300] {spark_submit.py:521} INFO - 23/12/15 01:22:38 INFO SQLHadoopMapReduceCommitProtocol: Using output committer class org.apache.hadoop.mapreduce.lib.output.FileOutputCommitter
[2023-12-15T01:22:38.282-0300] {spark_submit.py:521} INFO - 23/12/15 01:22:38 INFO CodeGenerator: Code generated in 31.757799 ms
[2023-12-15T01:22:38.301-0300] {spark_submit.py:521} INFO - 23/12/15 01:22:38 INFO MemoryStore: Block broadcast_4 stored as values in memory (estimated size 303.0 KiB, free 365.1 MiB)
[2023-12-15T01:22:38.318-0300] {spark_submit.py:521} INFO - 23/12/15 01:22:38 INFO MemoryStore: Block broadcast_4_piece0 stored as bytes in memory (estimated size 27.5 KiB, free 365.1 MiB)
[2023-12-15T01:22:38.320-0300] {spark_submit.py:521} INFO - 23/12/15 01:22:38 INFO BlockManagerInfo: Added broadcast_4_piece0 in memory on 172.27.58.37:43021 (size: 27.5 KiB, free: 366.1 MiB)
[2023-12-15T01:22:38.331-0300] {spark_submit.py:521} INFO - 23/12/15 01:22:38 INFO SparkContext: Created broadcast 4 from json at NativeMethodAccessorImpl.java:0
[2023-12-15T01:22:38.333-0300] {spark_submit.py:521} INFO - 23/12/15 01:22:38 INFO FileSourceScanExec: Planning scan with bin packing, max size: 4198846 bytes, open cost is considered as scanning 4194304 bytes.
[2023-12-15T01:22:38.376-0300] {spark_submit.py:521} INFO - 23/12/15 01:22:38 INFO SparkContext: Starting job: json at NativeMethodAccessorImpl.java:0
[2023-12-15T01:22:38.376-0300] {spark_submit.py:521} INFO - 23/12/15 01:22:38 INFO DAGScheduler: Got job 2 (json at NativeMethodAccessorImpl.java:0) with 1 output partitions
[2023-12-15T01:22:38.376-0300] {spark_submit.py:521} INFO - 23/12/15 01:22:38 INFO DAGScheduler: Final stage: ResultStage 2 (json at NativeMethodAccessorImpl.java:0)
[2023-12-15T01:22:38.376-0300] {spark_submit.py:521} INFO - 23/12/15 01:22:38 INFO DAGScheduler: Parents of final stage: List()
[2023-12-15T01:22:38.377-0300] {spark_submit.py:521} INFO - 23/12/15 01:22:38 INFO DAGScheduler: Missing parents: List()
[2023-12-15T01:22:38.382-0300] {spark_submit.py:521} INFO - 23/12/15 01:22:38 INFO DAGScheduler: Submitting ResultStage 2 (CoalescedRDD[16] at json at NativeMethodAccessorImpl.java:0), which has no missing parents
[2023-12-15T01:22:38.409-0300] {spark_submit.py:521} INFO - 23/12/15 01:22:38 INFO MemoryStore: Block broadcast_5 stored as values in memory (estimated size 178.3 KiB, free 364.9 MiB)
[2023-12-15T01:22:38.413-0300] {spark_submit.py:521} INFO - 23/12/15 01:22:38 INFO MemoryStore: Block broadcast_5_piece0 stored as bytes in memory (estimated size 64.0 KiB, free 364.8 MiB)
[2023-12-15T01:22:38.415-0300] {spark_submit.py:521} INFO - 23/12/15 01:22:38 INFO BlockManagerInfo: Added broadcast_5_piece0 in memory on 172.27.58.37:43021 (size: 64.0 KiB, free: 366.1 MiB)
[2023-12-15T01:22:38.415-0300] {spark_submit.py:521} INFO - 23/12/15 01:22:38 INFO SparkContext: Created broadcast 5 from broadcast at DAGScheduler.scala:1433
[2023-12-15T01:22:38.416-0300] {spark_submit.py:521} INFO - 23/12/15 01:22:38 INFO DAGScheduler: Submitting 1 missing tasks from ResultStage 2 (CoalescedRDD[16] at json at NativeMethodAccessorImpl.java:0) (first 15 tasks are for partitions Vector(0))
[2023-12-15T01:22:38.417-0300] {spark_submit.py:521} INFO - 23/12/15 01:22:38 INFO TaskSchedulerImpl: Adding task set 2.0 with 1 tasks resource profile 0
[2023-12-15T01:22:38.418-0300] {spark_submit.py:521} INFO - 23/12/15 01:22:38 INFO TaskSetManager: Starting task 0.0 in stage 2.0 (TID 2) (172.27.58.37, executor driver, partition 0, PROCESS_LOCAL, 5200 bytes) taskResourceAssignments Map()
[2023-12-15T01:22:38.419-0300] {spark_submit.py:521} INFO - 23/12/15 01:22:38 INFO Executor: Running task 0.0 in stage 2.0 (TID 2)
[2023-12-15T01:22:38.442-0300] {spark_submit.py:521} INFO - 23/12/15 01:22:38 INFO FileOutputCommitter: File Output Committer Algorithm version is 1
[2023-12-15T01:22:38.443-0300] {spark_submit.py:521} INFO - 23/12/15 01:22:38 INFO FileOutputCommitter: FileOutputCommitter skip cleanup _temporary folders under output directory:false, ignore cleanup failures: false
[2023-12-15T01:22:38.443-0300] {spark_submit.py:521} INFO - 23/12/15 01:22:38 INFO SQLHadoopMapReduceCommitProtocol: Using output committer class org.apache.hadoop.mapreduce.lib.output.FileOutputCommitter
[2023-12-15T01:22:38.480-0300] {spark_submit.py:521} INFO - 23/12/15 01:22:38 INFO CodeGenerator: Code generated in 16.2469 ms
[2023-12-15T01:22:38.484-0300] {spark_submit.py:521} INFO - 23/12/15 01:22:38 INFO FileScanRDD: Reading File path: file:///home/julioubuntu/Projects/EGD/airflow-trabalho-final/datalake/Bronze/twitter_datascience/extract_date=2023-12-13/datascience_20231213.json, range: 0-4542, partition values: [empty row]
[2023-12-15T01:22:38.507-0300] {spark_submit.py:521} INFO - 23/12/15 01:22:38 INFO CodeGenerator: Code generated in 19.5887 ms
[2023-12-15T01:22:38.521-0300] {spark_submit.py:521} INFO - 23/12/15 01:22:38 INFO FileOutputCommitter: Saved output of task 'attempt_202312150122381684614142811299317_0002_m_000000_2' to file:/home/julioubuntu/Projects/EGD/airflow-trabalho-final/datalake/Silver/twitter_datascience/user/process_date=2023-12-13/_temporary/0/task_202312150122381684614142811299317_0002_m_000000
[2023-12-15T01:22:38.521-0300] {spark_submit.py:521} INFO - 23/12/15 01:22:38 INFO SparkHadoopMapRedUtil: attempt_202312150122381684614142811299317_0002_m_000000_2: Committed
[2023-12-15T01:22:38.524-0300] {spark_submit.py:521} INFO - 23/12/15 01:22:38 INFO Executor: Finished task 0.0 in stage 2.0 (TID 2). 2734 bytes result sent to driver
[2023-12-15T01:22:38.527-0300] {spark_submit.py:521} INFO - 23/12/15 01:22:38 INFO TaskSetManager: Finished task 0.0 in stage 2.0 (TID 2) in 108 ms on 172.27.58.37 (executor driver) (1/1)
[2023-12-15T01:22:38.527-0300] {spark_submit.py:521} INFO - 23/12/15 01:22:38 INFO TaskSchedulerImpl: Removed TaskSet 2.0, whose tasks have all completed, from pool
[2023-12-15T01:22:38.528-0300] {spark_submit.py:521} INFO - 23/12/15 01:22:38 INFO DAGScheduler: ResultStage 2 (json at NativeMethodAccessorImpl.java:0) finished in 0.145 s
[2023-12-15T01:22:38.529-0300] {spark_submit.py:521} INFO - 23/12/15 01:22:38 INFO DAGScheduler: Job 2 is finished. Cancelling potential speculative or zombie tasks for this job
[2023-12-15T01:22:38.529-0300] {spark_submit.py:521} INFO - 23/12/15 01:22:38 INFO TaskSchedulerImpl: Killing all running tasks in stage 2: Stage finished
[2023-12-15T01:22:38.529-0300] {spark_submit.py:521} INFO - 23/12/15 01:22:38 INFO DAGScheduler: Job 2 finished: json at NativeMethodAccessorImpl.java:0, took 0.155697 s
[2023-12-15T01:22:38.542-0300] {spark_submit.py:521} INFO - 23/12/15 01:22:38 INFO FileFormatWriter: Write Job 5c7fde56-d488-4838-8a71-eec90e035753 committed.
[2023-12-15T01:22:38.543-0300] {spark_submit.py:521} INFO - 23/12/15 01:22:38 INFO FileFormatWriter: Finished processing stats for write job 5c7fde56-d488-4838-8a71-eec90e035753.
[2023-12-15T01:22:38.599-0300] {spark_submit.py:521} INFO - 23/12/15 01:22:38 INFO SparkContext: Invoking stop() from shutdown hook
[2023-12-15T01:22:38.612-0300] {spark_submit.py:521} INFO - 23/12/15 01:22:38 INFO SparkUI: Stopped Spark web UI at http://172.27.58.37:4040
[2023-12-15T01:22:38.631-0300] {spark_submit.py:521} INFO - 23/12/15 01:22:38 INFO MapOutputTrackerMasterEndpoint: MapOutputTrackerMasterEndpoint stopped!
[2023-12-15T01:22:38.642-0300] {spark_submit.py:521} INFO - 23/12/15 01:22:38 INFO MemoryStore: MemoryStore cleared
[2023-12-15T01:22:38.643-0300] {spark_submit.py:521} INFO - 23/12/15 01:22:38 INFO BlockManager: BlockManager stopped
[2023-12-15T01:22:38.656-0300] {spark_submit.py:521} INFO - 23/12/15 01:22:38 INFO BlockManagerMaster: BlockManagerMaster stopped
[2023-12-15T01:22:38.660-0300] {spark_submit.py:521} INFO - 23/12/15 01:22:38 INFO OutputCommitCoordinator$OutputCommitCoordinatorEndpoint: OutputCommitCoordinator stopped!
[2023-12-15T01:22:38.666-0300] {spark_submit.py:521} INFO - 23/12/15 01:22:38 INFO SparkContext: Successfully stopped SparkContext
[2023-12-15T01:22:38.667-0300] {spark_submit.py:521} INFO - 23/12/15 01:22:38 INFO ShutdownHookManager: Shutdown hook called
[2023-12-15T01:22:38.668-0300] {spark_submit.py:521} INFO - 23/12/15 01:22:38 INFO ShutdownHookManager: Deleting directory /tmp/spark-b60ac1ed-328b-40a6-9c1f-a6ec18aacfb6
[2023-12-15T01:22:38.671-0300] {spark_submit.py:521} INFO - 23/12/15 01:22:38 INFO ShutdownHookManager: Deleting directory /tmp/spark-9eed9e40-ca26-46e4-904d-389ff712c6ab/pyspark-4c34cc34-24f3-4315-95cd-70977169b962
[2023-12-15T01:22:38.674-0300] {spark_submit.py:521} INFO - 23/12/15 01:22:38 INFO ShutdownHookManager: Deleting directory /tmp/spark-9eed9e40-ca26-46e4-904d-389ff712c6ab
[2023-12-15T01:22:38.736-0300] {taskinstance.py:1400} INFO - Marking task as SUCCESS. dag_id=TwitterDAG, task_id=transform_twitter_datascience, execution_date=20231213T000000, start_date=20231215T042226, end_date=20231215T042238
[2023-12-15T01:22:38.786-0300] {local_task_job_runner.py:228} INFO - Task exited with return code 0
[2023-12-15T01:22:38.799-0300] {taskinstance.py:2778} INFO - 1 downstream tasks scheduled from follow-on schedule check
