[2023-12-13 21:10:41,979] {processor.py:153} INFO - Started process (PID=178803) to work on /home/julioubuntu/Projects/EGD/airflow-trabalho-final/venv/lib/python3.9/site-packages/airflow/example_dags/tutorial_taskflow_api_etl.py
[2023-12-13 21:10:41,980] {processor.py:641} INFO - Processing file /home/julioubuntu/Projects/EGD/airflow-trabalho-final/venv/lib/python3.9/site-packages/airflow/example_dags/tutorial_taskflow_api_etl.py for tasks to queue
[2023-12-13 21:10:41,982] {logging_mixin.py:115} INFO - [2023-12-13 21:10:41,981] {dagbag.py:507} INFO - Filling up the DagBag from /home/julioubuntu/Projects/EGD/airflow-trabalho-final/venv/lib/python3.9/site-packages/airflow/example_dags/tutorial_taskflow_api_etl.py
[2023-12-13 21:10:42,095] {processor.py:651} INFO - DAG(s) dict_keys(['tutorial_taskflow_api_etl']) retrieved from /home/julioubuntu/Projects/EGD/airflow-trabalho-final/venv/lib/python3.9/site-packages/airflow/example_dags/tutorial_taskflow_api_etl.py
[2023-12-13 21:10:43,544] {logging_mixin.py:115} INFO - [2023-12-13 21:10:43,543] {manager.py:508} INFO - Created Permission View: can edit on DAG:tutorial_taskflow_api_etl
[2023-12-13 21:10:43,599] {logging_mixin.py:115} INFO - [2023-12-13 21:10:43,598] {manager.py:508} INFO - Created Permission View: can delete on DAG:tutorial_taskflow_api_etl
[2023-12-13 21:10:43,647] {logging_mixin.py:115} INFO - [2023-12-13 21:10:43,646] {manager.py:508} INFO - Created Permission View: can read on DAG:tutorial_taskflow_api_etl
[2023-12-13 21:10:43,647] {logging_mixin.py:115} INFO - [2023-12-13 21:10:43,647] {dag.py:2379} INFO - Sync 1 DAGs
[2023-12-13 21:10:43,673] {logging_mixin.py:115} INFO - [2023-12-13 21:10:43,673] {dag.py:2398} INFO - Creating ORM DAG for tutorial_taskflow_api_etl
[2023-12-13 21:10:43,843] {logging_mixin.py:115} INFO - [2023-12-13 21:10:43,843] {dag.py:2927} INFO - Setting next_dagrun for tutorial_taskflow_api_etl to None, run_after=None
[2023-12-13 21:10:44,248] {processor.py:161} INFO - Processing /home/julioubuntu/Projects/EGD/airflow-trabalho-final/venv/lib/python3.9/site-packages/airflow/example_dags/tutorial_taskflow_api_etl.py took 2.285 seconds
[2023-12-13 21:11:47,620] {processor.py:153} INFO - Started process (PID=185683) to work on /home/julioubuntu/Projects/EGD/airflow-trabalho-final/venv/lib/python3.9/site-packages/airflow/example_dags/tutorial_taskflow_api_etl.py
[2023-12-13 21:11:47,621] {processor.py:641} INFO - Processing file /home/julioubuntu/Projects/EGD/airflow-trabalho-final/venv/lib/python3.9/site-packages/airflow/example_dags/tutorial_taskflow_api_etl.py for tasks to queue
[2023-12-13 21:11:47,622] {logging_mixin.py:115} INFO - [2023-12-13 21:11:47,622] {dagbag.py:507} INFO - Filling up the DagBag from /home/julioubuntu/Projects/EGD/airflow-trabalho-final/venv/lib/python3.9/site-packages/airflow/example_dags/tutorial_taskflow_api_etl.py
[2023-12-13 21:11:47,673] {processor.py:651} INFO - DAG(s) dict_keys(['tutorial_taskflow_api_etl']) retrieved from /home/julioubuntu/Projects/EGD/airflow-trabalho-final/venv/lib/python3.9/site-packages/airflow/example_dags/tutorial_taskflow_api_etl.py
[2023-12-13 21:11:47,824] {logging_mixin.py:115} INFO - [2023-12-13 21:11:47,824] {dag.py:2379} INFO - Sync 1 DAGs
[2023-12-13 21:11:47,882] {logging_mixin.py:115} INFO - [2023-12-13 21:11:47,877] {dag.py:2927} INFO - Setting next_dagrun for tutorial_taskflow_api_etl to None, run_after=None
[2023-12-13 21:11:47,927] {processor.py:161} INFO - Processing /home/julioubuntu/Projects/EGD/airflow-trabalho-final/venv/lib/python3.9/site-packages/airflow/example_dags/tutorial_taskflow_api_etl.py took 0.320 seconds
[2023-12-13 21:12:31,242] {processor.py:153} INFO - Started process (PID=189331) to work on /home/julioubuntu/Projects/EGD/airflow-trabalho-final/venv/lib/python3.9/site-packages/airflow/example_dags/tutorial_taskflow_api_etl.py
[2023-12-13 21:12:31,244] {processor.py:641} INFO - Processing file /home/julioubuntu/Projects/EGD/airflow-trabalho-final/venv/lib/python3.9/site-packages/airflow/example_dags/tutorial_taskflow_api_etl.py for tasks to queue
[2023-12-13 21:12:31,245] {logging_mixin.py:115} INFO - [2023-12-13 21:12:31,245] {dagbag.py:507} INFO - Filling up the DagBag from /home/julioubuntu/Projects/EGD/airflow-trabalho-final/venv/lib/python3.9/site-packages/airflow/example_dags/tutorial_taskflow_api_etl.py
[2023-12-13 21:12:31,314] {processor.py:651} INFO - DAG(s) dict_keys(['tutorial_taskflow_api_etl']) retrieved from /home/julioubuntu/Projects/EGD/airflow-trabalho-final/venv/lib/python3.9/site-packages/airflow/example_dags/tutorial_taskflow_api_etl.py
[2023-12-13 21:12:31,371] {logging_mixin.py:115} INFO - [2023-12-13 21:12:31,370] {dag.py:2379} INFO - Sync 1 DAGs
[2023-12-13 21:12:31,521] {logging_mixin.py:115} INFO - [2023-12-13 21:12:31,521] {dag.py:2927} INFO - Setting next_dagrun for tutorial_taskflow_api_etl to None, run_after=None
[2023-12-13 21:12:31,591] {processor.py:161} INFO - Processing /home/julioubuntu/Projects/EGD/airflow-trabalho-final/venv/lib/python3.9/site-packages/airflow/example_dags/tutorial_taskflow_api_etl.py took 0.362 seconds
[2023-12-13 21:13:18,463] {processor.py:153} INFO - Started process (PID=192983) to work on /home/julioubuntu/Projects/EGD/airflow-trabalho-final/venv/lib/python3.9/site-packages/airflow/example_dags/tutorial_taskflow_api_etl.py
[2023-12-13 21:13:18,464] {processor.py:641} INFO - Processing file /home/julioubuntu/Projects/EGD/airflow-trabalho-final/venv/lib/python3.9/site-packages/airflow/example_dags/tutorial_taskflow_api_etl.py for tasks to queue
[2023-12-13 21:13:18,464] {logging_mixin.py:115} INFO - [2023-12-13 21:13:18,464] {dagbag.py:507} INFO - Filling up the DagBag from /home/julioubuntu/Projects/EGD/airflow-trabalho-final/venv/lib/python3.9/site-packages/airflow/example_dags/tutorial_taskflow_api_etl.py
[2023-12-13 21:13:18,485] {processor.py:651} INFO - DAG(s) dict_keys(['tutorial_taskflow_api_etl']) retrieved from /home/julioubuntu/Projects/EGD/airflow-trabalho-final/venv/lib/python3.9/site-packages/airflow/example_dags/tutorial_taskflow_api_etl.py
[2023-12-13 21:13:18,539] {logging_mixin.py:115} INFO - [2023-12-13 21:13:18,539] {dag.py:2379} INFO - Sync 1 DAGs
[2023-12-13 21:13:18,566] {logging_mixin.py:115} INFO - [2023-12-13 21:13:18,566] {dag.py:2927} INFO - Setting next_dagrun for tutorial_taskflow_api_etl to None, run_after=None
[2023-12-13 21:13:18,600] {processor.py:161} INFO - Processing /home/julioubuntu/Projects/EGD/airflow-trabalho-final/venv/lib/python3.9/site-packages/airflow/example_dags/tutorial_taskflow_api_etl.py took 0.144 seconds
[2023-12-13 21:13:53,378] {processor.py:153} INFO - Started process (PID=193023) to work on /home/julioubuntu/Projects/EGD/airflow-trabalho-final/venv/lib/python3.9/site-packages/airflow/example_dags/tutorial_taskflow_api_etl.py
[2023-12-13 21:13:53,381] {processor.py:641} INFO - Processing file /home/julioubuntu/Projects/EGD/airflow-trabalho-final/venv/lib/python3.9/site-packages/airflow/example_dags/tutorial_taskflow_api_etl.py for tasks to queue
[2023-12-13 21:13:53,382] {logging_mixin.py:115} INFO - [2023-12-13 21:13:53,382] {dagbag.py:507} INFO - Filling up the DagBag from /home/julioubuntu/Projects/EGD/airflow-trabalho-final/venv/lib/python3.9/site-packages/airflow/example_dags/tutorial_taskflow_api_etl.py
[2023-12-13 21:13:53,394] {processor.py:651} INFO - DAG(s) dict_keys(['tutorial_taskflow_api_etl']) retrieved from /home/julioubuntu/Projects/EGD/airflow-trabalho-final/venv/lib/python3.9/site-packages/airflow/example_dags/tutorial_taskflow_api_etl.py
[2023-12-13 21:13:53,438] {logging_mixin.py:115} INFO - [2023-12-13 21:13:53,437] {dag.py:2379} INFO - Sync 1 DAGs
[2023-12-13 21:13:53,453] {logging_mixin.py:115} INFO - [2023-12-13 21:13:53,453] {dag.py:2927} INFO - Setting next_dagrun for tutorial_taskflow_api_etl to None, run_after=None
[2023-12-13 21:13:53,472] {processor.py:161} INFO - Processing /home/julioubuntu/Projects/EGD/airflow-trabalho-final/venv/lib/python3.9/site-packages/airflow/example_dags/tutorial_taskflow_api_etl.py took 0.097 seconds
[2023-12-13 21:14:27,113] {processor.py:153} INFO - Started process (PID=193062) to work on /home/julioubuntu/Projects/EGD/airflow-trabalho-final/venv/lib/python3.9/site-packages/airflow/example_dags/tutorial_taskflow_api_etl.py
[2023-12-13 21:14:27,135] {processor.py:641} INFO - Processing file /home/julioubuntu/Projects/EGD/airflow-trabalho-final/venv/lib/python3.9/site-packages/airflow/example_dags/tutorial_taskflow_api_etl.py for tasks to queue
[2023-12-13 21:14:27,136] {logging_mixin.py:115} INFO - [2023-12-13 21:14:27,136] {dagbag.py:507} INFO - Filling up the DagBag from /home/julioubuntu/Projects/EGD/airflow-trabalho-final/venv/lib/python3.9/site-packages/airflow/example_dags/tutorial_taskflow_api_etl.py
[2023-12-13 21:14:27,151] {processor.py:651} INFO - DAG(s) dict_keys(['tutorial_taskflow_api_etl']) retrieved from /home/julioubuntu/Projects/EGD/airflow-trabalho-final/venv/lib/python3.9/site-packages/airflow/example_dags/tutorial_taskflow_api_etl.py
[2023-12-13 21:14:27,165] {logging_mixin.py:115} INFO - [2023-12-13 21:14:27,165] {dag.py:2379} INFO - Sync 1 DAGs
[2023-12-13 21:14:27,182] {logging_mixin.py:115} INFO - [2023-12-13 21:14:27,182] {dag.py:2927} INFO - Setting next_dagrun for tutorial_taskflow_api_etl to None, run_after=None
[2023-12-13 21:14:27,200] {processor.py:161} INFO - Processing /home/julioubuntu/Projects/EGD/airflow-trabalho-final/venv/lib/python3.9/site-packages/airflow/example_dags/tutorial_taskflow_api_etl.py took 0.089 seconds
[2023-12-13 21:15:03,329] {processor.py:153} INFO - Started process (PID=193383) to work on /home/julioubuntu/Projects/EGD/airflow-trabalho-final/venv/lib/python3.9/site-packages/airflow/example_dags/tutorial_taskflow_api_etl.py
[2023-12-13 21:15:03,330] {processor.py:641} INFO - Processing file /home/julioubuntu/Projects/EGD/airflow-trabalho-final/venv/lib/python3.9/site-packages/airflow/example_dags/tutorial_taskflow_api_etl.py for tasks to queue
[2023-12-13 21:15:03,330] {logging_mixin.py:115} INFO - [2023-12-13 21:15:03,330] {dagbag.py:507} INFO - Filling up the DagBag from /home/julioubuntu/Projects/EGD/airflow-trabalho-final/venv/lib/python3.9/site-packages/airflow/example_dags/tutorial_taskflow_api_etl.py
[2023-12-13 21:15:03,347] {processor.py:651} INFO - DAG(s) dict_keys(['tutorial_taskflow_api_etl']) retrieved from /home/julioubuntu/Projects/EGD/airflow-trabalho-final/venv/lib/python3.9/site-packages/airflow/example_dags/tutorial_taskflow_api_etl.py
[2023-12-13 21:15:03,417] {logging_mixin.py:115} INFO - [2023-12-13 21:15:03,417] {dag.py:2379} INFO - Sync 1 DAGs
[2023-12-13 21:15:03,451] {logging_mixin.py:115} INFO - [2023-12-13 21:15:03,450] {dag.py:2927} INFO - Setting next_dagrun for tutorial_taskflow_api_etl to None, run_after=None
[2023-12-13 21:15:03,468] {processor.py:161} INFO - Processing /home/julioubuntu/Projects/EGD/airflow-trabalho-final/venv/lib/python3.9/site-packages/airflow/example_dags/tutorial_taskflow_api_etl.py took 0.143 seconds
[2023-12-13 21:15:45,677] {processor.py:153} INFO - Started process (PID=193420) to work on /home/julioubuntu/Projects/EGD/airflow-trabalho-final/venv/lib/python3.9/site-packages/airflow/example_dags/tutorial_taskflow_api_etl.py
[2023-12-13 21:15:45,678] {processor.py:641} INFO - Processing file /home/julioubuntu/Projects/EGD/airflow-trabalho-final/venv/lib/python3.9/site-packages/airflow/example_dags/tutorial_taskflow_api_etl.py for tasks to queue
[2023-12-13 21:15:45,679] {logging_mixin.py:115} INFO - [2023-12-13 21:15:45,679] {dagbag.py:507} INFO - Filling up the DagBag from /home/julioubuntu/Projects/EGD/airflow-trabalho-final/venv/lib/python3.9/site-packages/airflow/example_dags/tutorial_taskflow_api_etl.py
[2023-12-13 21:15:45,692] {processor.py:651} INFO - DAG(s) dict_keys(['tutorial_taskflow_api_etl']) retrieved from /home/julioubuntu/Projects/EGD/airflow-trabalho-final/venv/lib/python3.9/site-packages/airflow/example_dags/tutorial_taskflow_api_etl.py
[2023-12-13 21:15:45,728] {logging_mixin.py:115} INFO - [2023-12-13 21:15:45,728] {dag.py:2379} INFO - Sync 1 DAGs
[2023-12-13 21:15:45,741] {logging_mixin.py:115} INFO - [2023-12-13 21:15:45,741] {dag.py:2927} INFO - Setting next_dagrun for tutorial_taskflow_api_etl to None, run_after=None
[2023-12-13 21:15:45,759] {processor.py:161} INFO - Processing /home/julioubuntu/Projects/EGD/airflow-trabalho-final/venv/lib/python3.9/site-packages/airflow/example_dags/tutorial_taskflow_api_etl.py took 0.084 seconds
[2023-12-13 21:16:17,777] {processor.py:153} INFO - Started process (PID=193459) to work on /home/julioubuntu/Projects/EGD/airflow-trabalho-final/venv/lib/python3.9/site-packages/airflow/example_dags/tutorial_taskflow_api_etl.py
[2023-12-13 21:16:17,777] {processor.py:641} INFO - Processing file /home/julioubuntu/Projects/EGD/airflow-trabalho-final/venv/lib/python3.9/site-packages/airflow/example_dags/tutorial_taskflow_api_etl.py for tasks to queue
[2023-12-13 21:16:17,778] {logging_mixin.py:115} INFO - [2023-12-13 21:16:17,778] {dagbag.py:507} INFO - Filling up the DagBag from /home/julioubuntu/Projects/EGD/airflow-trabalho-final/venv/lib/python3.9/site-packages/airflow/example_dags/tutorial_taskflow_api_etl.py
[2023-12-13 21:16:17,798] {processor.py:651} INFO - DAG(s) dict_keys(['tutorial_taskflow_api_etl']) retrieved from /home/julioubuntu/Projects/EGD/airflow-trabalho-final/venv/lib/python3.9/site-packages/airflow/example_dags/tutorial_taskflow_api_etl.py
[2023-12-13 21:16:17,816] {logging_mixin.py:115} INFO - [2023-12-13 21:16:17,815] {dag.py:2379} INFO - Sync 1 DAGs
[2023-12-13 21:16:17,833] {logging_mixin.py:115} INFO - [2023-12-13 21:16:17,832] {dag.py:2927} INFO - Setting next_dagrun for tutorial_taskflow_api_etl to None, run_after=None
[2023-12-13 21:16:17,849] {processor.py:161} INFO - Processing /home/julioubuntu/Projects/EGD/airflow-trabalho-final/venv/lib/python3.9/site-packages/airflow/example_dags/tutorial_taskflow_api_etl.py took 0.076 seconds
[2023-12-13 21:16:49,050] {processor.py:153} INFO - Started process (PID=193493) to work on /home/julioubuntu/Projects/EGD/airflow-trabalho-final/venv/lib/python3.9/site-packages/airflow/example_dags/tutorial_taskflow_api_etl.py
[2023-12-13 21:16:49,051] {processor.py:641} INFO - Processing file /home/julioubuntu/Projects/EGD/airflow-trabalho-final/venv/lib/python3.9/site-packages/airflow/example_dags/tutorial_taskflow_api_etl.py for tasks to queue
[2023-12-13 21:16:49,052] {logging_mixin.py:115} INFO - [2023-12-13 21:16:49,052] {dagbag.py:507} INFO - Filling up the DagBag from /home/julioubuntu/Projects/EGD/airflow-trabalho-final/venv/lib/python3.9/site-packages/airflow/example_dags/tutorial_taskflow_api_etl.py
[2023-12-13 21:16:49,066] {processor.py:651} INFO - DAG(s) dict_keys(['tutorial_taskflow_api_etl']) retrieved from /home/julioubuntu/Projects/EGD/airflow-trabalho-final/venv/lib/python3.9/site-packages/airflow/example_dags/tutorial_taskflow_api_etl.py
[2023-12-13 21:16:49,103] {logging_mixin.py:115} INFO - [2023-12-13 21:16:49,103] {dag.py:2379} INFO - Sync 1 DAGs
[2023-12-13 21:16:49,115] {logging_mixin.py:115} INFO - [2023-12-13 21:16:49,115] {dag.py:2927} INFO - Setting next_dagrun for tutorial_taskflow_api_etl to None, run_after=None
[2023-12-13 21:16:49,187] {processor.py:161} INFO - Processing /home/julioubuntu/Projects/EGD/airflow-trabalho-final/venv/lib/python3.9/site-packages/airflow/example_dags/tutorial_taskflow_api_etl.py took 0.139 seconds
[2023-12-13 21:17:23,544] {processor.py:153} INFO - Started process (PID=193533) to work on /home/julioubuntu/Projects/EGD/airflow-trabalho-final/venv/lib/python3.9/site-packages/airflow/example_dags/tutorial_taskflow_api_etl.py
[2023-12-13 21:17:23,545] {processor.py:641} INFO - Processing file /home/julioubuntu/Projects/EGD/airflow-trabalho-final/venv/lib/python3.9/site-packages/airflow/example_dags/tutorial_taskflow_api_etl.py for tasks to queue
[2023-12-13 21:17:23,546] {logging_mixin.py:115} INFO - [2023-12-13 21:17:23,546] {dagbag.py:507} INFO - Filling up the DagBag from /home/julioubuntu/Projects/EGD/airflow-trabalho-final/venv/lib/python3.9/site-packages/airflow/example_dags/tutorial_taskflow_api_etl.py
[2023-12-13 21:17:23,559] {processor.py:651} INFO - DAG(s) dict_keys(['tutorial_taskflow_api_etl']) retrieved from /home/julioubuntu/Projects/EGD/airflow-trabalho-final/venv/lib/python3.9/site-packages/airflow/example_dags/tutorial_taskflow_api_etl.py
[2023-12-13 21:17:23,573] {logging_mixin.py:115} INFO - [2023-12-13 21:17:23,572] {dag.py:2379} INFO - Sync 1 DAGs
[2023-12-13 21:17:23,588] {logging_mixin.py:115} INFO - [2023-12-13 21:17:23,588] {dag.py:2927} INFO - Setting next_dagrun for tutorial_taskflow_api_etl to None, run_after=None
[2023-12-13 21:17:23,603] {processor.py:161} INFO - Processing /home/julioubuntu/Projects/EGD/airflow-trabalho-final/venv/lib/python3.9/site-packages/airflow/example_dags/tutorial_taskflow_api_etl.py took 0.061 seconds
[2023-12-13 21:17:58,520] {processor.py:153} INFO - Started process (PID=193578) to work on /home/julioubuntu/Projects/EGD/airflow-trabalho-final/venv/lib/python3.9/site-packages/airflow/example_dags/tutorial_taskflow_api_etl.py
[2023-12-13 21:17:58,524] {processor.py:641} INFO - Processing file /home/julioubuntu/Projects/EGD/airflow-trabalho-final/venv/lib/python3.9/site-packages/airflow/example_dags/tutorial_taskflow_api_etl.py for tasks to queue
[2023-12-13 21:17:58,525] {logging_mixin.py:115} INFO - [2023-12-13 21:17:58,524] {dagbag.py:507} INFO - Filling up the DagBag from /home/julioubuntu/Projects/EGD/airflow-trabalho-final/venv/lib/python3.9/site-packages/airflow/example_dags/tutorial_taskflow_api_etl.py
[2023-12-13 21:17:58,541] {processor.py:651} INFO - DAG(s) dict_keys(['tutorial_taskflow_api_etl']) retrieved from /home/julioubuntu/Projects/EGD/airflow-trabalho-final/venv/lib/python3.9/site-packages/airflow/example_dags/tutorial_taskflow_api_etl.py
[2023-12-13 21:17:58,590] {logging_mixin.py:115} INFO - [2023-12-13 21:17:58,590] {dag.py:2379} INFO - Sync 1 DAGs
[2023-12-13 21:17:58,606] {logging_mixin.py:115} INFO - [2023-12-13 21:17:58,606] {dag.py:2927} INFO - Setting next_dagrun for tutorial_taskflow_api_etl to None, run_after=None
[2023-12-13 21:17:58,625] {processor.py:161} INFO - Processing /home/julioubuntu/Projects/EGD/airflow-trabalho-final/venv/lib/python3.9/site-packages/airflow/example_dags/tutorial_taskflow_api_etl.py took 0.107 seconds
[2023-12-13 21:18:32,220] {processor.py:153} INFO - Started process (PID=193613) to work on /home/julioubuntu/Projects/EGD/airflow-trabalho-final/venv/lib/python3.9/site-packages/airflow/example_dags/tutorial_taskflow_api_etl.py
[2023-12-13 21:18:32,224] {processor.py:641} INFO - Processing file /home/julioubuntu/Projects/EGD/airflow-trabalho-final/venv/lib/python3.9/site-packages/airflow/example_dags/tutorial_taskflow_api_etl.py for tasks to queue
[2023-12-13 21:18:32,224] {logging_mixin.py:115} INFO - [2023-12-13 21:18:32,224] {dagbag.py:507} INFO - Filling up the DagBag from /home/julioubuntu/Projects/EGD/airflow-trabalho-final/venv/lib/python3.9/site-packages/airflow/example_dags/tutorial_taskflow_api_etl.py
[2023-12-13 21:18:32,240] {processor.py:651} INFO - DAG(s) dict_keys(['tutorial_taskflow_api_etl']) retrieved from /home/julioubuntu/Projects/EGD/airflow-trabalho-final/venv/lib/python3.9/site-packages/airflow/example_dags/tutorial_taskflow_api_etl.py
[2023-12-13 21:18:32,254] {logging_mixin.py:115} INFO - [2023-12-13 21:18:32,254] {dag.py:2379} INFO - Sync 1 DAGs
[2023-12-13 21:18:32,271] {logging_mixin.py:115} INFO - [2023-12-13 21:18:32,271] {dag.py:2927} INFO - Setting next_dagrun for tutorial_taskflow_api_etl to None, run_after=None
[2023-12-13 21:18:32,288] {processor.py:161} INFO - Processing /home/julioubuntu/Projects/EGD/airflow-trabalho-final/venv/lib/python3.9/site-packages/airflow/example_dags/tutorial_taskflow_api_etl.py took 0.071 seconds
[2023-12-13 21:19:15,322] {processor.py:153} INFO - Started process (PID=193940) to work on /home/julioubuntu/Projects/EGD/airflow-trabalho-final/venv/lib/python3.9/site-packages/airflow/example_dags/tutorial_taskflow_api_etl.py
[2023-12-13 21:19:15,324] {processor.py:641} INFO - Processing file /home/julioubuntu/Projects/EGD/airflow-trabalho-final/venv/lib/python3.9/site-packages/airflow/example_dags/tutorial_taskflow_api_etl.py for tasks to queue
[2023-12-13 21:19:15,325] {logging_mixin.py:115} INFO - [2023-12-13 21:19:15,325] {dagbag.py:507} INFO - Filling up the DagBag from /home/julioubuntu/Projects/EGD/airflow-trabalho-final/venv/lib/python3.9/site-packages/airflow/example_dags/tutorial_taskflow_api_etl.py
[2023-12-13 21:19:15,378] {processor.py:651} INFO - DAG(s) dict_keys(['tutorial_taskflow_api_etl']) retrieved from /home/julioubuntu/Projects/EGD/airflow-trabalho-final/venv/lib/python3.9/site-packages/airflow/example_dags/tutorial_taskflow_api_etl.py
[2023-12-13 21:19:15,416] {logging_mixin.py:115} INFO - [2023-12-13 21:19:15,416] {dag.py:2379} INFO - Sync 1 DAGs
[2023-12-13 21:19:15,460] {logging_mixin.py:115} INFO - [2023-12-13 21:19:15,460] {dag.py:2927} INFO - Setting next_dagrun for tutorial_taskflow_api_etl to None, run_after=None
[2023-12-13 21:19:15,487] {processor.py:161} INFO - Processing /home/julioubuntu/Projects/EGD/airflow-trabalho-final/venv/lib/python3.9/site-packages/airflow/example_dags/tutorial_taskflow_api_etl.py took 0.171 seconds
[2023-12-13 21:19:53,227] {processor.py:153} INFO - Started process (PID=193982) to work on /home/julioubuntu/Projects/EGD/airflow-trabalho-final/venv/lib/python3.9/site-packages/airflow/example_dags/tutorial_taskflow_api_etl.py
[2023-12-13 21:19:53,228] {processor.py:641} INFO - Processing file /home/julioubuntu/Projects/EGD/airflow-trabalho-final/venv/lib/python3.9/site-packages/airflow/example_dags/tutorial_taskflow_api_etl.py for tasks to queue
[2023-12-13 21:19:53,229] {logging_mixin.py:115} INFO - [2023-12-13 21:19:53,229] {dagbag.py:507} INFO - Filling up the DagBag from /home/julioubuntu/Projects/EGD/airflow-trabalho-final/venv/lib/python3.9/site-packages/airflow/example_dags/tutorial_taskflow_api_etl.py
[2023-12-13 21:19:53,245] {processor.py:651} INFO - DAG(s) dict_keys(['tutorial_taskflow_api_etl']) retrieved from /home/julioubuntu/Projects/EGD/airflow-trabalho-final/venv/lib/python3.9/site-packages/airflow/example_dags/tutorial_taskflow_api_etl.py
[2023-12-13 21:19:53,292] {logging_mixin.py:115} INFO - [2023-12-13 21:19:53,292] {dag.py:2379} INFO - Sync 1 DAGs
[2023-12-13 21:19:53,308] {logging_mixin.py:115} INFO - [2023-12-13 21:19:53,308] {dag.py:2927} INFO - Setting next_dagrun for tutorial_taskflow_api_etl to None, run_after=None
[2023-12-13 21:19:53,328] {processor.py:161} INFO - Processing /home/julioubuntu/Projects/EGD/airflow-trabalho-final/venv/lib/python3.9/site-packages/airflow/example_dags/tutorial_taskflow_api_etl.py took 0.104 seconds
[2023-12-13 21:20:29,750] {processor.py:153} INFO - Started process (PID=194024) to work on /home/julioubuntu/Projects/EGD/airflow-trabalho-final/venv/lib/python3.9/site-packages/airflow/example_dags/tutorial_taskflow_api_etl.py
[2023-12-13 21:20:29,753] {processor.py:641} INFO - Processing file /home/julioubuntu/Projects/EGD/airflow-trabalho-final/venv/lib/python3.9/site-packages/airflow/example_dags/tutorial_taskflow_api_etl.py for tasks to queue
[2023-12-13 21:20:29,754] {logging_mixin.py:115} INFO - [2023-12-13 21:20:29,754] {dagbag.py:507} INFO - Filling up the DagBag from /home/julioubuntu/Projects/EGD/airflow-trabalho-final/venv/lib/python3.9/site-packages/airflow/example_dags/tutorial_taskflow_api_etl.py
[2023-12-13 21:20:29,767] {processor.py:651} INFO - DAG(s) dict_keys(['tutorial_taskflow_api_etl']) retrieved from /home/julioubuntu/Projects/EGD/airflow-trabalho-final/venv/lib/python3.9/site-packages/airflow/example_dags/tutorial_taskflow_api_etl.py
[2023-12-13 21:20:29,809] {logging_mixin.py:115} INFO - [2023-12-13 21:20:29,809] {dag.py:2379} INFO - Sync 1 DAGs
[2023-12-13 21:20:29,823] {logging_mixin.py:115} INFO - [2023-12-13 21:20:29,823] {dag.py:2927} INFO - Setting next_dagrun for tutorial_taskflow_api_etl to None, run_after=None
[2023-12-13 21:20:29,841] {processor.py:161} INFO - Processing /home/julioubuntu/Projects/EGD/airflow-trabalho-final/venv/lib/python3.9/site-packages/airflow/example_dags/tutorial_taskflow_api_etl.py took 0.093 seconds
[2023-12-13 21:21:01,695] {processor.py:153} INFO - Started process (PID=194345) to work on /home/julioubuntu/Projects/EGD/airflow-trabalho-final/venv/lib/python3.9/site-packages/airflow/example_dags/tutorial_taskflow_api_etl.py
[2023-12-13 21:21:01,696] {processor.py:641} INFO - Processing file /home/julioubuntu/Projects/EGD/airflow-trabalho-final/venv/lib/python3.9/site-packages/airflow/example_dags/tutorial_taskflow_api_etl.py for tasks to queue
[2023-12-13 21:21:01,697] {logging_mixin.py:115} INFO - [2023-12-13 21:21:01,697] {dagbag.py:507} INFO - Filling up the DagBag from /home/julioubuntu/Projects/EGD/airflow-trabalho-final/venv/lib/python3.9/site-packages/airflow/example_dags/tutorial_taskflow_api_etl.py
[2023-12-13 21:21:01,723] {processor.py:651} INFO - DAG(s) dict_keys(['tutorial_taskflow_api_etl']) retrieved from /home/julioubuntu/Projects/EGD/airflow-trabalho-final/venv/lib/python3.9/site-packages/airflow/example_dags/tutorial_taskflow_api_etl.py
[2023-12-13 21:21:01,748] {logging_mixin.py:115} INFO - [2023-12-13 21:21:01,748] {dag.py:2379} INFO - Sync 1 DAGs
[2023-12-13 21:21:01,769] {logging_mixin.py:115} INFO - [2023-12-13 21:21:01,769] {dag.py:2927} INFO - Setting next_dagrun for tutorial_taskflow_api_etl to None, run_after=None
[2023-12-13 21:21:01,789] {processor.py:161} INFO - Processing /home/julioubuntu/Projects/EGD/airflow-trabalho-final/venv/lib/python3.9/site-packages/airflow/example_dags/tutorial_taskflow_api_etl.py took 0.096 seconds
[2023-12-13 21:21:41,892] {processor.py:153} INFO - Started process (PID=194659) to work on /home/julioubuntu/Projects/EGD/airflow-trabalho-final/venv/lib/python3.9/site-packages/airflow/example_dags/tutorial_taskflow_api_etl.py
[2023-12-13 21:21:41,893] {processor.py:641} INFO - Processing file /home/julioubuntu/Projects/EGD/airflow-trabalho-final/venv/lib/python3.9/site-packages/airflow/example_dags/tutorial_taskflow_api_etl.py for tasks to queue
[2023-12-13 21:21:41,894] {logging_mixin.py:115} INFO - [2023-12-13 21:21:41,894] {dagbag.py:507} INFO - Filling up the DagBag from /home/julioubuntu/Projects/EGD/airflow-trabalho-final/venv/lib/python3.9/site-packages/airflow/example_dags/tutorial_taskflow_api_etl.py
[2023-12-13 21:21:41,913] {processor.py:651} INFO - DAG(s) dict_keys(['tutorial_taskflow_api_etl']) retrieved from /home/julioubuntu/Projects/EGD/airflow-trabalho-final/venv/lib/python3.9/site-packages/airflow/example_dags/tutorial_taskflow_api_etl.py
[2023-12-13 21:21:41,930] {logging_mixin.py:115} INFO - [2023-12-13 21:21:41,930] {dag.py:2379} INFO - Sync 1 DAGs
[2023-12-13 21:21:41,948] {logging_mixin.py:115} INFO - [2023-12-13 21:21:41,948] {dag.py:2927} INFO - Setting next_dagrun for tutorial_taskflow_api_etl to None, run_after=None
[2023-12-13 21:21:41,965] {processor.py:161} INFO - Processing /home/julioubuntu/Projects/EGD/airflow-trabalho-final/venv/lib/python3.9/site-packages/airflow/example_dags/tutorial_taskflow_api_etl.py took 0.076 seconds
[2023-12-13 21:22:22,030] {processor.py:153} INFO - Started process (PID=194967) to work on /home/julioubuntu/Projects/EGD/airflow-trabalho-final/venv/lib/python3.9/site-packages/airflow/example_dags/tutorial_taskflow_api_etl.py
[2023-12-13 21:22:22,032] {processor.py:641} INFO - Processing file /home/julioubuntu/Projects/EGD/airflow-trabalho-final/venv/lib/python3.9/site-packages/airflow/example_dags/tutorial_taskflow_api_etl.py for tasks to queue
[2023-12-13 21:22:22,033] {logging_mixin.py:115} INFO - [2023-12-13 21:22:22,033] {dagbag.py:507} INFO - Filling up the DagBag from /home/julioubuntu/Projects/EGD/airflow-trabalho-final/venv/lib/python3.9/site-packages/airflow/example_dags/tutorial_taskflow_api_etl.py
[2023-12-13 21:22:22,064] {processor.py:651} INFO - DAG(s) dict_keys(['tutorial_taskflow_api_etl']) retrieved from /home/julioubuntu/Projects/EGD/airflow-trabalho-final/venv/lib/python3.9/site-packages/airflow/example_dags/tutorial_taskflow_api_etl.py
[2023-12-13 21:22:22,080] {logging_mixin.py:115} INFO - [2023-12-13 21:22:22,080] {dag.py:2379} INFO - Sync 1 DAGs
[2023-12-13 21:22:22,429] {logging_mixin.py:115} INFO - [2023-12-13 21:22:22,429] {dag.py:2927} INFO - Setting next_dagrun for tutorial_taskflow_api_etl to None, run_after=None
[2023-12-13 21:22:22,477] {processor.py:161} INFO - Processing /home/julioubuntu/Projects/EGD/airflow-trabalho-final/venv/lib/python3.9/site-packages/airflow/example_dags/tutorial_taskflow_api_etl.py took 0.450 seconds
[2023-12-13 21:22:56,619] {processor.py:153} INFO - Started process (PID=195291) to work on /home/julioubuntu/Projects/EGD/airflow-trabalho-final/venv/lib/python3.9/site-packages/airflow/example_dags/tutorial_taskflow_api_etl.py
[2023-12-13 21:22:56,620] {processor.py:641} INFO - Processing file /home/julioubuntu/Projects/EGD/airflow-trabalho-final/venv/lib/python3.9/site-packages/airflow/example_dags/tutorial_taskflow_api_etl.py for tasks to queue
[2023-12-13 21:22:56,620] {logging_mixin.py:115} INFO - [2023-12-13 21:22:56,620] {dagbag.py:507} INFO - Filling up the DagBag from /home/julioubuntu/Projects/EGD/airflow-trabalho-final/venv/lib/python3.9/site-packages/airflow/example_dags/tutorial_taskflow_api_etl.py
[2023-12-13 21:22:56,632] {processor.py:651} INFO - DAG(s) dict_keys(['tutorial_taskflow_api_etl']) retrieved from /home/julioubuntu/Projects/EGD/airflow-trabalho-final/venv/lib/python3.9/site-packages/airflow/example_dags/tutorial_taskflow_api_etl.py
[2023-12-13 21:22:56,649] {logging_mixin.py:115} INFO - [2023-12-13 21:22:56,649] {dag.py:2379} INFO - Sync 1 DAGs
[2023-12-13 21:22:56,663] {logging_mixin.py:115} INFO - [2023-12-13 21:22:56,663] {dag.py:2927} INFO - Setting next_dagrun for tutorial_taskflow_api_etl to None, run_after=None
[2023-12-13 21:22:56,679] {processor.py:161} INFO - Processing /home/julioubuntu/Projects/EGD/airflow-trabalho-final/venv/lib/python3.9/site-packages/airflow/example_dags/tutorial_taskflow_api_etl.py took 0.063 seconds
[2023-12-13 21:23:31,851] {processor.py:153} INFO - Started process (PID=195342) to work on /home/julioubuntu/Projects/EGD/airflow-trabalho-final/venv/lib/python3.9/site-packages/airflow/example_dags/tutorial_taskflow_api_etl.py
[2023-12-13 21:23:31,852] {processor.py:641} INFO - Processing file /home/julioubuntu/Projects/EGD/airflow-trabalho-final/venv/lib/python3.9/site-packages/airflow/example_dags/tutorial_taskflow_api_etl.py for tasks to queue
[2023-12-13 21:23:31,852] {logging_mixin.py:115} INFO - [2023-12-13 21:23:31,852] {dagbag.py:507} INFO - Filling up the DagBag from /home/julioubuntu/Projects/EGD/airflow-trabalho-final/venv/lib/python3.9/site-packages/airflow/example_dags/tutorial_taskflow_api_etl.py
[2023-12-13 21:23:31,867] {processor.py:651} INFO - DAG(s) dict_keys(['tutorial_taskflow_api_etl']) retrieved from /home/julioubuntu/Projects/EGD/airflow-trabalho-final/venv/lib/python3.9/site-packages/airflow/example_dags/tutorial_taskflow_api_etl.py
[2023-12-13 21:23:31,882] {logging_mixin.py:115} INFO - [2023-12-13 21:23:31,882] {dag.py:2379} INFO - Sync 1 DAGs
[2023-12-13 21:23:31,898] {logging_mixin.py:115} INFO - [2023-12-13 21:23:31,898] {dag.py:2927} INFO - Setting next_dagrun for tutorial_taskflow_api_etl to None, run_after=None
[2023-12-13 21:23:31,914] {processor.py:161} INFO - Processing /home/julioubuntu/Projects/EGD/airflow-trabalho-final/venv/lib/python3.9/site-packages/airflow/example_dags/tutorial_taskflow_api_etl.py took 0.066 seconds
[2023-12-13 21:24:05,313] {processor.py:153} INFO - Started process (PID=195385) to work on /home/julioubuntu/Projects/EGD/airflow-trabalho-final/venv/lib/python3.9/site-packages/airflow/example_dags/tutorial_taskflow_api_etl.py
[2023-12-13 21:24:05,315] {processor.py:641} INFO - Processing file /home/julioubuntu/Projects/EGD/airflow-trabalho-final/venv/lib/python3.9/site-packages/airflow/example_dags/tutorial_taskflow_api_etl.py for tasks to queue
[2023-12-13 21:24:05,315] {logging_mixin.py:115} INFO - [2023-12-13 21:24:05,315] {dagbag.py:507} INFO - Filling up the DagBag from /home/julioubuntu/Projects/EGD/airflow-trabalho-final/venv/lib/python3.9/site-packages/airflow/example_dags/tutorial_taskflow_api_etl.py
[2023-12-13 21:24:05,329] {processor.py:651} INFO - DAG(s) dict_keys(['tutorial_taskflow_api_etl']) retrieved from /home/julioubuntu/Projects/EGD/airflow-trabalho-final/venv/lib/python3.9/site-packages/airflow/example_dags/tutorial_taskflow_api_etl.py
[2023-12-13 21:24:05,344] {logging_mixin.py:115} INFO - [2023-12-13 21:24:05,344] {dag.py:2379} INFO - Sync 1 DAGs
[2023-12-13 21:24:05,357] {logging_mixin.py:115} INFO - [2023-12-13 21:24:05,357] {dag.py:2927} INFO - Setting next_dagrun for tutorial_taskflow_api_etl to None, run_after=None
[2023-12-13 21:24:05,374] {processor.py:161} INFO - Processing /home/julioubuntu/Projects/EGD/airflow-trabalho-final/venv/lib/python3.9/site-packages/airflow/example_dags/tutorial_taskflow_api_etl.py took 0.063 seconds
[2023-12-13 21:24:46,180] {processor.py:153} INFO - Started process (PID=195716) to work on /home/julioubuntu/Projects/EGD/airflow-trabalho-final/venv/lib/python3.9/site-packages/airflow/example_dags/tutorial_taskflow_api_etl.py
[2023-12-13 21:24:46,181] {processor.py:641} INFO - Processing file /home/julioubuntu/Projects/EGD/airflow-trabalho-final/venv/lib/python3.9/site-packages/airflow/example_dags/tutorial_taskflow_api_etl.py for tasks to queue
[2023-12-13 21:24:46,182] {logging_mixin.py:115} INFO - [2023-12-13 21:24:46,182] {dagbag.py:507} INFO - Filling up the DagBag from /home/julioubuntu/Projects/EGD/airflow-trabalho-final/venv/lib/python3.9/site-packages/airflow/example_dags/tutorial_taskflow_api_etl.py
[2023-12-13 21:24:46,198] {processor.py:651} INFO - DAG(s) dict_keys(['tutorial_taskflow_api_etl']) retrieved from /home/julioubuntu/Projects/EGD/airflow-trabalho-final/venv/lib/python3.9/site-packages/airflow/example_dags/tutorial_taskflow_api_etl.py
[2023-12-13 21:24:46,215] {logging_mixin.py:115} INFO - [2023-12-13 21:24:46,215] {dag.py:2379} INFO - Sync 1 DAGs
[2023-12-13 21:24:46,232] {logging_mixin.py:115} INFO - [2023-12-13 21:24:46,231] {dag.py:2927} INFO - Setting next_dagrun for tutorial_taskflow_api_etl to None, run_after=None
[2023-12-13 21:24:46,250] {processor.py:161} INFO - Processing /home/julioubuntu/Projects/EGD/airflow-trabalho-final/venv/lib/python3.9/site-packages/airflow/example_dags/tutorial_taskflow_api_etl.py took 0.072 seconds
[2023-12-13 21:25:21,201] {processor.py:153} INFO - Started process (PID=195763) to work on /home/julioubuntu/Projects/EGD/airflow-trabalho-final/venv/lib/python3.9/site-packages/airflow/example_dags/tutorial_taskflow_api_etl.py
[2023-12-13 21:25:21,202] {processor.py:641} INFO - Processing file /home/julioubuntu/Projects/EGD/airflow-trabalho-final/venv/lib/python3.9/site-packages/airflow/example_dags/tutorial_taskflow_api_etl.py for tasks to queue
[2023-12-13 21:25:21,202] {logging_mixin.py:115} INFO - [2023-12-13 21:25:21,202] {dagbag.py:507} INFO - Filling up the DagBag from /home/julioubuntu/Projects/EGD/airflow-trabalho-final/venv/lib/python3.9/site-packages/airflow/example_dags/tutorial_taskflow_api_etl.py
[2023-12-13 21:25:21,217] {processor.py:651} INFO - DAG(s) dict_keys(['tutorial_taskflow_api_etl']) retrieved from /home/julioubuntu/Projects/EGD/airflow-trabalho-final/venv/lib/python3.9/site-packages/airflow/example_dags/tutorial_taskflow_api_etl.py
[2023-12-13 21:25:21,252] {logging_mixin.py:115} INFO - [2023-12-13 21:25:21,252] {dag.py:2379} INFO - Sync 1 DAGs
[2023-12-13 21:25:21,264] {logging_mixin.py:115} INFO - [2023-12-13 21:25:21,264] {dag.py:2927} INFO - Setting next_dagrun for tutorial_taskflow_api_etl to None, run_after=None
[2023-12-13 21:25:21,284] {processor.py:161} INFO - Processing /home/julioubuntu/Projects/EGD/airflow-trabalho-final/venv/lib/python3.9/site-packages/airflow/example_dags/tutorial_taskflow_api_etl.py took 0.085 seconds
[2023-12-13 21:25:57,653] {processor.py:153} INFO - Started process (PID=196132) to work on /home/julioubuntu/Projects/EGD/airflow-trabalho-final/venv/lib/python3.9/site-packages/airflow/example_dags/tutorial_taskflow_api_etl.py
[2023-12-13 21:25:57,654] {processor.py:641} INFO - Processing file /home/julioubuntu/Projects/EGD/airflow-trabalho-final/venv/lib/python3.9/site-packages/airflow/example_dags/tutorial_taskflow_api_etl.py for tasks to queue
[2023-12-13 21:25:57,654] {logging_mixin.py:115} INFO - [2023-12-13 21:25:57,654] {dagbag.py:507} INFO - Filling up the DagBag from /home/julioubuntu/Projects/EGD/airflow-trabalho-final/venv/lib/python3.9/site-packages/airflow/example_dags/tutorial_taskflow_api_etl.py
[2023-12-13 21:25:57,667] {processor.py:651} INFO - DAG(s) dict_keys(['tutorial_taskflow_api_etl']) retrieved from /home/julioubuntu/Projects/EGD/airflow-trabalho-final/venv/lib/python3.9/site-packages/airflow/example_dags/tutorial_taskflow_api_etl.py
[2023-12-13 21:25:57,702] {logging_mixin.py:115} INFO - [2023-12-13 21:25:57,702] {dag.py:2379} INFO - Sync 1 DAGs
[2023-12-13 21:25:57,714] {logging_mixin.py:115} INFO - [2023-12-13 21:25:57,714] {dag.py:2927} INFO - Setting next_dagrun for tutorial_taskflow_api_etl to None, run_after=None
[2023-12-13 21:25:57,734] {processor.py:161} INFO - Processing /home/julioubuntu/Projects/EGD/airflow-trabalho-final/venv/lib/python3.9/site-packages/airflow/example_dags/tutorial_taskflow_api_etl.py took 0.083 seconds
[2023-12-13 21:26:33,658] {processor.py:153} INFO - Started process (PID=196557) to work on /home/julioubuntu/Projects/EGD/airflow-trabalho-final/venv/lib/python3.9/site-packages/airflow/example_dags/tutorial_taskflow_api_etl.py
[2023-12-13 21:26:33,660] {processor.py:641} INFO - Processing file /home/julioubuntu/Projects/EGD/airflow-trabalho-final/venv/lib/python3.9/site-packages/airflow/example_dags/tutorial_taskflow_api_etl.py for tasks to queue
[2023-12-13 21:26:33,661] {logging_mixin.py:115} INFO - [2023-12-13 21:26:33,661] {dagbag.py:507} INFO - Filling up the DagBag from /home/julioubuntu/Projects/EGD/airflow-trabalho-final/venv/lib/python3.9/site-packages/airflow/example_dags/tutorial_taskflow_api_etl.py
[2023-12-13 21:26:33,675] {processor.py:651} INFO - DAG(s) dict_keys(['tutorial_taskflow_api_etl']) retrieved from /home/julioubuntu/Projects/EGD/airflow-trabalho-final/venv/lib/python3.9/site-packages/airflow/example_dags/tutorial_taskflow_api_etl.py
[2023-12-13 21:26:33,691] {logging_mixin.py:115} INFO - [2023-12-13 21:26:33,691] {dag.py:2379} INFO - Sync 1 DAGs
[2023-12-13 21:26:33,707] {logging_mixin.py:115} INFO - [2023-12-13 21:26:33,706] {dag.py:2927} INFO - Setting next_dagrun for tutorial_taskflow_api_etl to None, run_after=None
[2023-12-13 21:26:33,725] {processor.py:161} INFO - Processing /home/julioubuntu/Projects/EGD/airflow-trabalho-final/venv/lib/python3.9/site-packages/airflow/example_dags/tutorial_taskflow_api_etl.py took 0.070 seconds
[2023-12-13 21:27:06,748] {processor.py:153} INFO - Started process (PID=196600) to work on /home/julioubuntu/Projects/EGD/airflow-trabalho-final/venv/lib/python3.9/site-packages/airflow/example_dags/tutorial_taskflow_api_etl.py
[2023-12-13 21:27:06,749] {processor.py:641} INFO - Processing file /home/julioubuntu/Projects/EGD/airflow-trabalho-final/venv/lib/python3.9/site-packages/airflow/example_dags/tutorial_taskflow_api_etl.py for tasks to queue
[2023-12-13 21:27:06,750] {logging_mixin.py:115} INFO - [2023-12-13 21:27:06,750] {dagbag.py:507} INFO - Filling up the DagBag from /home/julioubuntu/Projects/EGD/airflow-trabalho-final/venv/lib/python3.9/site-packages/airflow/example_dags/tutorial_taskflow_api_etl.py
[2023-12-13 21:27:06,765] {processor.py:651} INFO - DAG(s) dict_keys(['tutorial_taskflow_api_etl']) retrieved from /home/julioubuntu/Projects/EGD/airflow-trabalho-final/venv/lib/python3.9/site-packages/airflow/example_dags/tutorial_taskflow_api_etl.py
[2023-12-13 21:27:06,783] {logging_mixin.py:115} INFO - [2023-12-13 21:27:06,783] {dag.py:2379} INFO - Sync 1 DAGs
[2023-12-13 21:27:06,799] {logging_mixin.py:115} INFO - [2023-12-13 21:27:06,799] {dag.py:2927} INFO - Setting next_dagrun for tutorial_taskflow_api_etl to None, run_after=None
[2023-12-13 21:27:06,818] {processor.py:161} INFO - Processing /home/julioubuntu/Projects/EGD/airflow-trabalho-final/venv/lib/python3.9/site-packages/airflow/example_dags/tutorial_taskflow_api_etl.py took 0.073 seconds
[2023-12-13 21:27:42,687] {processor.py:153} INFO - Started process (PID=197020) to work on /home/julioubuntu/Projects/EGD/airflow-trabalho-final/venv/lib/python3.9/site-packages/airflow/example_dags/tutorial_taskflow_api_etl.py
[2023-12-13 21:27:42,689] {processor.py:641} INFO - Processing file /home/julioubuntu/Projects/EGD/airflow-trabalho-final/venv/lib/python3.9/site-packages/airflow/example_dags/tutorial_taskflow_api_etl.py for tasks to queue
[2023-12-13 21:27:42,689] {logging_mixin.py:115} INFO - [2023-12-13 21:27:42,689] {dagbag.py:507} INFO - Filling up the DagBag from /home/julioubuntu/Projects/EGD/airflow-trabalho-final/venv/lib/python3.9/site-packages/airflow/example_dags/tutorial_taskflow_api_etl.py
[2023-12-13 21:27:42,716] {processor.py:651} INFO - DAG(s) dict_keys(['tutorial_taskflow_api_etl']) retrieved from /home/julioubuntu/Projects/EGD/airflow-trabalho-final/venv/lib/python3.9/site-packages/airflow/example_dags/tutorial_taskflow_api_etl.py
[2023-12-13 21:27:42,745] {logging_mixin.py:115} INFO - [2023-12-13 21:27:42,745] {dag.py:2379} INFO - Sync 1 DAGs
[2023-12-13 21:27:42,771] {logging_mixin.py:115} INFO - [2023-12-13 21:27:42,771] {dag.py:2927} INFO - Setting next_dagrun for tutorial_taskflow_api_etl to None, run_after=None
[2023-12-13 21:27:42,798] {processor.py:161} INFO - Processing /home/julioubuntu/Projects/EGD/airflow-trabalho-final/venv/lib/python3.9/site-packages/airflow/example_dags/tutorial_taskflow_api_etl.py took 0.114 seconds
[2023-12-13 21:28:28,746] {processor.py:153} INFO - Started process (PID=197404) to work on /home/julioubuntu/Projects/EGD/airflow-trabalho-final/venv/lib/python3.9/site-packages/airflow/example_dags/tutorial_taskflow_api_etl.py
[2023-12-13 21:28:28,747] {processor.py:641} INFO - Processing file /home/julioubuntu/Projects/EGD/airflow-trabalho-final/venv/lib/python3.9/site-packages/airflow/example_dags/tutorial_taskflow_api_etl.py for tasks to queue
[2023-12-13 21:28:28,748] {logging_mixin.py:115} INFO - [2023-12-13 21:28:28,748] {dagbag.py:507} INFO - Filling up the DagBag from /home/julioubuntu/Projects/EGD/airflow-trabalho-final/venv/lib/python3.9/site-packages/airflow/example_dags/tutorial_taskflow_api_etl.py
[2023-12-13 21:28:28,761] {processor.py:651} INFO - DAG(s) dict_keys(['tutorial_taskflow_api_etl']) retrieved from /home/julioubuntu/Projects/EGD/airflow-trabalho-final/venv/lib/python3.9/site-packages/airflow/example_dags/tutorial_taskflow_api_etl.py
[2023-12-13 21:28:28,775] {logging_mixin.py:115} INFO - [2023-12-13 21:28:28,775] {dag.py:2379} INFO - Sync 1 DAGs
[2023-12-13 21:28:28,792] {logging_mixin.py:115} INFO - [2023-12-13 21:28:28,792] {dag.py:2927} INFO - Setting next_dagrun for tutorial_taskflow_api_etl to None, run_after=None
[2023-12-13 21:28:28,814] {processor.py:161} INFO - Processing /home/julioubuntu/Projects/EGD/airflow-trabalho-final/venv/lib/python3.9/site-packages/airflow/example_dags/tutorial_taskflow_api_etl.py took 0.070 seconds
[2023-12-13 21:29:16,026] {processor.py:153} INFO - Started process (PID=197800) to work on /home/julioubuntu/Projects/EGD/airflow-trabalho-final/venv/lib/python3.9/site-packages/airflow/example_dags/tutorial_taskflow_api_etl.py
[2023-12-13 21:29:16,028] {processor.py:641} INFO - Processing file /home/julioubuntu/Projects/EGD/airflow-trabalho-final/venv/lib/python3.9/site-packages/airflow/example_dags/tutorial_taskflow_api_etl.py for tasks to queue
[2023-12-13 21:29:16,030] {logging_mixin.py:115} INFO - [2023-12-13 21:29:16,029] {dagbag.py:507} INFO - Filling up the DagBag from /home/julioubuntu/Projects/EGD/airflow-trabalho-final/venv/lib/python3.9/site-packages/airflow/example_dags/tutorial_taskflow_api_etl.py
[2023-12-13 21:29:16,042] {processor.py:651} INFO - DAG(s) dict_keys(['tutorial_taskflow_api_etl']) retrieved from /home/julioubuntu/Projects/EGD/airflow-trabalho-final/venv/lib/python3.9/site-packages/airflow/example_dags/tutorial_taskflow_api_etl.py
[2023-12-13 21:29:16,083] {logging_mixin.py:115} INFO - [2023-12-13 21:29:16,083] {dag.py:2379} INFO - Sync 1 DAGs
[2023-12-13 21:29:16,100] {logging_mixin.py:115} INFO - [2023-12-13 21:29:16,100] {dag.py:2927} INFO - Setting next_dagrun for tutorial_taskflow_api_etl to None, run_after=None
[2023-12-13 21:29:16,121] {processor.py:161} INFO - Processing /home/julioubuntu/Projects/EGD/airflow-trabalho-final/venv/lib/python3.9/site-packages/airflow/example_dags/tutorial_taskflow_api_etl.py took 0.105 seconds
[2023-12-13 21:29:56,868] {processor.py:153} INFO - Started process (PID=198150) to work on /home/julioubuntu/Projects/EGD/airflow-trabalho-final/venv/lib/python3.9/site-packages/airflow/example_dags/tutorial_taskflow_api_etl.py
[2023-12-13 21:29:56,869] {processor.py:641} INFO - Processing file /home/julioubuntu/Projects/EGD/airflow-trabalho-final/venv/lib/python3.9/site-packages/airflow/example_dags/tutorial_taskflow_api_etl.py for tasks to queue
[2023-12-13 21:29:56,871] {logging_mixin.py:115} INFO - [2023-12-13 21:29:56,870] {dagbag.py:507} INFO - Filling up the DagBag from /home/julioubuntu/Projects/EGD/airflow-trabalho-final/venv/lib/python3.9/site-packages/airflow/example_dags/tutorial_taskflow_api_etl.py
[2023-12-13 21:29:56,907] {processor.py:651} INFO - DAG(s) dict_keys(['tutorial_taskflow_api_etl']) retrieved from /home/julioubuntu/Projects/EGD/airflow-trabalho-final/venv/lib/python3.9/site-packages/airflow/example_dags/tutorial_taskflow_api_etl.py
[2023-12-13 21:29:56,984] {logging_mixin.py:115} INFO - [2023-12-13 21:29:56,984] {dag.py:2379} INFO - Sync 1 DAGs
[2023-12-13 21:29:57,036] {logging_mixin.py:115} INFO - [2023-12-13 21:29:57,036] {dag.py:2927} INFO - Setting next_dagrun for tutorial_taskflow_api_etl to None, run_after=None
[2023-12-13 21:29:57,076] {processor.py:161} INFO - Processing /home/julioubuntu/Projects/EGD/airflow-trabalho-final/venv/lib/python3.9/site-packages/airflow/example_dags/tutorial_taskflow_api_etl.py took 0.213 seconds
[2023-12-13 21:30:29,344] {processor.py:153} INFO - Started process (PID=198190) to work on /home/julioubuntu/Projects/EGD/airflow-trabalho-final/venv/lib/python3.9/site-packages/airflow/example_dags/tutorial_taskflow_api_etl.py
[2023-12-13 21:30:29,345] {processor.py:641} INFO - Processing file /home/julioubuntu/Projects/EGD/airflow-trabalho-final/venv/lib/python3.9/site-packages/airflow/example_dags/tutorial_taskflow_api_etl.py for tasks to queue
[2023-12-13 21:30:29,346] {logging_mixin.py:115} INFO - [2023-12-13 21:30:29,346] {dagbag.py:507} INFO - Filling up the DagBag from /home/julioubuntu/Projects/EGD/airflow-trabalho-final/venv/lib/python3.9/site-packages/airflow/example_dags/tutorial_taskflow_api_etl.py
[2023-12-13 21:30:29,361] {processor.py:651} INFO - DAG(s) dict_keys(['tutorial_taskflow_api_etl']) retrieved from /home/julioubuntu/Projects/EGD/airflow-trabalho-final/venv/lib/python3.9/site-packages/airflow/example_dags/tutorial_taskflow_api_etl.py
[2023-12-13 21:30:29,395] {logging_mixin.py:115} INFO - [2023-12-13 21:30:29,395] {dag.py:2379} INFO - Sync 1 DAGs
[2023-12-13 21:30:29,406] {logging_mixin.py:115} INFO - [2023-12-13 21:30:29,406] {dag.py:2927} INFO - Setting next_dagrun for tutorial_taskflow_api_etl to None, run_after=None
[2023-12-13 21:30:29,426] {processor.py:161} INFO - Processing /home/julioubuntu/Projects/EGD/airflow-trabalho-final/venv/lib/python3.9/site-packages/airflow/example_dags/tutorial_taskflow_api_etl.py took 0.085 seconds
[2023-12-13 21:31:04,489] {processor.py:153} INFO - Started process (PID=198260) to work on /home/julioubuntu/Projects/EGD/airflow-trabalho-final/venv/lib/python3.9/site-packages/airflow/example_dags/tutorial_taskflow_api_etl.py
[2023-12-13 21:31:04,490] {processor.py:641} INFO - Processing file /home/julioubuntu/Projects/EGD/airflow-trabalho-final/venv/lib/python3.9/site-packages/airflow/example_dags/tutorial_taskflow_api_etl.py for tasks to queue
[2023-12-13 21:31:04,492] {logging_mixin.py:115} INFO - [2023-12-13 21:31:04,491] {dagbag.py:507} INFO - Filling up the DagBag from /home/julioubuntu/Projects/EGD/airflow-trabalho-final/venv/lib/python3.9/site-packages/airflow/example_dags/tutorial_taskflow_api_etl.py
[2023-12-13 21:31:04,523] {processor.py:651} INFO - DAG(s) dict_keys(['tutorial_taskflow_api_etl']) retrieved from /home/julioubuntu/Projects/EGD/airflow-trabalho-final/venv/lib/python3.9/site-packages/airflow/example_dags/tutorial_taskflow_api_etl.py
[2023-12-13 21:31:04,589] {logging_mixin.py:115} INFO - [2023-12-13 21:31:04,589] {dag.py:2379} INFO - Sync 1 DAGs
[2023-12-13 21:31:04,610] {logging_mixin.py:115} INFO - [2023-12-13 21:31:04,610] {dag.py:2927} INFO - Setting next_dagrun for tutorial_taskflow_api_etl to None, run_after=None
[2023-12-13 21:31:04,641] {processor.py:161} INFO - Processing /home/julioubuntu/Projects/EGD/airflow-trabalho-final/venv/lib/python3.9/site-packages/airflow/example_dags/tutorial_taskflow_api_etl.py took 0.156 seconds
[2023-12-13 21:31:40,698] {processor.py:153} INFO - Started process (PID=198646) to work on /home/julioubuntu/Projects/EGD/airflow-trabalho-final/venv/lib/python3.9/site-packages/airflow/example_dags/tutorial_taskflow_api_etl.py
[2023-12-13 21:31:40,700] {processor.py:641} INFO - Processing file /home/julioubuntu/Projects/EGD/airflow-trabalho-final/venv/lib/python3.9/site-packages/airflow/example_dags/tutorial_taskflow_api_etl.py for tasks to queue
[2023-12-13 21:31:40,701] {logging_mixin.py:115} INFO - [2023-12-13 21:31:40,700] {dagbag.py:507} INFO - Filling up the DagBag from /home/julioubuntu/Projects/EGD/airflow-trabalho-final/venv/lib/python3.9/site-packages/airflow/example_dags/tutorial_taskflow_api_etl.py
[2023-12-13 21:31:40,731] {processor.py:651} INFO - DAG(s) dict_keys(['tutorial_taskflow_api_etl']) retrieved from /home/julioubuntu/Projects/EGD/airflow-trabalho-final/venv/lib/python3.9/site-packages/airflow/example_dags/tutorial_taskflow_api_etl.py
[2023-12-13 21:31:40,757] {logging_mixin.py:115} INFO - [2023-12-13 21:31:40,757] {dag.py:2379} INFO - Sync 1 DAGs
[2023-12-13 21:31:40,792] {logging_mixin.py:115} INFO - [2023-12-13 21:31:40,792] {dag.py:2927} INFO - Setting next_dagrun for tutorial_taskflow_api_etl to None, run_after=None
[2023-12-13 21:31:40,821] {processor.py:161} INFO - Processing /home/julioubuntu/Projects/EGD/airflow-trabalho-final/venv/lib/python3.9/site-packages/airflow/example_dags/tutorial_taskflow_api_etl.py took 0.126 seconds
[2023-12-13 21:32:18,443] {processor.py:153} INFO - Started process (PID=198786) to work on /home/julioubuntu/Projects/EGD/airflow-trabalho-final/venv/lib/python3.9/site-packages/airflow/example_dags/tutorial_taskflow_api_etl.py
[2023-12-13 21:32:18,445] {processor.py:641} INFO - Processing file /home/julioubuntu/Projects/EGD/airflow-trabalho-final/venv/lib/python3.9/site-packages/airflow/example_dags/tutorial_taskflow_api_etl.py for tasks to queue
[2023-12-13 21:32:18,445] {logging_mixin.py:115} INFO - [2023-12-13 21:32:18,445] {dagbag.py:507} INFO - Filling up the DagBag from /home/julioubuntu/Projects/EGD/airflow-trabalho-final/venv/lib/python3.9/site-packages/airflow/example_dags/tutorial_taskflow_api_etl.py
[2023-12-13 21:32:18,484] {processor.py:651} INFO - DAG(s) dict_keys(['tutorial_taskflow_api_etl']) retrieved from /home/julioubuntu/Projects/EGD/airflow-trabalho-final/venv/lib/python3.9/site-packages/airflow/example_dags/tutorial_taskflow_api_etl.py
[2023-12-13 21:32:18,508] {logging_mixin.py:115} INFO - [2023-12-13 21:32:18,508] {dag.py:2379} INFO - Sync 1 DAGs
[2023-12-13 21:32:18,541] {logging_mixin.py:115} INFO - [2023-12-13 21:32:18,541] {dag.py:2927} INFO - Setting next_dagrun for tutorial_taskflow_api_etl to None, run_after=None
[2023-12-13 21:32:18,578] {processor.py:161} INFO - Processing /home/julioubuntu/Projects/EGD/airflow-trabalho-final/venv/lib/python3.9/site-packages/airflow/example_dags/tutorial_taskflow_api_etl.py took 0.139 seconds
[2023-12-13 21:33:04,057] {processor.py:153} INFO - Started process (PID=206948) to work on /home/julioubuntu/Projects/EGD/airflow-trabalho-final/venv/lib/python3.9/site-packages/airflow/example_dags/tutorial_taskflow_api_etl.py
[2023-12-13 21:33:04,058] {processor.py:641} INFO - Processing file /home/julioubuntu/Projects/EGD/airflow-trabalho-final/venv/lib/python3.9/site-packages/airflow/example_dags/tutorial_taskflow_api_etl.py for tasks to queue
[2023-12-13 21:33:04,060] {logging_mixin.py:115} INFO - [2023-12-13 21:33:04,059] {dagbag.py:507} INFO - Filling up the DagBag from /home/julioubuntu/Projects/EGD/airflow-trabalho-final/venv/lib/python3.9/site-packages/airflow/example_dags/tutorial_taskflow_api_etl.py
[2023-12-13 21:33:04,151] {processor.py:651} INFO - DAG(s) dict_keys(['tutorial_taskflow_api_etl']) retrieved from /home/julioubuntu/Projects/EGD/airflow-trabalho-final/venv/lib/python3.9/site-packages/airflow/example_dags/tutorial_taskflow_api_etl.py
[2023-12-13 21:33:04,219] {logging_mixin.py:115} INFO - [2023-12-13 21:33:04,219] {dag.py:2379} INFO - Sync 1 DAGs
[2023-12-13 21:33:04,299] {logging_mixin.py:115} INFO - [2023-12-13 21:33:04,298] {dag.py:2927} INFO - Setting next_dagrun for tutorial_taskflow_api_etl to None, run_after=None
[2023-12-13 21:33:04,406] {processor.py:161} INFO - Processing /home/julioubuntu/Projects/EGD/airflow-trabalho-final/venv/lib/python3.9/site-packages/airflow/example_dags/tutorial_taskflow_api_etl.py took 0.358 seconds
[2023-12-13 21:33:48,685] {processor.py:153} INFO - Started process (PID=211102) to work on /home/julioubuntu/Projects/EGD/airflow-trabalho-final/venv/lib/python3.9/site-packages/airflow/example_dags/tutorial_taskflow_api_etl.py
[2023-12-13 21:33:48,686] {processor.py:641} INFO - Processing file /home/julioubuntu/Projects/EGD/airflow-trabalho-final/venv/lib/python3.9/site-packages/airflow/example_dags/tutorial_taskflow_api_etl.py for tasks to queue
[2023-12-13 21:33:48,687] {logging_mixin.py:115} INFO - [2023-12-13 21:33:48,687] {dagbag.py:507} INFO - Filling up the DagBag from /home/julioubuntu/Projects/EGD/airflow-trabalho-final/venv/lib/python3.9/site-packages/airflow/example_dags/tutorial_taskflow_api_etl.py
[2023-12-13 21:33:48,728] {processor.py:651} INFO - DAG(s) dict_keys(['tutorial_taskflow_api_etl']) retrieved from /home/julioubuntu/Projects/EGD/airflow-trabalho-final/venv/lib/python3.9/site-packages/airflow/example_dags/tutorial_taskflow_api_etl.py
[2023-12-13 21:33:48,761] {logging_mixin.py:115} INFO - [2023-12-13 21:33:48,761] {dag.py:2379} INFO - Sync 1 DAGs
[2023-12-13 21:33:48,797] {logging_mixin.py:115} INFO - [2023-12-13 21:33:48,797] {dag.py:2927} INFO - Setting next_dagrun for tutorial_taskflow_api_etl to None, run_after=None
[2023-12-13 21:33:48,828] {processor.py:161} INFO - Processing /home/julioubuntu/Projects/EGD/airflow-trabalho-final/venv/lib/python3.9/site-packages/airflow/example_dags/tutorial_taskflow_api_etl.py took 0.147 seconds
[2023-12-13 21:34:26,218] {processor.py:153} INFO - Started process (PID=211265) to work on /home/julioubuntu/Projects/EGD/airflow-trabalho-final/venv/lib/python3.9/site-packages/airflow/example_dags/tutorial_taskflow_api_etl.py
[2023-12-13 21:34:26,219] {processor.py:641} INFO - Processing file /home/julioubuntu/Projects/EGD/airflow-trabalho-final/venv/lib/python3.9/site-packages/airflow/example_dags/tutorial_taskflow_api_etl.py for tasks to queue
[2023-12-13 21:34:26,220] {logging_mixin.py:115} INFO - [2023-12-13 21:34:26,220] {dagbag.py:507} INFO - Filling up the DagBag from /home/julioubuntu/Projects/EGD/airflow-trabalho-final/venv/lib/python3.9/site-packages/airflow/example_dags/tutorial_taskflow_api_etl.py
[2023-12-13 21:34:26,234] {processor.py:651} INFO - DAG(s) dict_keys(['tutorial_taskflow_api_etl']) retrieved from /home/julioubuntu/Projects/EGD/airflow-trabalho-final/venv/lib/python3.9/site-packages/airflow/example_dags/tutorial_taskflow_api_etl.py
[2023-12-13 21:34:26,246] {logging_mixin.py:115} INFO - [2023-12-13 21:34:26,246] {dag.py:2379} INFO - Sync 1 DAGs
[2023-12-13 21:34:26,260] {logging_mixin.py:115} INFO - [2023-12-13 21:34:26,259] {dag.py:2927} INFO - Setting next_dagrun for tutorial_taskflow_api_etl to None, run_after=None
[2023-12-13 21:34:26,276] {processor.py:161} INFO - Processing /home/julioubuntu/Projects/EGD/airflow-trabalho-final/venv/lib/python3.9/site-packages/airflow/example_dags/tutorial_taskflow_api_etl.py took 0.060 seconds
[2023-12-13 21:34:58,592] {processor.py:153} INFO - Started process (PID=211301) to work on /home/julioubuntu/Projects/EGD/airflow-trabalho-final/venv/lib/python3.9/site-packages/airflow/example_dags/tutorial_taskflow_api_etl.py
[2023-12-13 21:34:58,593] {processor.py:641} INFO - Processing file /home/julioubuntu/Projects/EGD/airflow-trabalho-final/venv/lib/python3.9/site-packages/airflow/example_dags/tutorial_taskflow_api_etl.py for tasks to queue
[2023-12-13 21:34:58,593] {logging_mixin.py:115} INFO - [2023-12-13 21:34:58,593] {dagbag.py:507} INFO - Filling up the DagBag from /home/julioubuntu/Projects/EGD/airflow-trabalho-final/venv/lib/python3.9/site-packages/airflow/example_dags/tutorial_taskflow_api_etl.py
[2023-12-13 21:34:58,614] {processor.py:651} INFO - DAG(s) dict_keys(['tutorial_taskflow_api_etl']) retrieved from /home/julioubuntu/Projects/EGD/airflow-trabalho-final/venv/lib/python3.9/site-packages/airflow/example_dags/tutorial_taskflow_api_etl.py
[2023-12-13 21:34:58,632] {logging_mixin.py:115} INFO - [2023-12-13 21:34:58,632] {dag.py:2379} INFO - Sync 1 DAGs
[2023-12-13 21:34:58,651] {logging_mixin.py:115} INFO - [2023-12-13 21:34:58,651] {dag.py:2927} INFO - Setting next_dagrun for tutorial_taskflow_api_etl to None, run_after=None
[2023-12-13 21:34:58,668] {processor.py:161} INFO - Processing /home/julioubuntu/Projects/EGD/airflow-trabalho-final/venv/lib/python3.9/site-packages/airflow/example_dags/tutorial_taskflow_api_etl.py took 0.080 seconds
[2023-12-13 21:35:38,992] {processor.py:153} INFO - Started process (PID=211354) to work on /home/julioubuntu/Projects/EGD/airflow-trabalho-final/venv/lib/python3.9/site-packages/airflow/example_dags/tutorial_taskflow_api_etl.py
[2023-12-13 21:35:38,994] {processor.py:641} INFO - Processing file /home/julioubuntu/Projects/EGD/airflow-trabalho-final/venv/lib/python3.9/site-packages/airflow/example_dags/tutorial_taskflow_api_etl.py for tasks to queue
[2023-12-13 21:35:38,994] {logging_mixin.py:115} INFO - [2023-12-13 21:35:38,994] {dagbag.py:507} INFO - Filling up the DagBag from /home/julioubuntu/Projects/EGD/airflow-trabalho-final/venv/lib/python3.9/site-packages/airflow/example_dags/tutorial_taskflow_api_etl.py
[2023-12-13 21:35:39,010] {processor.py:651} INFO - DAG(s) dict_keys(['tutorial_taskflow_api_etl']) retrieved from /home/julioubuntu/Projects/EGD/airflow-trabalho-final/venv/lib/python3.9/site-packages/airflow/example_dags/tutorial_taskflow_api_etl.py
[2023-12-13 21:35:39,043] {logging_mixin.py:115} INFO - [2023-12-13 21:35:39,043] {dag.py:2379} INFO - Sync 1 DAGs
[2023-12-13 21:35:39,055] {logging_mixin.py:115} INFO - [2023-12-13 21:35:39,055] {dag.py:2927} INFO - Setting next_dagrun for tutorial_taskflow_api_etl to None, run_after=None
[2023-12-13 21:35:39,072] {processor.py:161} INFO - Processing /home/julioubuntu/Projects/EGD/airflow-trabalho-final/venv/lib/python3.9/site-packages/airflow/example_dags/tutorial_taskflow_api_etl.py took 0.082 seconds
[2023-12-13 21:36:21,963] {processor.py:153} INFO - Started process (PID=211998) to work on /home/julioubuntu/Projects/EGD/airflow-trabalho-final/venv/lib/python3.9/site-packages/airflow/example_dags/tutorial_taskflow_api_etl.py
[2023-12-13 21:36:21,965] {processor.py:641} INFO - Processing file /home/julioubuntu/Projects/EGD/airflow-trabalho-final/venv/lib/python3.9/site-packages/airflow/example_dags/tutorial_taskflow_api_etl.py for tasks to queue
[2023-12-13 21:36:21,965] {logging_mixin.py:115} INFO - [2023-12-13 21:36:21,965] {dagbag.py:507} INFO - Filling up the DagBag from /home/julioubuntu/Projects/EGD/airflow-trabalho-final/venv/lib/python3.9/site-packages/airflow/example_dags/tutorial_taskflow_api_etl.py
[2023-12-13 21:36:21,980] {processor.py:651} INFO - DAG(s) dict_keys(['tutorial_taskflow_api_etl']) retrieved from /home/julioubuntu/Projects/EGD/airflow-trabalho-final/venv/lib/python3.9/site-packages/airflow/example_dags/tutorial_taskflow_api_etl.py
[2023-12-13 21:36:22,017] {logging_mixin.py:115} INFO - [2023-12-13 21:36:22,017] {dag.py:2379} INFO - Sync 1 DAGs
[2023-12-13 21:36:22,029] {logging_mixin.py:115} INFO - [2023-12-13 21:36:22,029] {dag.py:2927} INFO - Setting next_dagrun for tutorial_taskflow_api_etl to None, run_after=None
[2023-12-13 21:36:23,161] {processor.py:161} INFO - Processing /home/julioubuntu/Projects/EGD/airflow-trabalho-final/venv/lib/python3.9/site-packages/airflow/example_dags/tutorial_taskflow_api_etl.py took 1.201 seconds
[2023-12-13 21:36:54,367] {processor.py:153} INFO - Started process (PID=212280) to work on /home/julioubuntu/Projects/EGD/airflow-trabalho-final/venv/lib/python3.9/site-packages/airflow/example_dags/tutorial_taskflow_api_etl.py
[2023-12-13 21:36:54,368] {processor.py:641} INFO - Processing file /home/julioubuntu/Projects/EGD/airflow-trabalho-final/venv/lib/python3.9/site-packages/airflow/example_dags/tutorial_taskflow_api_etl.py for tasks to queue
[2023-12-13 21:36:54,368] {logging_mixin.py:115} INFO - [2023-12-13 21:36:54,368] {dagbag.py:507} INFO - Filling up the DagBag from /home/julioubuntu/Projects/EGD/airflow-trabalho-final/venv/lib/python3.9/site-packages/airflow/example_dags/tutorial_taskflow_api_etl.py
[2023-12-13 21:36:54,388] {processor.py:651} INFO - DAG(s) dict_keys(['tutorial_taskflow_api_etl']) retrieved from /home/julioubuntu/Projects/EGD/airflow-trabalho-final/venv/lib/python3.9/site-packages/airflow/example_dags/tutorial_taskflow_api_etl.py
[2023-12-13 21:36:54,428] {logging_mixin.py:115} INFO - [2023-12-13 21:36:54,428] {dag.py:2379} INFO - Sync 1 DAGs
[2023-12-13 21:36:54,444] {logging_mixin.py:115} INFO - [2023-12-13 21:36:54,444] {dag.py:2927} INFO - Setting next_dagrun for tutorial_taskflow_api_etl to None, run_after=None
[2023-12-13 21:36:54,466] {processor.py:161} INFO - Processing /home/julioubuntu/Projects/EGD/airflow-trabalho-final/venv/lib/python3.9/site-packages/airflow/example_dags/tutorial_taskflow_api_etl.py took 0.102 seconds
[2023-12-13 21:37:41,054] {processor.py:153} INFO - Started process (PID=212387) to work on /home/julioubuntu/Projects/EGD/airflow-trabalho-final/venv/lib/python3.9/site-packages/airflow/example_dags/tutorial_taskflow_api_etl.py
[2023-12-13 21:37:41,056] {processor.py:641} INFO - Processing file /home/julioubuntu/Projects/EGD/airflow-trabalho-final/venv/lib/python3.9/site-packages/airflow/example_dags/tutorial_taskflow_api_etl.py for tasks to queue
[2023-12-13 21:37:41,056] {logging_mixin.py:115} INFO - [2023-12-13 21:37:41,056] {dagbag.py:507} INFO - Filling up the DagBag from /home/julioubuntu/Projects/EGD/airflow-trabalho-final/venv/lib/python3.9/site-packages/airflow/example_dags/tutorial_taskflow_api_etl.py
[2023-12-13 21:37:41,071] {processor.py:651} INFO - DAG(s) dict_keys(['tutorial_taskflow_api_etl']) retrieved from /home/julioubuntu/Projects/EGD/airflow-trabalho-final/venv/lib/python3.9/site-packages/airflow/example_dags/tutorial_taskflow_api_etl.py
[2023-12-13 21:37:41,106] {logging_mixin.py:115} INFO - [2023-12-13 21:37:41,106] {dag.py:2379} INFO - Sync 1 DAGs
[2023-12-13 21:37:41,118] {logging_mixin.py:115} INFO - [2023-12-13 21:37:41,118] {dag.py:2927} INFO - Setting next_dagrun for tutorial_taskflow_api_etl to None, run_after=None
[2023-12-13 21:37:41,137] {processor.py:161} INFO - Processing /home/julioubuntu/Projects/EGD/airflow-trabalho-final/venv/lib/python3.9/site-packages/airflow/example_dags/tutorial_taskflow_api_etl.py took 0.085 seconds
[2023-12-13 21:38:50,650] {processor.py:153} INFO - Started process (PID=213357) to work on /home/julioubuntu/Projects/EGD/airflow-trabalho-final/venv/lib/python3.9/site-packages/airflow/example_dags/tutorial_taskflow_api_etl.py
[2023-12-13 21:38:50,651] {processor.py:641} INFO - Processing file /home/julioubuntu/Projects/EGD/airflow-trabalho-final/venv/lib/python3.9/site-packages/airflow/example_dags/tutorial_taskflow_api_etl.py for tasks to queue
[2023-12-13 21:38:50,652] {logging_mixin.py:115} INFO - [2023-12-13 21:38:50,652] {dagbag.py:507} INFO - Filling up the DagBag from /home/julioubuntu/Projects/EGD/airflow-trabalho-final/venv/lib/python3.9/site-packages/airflow/example_dags/tutorial_taskflow_api_etl.py
[2023-12-13 21:38:50,669] {processor.py:651} INFO - DAG(s) dict_keys(['tutorial_taskflow_api_etl']) retrieved from /home/julioubuntu/Projects/EGD/airflow-trabalho-final/venv/lib/python3.9/site-packages/airflow/example_dags/tutorial_taskflow_api_etl.py
[2023-12-13 21:38:50,681] {logging_mixin.py:115} INFO - [2023-12-13 21:38:50,681] {dag.py:2379} INFO - Sync 1 DAGs
[2023-12-13 21:38:50,696] {logging_mixin.py:115} INFO - [2023-12-13 21:38:50,695] {dag.py:2927} INFO - Setting next_dagrun for tutorial_taskflow_api_etl to None, run_after=None
[2023-12-13 21:38:50,714] {processor.py:161} INFO - Processing /home/julioubuntu/Projects/EGD/airflow-trabalho-final/venv/lib/python3.9/site-packages/airflow/example_dags/tutorial_taskflow_api_etl.py took 0.067 seconds
[2023-12-13 21:39:27,113] {processor.py:153} INFO - Started process (PID=213400) to work on /home/julioubuntu/Projects/EGD/airflow-trabalho-final/venv/lib/python3.9/site-packages/airflow/example_dags/tutorial_taskflow_api_etl.py
[2023-12-13 21:39:27,114] {processor.py:641} INFO - Processing file /home/julioubuntu/Projects/EGD/airflow-trabalho-final/venv/lib/python3.9/site-packages/airflow/example_dags/tutorial_taskflow_api_etl.py for tasks to queue
[2023-12-13 21:39:27,115] {logging_mixin.py:115} INFO - [2023-12-13 21:39:27,115] {dagbag.py:507} INFO - Filling up the DagBag from /home/julioubuntu/Projects/EGD/airflow-trabalho-final/venv/lib/python3.9/site-packages/airflow/example_dags/tutorial_taskflow_api_etl.py
[2023-12-13 21:39:27,132] {processor.py:651} INFO - DAG(s) dict_keys(['tutorial_taskflow_api_etl']) retrieved from /home/julioubuntu/Projects/EGD/airflow-trabalho-final/venv/lib/python3.9/site-packages/airflow/example_dags/tutorial_taskflow_api_etl.py
[2023-12-13 21:39:27,146] {logging_mixin.py:115} INFO - [2023-12-13 21:39:27,146] {dag.py:2379} INFO - Sync 1 DAGs
[2023-12-13 21:39:27,161] {logging_mixin.py:115} INFO - [2023-12-13 21:39:27,161] {dag.py:2927} INFO - Setting next_dagrun for tutorial_taskflow_api_etl to None, run_after=None
[2023-12-13 21:39:27,178] {processor.py:161} INFO - Processing /home/julioubuntu/Projects/EGD/airflow-trabalho-final/venv/lib/python3.9/site-packages/airflow/example_dags/tutorial_taskflow_api_etl.py took 0.068 seconds
[2023-12-13 21:40:02,713] {processor.py:153} INFO - Started process (PID=213445) to work on /home/julioubuntu/Projects/EGD/airflow-trabalho-final/venv/lib/python3.9/site-packages/airflow/example_dags/tutorial_taskflow_api_etl.py
[2023-12-13 21:40:02,714] {processor.py:641} INFO - Processing file /home/julioubuntu/Projects/EGD/airflow-trabalho-final/venv/lib/python3.9/site-packages/airflow/example_dags/tutorial_taskflow_api_etl.py for tasks to queue
[2023-12-13 21:40:02,715] {logging_mixin.py:115} INFO - [2023-12-13 21:40:02,715] {dagbag.py:507} INFO - Filling up the DagBag from /home/julioubuntu/Projects/EGD/airflow-trabalho-final/venv/lib/python3.9/site-packages/airflow/example_dags/tutorial_taskflow_api_etl.py
[2023-12-13 21:40:02,730] {processor.py:651} INFO - DAG(s) dict_keys(['tutorial_taskflow_api_etl']) retrieved from /home/julioubuntu/Projects/EGD/airflow-trabalho-final/venv/lib/python3.9/site-packages/airflow/example_dags/tutorial_taskflow_api_etl.py
[2023-12-13 21:40:02,742] {logging_mixin.py:115} INFO - [2023-12-13 21:40:02,742] {dag.py:2379} INFO - Sync 1 DAGs
[2023-12-13 21:40:02,754] {logging_mixin.py:115} INFO - [2023-12-13 21:40:02,754] {dag.py:2927} INFO - Setting next_dagrun for tutorial_taskflow_api_etl to None, run_after=None
[2023-12-13 21:40:02,773] {processor.py:161} INFO - Processing /home/julioubuntu/Projects/EGD/airflow-trabalho-final/venv/lib/python3.9/site-packages/airflow/example_dags/tutorial_taskflow_api_etl.py took 0.062 seconds
[2023-12-13 21:40:34,133] {processor.py:153} INFO - Started process (PID=213485) to work on /home/julioubuntu/Projects/EGD/airflow-trabalho-final/venv/lib/python3.9/site-packages/airflow/example_dags/tutorial_taskflow_api_etl.py
[2023-12-13 21:40:34,133] {processor.py:641} INFO - Processing file /home/julioubuntu/Projects/EGD/airflow-trabalho-final/venv/lib/python3.9/site-packages/airflow/example_dags/tutorial_taskflow_api_etl.py for tasks to queue
[2023-12-13 21:40:34,134] {logging_mixin.py:115} INFO - [2023-12-13 21:40:34,134] {dagbag.py:507} INFO - Filling up the DagBag from /home/julioubuntu/Projects/EGD/airflow-trabalho-final/venv/lib/python3.9/site-packages/airflow/example_dags/tutorial_taskflow_api_etl.py
[2023-12-13 21:40:34,150] {processor.py:651} INFO - DAG(s) dict_keys(['tutorial_taskflow_api_etl']) retrieved from /home/julioubuntu/Projects/EGD/airflow-trabalho-final/venv/lib/python3.9/site-packages/airflow/example_dags/tutorial_taskflow_api_etl.py
[2023-12-13 21:40:34,187] {logging_mixin.py:115} INFO - [2023-12-13 21:40:34,187] {dag.py:2379} INFO - Sync 1 DAGs
[2023-12-13 21:40:34,200] {logging_mixin.py:115} INFO - [2023-12-13 21:40:34,200] {dag.py:2927} INFO - Setting next_dagrun for tutorial_taskflow_api_etl to None, run_after=None
[2023-12-13 21:40:34,217] {processor.py:161} INFO - Processing /home/julioubuntu/Projects/EGD/airflow-trabalho-final/venv/lib/python3.9/site-packages/airflow/example_dags/tutorial_taskflow_api_etl.py took 0.086 seconds
[2023-12-13 21:41:09,351] {processor.py:153} INFO - Started process (PID=213527) to work on /home/julioubuntu/Projects/EGD/airflow-trabalho-final/venv/lib/python3.9/site-packages/airflow/example_dags/tutorial_taskflow_api_etl.py
[2023-12-13 21:41:09,352] {processor.py:641} INFO - Processing file /home/julioubuntu/Projects/EGD/airflow-trabalho-final/venv/lib/python3.9/site-packages/airflow/example_dags/tutorial_taskflow_api_etl.py for tasks to queue
[2023-12-13 21:41:09,352] {logging_mixin.py:115} INFO - [2023-12-13 21:41:09,352] {dagbag.py:507} INFO - Filling up the DagBag from /home/julioubuntu/Projects/EGD/airflow-trabalho-final/venv/lib/python3.9/site-packages/airflow/example_dags/tutorial_taskflow_api_etl.py
[2023-12-13 21:41:09,370] {processor.py:651} INFO - DAG(s) dict_keys(['tutorial_taskflow_api_etl']) retrieved from /home/julioubuntu/Projects/EGD/airflow-trabalho-final/venv/lib/python3.9/site-packages/airflow/example_dags/tutorial_taskflow_api_etl.py
[2023-12-13 21:41:09,408] {logging_mixin.py:115} INFO - [2023-12-13 21:41:09,408] {dag.py:2379} INFO - Sync 1 DAGs
[2023-12-13 21:41:09,423] {logging_mixin.py:115} INFO - [2023-12-13 21:41:09,423] {dag.py:2927} INFO - Setting next_dagrun for tutorial_taskflow_api_etl to None, run_after=None
[2023-12-13 21:41:09,439] {processor.py:161} INFO - Processing /home/julioubuntu/Projects/EGD/airflow-trabalho-final/venv/lib/python3.9/site-packages/airflow/example_dags/tutorial_taskflow_api_etl.py took 0.091 seconds
[2023-12-13 21:41:44,064] {processor.py:153} INFO - Started process (PID=213570) to work on /home/julioubuntu/Projects/EGD/airflow-trabalho-final/venv/lib/python3.9/site-packages/airflow/example_dags/tutorial_taskflow_api_etl.py
[2023-12-13 21:41:44,076] {processor.py:641} INFO - Processing file /home/julioubuntu/Projects/EGD/airflow-trabalho-final/venv/lib/python3.9/site-packages/airflow/example_dags/tutorial_taskflow_api_etl.py for tasks to queue
[2023-12-13 21:41:44,076] {logging_mixin.py:115} INFO - [2023-12-13 21:41:44,076] {dagbag.py:507} INFO - Filling up the DagBag from /home/julioubuntu/Projects/EGD/airflow-trabalho-final/venv/lib/python3.9/site-packages/airflow/example_dags/tutorial_taskflow_api_etl.py
[2023-12-13 21:41:44,091] {processor.py:651} INFO - DAG(s) dict_keys(['tutorial_taskflow_api_etl']) retrieved from /home/julioubuntu/Projects/EGD/airflow-trabalho-final/venv/lib/python3.9/site-packages/airflow/example_dags/tutorial_taskflow_api_etl.py
[2023-12-13 21:41:44,103] {logging_mixin.py:115} INFO - [2023-12-13 21:41:44,103] {dag.py:2379} INFO - Sync 1 DAGs
[2023-12-13 21:41:44,117] {logging_mixin.py:115} INFO - [2023-12-13 21:41:44,117] {dag.py:2927} INFO - Setting next_dagrun for tutorial_taskflow_api_etl to None, run_after=None
[2023-12-13 21:41:44,132] {processor.py:161} INFO - Processing /home/julioubuntu/Projects/EGD/airflow-trabalho-final/venv/lib/python3.9/site-packages/airflow/example_dags/tutorial_taskflow_api_etl.py took 0.071 seconds
[2023-12-13 21:42:20,670] {processor.py:153} INFO - Started process (PID=213614) to work on /home/julioubuntu/Projects/EGD/airflow-trabalho-final/venv/lib/python3.9/site-packages/airflow/example_dags/tutorial_taskflow_api_etl.py
[2023-12-13 21:42:20,674] {processor.py:641} INFO - Processing file /home/julioubuntu/Projects/EGD/airflow-trabalho-final/venv/lib/python3.9/site-packages/airflow/example_dags/tutorial_taskflow_api_etl.py for tasks to queue
[2023-12-13 21:42:20,674] {logging_mixin.py:115} INFO - [2023-12-13 21:42:20,674] {dagbag.py:507} INFO - Filling up the DagBag from /home/julioubuntu/Projects/EGD/airflow-trabalho-final/venv/lib/python3.9/site-packages/airflow/example_dags/tutorial_taskflow_api_etl.py
[2023-12-13 21:42:20,690] {processor.py:651} INFO - DAG(s) dict_keys(['tutorial_taskflow_api_etl']) retrieved from /home/julioubuntu/Projects/EGD/airflow-trabalho-final/venv/lib/python3.9/site-packages/airflow/example_dags/tutorial_taskflow_api_etl.py
[2023-12-13 21:42:20,702] {logging_mixin.py:115} INFO - [2023-12-13 21:42:20,702] {dag.py:2379} INFO - Sync 1 DAGs
[2023-12-13 21:42:20,716] {logging_mixin.py:115} INFO - [2023-12-13 21:42:20,716] {dag.py:2927} INFO - Setting next_dagrun for tutorial_taskflow_api_etl to None, run_after=None
[2023-12-13 21:42:20,733] {processor.py:161} INFO - Processing /home/julioubuntu/Projects/EGD/airflow-trabalho-final/venv/lib/python3.9/site-packages/airflow/example_dags/tutorial_taskflow_api_etl.py took 0.066 seconds
[2023-12-13 21:42:53,838] {processor.py:153} INFO - Started process (PID=213658) to work on /home/julioubuntu/Projects/EGD/airflow-trabalho-final/venv/lib/python3.9/site-packages/airflow/example_dags/tutorial_taskflow_api_etl.py
[2023-12-13 21:42:53,842] {processor.py:641} INFO - Processing file /home/julioubuntu/Projects/EGD/airflow-trabalho-final/venv/lib/python3.9/site-packages/airflow/example_dags/tutorial_taskflow_api_etl.py for tasks to queue
[2023-12-13 21:42:53,843] {logging_mixin.py:115} INFO - [2023-12-13 21:42:53,843] {dagbag.py:507} INFO - Filling up the DagBag from /home/julioubuntu/Projects/EGD/airflow-trabalho-final/venv/lib/python3.9/site-packages/airflow/example_dags/tutorial_taskflow_api_etl.py
[2023-12-13 21:42:53,857] {processor.py:651} INFO - DAG(s) dict_keys(['tutorial_taskflow_api_etl']) retrieved from /home/julioubuntu/Projects/EGD/airflow-trabalho-final/venv/lib/python3.9/site-packages/airflow/example_dags/tutorial_taskflow_api_etl.py
[2023-12-13 21:42:53,871] {logging_mixin.py:115} INFO - [2023-12-13 21:42:53,871] {dag.py:2379} INFO - Sync 1 DAGs
[2023-12-13 21:42:53,884] {logging_mixin.py:115} INFO - [2023-12-13 21:42:53,884] {dag.py:2927} INFO - Setting next_dagrun for tutorial_taskflow_api_etl to None, run_after=None
[2023-12-13 21:42:53,903] {processor.py:161} INFO - Processing /home/julioubuntu/Projects/EGD/airflow-trabalho-final/venv/lib/python3.9/site-packages/airflow/example_dags/tutorial_taskflow_api_etl.py took 0.067 seconds
[2023-12-13 21:43:28,673] {processor.py:153} INFO - Started process (PID=213700) to work on /home/julioubuntu/Projects/EGD/airflow-trabalho-final/venv/lib/python3.9/site-packages/airflow/example_dags/tutorial_taskflow_api_etl.py
[2023-12-13 21:43:28,674] {processor.py:641} INFO - Processing file /home/julioubuntu/Projects/EGD/airflow-trabalho-final/venv/lib/python3.9/site-packages/airflow/example_dags/tutorial_taskflow_api_etl.py for tasks to queue
[2023-12-13 21:43:28,675] {logging_mixin.py:115} INFO - [2023-12-13 21:43:28,675] {dagbag.py:507} INFO - Filling up the DagBag from /home/julioubuntu/Projects/EGD/airflow-trabalho-final/venv/lib/python3.9/site-packages/airflow/example_dags/tutorial_taskflow_api_etl.py
[2023-12-13 21:43:28,691] {processor.py:651} INFO - DAG(s) dict_keys(['tutorial_taskflow_api_etl']) retrieved from /home/julioubuntu/Projects/EGD/airflow-trabalho-final/venv/lib/python3.9/site-packages/airflow/example_dags/tutorial_taskflow_api_etl.py
[2023-12-13 21:43:28,706] {logging_mixin.py:115} INFO - [2023-12-13 21:43:28,706] {dag.py:2379} INFO - Sync 1 DAGs
[2023-12-13 21:43:28,724] {logging_mixin.py:115} INFO - [2023-12-13 21:43:28,724] {dag.py:2927} INFO - Setting next_dagrun for tutorial_taskflow_api_etl to None, run_after=None
[2023-12-13 21:43:28,742] {processor.py:161} INFO - Processing /home/julioubuntu/Projects/EGD/airflow-trabalho-final/venv/lib/python3.9/site-packages/airflow/example_dags/tutorial_taskflow_api_etl.py took 0.071 seconds
[2023-12-13 21:44:01,938] {processor.py:153} INFO - Started process (PID=213739) to work on /home/julioubuntu/Projects/EGD/airflow-trabalho-final/venv/lib/python3.9/site-packages/airflow/example_dags/tutorial_taskflow_api_etl.py
[2023-12-13 21:44:01,938] {processor.py:641} INFO - Processing file /home/julioubuntu/Projects/EGD/airflow-trabalho-final/venv/lib/python3.9/site-packages/airflow/example_dags/tutorial_taskflow_api_etl.py for tasks to queue
[2023-12-13 21:44:01,939] {logging_mixin.py:115} INFO - [2023-12-13 21:44:01,939] {dagbag.py:507} INFO - Filling up the DagBag from /home/julioubuntu/Projects/EGD/airflow-trabalho-final/venv/lib/python3.9/site-packages/airflow/example_dags/tutorial_taskflow_api_etl.py
[2023-12-13 21:44:01,960] {processor.py:651} INFO - DAG(s) dict_keys(['tutorial_taskflow_api_etl']) retrieved from /home/julioubuntu/Projects/EGD/airflow-trabalho-final/venv/lib/python3.9/site-packages/airflow/example_dags/tutorial_taskflow_api_etl.py
[2023-12-13 21:44:01,977] {logging_mixin.py:115} INFO - [2023-12-13 21:44:01,977] {dag.py:2379} INFO - Sync 1 DAGs
[2023-12-13 21:44:01,995] {logging_mixin.py:115} INFO - [2023-12-13 21:44:01,995] {dag.py:2927} INFO - Setting next_dagrun for tutorial_taskflow_api_etl to None, run_after=None
[2023-12-13 21:44:02,015] {processor.py:161} INFO - Processing /home/julioubuntu/Projects/EGD/airflow-trabalho-final/venv/lib/python3.9/site-packages/airflow/example_dags/tutorial_taskflow_api_etl.py took 0.080 seconds
[2023-12-13 21:44:34,890] {processor.py:153} INFO - Started process (PID=213780) to work on /home/julioubuntu/Projects/EGD/airflow-trabalho-final/venv/lib/python3.9/site-packages/airflow/example_dags/tutorial_taskflow_api_etl.py
[2023-12-13 21:44:34,894] {processor.py:641} INFO - Processing file /home/julioubuntu/Projects/EGD/airflow-trabalho-final/venv/lib/python3.9/site-packages/airflow/example_dags/tutorial_taskflow_api_etl.py for tasks to queue
[2023-12-13 21:44:34,895] {logging_mixin.py:115} INFO - [2023-12-13 21:44:34,895] {dagbag.py:507} INFO - Filling up the DagBag from /home/julioubuntu/Projects/EGD/airflow-trabalho-final/venv/lib/python3.9/site-packages/airflow/example_dags/tutorial_taskflow_api_etl.py
[2023-12-13 21:44:34,911] {processor.py:651} INFO - DAG(s) dict_keys(['tutorial_taskflow_api_etl']) retrieved from /home/julioubuntu/Projects/EGD/airflow-trabalho-final/venv/lib/python3.9/site-packages/airflow/example_dags/tutorial_taskflow_api_etl.py
[2023-12-13 21:44:34,924] {logging_mixin.py:115} INFO - [2023-12-13 21:44:34,924] {dag.py:2379} INFO - Sync 1 DAGs
[2023-12-13 21:44:34,939] {logging_mixin.py:115} INFO - [2023-12-13 21:44:34,939] {dag.py:2927} INFO - Setting next_dagrun for tutorial_taskflow_api_etl to None, run_after=None
[2023-12-13 21:44:34,981] {processor.py:161} INFO - Processing /home/julioubuntu/Projects/EGD/airflow-trabalho-final/venv/lib/python3.9/site-packages/airflow/example_dags/tutorial_taskflow_api_etl.py took 0.093 seconds
[2023-12-13 21:45:11,928] {processor.py:153} INFO - Started process (PID=213835) to work on /home/julioubuntu/Projects/EGD/airflow-trabalho-final/venv/lib/python3.9/site-packages/airflow/example_dags/tutorial_taskflow_api_etl.py
[2023-12-13 21:45:11,929] {processor.py:641} INFO - Processing file /home/julioubuntu/Projects/EGD/airflow-trabalho-final/venv/lib/python3.9/site-packages/airflow/example_dags/tutorial_taskflow_api_etl.py for tasks to queue
[2023-12-13 21:45:11,930] {logging_mixin.py:115} INFO - [2023-12-13 21:45:11,930] {dagbag.py:507} INFO - Filling up the DagBag from /home/julioubuntu/Projects/EGD/airflow-trabalho-final/venv/lib/python3.9/site-packages/airflow/example_dags/tutorial_taskflow_api_etl.py
[2023-12-13 21:45:11,948] {processor.py:651} INFO - DAG(s) dict_keys(['tutorial_taskflow_api_etl']) retrieved from /home/julioubuntu/Projects/EGD/airflow-trabalho-final/venv/lib/python3.9/site-packages/airflow/example_dags/tutorial_taskflow_api_etl.py
[2023-12-13 21:45:11,963] {logging_mixin.py:115} INFO - [2023-12-13 21:45:11,963] {dag.py:2379} INFO - Sync 1 DAGs
[2023-12-13 21:45:11,978] {logging_mixin.py:115} INFO - [2023-12-13 21:45:11,978] {dag.py:2927} INFO - Setting next_dagrun for tutorial_taskflow_api_etl to None, run_after=None
[2023-12-13 21:45:12,000] {processor.py:161} INFO - Processing /home/julioubuntu/Projects/EGD/airflow-trabalho-final/venv/lib/python3.9/site-packages/airflow/example_dags/tutorial_taskflow_api_etl.py took 0.074 seconds
[2023-12-13 21:45:48,176] {processor.py:153} INFO - Started process (PID=213879) to work on /home/julioubuntu/Projects/EGD/airflow-trabalho-final/venv/lib/python3.9/site-packages/airflow/example_dags/tutorial_taskflow_api_etl.py
[2023-12-13 21:45:48,177] {processor.py:641} INFO - Processing file /home/julioubuntu/Projects/EGD/airflow-trabalho-final/venv/lib/python3.9/site-packages/airflow/example_dags/tutorial_taskflow_api_etl.py for tasks to queue
[2023-12-13 21:45:48,178] {logging_mixin.py:115} INFO - [2023-12-13 21:45:48,178] {dagbag.py:507} INFO - Filling up the DagBag from /home/julioubuntu/Projects/EGD/airflow-trabalho-final/venv/lib/python3.9/site-packages/airflow/example_dags/tutorial_taskflow_api_etl.py
[2023-12-13 21:45:48,198] {processor.py:651} INFO - DAG(s) dict_keys(['tutorial_taskflow_api_etl']) retrieved from /home/julioubuntu/Projects/EGD/airflow-trabalho-final/venv/lib/python3.9/site-packages/airflow/example_dags/tutorial_taskflow_api_etl.py
[2023-12-13 21:45:48,255] {logging_mixin.py:115} INFO - [2023-12-13 21:45:48,255] {dag.py:2379} INFO - Sync 1 DAGs
[2023-12-13 21:45:48,274] {logging_mixin.py:115} INFO - [2023-12-13 21:45:48,273] {dag.py:2927} INFO - Setting next_dagrun for tutorial_taskflow_api_etl to None, run_after=None
[2023-12-13 21:45:48,302] {processor.py:161} INFO - Processing /home/julioubuntu/Projects/EGD/airflow-trabalho-final/venv/lib/python3.9/site-packages/airflow/example_dags/tutorial_taskflow_api_etl.py took 0.128 seconds
[2023-12-13 21:46:22,845] {processor.py:153} INFO - Started process (PID=213920) to work on /home/julioubuntu/Projects/EGD/airflow-trabalho-final/venv/lib/python3.9/site-packages/airflow/example_dags/tutorial_taskflow_api_etl.py
[2023-12-13 21:46:22,846] {processor.py:641} INFO - Processing file /home/julioubuntu/Projects/EGD/airflow-trabalho-final/venv/lib/python3.9/site-packages/airflow/example_dags/tutorial_taskflow_api_etl.py for tasks to queue
[2023-12-13 21:46:22,847] {logging_mixin.py:115} INFO - [2023-12-13 21:46:22,846] {dagbag.py:507} INFO - Filling up the DagBag from /home/julioubuntu/Projects/EGD/airflow-trabalho-final/venv/lib/python3.9/site-packages/airflow/example_dags/tutorial_taskflow_api_etl.py
[2023-12-13 21:46:22,863] {processor.py:651} INFO - DAG(s) dict_keys(['tutorial_taskflow_api_etl']) retrieved from /home/julioubuntu/Projects/EGD/airflow-trabalho-final/venv/lib/python3.9/site-packages/airflow/example_dags/tutorial_taskflow_api_etl.py
[2023-12-13 21:46:22,876] {logging_mixin.py:115} INFO - [2023-12-13 21:46:22,876] {dag.py:2379} INFO - Sync 1 DAGs
[2023-12-13 21:46:22,891] {logging_mixin.py:115} INFO - [2023-12-13 21:46:22,891] {dag.py:2927} INFO - Setting next_dagrun for tutorial_taskflow_api_etl to None, run_after=None
[2023-12-13 21:46:22,908] {processor.py:161} INFO - Processing /home/julioubuntu/Projects/EGD/airflow-trabalho-final/venv/lib/python3.9/site-packages/airflow/example_dags/tutorial_taskflow_api_etl.py took 0.065 seconds
[2023-12-13 21:46:55,499] {processor.py:153} INFO - Started process (PID=213961) to work on /home/julioubuntu/Projects/EGD/airflow-trabalho-final/venv/lib/python3.9/site-packages/airflow/example_dags/tutorial_taskflow_api_etl.py
[2023-12-13 21:46:55,503] {processor.py:641} INFO - Processing file /home/julioubuntu/Projects/EGD/airflow-trabalho-final/venv/lib/python3.9/site-packages/airflow/example_dags/tutorial_taskflow_api_etl.py for tasks to queue
[2023-12-13 21:46:55,504] {logging_mixin.py:115} INFO - [2023-12-13 21:46:55,504] {dagbag.py:507} INFO - Filling up the DagBag from /home/julioubuntu/Projects/EGD/airflow-trabalho-final/venv/lib/python3.9/site-packages/airflow/example_dags/tutorial_taskflow_api_etl.py
[2023-12-13 21:46:55,521] {processor.py:651} INFO - DAG(s) dict_keys(['tutorial_taskflow_api_etl']) retrieved from /home/julioubuntu/Projects/EGD/airflow-trabalho-final/venv/lib/python3.9/site-packages/airflow/example_dags/tutorial_taskflow_api_etl.py
[2023-12-13 21:46:55,533] {logging_mixin.py:115} INFO - [2023-12-13 21:46:55,533] {dag.py:2379} INFO - Sync 1 DAGs
[2023-12-13 21:46:55,547] {logging_mixin.py:115} INFO - [2023-12-13 21:46:55,547] {dag.py:2927} INFO - Setting next_dagrun for tutorial_taskflow_api_etl to None, run_after=None
[2023-12-13 21:46:55,566] {processor.py:161} INFO - Processing /home/julioubuntu/Projects/EGD/airflow-trabalho-final/venv/lib/python3.9/site-packages/airflow/example_dags/tutorial_taskflow_api_etl.py took 0.069 seconds
[2023-12-13 21:47:29,435] {processor.py:153} INFO - Started process (PID=214004) to work on /home/julioubuntu/Projects/EGD/airflow-trabalho-final/venv/lib/python3.9/site-packages/airflow/example_dags/tutorial_taskflow_api_etl.py
[2023-12-13 21:47:29,436] {processor.py:641} INFO - Processing file /home/julioubuntu/Projects/EGD/airflow-trabalho-final/venv/lib/python3.9/site-packages/airflow/example_dags/tutorial_taskflow_api_etl.py for tasks to queue
[2023-12-13 21:47:29,437] {logging_mixin.py:115} INFO - [2023-12-13 21:47:29,437] {dagbag.py:507} INFO - Filling up the DagBag from /home/julioubuntu/Projects/EGD/airflow-trabalho-final/venv/lib/python3.9/site-packages/airflow/example_dags/tutorial_taskflow_api_etl.py
[2023-12-13 21:47:29,454] {processor.py:651} INFO - DAG(s) dict_keys(['tutorial_taskflow_api_etl']) retrieved from /home/julioubuntu/Projects/EGD/airflow-trabalho-final/venv/lib/python3.9/site-packages/airflow/example_dags/tutorial_taskflow_api_etl.py
[2023-12-13 21:47:29,465] {logging_mixin.py:115} INFO - [2023-12-13 21:47:29,465] {dag.py:2379} INFO - Sync 1 DAGs
[2023-12-13 21:47:29,480] {logging_mixin.py:115} INFO - [2023-12-13 21:47:29,480] {dag.py:2927} INFO - Setting next_dagrun for tutorial_taskflow_api_etl to None, run_after=None
[2023-12-13 21:47:29,497] {processor.py:161} INFO - Processing /home/julioubuntu/Projects/EGD/airflow-trabalho-final/venv/lib/python3.9/site-packages/airflow/example_dags/tutorial_taskflow_api_etl.py took 0.065 seconds
[2023-12-13 21:48:05,329] {processor.py:153} INFO - Started process (PID=214049) to work on /home/julioubuntu/Projects/EGD/airflow-trabalho-final/venv/lib/python3.9/site-packages/airflow/example_dags/tutorial_taskflow_api_etl.py
[2023-12-13 21:48:05,330] {processor.py:641} INFO - Processing file /home/julioubuntu/Projects/EGD/airflow-trabalho-final/venv/lib/python3.9/site-packages/airflow/example_dags/tutorial_taskflow_api_etl.py for tasks to queue
[2023-12-13 21:48:05,330] {logging_mixin.py:115} INFO - [2023-12-13 21:48:05,330] {dagbag.py:507} INFO - Filling up the DagBag from /home/julioubuntu/Projects/EGD/airflow-trabalho-final/venv/lib/python3.9/site-packages/airflow/example_dags/tutorial_taskflow_api_etl.py
[2023-12-13 21:48:05,349] {processor.py:651} INFO - DAG(s) dict_keys(['tutorial_taskflow_api_etl']) retrieved from /home/julioubuntu/Projects/EGD/airflow-trabalho-final/venv/lib/python3.9/site-packages/airflow/example_dags/tutorial_taskflow_api_etl.py
[2023-12-13 21:48:05,364] {logging_mixin.py:115} INFO - [2023-12-13 21:48:05,364] {dag.py:2379} INFO - Sync 1 DAGs
[2023-12-13 21:48:05,380] {logging_mixin.py:115} INFO - [2023-12-13 21:48:05,379] {dag.py:2927} INFO - Setting next_dagrun for tutorial_taskflow_api_etl to None, run_after=None
[2023-12-13 21:48:05,397] {processor.py:161} INFO - Processing /home/julioubuntu/Projects/EGD/airflow-trabalho-final/venv/lib/python3.9/site-packages/airflow/example_dags/tutorial_taskflow_api_etl.py took 0.071 seconds
[2023-12-13 21:48:41,334] {processor.py:153} INFO - Started process (PID=214092) to work on /home/julioubuntu/Projects/EGD/airflow-trabalho-final/venv/lib/python3.9/site-packages/airflow/example_dags/tutorial_taskflow_api_etl.py
[2023-12-13 21:48:41,338] {processor.py:641} INFO - Processing file /home/julioubuntu/Projects/EGD/airflow-trabalho-final/venv/lib/python3.9/site-packages/airflow/example_dags/tutorial_taskflow_api_etl.py for tasks to queue
[2023-12-13 21:48:41,339] {logging_mixin.py:115} INFO - [2023-12-13 21:48:41,339] {dagbag.py:507} INFO - Filling up the DagBag from /home/julioubuntu/Projects/EGD/airflow-trabalho-final/venv/lib/python3.9/site-packages/airflow/example_dags/tutorial_taskflow_api_etl.py
[2023-12-13 21:48:41,355] {processor.py:651} INFO - DAG(s) dict_keys(['tutorial_taskflow_api_etl']) retrieved from /home/julioubuntu/Projects/EGD/airflow-trabalho-final/venv/lib/python3.9/site-packages/airflow/example_dags/tutorial_taskflow_api_etl.py
[2023-12-13 21:48:41,367] {logging_mixin.py:115} INFO - [2023-12-13 21:48:41,367] {dag.py:2379} INFO - Sync 1 DAGs
[2023-12-13 21:48:41,381] {logging_mixin.py:115} INFO - [2023-12-13 21:48:41,381] {dag.py:2927} INFO - Setting next_dagrun for tutorial_taskflow_api_etl to None, run_after=None
[2023-12-13 21:48:41,399] {processor.py:161} INFO - Processing /home/julioubuntu/Projects/EGD/airflow-trabalho-final/venv/lib/python3.9/site-packages/airflow/example_dags/tutorial_taskflow_api_etl.py took 0.068 seconds
[2023-12-13 21:49:16,158] {processor.py:153} INFO - Started process (PID=214135) to work on /home/julioubuntu/Projects/EGD/airflow-trabalho-final/venv/lib/python3.9/site-packages/airflow/example_dags/tutorial_taskflow_api_etl.py
[2023-12-13 21:49:16,159] {processor.py:641} INFO - Processing file /home/julioubuntu/Projects/EGD/airflow-trabalho-final/venv/lib/python3.9/site-packages/airflow/example_dags/tutorial_taskflow_api_etl.py for tasks to queue
[2023-12-13 21:49:16,160] {logging_mixin.py:115} INFO - [2023-12-13 21:49:16,160] {dagbag.py:507} INFO - Filling up the DagBag from /home/julioubuntu/Projects/EGD/airflow-trabalho-final/venv/lib/python3.9/site-packages/airflow/example_dags/tutorial_taskflow_api_etl.py
[2023-12-13 21:49:16,178] {processor.py:651} INFO - DAG(s) dict_keys(['tutorial_taskflow_api_etl']) retrieved from /home/julioubuntu/Projects/EGD/airflow-trabalho-final/venv/lib/python3.9/site-packages/airflow/example_dags/tutorial_taskflow_api_etl.py
[2023-12-13 21:49:16,192] {logging_mixin.py:115} INFO - [2023-12-13 21:49:16,192] {dag.py:2379} INFO - Sync 1 DAGs
[2023-12-13 21:49:16,206] {logging_mixin.py:115} INFO - [2023-12-13 21:49:16,205] {dag.py:2927} INFO - Setting next_dagrun for tutorial_taskflow_api_etl to None, run_after=None
[2023-12-13 21:49:16,222] {processor.py:161} INFO - Processing /home/julioubuntu/Projects/EGD/airflow-trabalho-final/venv/lib/python3.9/site-packages/airflow/example_dags/tutorial_taskflow_api_etl.py took 0.066 seconds
[2023-12-13 21:49:51,354] {processor.py:153} INFO - Started process (PID=214179) to work on /home/julioubuntu/Projects/EGD/airflow-trabalho-final/venv/lib/python3.9/site-packages/airflow/example_dags/tutorial_taskflow_api_etl.py
[2023-12-13 21:49:51,358] {processor.py:641} INFO - Processing file /home/julioubuntu/Projects/EGD/airflow-trabalho-final/venv/lib/python3.9/site-packages/airflow/example_dags/tutorial_taskflow_api_etl.py for tasks to queue
[2023-12-13 21:49:51,359] {logging_mixin.py:115} INFO - [2023-12-13 21:49:51,359] {dagbag.py:507} INFO - Filling up the DagBag from /home/julioubuntu/Projects/EGD/airflow-trabalho-final/venv/lib/python3.9/site-packages/airflow/example_dags/tutorial_taskflow_api_etl.py
[2023-12-13 21:49:51,375] {processor.py:651} INFO - DAG(s) dict_keys(['tutorial_taskflow_api_etl']) retrieved from /home/julioubuntu/Projects/EGD/airflow-trabalho-final/venv/lib/python3.9/site-packages/airflow/example_dags/tutorial_taskflow_api_etl.py
[2023-12-13 21:49:51,388] {logging_mixin.py:115} INFO - [2023-12-13 21:49:51,388] {dag.py:2379} INFO - Sync 1 DAGs
[2023-12-13 21:49:51,402] {logging_mixin.py:115} INFO - [2023-12-13 21:49:51,402] {dag.py:2927} INFO - Setting next_dagrun for tutorial_taskflow_api_etl to None, run_after=None
[2023-12-13 21:49:51,420] {processor.py:161} INFO - Processing /home/julioubuntu/Projects/EGD/airflow-trabalho-final/venv/lib/python3.9/site-packages/airflow/example_dags/tutorial_taskflow_api_etl.py took 0.068 seconds
[2023-12-13 21:50:26,316] {processor.py:153} INFO - Started process (PID=214220) to work on /home/julioubuntu/Projects/EGD/airflow-trabalho-final/venv/lib/python3.9/site-packages/airflow/example_dags/tutorial_taskflow_api_etl.py
[2023-12-13 21:50:26,317] {processor.py:641} INFO - Processing file /home/julioubuntu/Projects/EGD/airflow-trabalho-final/venv/lib/python3.9/site-packages/airflow/example_dags/tutorial_taskflow_api_etl.py for tasks to queue
[2023-12-13 21:50:26,318] {logging_mixin.py:115} INFO - [2023-12-13 21:50:26,318] {dagbag.py:507} INFO - Filling up the DagBag from /home/julioubuntu/Projects/EGD/airflow-trabalho-final/venv/lib/python3.9/site-packages/airflow/example_dags/tutorial_taskflow_api_etl.py
[2023-12-13 21:50:26,332] {processor.py:651} INFO - DAG(s) dict_keys(['tutorial_taskflow_api_etl']) retrieved from /home/julioubuntu/Projects/EGD/airflow-trabalho-final/venv/lib/python3.9/site-packages/airflow/example_dags/tutorial_taskflow_api_etl.py
[2023-12-13 21:50:26,372] {logging_mixin.py:115} INFO - [2023-12-13 21:50:26,372] {dag.py:2379} INFO - Sync 1 DAGs
[2023-12-13 21:50:26,387] {logging_mixin.py:115} INFO - [2023-12-13 21:50:26,387] {dag.py:2927} INFO - Setting next_dagrun for tutorial_taskflow_api_etl to None, run_after=None
[2023-12-13 21:50:26,405] {processor.py:161} INFO - Processing /home/julioubuntu/Projects/EGD/airflow-trabalho-final/venv/lib/python3.9/site-packages/airflow/example_dags/tutorial_taskflow_api_etl.py took 0.091 seconds
[2023-12-13 21:50:57,831] {processor.py:153} INFO - Started process (PID=214259) to work on /home/julioubuntu/Projects/EGD/airflow-trabalho-final/venv/lib/python3.9/site-packages/airflow/example_dags/tutorial_taskflow_api_etl.py
[2023-12-13 21:50:57,832] {processor.py:641} INFO - Processing file /home/julioubuntu/Projects/EGD/airflow-trabalho-final/venv/lib/python3.9/site-packages/airflow/example_dags/tutorial_taskflow_api_etl.py for tasks to queue
[2023-12-13 21:50:57,832] {logging_mixin.py:115} INFO - [2023-12-13 21:50:57,832] {dagbag.py:507} INFO - Filling up the DagBag from /home/julioubuntu/Projects/EGD/airflow-trabalho-final/venv/lib/python3.9/site-packages/airflow/example_dags/tutorial_taskflow_api_etl.py
[2023-12-13 21:50:57,846] {processor.py:651} INFO - DAG(s) dict_keys(['tutorial_taskflow_api_etl']) retrieved from /home/julioubuntu/Projects/EGD/airflow-trabalho-final/venv/lib/python3.9/site-packages/airflow/example_dags/tutorial_taskflow_api_etl.py
[2023-12-13 21:50:57,881] {logging_mixin.py:115} INFO - [2023-12-13 21:50:57,881] {dag.py:2379} INFO - Sync 1 DAGs
[2023-12-13 21:50:57,897] {logging_mixin.py:115} INFO - [2023-12-13 21:50:57,897] {dag.py:2927} INFO - Setting next_dagrun for tutorial_taskflow_api_etl to None, run_after=None
[2023-12-13 21:50:57,913] {processor.py:161} INFO - Processing /home/julioubuntu/Projects/EGD/airflow-trabalho-final/venv/lib/python3.9/site-packages/airflow/example_dags/tutorial_taskflow_api_etl.py took 0.084 seconds
[2023-12-13 21:51:32,662] {processor.py:153} INFO - Started process (PID=215007) to work on /home/julioubuntu/Projects/EGD/airflow-trabalho-final/venv/lib/python3.9/site-packages/airflow/example_dags/tutorial_taskflow_api_etl.py
[2023-12-13 21:51:32,664] {processor.py:641} INFO - Processing file /home/julioubuntu/Projects/EGD/airflow-trabalho-final/venv/lib/python3.9/site-packages/airflow/example_dags/tutorial_taskflow_api_etl.py for tasks to queue
[2023-12-13 21:51:32,665] {logging_mixin.py:115} INFO - [2023-12-13 21:51:32,664] {dagbag.py:507} INFO - Filling up the DagBag from /home/julioubuntu/Projects/EGD/airflow-trabalho-final/venv/lib/python3.9/site-packages/airflow/example_dags/tutorial_taskflow_api_etl.py
[2023-12-13 21:51:32,701] {processor.py:651} INFO - DAG(s) dict_keys(['tutorial_taskflow_api_etl']) retrieved from /home/julioubuntu/Projects/EGD/airflow-trabalho-final/venv/lib/python3.9/site-packages/airflow/example_dags/tutorial_taskflow_api_etl.py
[2023-12-13 21:51:32,735] {logging_mixin.py:115} INFO - [2023-12-13 21:51:32,735] {dag.py:2379} INFO - Sync 1 DAGs
[2023-12-13 21:51:32,777] {logging_mixin.py:115} INFO - [2023-12-13 21:51:32,777] {dag.py:2927} INFO - Setting next_dagrun for tutorial_taskflow_api_etl to None, run_after=None
[2023-12-13 21:51:32,810] {processor.py:161} INFO - Processing /home/julioubuntu/Projects/EGD/airflow-trabalho-final/venv/lib/python3.9/site-packages/airflow/example_dags/tutorial_taskflow_api_etl.py took 0.152 seconds
