[2023-12-13 21:10:49,418] {processor.py:153} INFO - Started process (PID=178868) to work on /home/julioubuntu/Projects/EGD/airflow-trabalho-final/venv/lib/python3.9/site-packages/airflow/example_dags/tutorial_taskflow_api_etl_virtualenv.py
[2023-12-13 21:10:49,419] {processor.py:641} INFO - Processing file /home/julioubuntu/Projects/EGD/airflow-trabalho-final/venv/lib/python3.9/site-packages/airflow/example_dags/tutorial_taskflow_api_etl_virtualenv.py for tasks to queue
[2023-12-13 21:10:49,420] {logging_mixin.py:115} INFO - [2023-12-13 21:10:49,420] {dagbag.py:507} INFO - Filling up the DagBag from /home/julioubuntu/Projects/EGD/airflow-trabalho-final/venv/lib/python3.9/site-packages/airflow/example_dags/tutorial_taskflow_api_etl_virtualenv.py
[2023-12-13 21:10:50,461] {logging_mixin.py:115} INFO - [2023-12-13 21:10:50,461] {tutorial_taskflow_api_etl_virtualenv.py:29} WARNING - The tutorial_taskflow_api_etl_virtualenv example DAG requires virtualenv, please install it.
[2023-12-13 21:10:50,463] {processor.py:653} WARNING - No viable dags retrieved from /home/julioubuntu/Projects/EGD/airflow-trabalho-final/venv/lib/python3.9/site-packages/airflow/example_dags/tutorial_taskflow_api_etl_virtualenv.py
[2023-12-13 21:10:50,502] {processor.py:161} INFO - Processing /home/julioubuntu/Projects/EGD/airflow-trabalho-final/venv/lib/python3.9/site-packages/airflow/example_dags/tutorial_taskflow_api_etl_virtualenv.py took 1.097 seconds
[2023-12-13 21:11:50,355] {processor.py:153} INFO - Started process (PID=185741) to work on /home/julioubuntu/Projects/EGD/airflow-trabalho-final/venv/lib/python3.9/site-packages/airflow/example_dags/tutorial_taskflow_api_etl_virtualenv.py
[2023-12-13 21:11:50,357] {processor.py:641} INFO - Processing file /home/julioubuntu/Projects/EGD/airflow-trabalho-final/venv/lib/python3.9/site-packages/airflow/example_dags/tutorial_taskflow_api_etl_virtualenv.py for tasks to queue
[2023-12-13 21:11:50,358] {logging_mixin.py:115} INFO - [2023-12-13 21:11:50,358] {dagbag.py:507} INFO - Filling up the DagBag from /home/julioubuntu/Projects/EGD/airflow-trabalho-final/venv/lib/python3.9/site-packages/airflow/example_dags/tutorial_taskflow_api_etl_virtualenv.py
[2023-12-13 21:11:50,853] {logging_mixin.py:115} INFO - [2023-12-13 21:11:50,852] {tutorial_taskflow_api_etl_virtualenv.py:29} WARNING - The tutorial_taskflow_api_etl_virtualenv example DAG requires virtualenv, please install it.
[2023-12-13 21:11:50,853] {processor.py:653} WARNING - No viable dags retrieved from /home/julioubuntu/Projects/EGD/airflow-trabalho-final/venv/lib/python3.9/site-packages/airflow/example_dags/tutorial_taskflow_api_etl_virtualenv.py
[2023-12-13 21:11:50,876] {processor.py:161} INFO - Processing /home/julioubuntu/Projects/EGD/airflow-trabalho-final/venv/lib/python3.9/site-packages/airflow/example_dags/tutorial_taskflow_api_etl_virtualenv.py took 0.527 seconds
[2023-12-13 21:12:41,579] {processor.py:153} INFO - Started process (PID=192204) to work on /home/julioubuntu/Projects/EGD/airflow-trabalho-final/venv/lib/python3.9/site-packages/airflow/example_dags/tutorial_taskflow_api_etl_virtualenv.py
[2023-12-13 21:12:41,581] {processor.py:641} INFO - Processing file /home/julioubuntu/Projects/EGD/airflow-trabalho-final/venv/lib/python3.9/site-packages/airflow/example_dags/tutorial_taskflow_api_etl_virtualenv.py for tasks to queue
[2023-12-13 21:12:41,582] {logging_mixin.py:115} INFO - [2023-12-13 21:12:41,582] {dagbag.py:507} INFO - Filling up the DagBag from /home/julioubuntu/Projects/EGD/airflow-trabalho-final/venv/lib/python3.9/site-packages/airflow/example_dags/tutorial_taskflow_api_etl_virtualenv.py
[2023-12-13 21:12:43,855] {logging_mixin.py:115} INFO - [2023-12-13 21:12:43,855] {tutorial_taskflow_api_etl_virtualenv.py:29} WARNING - The tutorial_taskflow_api_etl_virtualenv example DAG requires virtualenv, please install it.
[2023-12-13 21:12:43,856] {processor.py:653} WARNING - No viable dags retrieved from /home/julioubuntu/Projects/EGD/airflow-trabalho-final/venv/lib/python3.9/site-packages/airflow/example_dags/tutorial_taskflow_api_etl_virtualenv.py
[2023-12-13 21:12:43,893] {processor.py:161} INFO - Processing /home/julioubuntu/Projects/EGD/airflow-trabalho-final/venv/lib/python3.9/site-packages/airflow/example_dags/tutorial_taskflow_api_etl_virtualenv.py took 2.329 seconds
[2023-12-13 21:13:30,545] {processor.py:153} INFO - Started process (PID=192999) to work on /home/julioubuntu/Projects/EGD/airflow-trabalho-final/venv/lib/python3.9/site-packages/airflow/example_dags/tutorial_taskflow_api_etl_virtualenv.py
[2023-12-13 21:13:30,546] {processor.py:641} INFO - Processing file /home/julioubuntu/Projects/EGD/airflow-trabalho-final/venv/lib/python3.9/site-packages/airflow/example_dags/tutorial_taskflow_api_etl_virtualenv.py for tasks to queue
[2023-12-13 21:13:30,546] {logging_mixin.py:115} INFO - [2023-12-13 21:13:30,546] {dagbag.py:507} INFO - Filling up the DagBag from /home/julioubuntu/Projects/EGD/airflow-trabalho-final/venv/lib/python3.9/site-packages/airflow/example_dags/tutorial_taskflow_api_etl_virtualenv.py
[2023-12-13 21:13:30,597] {logging_mixin.py:115} INFO - [2023-12-13 21:13:30,597] {tutorial_taskflow_api_etl_virtualenv.py:29} WARNING - The tutorial_taskflow_api_etl_virtualenv example DAG requires virtualenv, please install it.
[2023-12-13 21:13:30,597] {processor.py:653} WARNING - No viable dags retrieved from /home/julioubuntu/Projects/EGD/airflow-trabalho-final/venv/lib/python3.9/site-packages/airflow/example_dags/tutorial_taskflow_api_etl_virtualenv.py
[2023-12-13 21:13:30,606] {processor.py:161} INFO - Processing /home/julioubuntu/Projects/EGD/airflow-trabalho-final/venv/lib/python3.9/site-packages/airflow/example_dags/tutorial_taskflow_api_etl_virtualenv.py took 0.064 seconds
[2023-12-13 21:14:04,421] {processor.py:153} INFO - Started process (PID=193037) to work on /home/julioubuntu/Projects/EGD/airflow-trabalho-final/venv/lib/python3.9/site-packages/airflow/example_dags/tutorial_taskflow_api_etl_virtualenv.py
[2023-12-13 21:14:04,422] {processor.py:641} INFO - Processing file /home/julioubuntu/Projects/EGD/airflow-trabalho-final/venv/lib/python3.9/site-packages/airflow/example_dags/tutorial_taskflow_api_etl_virtualenv.py for tasks to queue
[2023-12-13 21:14:04,423] {logging_mixin.py:115} INFO - [2023-12-13 21:14:04,423] {dagbag.py:507} INFO - Filling up the DagBag from /home/julioubuntu/Projects/EGD/airflow-trabalho-final/venv/lib/python3.9/site-packages/airflow/example_dags/tutorial_taskflow_api_etl_virtualenv.py
[2023-12-13 21:14:04,491] {logging_mixin.py:115} INFO - [2023-12-13 21:14:04,491] {tutorial_taskflow_api_etl_virtualenv.py:29} WARNING - The tutorial_taskflow_api_etl_virtualenv example DAG requires virtualenv, please install it.
[2023-12-13 21:14:04,491] {processor.py:653} WARNING - No viable dags retrieved from /home/julioubuntu/Projects/EGD/airflow-trabalho-final/venv/lib/python3.9/site-packages/airflow/example_dags/tutorial_taskflow_api_etl_virtualenv.py
[2023-12-13 21:14:04,505] {processor.py:161} INFO - Processing /home/julioubuntu/Projects/EGD/airflow-trabalho-final/venv/lib/python3.9/site-packages/airflow/example_dags/tutorial_taskflow_api_etl_virtualenv.py took 0.087 seconds
[2023-12-13 21:14:36,255] {processor.py:153} INFO - Started process (PID=193072) to work on /home/julioubuntu/Projects/EGD/airflow-trabalho-final/venv/lib/python3.9/site-packages/airflow/example_dags/tutorial_taskflow_api_etl_virtualenv.py
[2023-12-13 21:14:36,256] {processor.py:641} INFO - Processing file /home/julioubuntu/Projects/EGD/airflow-trabalho-final/venv/lib/python3.9/site-packages/airflow/example_dags/tutorial_taskflow_api_etl_virtualenv.py for tasks to queue
[2023-12-13 21:14:36,256] {logging_mixin.py:115} INFO - [2023-12-13 21:14:36,256] {dagbag.py:507} INFO - Filling up the DagBag from /home/julioubuntu/Projects/EGD/airflow-trabalho-final/venv/lib/python3.9/site-packages/airflow/example_dags/tutorial_taskflow_api_etl_virtualenv.py
[2023-12-13 21:14:36,303] {logging_mixin.py:115} INFO - [2023-12-13 21:14:36,303] {tutorial_taskflow_api_etl_virtualenv.py:29} WARNING - The tutorial_taskflow_api_etl_virtualenv example DAG requires virtualenv, please install it.
[2023-12-13 21:14:36,303] {processor.py:653} WARNING - No viable dags retrieved from /home/julioubuntu/Projects/EGD/airflow-trabalho-final/venv/lib/python3.9/site-packages/airflow/example_dags/tutorial_taskflow_api_etl_virtualenv.py
[2023-12-13 21:14:36,313] {processor.py:161} INFO - Processing /home/julioubuntu/Projects/EGD/airflow-trabalho-final/venv/lib/python3.9/site-packages/airflow/example_dags/tutorial_taskflow_api_etl_virtualenv.py took 0.060 seconds
[2023-12-13 21:15:09,697] {processor.py:153} INFO - Started process (PID=193389) to work on /home/julioubuntu/Projects/EGD/airflow-trabalho-final/venv/lib/python3.9/site-packages/airflow/example_dags/tutorial_taskflow_api_etl_virtualenv.py
[2023-12-13 21:15:09,698] {processor.py:641} INFO - Processing file /home/julioubuntu/Projects/EGD/airflow-trabalho-final/venv/lib/python3.9/site-packages/airflow/example_dags/tutorial_taskflow_api_etl_virtualenv.py for tasks to queue
[2023-12-13 21:15:09,698] {logging_mixin.py:115} INFO - [2023-12-13 21:15:09,698] {dagbag.py:507} INFO - Filling up the DagBag from /home/julioubuntu/Projects/EGD/airflow-trabalho-final/venv/lib/python3.9/site-packages/airflow/example_dags/tutorial_taskflow_api_etl_virtualenv.py
[2023-12-13 21:15:09,744] {logging_mixin.py:115} INFO - [2023-12-13 21:15:09,744] {tutorial_taskflow_api_etl_virtualenv.py:29} WARNING - The tutorial_taskflow_api_etl_virtualenv example DAG requires virtualenv, please install it.
[2023-12-13 21:15:09,744] {processor.py:653} WARNING - No viable dags retrieved from /home/julioubuntu/Projects/EGD/airflow-trabalho-final/venv/lib/python3.9/site-packages/airflow/example_dags/tutorial_taskflow_api_etl_virtualenv.py
[2023-12-13 21:15:09,753] {processor.py:161} INFO - Processing /home/julioubuntu/Projects/EGD/airflow-trabalho-final/venv/lib/python3.9/site-packages/airflow/example_dags/tutorial_taskflow_api_etl_virtualenv.py took 0.058 seconds
[2023-12-13 21:15:47,410] {processor.py:153} INFO - Started process (PID=193423) to work on /home/julioubuntu/Projects/EGD/airflow-trabalho-final/venv/lib/python3.9/site-packages/airflow/example_dags/tutorial_taskflow_api_etl_virtualenv.py
[2023-12-13 21:15:47,413] {processor.py:641} INFO - Processing file /home/julioubuntu/Projects/EGD/airflow-trabalho-final/venv/lib/python3.9/site-packages/airflow/example_dags/tutorial_taskflow_api_etl_virtualenv.py for tasks to queue
[2023-12-13 21:15:47,414] {logging_mixin.py:115} INFO - [2023-12-13 21:15:47,414] {dagbag.py:507} INFO - Filling up the DagBag from /home/julioubuntu/Projects/EGD/airflow-trabalho-final/venv/lib/python3.9/site-packages/airflow/example_dags/tutorial_taskflow_api_etl_virtualenv.py
[2023-12-13 21:15:47,456] {logging_mixin.py:115} INFO - [2023-12-13 21:15:47,456] {tutorial_taskflow_api_etl_virtualenv.py:29} WARNING - The tutorial_taskflow_api_etl_virtualenv example DAG requires virtualenv, please install it.
[2023-12-13 21:15:47,456] {processor.py:653} WARNING - No viable dags retrieved from /home/julioubuntu/Projects/EGD/airflow-trabalho-final/venv/lib/python3.9/site-packages/airflow/example_dags/tutorial_taskflow_api_etl_virtualenv.py
[2023-12-13 21:15:47,464] {processor.py:161} INFO - Processing /home/julioubuntu/Projects/EGD/airflow-trabalho-final/venv/lib/python3.9/site-packages/airflow/example_dags/tutorial_taskflow_api_etl_virtualenv.py took 0.056 seconds
[2023-12-13 21:16:21,076] {processor.py:153} INFO - Started process (PID=193463) to work on /home/julioubuntu/Projects/EGD/airflow-trabalho-final/venv/lib/python3.9/site-packages/airflow/example_dags/tutorial_taskflow_api_etl_virtualenv.py
[2023-12-13 21:16:21,077] {processor.py:641} INFO - Processing file /home/julioubuntu/Projects/EGD/airflow-trabalho-final/venv/lib/python3.9/site-packages/airflow/example_dags/tutorial_taskflow_api_etl_virtualenv.py for tasks to queue
[2023-12-13 21:16:21,078] {logging_mixin.py:115} INFO - [2023-12-13 21:16:21,078] {dagbag.py:507} INFO - Filling up the DagBag from /home/julioubuntu/Projects/EGD/airflow-trabalho-final/venv/lib/python3.9/site-packages/airflow/example_dags/tutorial_taskflow_api_etl_virtualenv.py
[2023-12-13 21:16:21,132] {logging_mixin.py:115} INFO - [2023-12-13 21:16:21,132] {tutorial_taskflow_api_etl_virtualenv.py:29} WARNING - The tutorial_taskflow_api_etl_virtualenv example DAG requires virtualenv, please install it.
[2023-12-13 21:16:21,133] {processor.py:653} WARNING - No viable dags retrieved from /home/julioubuntu/Projects/EGD/airflow-trabalho-final/venv/lib/python3.9/site-packages/airflow/example_dags/tutorial_taskflow_api_etl_virtualenv.py
[2023-12-13 21:16:21,143] {processor.py:161} INFO - Processing /home/julioubuntu/Projects/EGD/airflow-trabalho-final/venv/lib/python3.9/site-packages/airflow/example_dags/tutorial_taskflow_api_etl_virtualenv.py took 0.070 seconds
[2023-12-13 21:16:54,342] {processor.py:153} INFO - Started process (PID=193500) to work on /home/julioubuntu/Projects/EGD/airflow-trabalho-final/venv/lib/python3.9/site-packages/airflow/example_dags/tutorial_taskflow_api_etl_virtualenv.py
[2023-12-13 21:16:54,343] {processor.py:641} INFO - Processing file /home/julioubuntu/Projects/EGD/airflow-trabalho-final/venv/lib/python3.9/site-packages/airflow/example_dags/tutorial_taskflow_api_etl_virtualenv.py for tasks to queue
[2023-12-13 21:16:54,343] {logging_mixin.py:115} INFO - [2023-12-13 21:16:54,343] {dagbag.py:507} INFO - Filling up the DagBag from /home/julioubuntu/Projects/EGD/airflow-trabalho-final/venv/lib/python3.9/site-packages/airflow/example_dags/tutorial_taskflow_api_etl_virtualenv.py
[2023-12-13 21:16:54,391] {logging_mixin.py:115} INFO - [2023-12-13 21:16:54,391] {tutorial_taskflow_api_etl_virtualenv.py:29} WARNING - The tutorial_taskflow_api_etl_virtualenv example DAG requires virtualenv, please install it.
[2023-12-13 21:16:54,392] {processor.py:653} WARNING - No viable dags retrieved from /home/julioubuntu/Projects/EGD/airflow-trabalho-final/venv/lib/python3.9/site-packages/airflow/example_dags/tutorial_taskflow_api_etl_virtualenv.py
[2023-12-13 21:16:54,400] {processor.py:161} INFO - Processing /home/julioubuntu/Projects/EGD/airflow-trabalho-final/venv/lib/python3.9/site-packages/airflow/example_dags/tutorial_taskflow_api_etl_virtualenv.py took 0.062 seconds
[2023-12-13 21:17:27,547] {processor.py:153} INFO - Started process (PID=193537) to work on /home/julioubuntu/Projects/EGD/airflow-trabalho-final/venv/lib/python3.9/site-packages/airflow/example_dags/tutorial_taskflow_api_etl_virtualenv.py
[2023-12-13 21:17:27,551] {processor.py:641} INFO - Processing file /home/julioubuntu/Projects/EGD/airflow-trabalho-final/venv/lib/python3.9/site-packages/airflow/example_dags/tutorial_taskflow_api_etl_virtualenv.py for tasks to queue
[2023-12-13 21:17:27,552] {logging_mixin.py:115} INFO - [2023-12-13 21:17:27,552] {dagbag.py:507} INFO - Filling up the DagBag from /home/julioubuntu/Projects/EGD/airflow-trabalho-final/venv/lib/python3.9/site-packages/airflow/example_dags/tutorial_taskflow_api_etl_virtualenv.py
[2023-12-13 21:17:27,596] {logging_mixin.py:115} INFO - [2023-12-13 21:17:27,596] {tutorial_taskflow_api_etl_virtualenv.py:29} WARNING - The tutorial_taskflow_api_etl_virtualenv example DAG requires virtualenv, please install it.
[2023-12-13 21:17:27,597] {processor.py:653} WARNING - No viable dags retrieved from /home/julioubuntu/Projects/EGD/airflow-trabalho-final/venv/lib/python3.9/site-packages/airflow/example_dags/tutorial_taskflow_api_etl_virtualenv.py
[2023-12-13 21:17:27,606] {processor.py:161} INFO - Processing /home/julioubuntu/Projects/EGD/airflow-trabalho-final/venv/lib/python3.9/site-packages/airflow/example_dags/tutorial_taskflow_api_etl_virtualenv.py took 0.061 seconds
[2023-12-13 21:18:03,662] {processor.py:153} INFO - Started process (PID=193583) to work on /home/julioubuntu/Projects/EGD/airflow-trabalho-final/venv/lib/python3.9/site-packages/airflow/example_dags/tutorial_taskflow_api_etl_virtualenv.py
[2023-12-13 21:18:03,666] {processor.py:641} INFO - Processing file /home/julioubuntu/Projects/EGD/airflow-trabalho-final/venv/lib/python3.9/site-packages/airflow/example_dags/tutorial_taskflow_api_etl_virtualenv.py for tasks to queue
[2023-12-13 21:18:03,666] {logging_mixin.py:115} INFO - [2023-12-13 21:18:03,666] {dagbag.py:507} INFO - Filling up the DagBag from /home/julioubuntu/Projects/EGD/airflow-trabalho-final/venv/lib/python3.9/site-packages/airflow/example_dags/tutorial_taskflow_api_etl_virtualenv.py
[2023-12-13 21:18:03,716] {logging_mixin.py:115} INFO - [2023-12-13 21:18:03,716] {tutorial_taskflow_api_etl_virtualenv.py:29} WARNING - The tutorial_taskflow_api_etl_virtualenv example DAG requires virtualenv, please install it.
[2023-12-13 21:18:03,716] {processor.py:653} WARNING - No viable dags retrieved from /home/julioubuntu/Projects/EGD/airflow-trabalho-final/venv/lib/python3.9/site-packages/airflow/example_dags/tutorial_taskflow_api_etl_virtualenv.py
[2023-12-13 21:18:03,725] {processor.py:161} INFO - Processing /home/julioubuntu/Projects/EGD/airflow-trabalho-final/venv/lib/python3.9/site-packages/airflow/example_dags/tutorial_taskflow_api_etl_virtualenv.py took 0.065 seconds
[2023-12-13 21:18:37,365] {processor.py:153} INFO - Started process (PID=193618) to work on /home/julioubuntu/Projects/EGD/airflow-trabalho-final/venv/lib/python3.9/site-packages/airflow/example_dags/tutorial_taskflow_api_etl_virtualenv.py
[2023-12-13 21:18:37,366] {processor.py:641} INFO - Processing file /home/julioubuntu/Projects/EGD/airflow-trabalho-final/venv/lib/python3.9/site-packages/airflow/example_dags/tutorial_taskflow_api_etl_virtualenv.py for tasks to queue
[2023-12-13 21:18:37,367] {logging_mixin.py:115} INFO - [2023-12-13 21:18:37,367] {dagbag.py:507} INFO - Filling up the DagBag from /home/julioubuntu/Projects/EGD/airflow-trabalho-final/venv/lib/python3.9/site-packages/airflow/example_dags/tutorial_taskflow_api_etl_virtualenv.py
[2023-12-13 21:18:37,419] {logging_mixin.py:115} INFO - [2023-12-13 21:18:37,419] {tutorial_taskflow_api_etl_virtualenv.py:29} WARNING - The tutorial_taskflow_api_etl_virtualenv example DAG requires virtualenv, please install it.
[2023-12-13 21:18:37,419] {processor.py:653} WARNING - No viable dags retrieved from /home/julioubuntu/Projects/EGD/airflow-trabalho-final/venv/lib/python3.9/site-packages/airflow/example_dags/tutorial_taskflow_api_etl_virtualenv.py
[2023-12-13 21:18:37,429] {processor.py:161} INFO - Processing /home/julioubuntu/Projects/EGD/airflow-trabalho-final/venv/lib/python3.9/site-packages/airflow/example_dags/tutorial_taskflow_api_etl_virtualenv.py took 0.068 seconds
[2023-12-13 21:19:27,415] {processor.py:153} INFO - Started process (PID=193953) to work on /home/julioubuntu/Projects/EGD/airflow-trabalho-final/venv/lib/python3.9/site-packages/airflow/example_dags/tutorial_taskflow_api_etl_virtualenv.py
[2023-12-13 21:19:27,416] {processor.py:641} INFO - Processing file /home/julioubuntu/Projects/EGD/airflow-trabalho-final/venv/lib/python3.9/site-packages/airflow/example_dags/tutorial_taskflow_api_etl_virtualenv.py for tasks to queue
[2023-12-13 21:19:27,416] {logging_mixin.py:115} INFO - [2023-12-13 21:19:27,416] {dagbag.py:507} INFO - Filling up the DagBag from /home/julioubuntu/Projects/EGD/airflow-trabalho-final/venv/lib/python3.9/site-packages/airflow/example_dags/tutorial_taskflow_api_etl_virtualenv.py
[2023-12-13 21:19:27,454] {logging_mixin.py:115} INFO - [2023-12-13 21:19:27,454] {tutorial_taskflow_api_etl_virtualenv.py:29} WARNING - The tutorial_taskflow_api_etl_virtualenv example DAG requires virtualenv, please install it.
[2023-12-13 21:19:27,455] {processor.py:653} WARNING - No viable dags retrieved from /home/julioubuntu/Projects/EGD/airflow-trabalho-final/venv/lib/python3.9/site-packages/airflow/example_dags/tutorial_taskflow_api_etl_virtualenv.py
[2023-12-13 21:19:27,464] {processor.py:161} INFO - Processing /home/julioubuntu/Projects/EGD/airflow-trabalho-final/venv/lib/python3.9/site-packages/airflow/example_dags/tutorial_taskflow_api_etl_virtualenv.py took 0.051 seconds
[2023-12-13 21:20:00,113] {processor.py:153} INFO - Started process (PID=193990) to work on /home/julioubuntu/Projects/EGD/airflow-trabalho-final/venv/lib/python3.9/site-packages/airflow/example_dags/tutorial_taskflow_api_etl_virtualenv.py
[2023-12-13 21:20:00,114] {processor.py:641} INFO - Processing file /home/julioubuntu/Projects/EGD/airflow-trabalho-final/venv/lib/python3.9/site-packages/airflow/example_dags/tutorial_taskflow_api_etl_virtualenv.py for tasks to queue
[2023-12-13 21:20:00,114] {logging_mixin.py:115} INFO - [2023-12-13 21:20:00,114] {dagbag.py:507} INFO - Filling up the DagBag from /home/julioubuntu/Projects/EGD/airflow-trabalho-final/venv/lib/python3.9/site-packages/airflow/example_dags/tutorial_taskflow_api_etl_virtualenv.py
[2023-12-13 21:20:00,164] {logging_mixin.py:115} INFO - [2023-12-13 21:20:00,164] {tutorial_taskflow_api_etl_virtualenv.py:29} WARNING - The tutorial_taskflow_api_etl_virtualenv example DAG requires virtualenv, please install it.
[2023-12-13 21:20:00,165] {processor.py:653} WARNING - No viable dags retrieved from /home/julioubuntu/Projects/EGD/airflow-trabalho-final/venv/lib/python3.9/site-packages/airflow/example_dags/tutorial_taskflow_api_etl_virtualenv.py
[2023-12-13 21:20:00,175] {processor.py:161} INFO - Processing /home/julioubuntu/Projects/EGD/airflow-trabalho-final/venv/lib/python3.9/site-packages/airflow/example_dags/tutorial_taskflow_api_etl_virtualenv.py took 0.064 seconds
[2023-12-13 21:20:34,383] {processor.py:153} INFO - Started process (PID=194091) to work on /home/julioubuntu/Projects/EGD/airflow-trabalho-final/venv/lib/python3.9/site-packages/airflow/example_dags/tutorial_taskflow_api_etl_virtualenv.py
[2023-12-13 21:20:34,384] {processor.py:641} INFO - Processing file /home/julioubuntu/Projects/EGD/airflow-trabalho-final/venv/lib/python3.9/site-packages/airflow/example_dags/tutorial_taskflow_api_etl_virtualenv.py for tasks to queue
[2023-12-13 21:20:34,385] {logging_mixin.py:115} INFO - [2023-12-13 21:20:34,385] {dagbag.py:507} INFO - Filling up the DagBag from /home/julioubuntu/Projects/EGD/airflow-trabalho-final/venv/lib/python3.9/site-packages/airflow/example_dags/tutorial_taskflow_api_etl_virtualenv.py
[2023-12-13 21:20:34,438] {logging_mixin.py:115} INFO - [2023-12-13 21:20:34,438] {tutorial_taskflow_api_etl_virtualenv.py:29} WARNING - The tutorial_taskflow_api_etl_virtualenv example DAG requires virtualenv, please install it.
[2023-12-13 21:20:34,438] {processor.py:653} WARNING - No viable dags retrieved from /home/julioubuntu/Projects/EGD/airflow-trabalho-final/venv/lib/python3.9/site-packages/airflow/example_dags/tutorial_taskflow_api_etl_virtualenv.py
[2023-12-13 21:20:34,450] {processor.py:161} INFO - Processing /home/julioubuntu/Projects/EGD/airflow-trabalho-final/venv/lib/python3.9/site-packages/airflow/example_dags/tutorial_taskflow_api_etl_virtualenv.py took 0.070 seconds
[2023-12-13 21:21:12,269] {processor.py:153} INFO - Started process (PID=194355) to work on /home/julioubuntu/Projects/EGD/airflow-trabalho-final/venv/lib/python3.9/site-packages/airflow/example_dags/tutorial_taskflow_api_etl_virtualenv.py
[2023-12-13 21:21:12,270] {processor.py:641} INFO - Processing file /home/julioubuntu/Projects/EGD/airflow-trabalho-final/venv/lib/python3.9/site-packages/airflow/example_dags/tutorial_taskflow_api_etl_virtualenv.py for tasks to queue
[2023-12-13 21:21:12,271] {logging_mixin.py:115} INFO - [2023-12-13 21:21:12,270] {dagbag.py:507} INFO - Filling up the DagBag from /home/julioubuntu/Projects/EGD/airflow-trabalho-final/venv/lib/python3.9/site-packages/airflow/example_dags/tutorial_taskflow_api_etl_virtualenv.py
[2023-12-13 21:21:12,324] {logging_mixin.py:115} INFO - [2023-12-13 21:21:12,324] {tutorial_taskflow_api_etl_virtualenv.py:29} WARNING - The tutorial_taskflow_api_etl_virtualenv example DAG requires virtualenv, please install it.
[2023-12-13 21:21:12,324] {processor.py:653} WARNING - No viable dags retrieved from /home/julioubuntu/Projects/EGD/airflow-trabalho-final/venv/lib/python3.9/site-packages/airflow/example_dags/tutorial_taskflow_api_etl_virtualenv.py
[2023-12-13 21:21:12,334] {processor.py:161} INFO - Processing /home/julioubuntu/Projects/EGD/airflow-trabalho-final/venv/lib/python3.9/site-packages/airflow/example_dags/tutorial_taskflow_api_etl_virtualenv.py took 0.068 seconds
[2023-12-13 21:21:45,299] {processor.py:153} INFO - Started process (PID=194662) to work on /home/julioubuntu/Projects/EGD/airflow-trabalho-final/venv/lib/python3.9/site-packages/airflow/example_dags/tutorial_taskflow_api_etl_virtualenv.py
[2023-12-13 21:21:45,300] {processor.py:641} INFO - Processing file /home/julioubuntu/Projects/EGD/airflow-trabalho-final/venv/lib/python3.9/site-packages/airflow/example_dags/tutorial_taskflow_api_etl_virtualenv.py for tasks to queue
[2023-12-13 21:21:45,300] {logging_mixin.py:115} INFO - [2023-12-13 21:21:45,300] {dagbag.py:507} INFO - Filling up the DagBag from /home/julioubuntu/Projects/EGD/airflow-trabalho-final/venv/lib/python3.9/site-packages/airflow/example_dags/tutorial_taskflow_api_etl_virtualenv.py
[2023-12-13 21:21:45,341] {logging_mixin.py:115} INFO - [2023-12-13 21:21:45,341] {tutorial_taskflow_api_etl_virtualenv.py:29} WARNING - The tutorial_taskflow_api_etl_virtualenv example DAG requires virtualenv, please install it.
[2023-12-13 21:21:45,341] {processor.py:653} WARNING - No viable dags retrieved from /home/julioubuntu/Projects/EGD/airflow-trabalho-final/venv/lib/python3.9/site-packages/airflow/example_dags/tutorial_taskflow_api_etl_virtualenv.py
[2023-12-13 21:21:45,349] {processor.py:161} INFO - Processing /home/julioubuntu/Projects/EGD/airflow-trabalho-final/venv/lib/python3.9/site-packages/airflow/example_dags/tutorial_taskflow_api_etl_virtualenv.py took 0.052 seconds
[2023-12-13 21:22:32,418] {processor.py:153} INFO - Started process (PID=195034) to work on /home/julioubuntu/Projects/EGD/airflow-trabalho-final/venv/lib/python3.9/site-packages/airflow/example_dags/tutorial_taskflow_api_etl_virtualenv.py
[2023-12-13 21:22:32,419] {processor.py:641} INFO - Processing file /home/julioubuntu/Projects/EGD/airflow-trabalho-final/venv/lib/python3.9/site-packages/airflow/example_dags/tutorial_taskflow_api_etl_virtualenv.py for tasks to queue
[2023-12-13 21:22:32,420] {logging_mixin.py:115} INFO - [2023-12-13 21:22:32,420] {dagbag.py:507} INFO - Filling up the DagBag from /home/julioubuntu/Projects/EGD/airflow-trabalho-final/venv/lib/python3.9/site-packages/airflow/example_dags/tutorial_taskflow_api_etl_virtualenv.py
[2023-12-13 21:22:32,468] {logging_mixin.py:115} INFO - [2023-12-13 21:22:32,468] {tutorial_taskflow_api_etl_virtualenv.py:29} WARNING - The tutorial_taskflow_api_etl_virtualenv example DAG requires virtualenv, please install it.
[2023-12-13 21:22:32,468] {processor.py:653} WARNING - No viable dags retrieved from /home/julioubuntu/Projects/EGD/airflow-trabalho-final/venv/lib/python3.9/site-packages/airflow/example_dags/tutorial_taskflow_api_etl_virtualenv.py
[2023-12-13 21:22:32,479] {processor.py:161} INFO - Processing /home/julioubuntu/Projects/EGD/airflow-trabalho-final/venv/lib/python3.9/site-packages/airflow/example_dags/tutorial_taskflow_api_etl_virtualenv.py took 0.064 seconds
[2023-12-13 21:23:06,284] {processor.py:153} INFO - Started process (PID=195316) to work on /home/julioubuntu/Projects/EGD/airflow-trabalho-final/venv/lib/python3.9/site-packages/airflow/example_dags/tutorial_taskflow_api_etl_virtualenv.py
[2023-12-13 21:23:06,285] {processor.py:641} INFO - Processing file /home/julioubuntu/Projects/EGD/airflow-trabalho-final/venv/lib/python3.9/site-packages/airflow/example_dags/tutorial_taskflow_api_etl_virtualenv.py for tasks to queue
[2023-12-13 21:23:06,285] {logging_mixin.py:115} INFO - [2023-12-13 21:23:06,285] {dagbag.py:507} INFO - Filling up the DagBag from /home/julioubuntu/Projects/EGD/airflow-trabalho-final/venv/lib/python3.9/site-packages/airflow/example_dags/tutorial_taskflow_api_etl_virtualenv.py
[2023-12-13 21:23:06,325] {logging_mixin.py:115} INFO - [2023-12-13 21:23:06,324] {tutorial_taskflow_api_etl_virtualenv.py:29} WARNING - The tutorial_taskflow_api_etl_virtualenv example DAG requires virtualenv, please install it.
[2023-12-13 21:23:06,325] {processor.py:653} WARNING - No viable dags retrieved from /home/julioubuntu/Projects/EGD/airflow-trabalho-final/venv/lib/python3.9/site-packages/airflow/example_dags/tutorial_taskflow_api_etl_virtualenv.py
[2023-12-13 21:23:06,333] {processor.py:161} INFO - Processing /home/julioubuntu/Projects/EGD/airflow-trabalho-final/venv/lib/python3.9/site-packages/airflow/example_dags/tutorial_taskflow_api_etl_virtualenv.py took 0.051 seconds
[2023-12-13 21:23:39,677] {processor.py:153} INFO - Started process (PID=195351) to work on /home/julioubuntu/Projects/EGD/airflow-trabalho-final/venv/lib/python3.9/site-packages/airflow/example_dags/tutorial_taskflow_api_etl_virtualenv.py
[2023-12-13 21:23:39,681] {processor.py:641} INFO - Processing file /home/julioubuntu/Projects/EGD/airflow-trabalho-final/venv/lib/python3.9/site-packages/airflow/example_dags/tutorial_taskflow_api_etl_virtualenv.py for tasks to queue
[2023-12-13 21:23:39,682] {logging_mixin.py:115} INFO - [2023-12-13 21:23:39,682] {dagbag.py:507} INFO - Filling up the DagBag from /home/julioubuntu/Projects/EGD/airflow-trabalho-final/venv/lib/python3.9/site-packages/airflow/example_dags/tutorial_taskflow_api_etl_virtualenv.py
[2023-12-13 21:23:39,733] {logging_mixin.py:115} INFO - [2023-12-13 21:23:39,733] {tutorial_taskflow_api_etl_virtualenv.py:29} WARNING - The tutorial_taskflow_api_etl_virtualenv example DAG requires virtualenv, please install it.
[2023-12-13 21:23:39,733] {processor.py:653} WARNING - No viable dags retrieved from /home/julioubuntu/Projects/EGD/airflow-trabalho-final/venv/lib/python3.9/site-packages/airflow/example_dags/tutorial_taskflow_api_etl_virtualenv.py
[2023-12-13 21:23:39,747] {processor.py:161} INFO - Processing /home/julioubuntu/Projects/EGD/airflow-trabalho-final/venv/lib/python3.9/site-packages/airflow/example_dags/tutorial_taskflow_api_etl_virtualenv.py took 0.072 seconds
[2023-12-13 21:24:12,090] {processor.py:153} INFO - Started process (PID=195392) to work on /home/julioubuntu/Projects/EGD/airflow-trabalho-final/venv/lib/python3.9/site-packages/airflow/example_dags/tutorial_taskflow_api_etl_virtualenv.py
[2023-12-13 21:24:12,092] {processor.py:641} INFO - Processing file /home/julioubuntu/Projects/EGD/airflow-trabalho-final/venv/lib/python3.9/site-packages/airflow/example_dags/tutorial_taskflow_api_etl_virtualenv.py for tasks to queue
[2023-12-13 21:24:12,092] {logging_mixin.py:115} INFO - [2023-12-13 21:24:12,092] {dagbag.py:507} INFO - Filling up the DagBag from /home/julioubuntu/Projects/EGD/airflow-trabalho-final/venv/lib/python3.9/site-packages/airflow/example_dags/tutorial_taskflow_api_etl_virtualenv.py
[2023-12-13 21:24:12,140] {logging_mixin.py:115} INFO - [2023-12-13 21:24:12,140] {tutorial_taskflow_api_etl_virtualenv.py:29} WARNING - The tutorial_taskflow_api_etl_virtualenv example DAG requires virtualenv, please install it.
[2023-12-13 21:24:12,141] {processor.py:653} WARNING - No viable dags retrieved from /home/julioubuntu/Projects/EGD/airflow-trabalho-final/venv/lib/python3.9/site-packages/airflow/example_dags/tutorial_taskflow_api_etl_virtualenv.py
[2023-12-13 21:24:12,150] {processor.py:161} INFO - Processing /home/julioubuntu/Projects/EGD/airflow-trabalho-final/venv/lib/python3.9/site-packages/airflow/example_dags/tutorial_taskflow_api_etl_virtualenv.py took 0.062 seconds
[2023-12-13 21:24:52,449] {processor.py:153} INFO - Started process (PID=195725) to work on /home/julioubuntu/Projects/EGD/airflow-trabalho-final/venv/lib/python3.9/site-packages/airflow/example_dags/tutorial_taskflow_api_etl_virtualenv.py
[2023-12-13 21:24:52,450] {processor.py:641} INFO - Processing file /home/julioubuntu/Projects/EGD/airflow-trabalho-final/venv/lib/python3.9/site-packages/airflow/example_dags/tutorial_taskflow_api_etl_virtualenv.py for tasks to queue
[2023-12-13 21:24:52,450] {logging_mixin.py:115} INFO - [2023-12-13 21:24:52,450] {dagbag.py:507} INFO - Filling up the DagBag from /home/julioubuntu/Projects/EGD/airflow-trabalho-final/venv/lib/python3.9/site-packages/airflow/example_dags/tutorial_taskflow_api_etl_virtualenv.py
[2023-12-13 21:24:52,502] {logging_mixin.py:115} INFO - [2023-12-13 21:24:52,502] {tutorial_taskflow_api_etl_virtualenv.py:29} WARNING - The tutorial_taskflow_api_etl_virtualenv example DAG requires virtualenv, please install it.
[2023-12-13 21:24:52,502] {processor.py:653} WARNING - No viable dags retrieved from /home/julioubuntu/Projects/EGD/airflow-trabalho-final/venv/lib/python3.9/site-packages/airflow/example_dags/tutorial_taskflow_api_etl_virtualenv.py
[2023-12-13 21:24:52,511] {processor.py:161} INFO - Processing /home/julioubuntu/Projects/EGD/airflow-trabalho-final/venv/lib/python3.9/site-packages/airflow/example_dags/tutorial_taskflow_api_etl_virtualenv.py took 0.064 seconds
[2023-12-13 21:25:23,870] {processor.py:153} INFO - Started process (PID=195768) to work on /home/julioubuntu/Projects/EGD/airflow-trabalho-final/venv/lib/python3.9/site-packages/airflow/example_dags/tutorial_taskflow_api_etl_virtualenv.py
[2023-12-13 21:25:23,871] {processor.py:641} INFO - Processing file /home/julioubuntu/Projects/EGD/airflow-trabalho-final/venv/lib/python3.9/site-packages/airflow/example_dags/tutorial_taskflow_api_etl_virtualenv.py for tasks to queue
[2023-12-13 21:25:23,872] {logging_mixin.py:115} INFO - [2023-12-13 21:25:23,872] {dagbag.py:507} INFO - Filling up the DagBag from /home/julioubuntu/Projects/EGD/airflow-trabalho-final/venv/lib/python3.9/site-packages/airflow/example_dags/tutorial_taskflow_api_etl_virtualenv.py
[2023-12-13 21:25:23,940] {logging_mixin.py:115} INFO - [2023-12-13 21:25:23,939] {tutorial_taskflow_api_etl_virtualenv.py:29} WARNING - The tutorial_taskflow_api_etl_virtualenv example DAG requires virtualenv, please install it.
[2023-12-13 21:25:23,940] {processor.py:653} WARNING - No viable dags retrieved from /home/julioubuntu/Projects/EGD/airflow-trabalho-final/venv/lib/python3.9/site-packages/airflow/example_dags/tutorial_taskflow_api_etl_virtualenv.py
[2023-12-13 21:25:23,954] {processor.py:161} INFO - Processing /home/julioubuntu/Projects/EGD/airflow-trabalho-final/venv/lib/python3.9/site-packages/airflow/example_dags/tutorial_taskflow_api_etl_virtualenv.py took 0.087 seconds
[2023-12-13 21:26:00,541] {processor.py:153} INFO - Started process (PID=196135) to work on /home/julioubuntu/Projects/EGD/airflow-trabalho-final/venv/lib/python3.9/site-packages/airflow/example_dags/tutorial_taskflow_api_etl_virtualenv.py
[2023-12-13 21:26:00,542] {processor.py:641} INFO - Processing file /home/julioubuntu/Projects/EGD/airflow-trabalho-final/venv/lib/python3.9/site-packages/airflow/example_dags/tutorial_taskflow_api_etl_virtualenv.py for tasks to queue
[2023-12-13 21:26:00,542] {logging_mixin.py:115} INFO - [2023-12-13 21:26:00,542] {dagbag.py:507} INFO - Filling up the DagBag from /home/julioubuntu/Projects/EGD/airflow-trabalho-final/venv/lib/python3.9/site-packages/airflow/example_dags/tutorial_taskflow_api_etl_virtualenv.py
[2023-12-13 21:26:00,588] {logging_mixin.py:115} INFO - [2023-12-13 21:26:00,588] {tutorial_taskflow_api_etl_virtualenv.py:29} WARNING - The tutorial_taskflow_api_etl_virtualenv example DAG requires virtualenv, please install it.
[2023-12-13 21:26:00,588] {processor.py:653} WARNING - No viable dags retrieved from /home/julioubuntu/Projects/EGD/airflow-trabalho-final/venv/lib/python3.9/site-packages/airflow/example_dags/tutorial_taskflow_api_etl_virtualenv.py
[2023-12-13 21:26:00,597] {processor.py:161} INFO - Processing /home/julioubuntu/Projects/EGD/airflow-trabalho-final/venv/lib/python3.9/site-packages/airflow/example_dags/tutorial_taskflow_api_etl_virtualenv.py took 0.058 seconds
[2023-12-13 21:26:37,673] {processor.py:153} INFO - Started process (PID=196561) to work on /home/julioubuntu/Projects/EGD/airflow-trabalho-final/venv/lib/python3.9/site-packages/airflow/example_dags/tutorial_taskflow_api_etl_virtualenv.py
[2023-12-13 21:26:37,677] {processor.py:641} INFO - Processing file /home/julioubuntu/Projects/EGD/airflow-trabalho-final/venv/lib/python3.9/site-packages/airflow/example_dags/tutorial_taskflow_api_etl_virtualenv.py for tasks to queue
[2023-12-13 21:26:37,677] {logging_mixin.py:115} INFO - [2023-12-13 21:26:37,677] {dagbag.py:507} INFO - Filling up the DagBag from /home/julioubuntu/Projects/EGD/airflow-trabalho-final/venv/lib/python3.9/site-packages/airflow/example_dags/tutorial_taskflow_api_etl_virtualenv.py
[2023-12-13 21:26:37,727] {logging_mixin.py:115} INFO - [2023-12-13 21:26:37,727] {tutorial_taskflow_api_etl_virtualenv.py:29} WARNING - The tutorial_taskflow_api_etl_virtualenv example DAG requires virtualenv, please install it.
[2023-12-13 21:26:37,727] {processor.py:653} WARNING - No viable dags retrieved from /home/julioubuntu/Projects/EGD/airflow-trabalho-final/venv/lib/python3.9/site-packages/airflow/example_dags/tutorial_taskflow_api_etl_virtualenv.py
[2023-12-13 21:26:37,739] {processor.py:161} INFO - Processing /home/julioubuntu/Projects/EGD/airflow-trabalho-final/venv/lib/python3.9/site-packages/airflow/example_dags/tutorial_taskflow_api_etl_virtualenv.py took 0.069 seconds
[2023-12-13 21:27:09,781] {processor.py:153} INFO - Started process (PID=196604) to work on /home/julioubuntu/Projects/EGD/airflow-trabalho-final/venv/lib/python3.9/site-packages/airflow/example_dags/tutorial_taskflow_api_etl_virtualenv.py
[2023-12-13 21:27:09,782] {processor.py:641} INFO - Processing file /home/julioubuntu/Projects/EGD/airflow-trabalho-final/venv/lib/python3.9/site-packages/airflow/example_dags/tutorial_taskflow_api_etl_virtualenv.py for tasks to queue
[2023-12-13 21:27:09,782] {logging_mixin.py:115} INFO - [2023-12-13 21:27:09,782] {dagbag.py:507} INFO - Filling up the DagBag from /home/julioubuntu/Projects/EGD/airflow-trabalho-final/venv/lib/python3.9/site-packages/airflow/example_dags/tutorial_taskflow_api_etl_virtualenv.py
[2023-12-13 21:27:09,823] {logging_mixin.py:115} INFO - [2023-12-13 21:27:09,823] {tutorial_taskflow_api_etl_virtualenv.py:29} WARNING - The tutorial_taskflow_api_etl_virtualenv example DAG requires virtualenv, please install it.
[2023-12-13 21:27:09,823] {processor.py:653} WARNING - No viable dags retrieved from /home/julioubuntu/Projects/EGD/airflow-trabalho-final/venv/lib/python3.9/site-packages/airflow/example_dags/tutorial_taskflow_api_etl_virtualenv.py
[2023-12-13 21:27:09,833] {processor.py:161} INFO - Processing /home/julioubuntu/Projects/EGD/airflow-trabalho-final/venv/lib/python3.9/site-packages/airflow/example_dags/tutorial_taskflow_api_etl_virtualenv.py took 0.055 seconds
[2023-12-13 21:27:45,054] {processor.py:153} INFO - Started process (PID=197022) to work on /home/julioubuntu/Projects/EGD/airflow-trabalho-final/venv/lib/python3.9/site-packages/airflow/example_dags/tutorial_taskflow_api_etl_virtualenv.py
[2023-12-13 21:27:45,055] {processor.py:641} INFO - Processing file /home/julioubuntu/Projects/EGD/airflow-trabalho-final/venv/lib/python3.9/site-packages/airflow/example_dags/tutorial_taskflow_api_etl_virtualenv.py for tasks to queue
[2023-12-13 21:27:45,056] {logging_mixin.py:115} INFO - [2023-12-13 21:27:45,056] {dagbag.py:507} INFO - Filling up the DagBag from /home/julioubuntu/Projects/EGD/airflow-trabalho-final/venv/lib/python3.9/site-packages/airflow/example_dags/tutorial_taskflow_api_etl_virtualenv.py
[2023-12-13 21:27:45,117] {logging_mixin.py:115} INFO - [2023-12-13 21:27:45,117] {tutorial_taskflow_api_etl_virtualenv.py:29} WARNING - The tutorial_taskflow_api_etl_virtualenv example DAG requires virtualenv, please install it.
[2023-12-13 21:27:45,118] {processor.py:653} WARNING - No viable dags retrieved from /home/julioubuntu/Projects/EGD/airflow-trabalho-final/venv/lib/python3.9/site-packages/airflow/example_dags/tutorial_taskflow_api_etl_virtualenv.py
[2023-12-13 21:27:45,128] {processor.py:161} INFO - Processing /home/julioubuntu/Projects/EGD/airflow-trabalho-final/venv/lib/python3.9/site-packages/airflow/example_dags/tutorial_taskflow_api_etl_virtualenv.py took 0.076 seconds
[2023-12-13 21:28:34,651] {processor.py:153} INFO - Started process (PID=197410) to work on /home/julioubuntu/Projects/EGD/airflow-trabalho-final/venv/lib/python3.9/site-packages/airflow/example_dags/tutorial_taskflow_api_etl_virtualenv.py
[2023-12-13 21:28:34,654] {processor.py:641} INFO - Processing file /home/julioubuntu/Projects/EGD/airflow-trabalho-final/venv/lib/python3.9/site-packages/airflow/example_dags/tutorial_taskflow_api_etl_virtualenv.py for tasks to queue
[2023-12-13 21:28:34,655] {logging_mixin.py:115} INFO - [2023-12-13 21:28:34,655] {dagbag.py:507} INFO - Filling up the DagBag from /home/julioubuntu/Projects/EGD/airflow-trabalho-final/venv/lib/python3.9/site-packages/airflow/example_dags/tutorial_taskflow_api_etl_virtualenv.py
[2023-12-13 21:28:34,696] {logging_mixin.py:115} INFO - [2023-12-13 21:28:34,696] {tutorial_taskflow_api_etl_virtualenv.py:29} WARNING - The tutorial_taskflow_api_etl_virtualenv example DAG requires virtualenv, please install it.
[2023-12-13 21:28:34,696] {processor.py:653} WARNING - No viable dags retrieved from /home/julioubuntu/Projects/EGD/airflow-trabalho-final/venv/lib/python3.9/site-packages/airflow/example_dags/tutorial_taskflow_api_etl_virtualenv.py
[2023-12-13 21:28:34,706] {processor.py:161} INFO - Processing /home/julioubuntu/Projects/EGD/airflow-trabalho-final/venv/lib/python3.9/site-packages/airflow/example_dags/tutorial_taskflow_api_etl_virtualenv.py took 0.058 seconds
[2023-12-13 21:29:18,092] {processor.py:153} INFO - Started process (PID=197802) to work on /home/julioubuntu/Projects/EGD/airflow-trabalho-final/venv/lib/python3.9/site-packages/airflow/example_dags/tutorial_taskflow_api_etl_virtualenv.py
[2023-12-13 21:29:18,094] {processor.py:641} INFO - Processing file /home/julioubuntu/Projects/EGD/airflow-trabalho-final/venv/lib/python3.9/site-packages/airflow/example_dags/tutorial_taskflow_api_etl_virtualenv.py for tasks to queue
[2023-12-13 21:29:18,095] {logging_mixin.py:115} INFO - [2023-12-13 21:29:18,095] {dagbag.py:507} INFO - Filling up the DagBag from /home/julioubuntu/Projects/EGD/airflow-trabalho-final/venv/lib/python3.9/site-packages/airflow/example_dags/tutorial_taskflow_api_etl_virtualenv.py
[2023-12-13 21:29:18,147] {logging_mixin.py:115} INFO - [2023-12-13 21:29:18,147] {tutorial_taskflow_api_etl_virtualenv.py:29} WARNING - The tutorial_taskflow_api_etl_virtualenv example DAG requires virtualenv, please install it.
[2023-12-13 21:29:18,148] {processor.py:653} WARNING - No viable dags retrieved from /home/julioubuntu/Projects/EGD/airflow-trabalho-final/venv/lib/python3.9/site-packages/airflow/example_dags/tutorial_taskflow_api_etl_virtualenv.py
[2023-12-13 21:29:18,156] {processor.py:161} INFO - Processing /home/julioubuntu/Projects/EGD/airflow-trabalho-final/venv/lib/python3.9/site-packages/airflow/example_dags/tutorial_taskflow_api_etl_virtualenv.py took 0.067 seconds
[2023-12-13 21:29:58,785] {processor.py:153} INFO - Started process (PID=198154) to work on /home/julioubuntu/Projects/EGD/airflow-trabalho-final/venv/lib/python3.9/site-packages/airflow/example_dags/tutorial_taskflow_api_etl_virtualenv.py
[2023-12-13 21:29:58,787] {processor.py:641} INFO - Processing file /home/julioubuntu/Projects/EGD/airflow-trabalho-final/venv/lib/python3.9/site-packages/airflow/example_dags/tutorial_taskflow_api_etl_virtualenv.py for tasks to queue
[2023-12-13 21:29:58,788] {logging_mixin.py:115} INFO - [2023-12-13 21:29:58,787] {dagbag.py:507} INFO - Filling up the DagBag from /home/julioubuntu/Projects/EGD/airflow-trabalho-final/venv/lib/python3.9/site-packages/airflow/example_dags/tutorial_taskflow_api_etl_virtualenv.py
[2023-12-13 21:29:58,920] {logging_mixin.py:115} INFO - [2023-12-13 21:29:58,920] {tutorial_taskflow_api_etl_virtualenv.py:29} WARNING - The tutorial_taskflow_api_etl_virtualenv example DAG requires virtualenv, please install it.
[2023-12-13 21:29:58,920] {processor.py:653} WARNING - No viable dags retrieved from /home/julioubuntu/Projects/EGD/airflow-trabalho-final/venv/lib/python3.9/site-packages/airflow/example_dags/tutorial_taskflow_api_etl_virtualenv.py
[2023-12-13 21:29:58,951] {processor.py:161} INFO - Processing /home/julioubuntu/Projects/EGD/airflow-trabalho-final/venv/lib/python3.9/site-packages/airflow/example_dags/tutorial_taskflow_api_etl_virtualenv.py took 0.177 seconds
[2023-12-13 21:30:32,870] {processor.py:153} INFO - Started process (PID=198193) to work on /home/julioubuntu/Projects/EGD/airflow-trabalho-final/venv/lib/python3.9/site-packages/airflow/example_dags/tutorial_taskflow_api_etl_virtualenv.py
[2023-12-13 21:30:32,872] {processor.py:641} INFO - Processing file /home/julioubuntu/Projects/EGD/airflow-trabalho-final/venv/lib/python3.9/site-packages/airflow/example_dags/tutorial_taskflow_api_etl_virtualenv.py for tasks to queue
[2023-12-13 21:30:32,881] {logging_mixin.py:115} INFO - [2023-12-13 21:30:32,880] {dagbag.py:507} INFO - Filling up the DagBag from /home/julioubuntu/Projects/EGD/airflow-trabalho-final/venv/lib/python3.9/site-packages/airflow/example_dags/tutorial_taskflow_api_etl_virtualenv.py
[2023-12-13 21:30:32,983] {logging_mixin.py:115} INFO - [2023-12-13 21:30:32,983] {tutorial_taskflow_api_etl_virtualenv.py:29} WARNING - The tutorial_taskflow_api_etl_virtualenv example DAG requires virtualenv, please install it.
[2023-12-13 21:30:32,983] {processor.py:653} WARNING - No viable dags retrieved from /home/julioubuntu/Projects/EGD/airflow-trabalho-final/venv/lib/python3.9/site-packages/airflow/example_dags/tutorial_taskflow_api_etl_virtualenv.py
[2023-12-13 21:30:33,009] {processor.py:161} INFO - Processing /home/julioubuntu/Projects/EGD/airflow-trabalho-final/venv/lib/python3.9/site-packages/airflow/example_dags/tutorial_taskflow_api_etl_virtualenv.py took 0.143 seconds
[2023-12-13 21:31:06,989] {processor.py:153} INFO - Started process (PID=198262) to work on /home/julioubuntu/Projects/EGD/airflow-trabalho-final/venv/lib/python3.9/site-packages/airflow/example_dags/tutorial_taskflow_api_etl_virtualenv.py
[2023-12-13 21:31:06,990] {processor.py:641} INFO - Processing file /home/julioubuntu/Projects/EGD/airflow-trabalho-final/venv/lib/python3.9/site-packages/airflow/example_dags/tutorial_taskflow_api_etl_virtualenv.py for tasks to queue
[2023-12-13 21:31:06,992] {logging_mixin.py:115} INFO - [2023-12-13 21:31:06,992] {dagbag.py:507} INFO - Filling up the DagBag from /home/julioubuntu/Projects/EGD/airflow-trabalho-final/venv/lib/python3.9/site-packages/airflow/example_dags/tutorial_taskflow_api_etl_virtualenv.py
[2023-12-13 21:31:07,065] {logging_mixin.py:115} INFO - [2023-12-13 21:31:07,065] {tutorial_taskflow_api_etl_virtualenv.py:29} WARNING - The tutorial_taskflow_api_etl_virtualenv example DAG requires virtualenv, please install it.
[2023-12-13 21:31:07,065] {processor.py:653} WARNING - No viable dags retrieved from /home/julioubuntu/Projects/EGD/airflow-trabalho-final/venv/lib/python3.9/site-packages/airflow/example_dags/tutorial_taskflow_api_etl_virtualenv.py
[2023-12-13 21:31:07,085] {processor.py:161} INFO - Processing /home/julioubuntu/Projects/EGD/airflow-trabalho-final/venv/lib/python3.9/site-packages/airflow/example_dags/tutorial_taskflow_api_etl_virtualenv.py took 0.100 seconds
[2023-12-13 21:31:43,132] {processor.py:153} INFO - Started process (PID=198648) to work on /home/julioubuntu/Projects/EGD/airflow-trabalho-final/venv/lib/python3.9/site-packages/airflow/example_dags/tutorial_taskflow_api_etl_virtualenv.py
[2023-12-13 21:31:43,133] {processor.py:641} INFO - Processing file /home/julioubuntu/Projects/EGD/airflow-trabalho-final/venv/lib/python3.9/site-packages/airflow/example_dags/tutorial_taskflow_api_etl_virtualenv.py for tasks to queue
[2023-12-13 21:31:43,135] {logging_mixin.py:115} INFO - [2023-12-13 21:31:43,134] {dagbag.py:507} INFO - Filling up the DagBag from /home/julioubuntu/Projects/EGD/airflow-trabalho-final/venv/lib/python3.9/site-packages/airflow/example_dags/tutorial_taskflow_api_etl_virtualenv.py
[2023-12-13 21:31:43,243] {logging_mixin.py:115} INFO - [2023-12-13 21:31:43,243] {tutorial_taskflow_api_etl_virtualenv.py:29} WARNING - The tutorial_taskflow_api_etl_virtualenv example DAG requires virtualenv, please install it.
[2023-12-13 21:31:43,243] {processor.py:653} WARNING - No viable dags retrieved from /home/julioubuntu/Projects/EGD/airflow-trabalho-final/venv/lib/python3.9/site-packages/airflow/example_dags/tutorial_taskflow_api_etl_virtualenv.py
[2023-12-13 21:31:43,267] {processor.py:161} INFO - Processing /home/julioubuntu/Projects/EGD/airflow-trabalho-final/venv/lib/python3.9/site-packages/airflow/example_dags/tutorial_taskflow_api_etl_virtualenv.py took 0.139 seconds
[2023-12-13 21:32:25,267] {processor.py:153} INFO - Started process (PID=199180) to work on /home/julioubuntu/Projects/EGD/airflow-trabalho-final/venv/lib/python3.9/site-packages/airflow/example_dags/tutorial_taskflow_api_etl_virtualenv.py
[2023-12-13 21:32:25,269] {processor.py:641} INFO - Processing file /home/julioubuntu/Projects/EGD/airflow-trabalho-final/venv/lib/python3.9/site-packages/airflow/example_dags/tutorial_taskflow_api_etl_virtualenv.py for tasks to queue
[2023-12-13 21:32:25,270] {logging_mixin.py:115} INFO - [2023-12-13 21:32:25,270] {dagbag.py:507} INFO - Filling up the DagBag from /home/julioubuntu/Projects/EGD/airflow-trabalho-final/venv/lib/python3.9/site-packages/airflow/example_dags/tutorial_taskflow_api_etl_virtualenv.py
[2023-12-13 21:32:25,408] {logging_mixin.py:115} INFO - [2023-12-13 21:32:25,408] {tutorial_taskflow_api_etl_virtualenv.py:29} WARNING - The tutorial_taskflow_api_etl_virtualenv example DAG requires virtualenv, please install it.
[2023-12-13 21:32:25,409] {processor.py:653} WARNING - No viable dags retrieved from /home/julioubuntu/Projects/EGD/airflow-trabalho-final/venv/lib/python3.9/site-packages/airflow/example_dags/tutorial_taskflow_api_etl_virtualenv.py
[2023-12-13 21:32:25,448] {processor.py:161} INFO - Processing /home/julioubuntu/Projects/EGD/airflow-trabalho-final/venv/lib/python3.9/site-packages/airflow/example_dags/tutorial_taskflow_api_etl_virtualenv.py took 0.194 seconds
[2023-12-13 21:33:07,268] {processor.py:153} INFO - Started process (PID=207654) to work on /home/julioubuntu/Projects/EGD/airflow-trabalho-final/venv/lib/python3.9/site-packages/airflow/example_dags/tutorial_taskflow_api_etl_virtualenv.py
[2023-12-13 21:33:07,270] {processor.py:641} INFO - Processing file /home/julioubuntu/Projects/EGD/airflow-trabalho-final/venv/lib/python3.9/site-packages/airflow/example_dags/tutorial_taskflow_api_etl_virtualenv.py for tasks to queue
[2023-12-13 21:33:07,280] {logging_mixin.py:115} INFO - [2023-12-13 21:33:07,279] {dagbag.py:507} INFO - Filling up the DagBag from /home/julioubuntu/Projects/EGD/airflow-trabalho-final/venv/lib/python3.9/site-packages/airflow/example_dags/tutorial_taskflow_api_etl_virtualenv.py
[2023-12-13 21:33:07,524] {logging_mixin.py:115} INFO - [2023-12-13 21:33:07,524] {tutorial_taskflow_api_etl_virtualenv.py:29} WARNING - The tutorial_taskflow_api_etl_virtualenv example DAG requires virtualenv, please install it.
[2023-12-13 21:33:07,525] {processor.py:653} WARNING - No viable dags retrieved from /home/julioubuntu/Projects/EGD/airflow-trabalho-final/venv/lib/python3.9/site-packages/airflow/example_dags/tutorial_taskflow_api_etl_virtualenv.py
[2023-12-13 21:33:07,612] {processor.py:161} INFO - Processing /home/julioubuntu/Projects/EGD/airflow-trabalho-final/venv/lib/python3.9/site-packages/airflow/example_dags/tutorial_taskflow_api_etl_virtualenv.py took 0.351 seconds
[2023-12-13 21:33:50,386] {processor.py:153} INFO - Started process (PID=211105) to work on /home/julioubuntu/Projects/EGD/airflow-trabalho-final/venv/lib/python3.9/site-packages/airflow/example_dags/tutorial_taskflow_api_etl_virtualenv.py
[2023-12-13 21:33:50,388] {processor.py:641} INFO - Processing file /home/julioubuntu/Projects/EGD/airflow-trabalho-final/venv/lib/python3.9/site-packages/airflow/example_dags/tutorial_taskflow_api_etl_virtualenv.py for tasks to queue
[2023-12-13 21:33:50,390] {logging_mixin.py:115} INFO - [2023-12-13 21:33:50,390] {dagbag.py:507} INFO - Filling up the DagBag from /home/julioubuntu/Projects/EGD/airflow-trabalho-final/venv/lib/python3.9/site-packages/airflow/example_dags/tutorial_taskflow_api_etl_virtualenv.py
[2023-12-13 21:33:50,463] {logging_mixin.py:115} INFO - [2023-12-13 21:33:50,463] {tutorial_taskflow_api_etl_virtualenv.py:29} WARNING - The tutorial_taskflow_api_etl_virtualenv example DAG requires virtualenv, please install it.
[2023-12-13 21:33:50,464] {processor.py:653} WARNING - No viable dags retrieved from /home/julioubuntu/Projects/EGD/airflow-trabalho-final/venv/lib/python3.9/site-packages/airflow/example_dags/tutorial_taskflow_api_etl_virtualenv.py
[2023-12-13 21:33:50,487] {processor.py:161} INFO - Processing /home/julioubuntu/Projects/EGD/airflow-trabalho-final/venv/lib/python3.9/site-packages/airflow/example_dags/tutorial_taskflow_api_etl_virtualenv.py took 0.105 seconds
[2023-12-13 21:34:27,966] {processor.py:153} INFO - Started process (PID=211267) to work on /home/julioubuntu/Projects/EGD/airflow-trabalho-final/venv/lib/python3.9/site-packages/airflow/example_dags/tutorial_taskflow_api_etl_virtualenv.py
[2023-12-13 21:34:27,967] {processor.py:641} INFO - Processing file /home/julioubuntu/Projects/EGD/airflow-trabalho-final/venv/lib/python3.9/site-packages/airflow/example_dags/tutorial_taskflow_api_etl_virtualenv.py for tasks to queue
[2023-12-13 21:34:27,967] {logging_mixin.py:115} INFO - [2023-12-13 21:34:27,967] {dagbag.py:507} INFO - Filling up the DagBag from /home/julioubuntu/Projects/EGD/airflow-trabalho-final/venv/lib/python3.9/site-packages/airflow/example_dags/tutorial_taskflow_api_etl_virtualenv.py
[2023-12-13 21:34:28,015] {logging_mixin.py:115} INFO - [2023-12-13 21:34:28,015] {tutorial_taskflow_api_etl_virtualenv.py:29} WARNING - The tutorial_taskflow_api_etl_virtualenv example DAG requires virtualenv, please install it.
[2023-12-13 21:34:28,015] {processor.py:653} WARNING - No viable dags retrieved from /home/julioubuntu/Projects/EGD/airflow-trabalho-final/venv/lib/python3.9/site-packages/airflow/example_dags/tutorial_taskflow_api_etl_virtualenv.py
[2023-12-13 21:34:28,029] {processor.py:161} INFO - Processing /home/julioubuntu/Projects/EGD/airflow-trabalho-final/venv/lib/python3.9/site-packages/airflow/example_dags/tutorial_taskflow_api_etl_virtualenv.py took 0.066 seconds
[2023-12-13 21:35:01,314] {processor.py:153} INFO - Started process (PID=211305) to work on /home/julioubuntu/Projects/EGD/airflow-trabalho-final/venv/lib/python3.9/site-packages/airflow/example_dags/tutorial_taskflow_api_etl_virtualenv.py
[2023-12-13 21:35:01,315] {processor.py:641} INFO - Processing file /home/julioubuntu/Projects/EGD/airflow-trabalho-final/venv/lib/python3.9/site-packages/airflow/example_dags/tutorial_taskflow_api_etl_virtualenv.py for tasks to queue
[2023-12-13 21:35:01,316] {logging_mixin.py:115} INFO - [2023-12-13 21:35:01,316] {dagbag.py:507} INFO - Filling up the DagBag from /home/julioubuntu/Projects/EGD/airflow-trabalho-final/venv/lib/python3.9/site-packages/airflow/example_dags/tutorial_taskflow_api_etl_virtualenv.py
[2023-12-13 21:35:01,382] {logging_mixin.py:115} INFO - [2023-12-13 21:35:01,382] {tutorial_taskflow_api_etl_virtualenv.py:29} WARNING - The tutorial_taskflow_api_etl_virtualenv example DAG requires virtualenv, please install it.
[2023-12-13 21:35:01,382] {processor.py:653} WARNING - No viable dags retrieved from /home/julioubuntu/Projects/EGD/airflow-trabalho-final/venv/lib/python3.9/site-packages/airflow/example_dags/tutorial_taskflow_api_etl_virtualenv.py
[2023-12-13 21:35:01,402] {processor.py:161} INFO - Processing /home/julioubuntu/Projects/EGD/airflow-trabalho-final/venv/lib/python3.9/site-packages/airflow/example_dags/tutorial_taskflow_api_etl_virtualenv.py took 0.091 seconds
[2023-12-13 21:35:40,739] {processor.py:153} INFO - Started process (PID=211358) to work on /home/julioubuntu/Projects/EGD/airflow-trabalho-final/venv/lib/python3.9/site-packages/airflow/example_dags/tutorial_taskflow_api_etl_virtualenv.py
[2023-12-13 21:35:40,740] {processor.py:641} INFO - Processing file /home/julioubuntu/Projects/EGD/airflow-trabalho-final/venv/lib/python3.9/site-packages/airflow/example_dags/tutorial_taskflow_api_etl_virtualenv.py for tasks to queue
[2023-12-13 21:35:40,741] {logging_mixin.py:115} INFO - [2023-12-13 21:35:40,741] {dagbag.py:507} INFO - Filling up the DagBag from /home/julioubuntu/Projects/EGD/airflow-trabalho-final/venv/lib/python3.9/site-packages/airflow/example_dags/tutorial_taskflow_api_etl_virtualenv.py
[2023-12-13 21:35:40,920] {logging_mixin.py:115} INFO - [2023-12-13 21:35:40,920] {tutorial_taskflow_api_etl_virtualenv.py:29} WARNING - The tutorial_taskflow_api_etl_virtualenv example DAG requires virtualenv, please install it.
[2023-12-13 21:35:40,920] {processor.py:653} WARNING - No viable dags retrieved from /home/julioubuntu/Projects/EGD/airflow-trabalho-final/venv/lib/python3.9/site-packages/airflow/example_dags/tutorial_taskflow_api_etl_virtualenv.py
[2023-12-13 21:35:40,928] {processor.py:161} INFO - Processing /home/julioubuntu/Projects/EGD/airflow-trabalho-final/venv/lib/python3.9/site-packages/airflow/example_dags/tutorial_taskflow_api_etl_virtualenv.py took 0.191 seconds
[2023-12-13 21:36:25,464] {processor.py:153} INFO - Started process (PID=212000) to work on /home/julioubuntu/Projects/EGD/airflow-trabalho-final/venv/lib/python3.9/site-packages/airflow/example_dags/tutorial_taskflow_api_etl_virtualenv.py
[2023-12-13 21:36:25,465] {processor.py:641} INFO - Processing file /home/julioubuntu/Projects/EGD/airflow-trabalho-final/venv/lib/python3.9/site-packages/airflow/example_dags/tutorial_taskflow_api_etl_virtualenv.py for tasks to queue
[2023-12-13 21:36:25,465] {logging_mixin.py:115} INFO - [2023-12-13 21:36:25,465] {dagbag.py:507} INFO - Filling up the DagBag from /home/julioubuntu/Projects/EGD/airflow-trabalho-final/venv/lib/python3.9/site-packages/airflow/example_dags/tutorial_taskflow_api_etl_virtualenv.py
[2023-12-13 21:36:25,635] {logging_mixin.py:115} INFO - [2023-12-13 21:36:25,635] {tutorial_taskflow_api_etl_virtualenv.py:29} WARNING - The tutorial_taskflow_api_etl_virtualenv example DAG requires virtualenv, please install it.
[2023-12-13 21:36:25,635] {processor.py:653} WARNING - No viable dags retrieved from /home/julioubuntu/Projects/EGD/airflow-trabalho-final/venv/lib/python3.9/site-packages/airflow/example_dags/tutorial_taskflow_api_etl_virtualenv.py
[2023-12-13 21:36:25,644] {processor.py:161} INFO - Processing /home/julioubuntu/Projects/EGD/airflow-trabalho-final/venv/lib/python3.9/site-packages/airflow/example_dags/tutorial_taskflow_api_etl_virtualenv.py took 0.184 seconds
[2023-12-13 21:37:03,500] {processor.py:153} INFO - Started process (PID=212291) to work on /home/julioubuntu/Projects/EGD/airflow-trabalho-final/venv/lib/python3.9/site-packages/airflow/example_dags/tutorial_taskflow_api_etl_virtualenv.py
[2023-12-13 21:37:03,501] {processor.py:641} INFO - Processing file /home/julioubuntu/Projects/EGD/airflow-trabalho-final/venv/lib/python3.9/site-packages/airflow/example_dags/tutorial_taskflow_api_etl_virtualenv.py for tasks to queue
[2023-12-13 21:37:03,502] {logging_mixin.py:115} INFO - [2023-12-13 21:37:03,502] {dagbag.py:507} INFO - Filling up the DagBag from /home/julioubuntu/Projects/EGD/airflow-trabalho-final/venv/lib/python3.9/site-packages/airflow/example_dags/tutorial_taskflow_api_etl_virtualenv.py
[2023-12-13 21:37:03,569] {logging_mixin.py:115} INFO - [2023-12-13 21:37:03,569] {tutorial_taskflow_api_etl_virtualenv.py:29} WARNING - The tutorial_taskflow_api_etl_virtualenv example DAG requires virtualenv, please install it.
[2023-12-13 21:37:03,570] {processor.py:653} WARNING - No viable dags retrieved from /home/julioubuntu/Projects/EGD/airflow-trabalho-final/venv/lib/python3.9/site-packages/airflow/example_dags/tutorial_taskflow_api_etl_virtualenv.py
[2023-12-13 21:37:03,582] {processor.py:161} INFO - Processing /home/julioubuntu/Projects/EGD/airflow-trabalho-final/venv/lib/python3.9/site-packages/airflow/example_dags/tutorial_taskflow_api_etl_virtualenv.py took 0.085 seconds
[2023-12-13 21:38:52,919] {processor.py:153} INFO - Started process (PID=213359) to work on /home/julioubuntu/Projects/EGD/airflow-trabalho-final/venv/lib/python3.9/site-packages/airflow/example_dags/tutorial_taskflow_api_etl_virtualenv.py
[2023-12-13 21:38:52,920] {processor.py:641} INFO - Processing file /home/julioubuntu/Projects/EGD/airflow-trabalho-final/venv/lib/python3.9/site-packages/airflow/example_dags/tutorial_taskflow_api_etl_virtualenv.py for tasks to queue
[2023-12-13 21:38:52,920] {logging_mixin.py:115} INFO - [2023-12-13 21:38:52,920] {dagbag.py:507} INFO - Filling up the DagBag from /home/julioubuntu/Projects/EGD/airflow-trabalho-final/venv/lib/python3.9/site-packages/airflow/example_dags/tutorial_taskflow_api_etl_virtualenv.py
[2023-12-13 21:38:52,964] {logging_mixin.py:115} INFO - [2023-12-13 21:38:52,964] {tutorial_taskflow_api_etl_virtualenv.py:29} WARNING - The tutorial_taskflow_api_etl_virtualenv example DAG requires virtualenv, please install it.
[2023-12-13 21:38:52,964] {processor.py:653} WARNING - No viable dags retrieved from /home/julioubuntu/Projects/EGD/airflow-trabalho-final/venv/lib/python3.9/site-packages/airflow/example_dags/tutorial_taskflow_api_etl_virtualenv.py
[2023-12-13 21:38:52,973] {processor.py:161} INFO - Processing /home/julioubuntu/Projects/EGD/airflow-trabalho-final/venv/lib/python3.9/site-packages/airflow/example_dags/tutorial_taskflow_api_etl_virtualenv.py took 0.056 seconds
[2023-12-13 21:39:29,386] {processor.py:153} INFO - Started process (PID=213402) to work on /home/julioubuntu/Projects/EGD/airflow-trabalho-final/venv/lib/python3.9/site-packages/airflow/example_dags/tutorial_taskflow_api_etl_virtualenv.py
[2023-12-13 21:39:29,388] {processor.py:641} INFO - Processing file /home/julioubuntu/Projects/EGD/airflow-trabalho-final/venv/lib/python3.9/site-packages/airflow/example_dags/tutorial_taskflow_api_etl_virtualenv.py for tasks to queue
[2023-12-13 21:39:29,389] {logging_mixin.py:115} INFO - [2023-12-13 21:39:29,389] {dagbag.py:507} INFO - Filling up the DagBag from /home/julioubuntu/Projects/EGD/airflow-trabalho-final/venv/lib/python3.9/site-packages/airflow/example_dags/tutorial_taskflow_api_etl_virtualenv.py
[2023-12-13 21:39:29,453] {logging_mixin.py:115} INFO - [2023-12-13 21:39:29,453] {tutorial_taskflow_api_etl_virtualenv.py:29} WARNING - The tutorial_taskflow_api_etl_virtualenv example DAG requires virtualenv, please install it.
[2023-12-13 21:39:29,454] {processor.py:653} WARNING - No viable dags retrieved from /home/julioubuntu/Projects/EGD/airflow-trabalho-final/venv/lib/python3.9/site-packages/airflow/example_dags/tutorial_taskflow_api_etl_virtualenv.py
[2023-12-13 21:39:29,462] {processor.py:161} INFO - Processing /home/julioubuntu/Projects/EGD/airflow-trabalho-final/venv/lib/python3.9/site-packages/airflow/example_dags/tutorial_taskflow_api_etl_virtualenv.py took 0.079 seconds
[2023-12-13 21:40:04,119] {processor.py:153} INFO - Started process (PID=213447) to work on /home/julioubuntu/Projects/EGD/airflow-trabalho-final/venv/lib/python3.9/site-packages/airflow/example_dags/tutorial_taskflow_api_etl_virtualenv.py
[2023-12-13 21:40:04,122] {processor.py:641} INFO - Processing file /home/julioubuntu/Projects/EGD/airflow-trabalho-final/venv/lib/python3.9/site-packages/airflow/example_dags/tutorial_taskflow_api_etl_virtualenv.py for tasks to queue
[2023-12-13 21:40:04,123] {logging_mixin.py:115} INFO - [2023-12-13 21:40:04,123] {dagbag.py:507} INFO - Filling up the DagBag from /home/julioubuntu/Projects/EGD/airflow-trabalho-final/venv/lib/python3.9/site-packages/airflow/example_dags/tutorial_taskflow_api_etl_virtualenv.py
[2023-12-13 21:40:04,166] {logging_mixin.py:115} INFO - [2023-12-13 21:40:04,166] {tutorial_taskflow_api_etl_virtualenv.py:29} WARNING - The tutorial_taskflow_api_etl_virtualenv example DAG requires virtualenv, please install it.
[2023-12-13 21:40:04,166] {processor.py:653} WARNING - No viable dags retrieved from /home/julioubuntu/Projects/EGD/airflow-trabalho-final/venv/lib/python3.9/site-packages/airflow/example_dags/tutorial_taskflow_api_etl_virtualenv.py
[2023-12-13 21:40:04,175] {processor.py:161} INFO - Processing /home/julioubuntu/Projects/EGD/airflow-trabalho-final/venv/lib/python3.9/site-packages/airflow/example_dags/tutorial_taskflow_api_etl_virtualenv.py took 0.058 seconds
[2023-12-13 21:40:39,276] {processor.py:153} INFO - Started process (PID=213490) to work on /home/julioubuntu/Projects/EGD/airflow-trabalho-final/venv/lib/python3.9/site-packages/airflow/example_dags/tutorial_taskflow_api_etl_virtualenv.py
[2023-12-13 21:40:39,277] {processor.py:641} INFO - Processing file /home/julioubuntu/Projects/EGD/airflow-trabalho-final/venv/lib/python3.9/site-packages/airflow/example_dags/tutorial_taskflow_api_etl_virtualenv.py for tasks to queue
[2023-12-13 21:40:39,277] {logging_mixin.py:115} INFO - [2023-12-13 21:40:39,277] {dagbag.py:507} INFO - Filling up the DagBag from /home/julioubuntu/Projects/EGD/airflow-trabalho-final/venv/lib/python3.9/site-packages/airflow/example_dags/tutorial_taskflow_api_etl_virtualenv.py
[2023-12-13 21:40:39,317] {logging_mixin.py:115} INFO - [2023-12-13 21:40:39,316] {tutorial_taskflow_api_etl_virtualenv.py:29} WARNING - The tutorial_taskflow_api_etl_virtualenv example DAG requires virtualenv, please install it.
[2023-12-13 21:40:39,317] {processor.py:653} WARNING - No viable dags retrieved from /home/julioubuntu/Projects/EGD/airflow-trabalho-final/venv/lib/python3.9/site-packages/airflow/example_dags/tutorial_taskflow_api_etl_virtualenv.py
[2023-12-13 21:40:39,325] {processor.py:161} INFO - Processing /home/julioubuntu/Projects/EGD/airflow-trabalho-final/venv/lib/python3.9/site-packages/airflow/example_dags/tutorial_taskflow_api_etl_virtualenv.py took 0.052 seconds
[2023-12-13 21:41:12,545] {processor.py:153} INFO - Started process (PID=213531) to work on /home/julioubuntu/Projects/EGD/airflow-trabalho-final/venv/lib/python3.9/site-packages/airflow/example_dags/tutorial_taskflow_api_etl_virtualenv.py
[2023-12-13 21:41:12,549] {processor.py:641} INFO - Processing file /home/julioubuntu/Projects/EGD/airflow-trabalho-final/venv/lib/python3.9/site-packages/airflow/example_dags/tutorial_taskflow_api_etl_virtualenv.py for tasks to queue
[2023-12-13 21:41:12,549] {logging_mixin.py:115} INFO - [2023-12-13 21:41:12,549] {dagbag.py:507} INFO - Filling up the DagBag from /home/julioubuntu/Projects/EGD/airflow-trabalho-final/venv/lib/python3.9/site-packages/airflow/example_dags/tutorial_taskflow_api_etl_virtualenv.py
[2023-12-13 21:41:12,592] {logging_mixin.py:115} INFO - [2023-12-13 21:41:12,592] {tutorial_taskflow_api_etl_virtualenv.py:29} WARNING - The tutorial_taskflow_api_etl_virtualenv example DAG requires virtualenv, please install it.
[2023-12-13 21:41:12,592] {processor.py:653} WARNING - No viable dags retrieved from /home/julioubuntu/Projects/EGD/airflow-trabalho-final/venv/lib/python3.9/site-packages/airflow/example_dags/tutorial_taskflow_api_etl_virtualenv.py
[2023-12-13 21:41:12,600] {processor.py:161} INFO - Processing /home/julioubuntu/Projects/EGD/airflow-trabalho-final/venv/lib/python3.9/site-packages/airflow/example_dags/tutorial_taskflow_api_etl_virtualenv.py took 0.057 seconds
[2023-12-13 21:41:47,028] {processor.py:153} INFO - Started process (PID=213573) to work on /home/julioubuntu/Projects/EGD/airflow-trabalho-final/venv/lib/python3.9/site-packages/airflow/example_dags/tutorial_taskflow_api_etl_virtualenv.py
[2023-12-13 21:41:47,029] {processor.py:641} INFO - Processing file /home/julioubuntu/Projects/EGD/airflow-trabalho-final/venv/lib/python3.9/site-packages/airflow/example_dags/tutorial_taskflow_api_etl_virtualenv.py for tasks to queue
[2023-12-13 21:41:47,029] {logging_mixin.py:115} INFO - [2023-12-13 21:41:47,029] {dagbag.py:507} INFO - Filling up the DagBag from /home/julioubuntu/Projects/EGD/airflow-trabalho-final/venv/lib/python3.9/site-packages/airflow/example_dags/tutorial_taskflow_api_etl_virtualenv.py
[2023-12-13 21:41:47,076] {logging_mixin.py:115} INFO - [2023-12-13 21:41:47,076] {tutorial_taskflow_api_etl_virtualenv.py:29} WARNING - The tutorial_taskflow_api_etl_virtualenv example DAG requires virtualenv, please install it.
[2023-12-13 21:41:47,076] {processor.py:653} WARNING - No viable dags retrieved from /home/julioubuntu/Projects/EGD/airflow-trabalho-final/venv/lib/python3.9/site-packages/airflow/example_dags/tutorial_taskflow_api_etl_virtualenv.py
[2023-12-13 21:41:47,085] {processor.py:161} INFO - Processing /home/julioubuntu/Projects/EGD/airflow-trabalho-final/venv/lib/python3.9/site-packages/airflow/example_dags/tutorial_taskflow_api_etl_virtualenv.py took 0.059 seconds
[2023-12-13 21:42:22,937] {processor.py:153} INFO - Started process (PID=213616) to work on /home/julioubuntu/Projects/EGD/airflow-trabalho-final/venv/lib/python3.9/site-packages/airflow/example_dags/tutorial_taskflow_api_etl_virtualenv.py
[2023-12-13 21:42:22,941] {processor.py:641} INFO - Processing file /home/julioubuntu/Projects/EGD/airflow-trabalho-final/venv/lib/python3.9/site-packages/airflow/example_dags/tutorial_taskflow_api_etl_virtualenv.py for tasks to queue
[2023-12-13 21:42:22,941] {logging_mixin.py:115} INFO - [2023-12-13 21:42:22,941] {dagbag.py:507} INFO - Filling up the DagBag from /home/julioubuntu/Projects/EGD/airflow-trabalho-final/venv/lib/python3.9/site-packages/airflow/example_dags/tutorial_taskflow_api_etl_virtualenv.py
[2023-12-13 21:42:22,987] {logging_mixin.py:115} INFO - [2023-12-13 21:42:22,987] {tutorial_taskflow_api_etl_virtualenv.py:29} WARNING - The tutorial_taskflow_api_etl_virtualenv example DAG requires virtualenv, please install it.
[2023-12-13 21:42:22,987] {processor.py:653} WARNING - No viable dags retrieved from /home/julioubuntu/Projects/EGD/airflow-trabalho-final/venv/lib/python3.9/site-packages/airflow/example_dags/tutorial_taskflow_api_etl_virtualenv.py
[2023-12-13 21:42:22,996] {processor.py:161} INFO - Processing /home/julioubuntu/Projects/EGD/airflow-trabalho-final/venv/lib/python3.9/site-packages/airflow/example_dags/tutorial_taskflow_api_etl_virtualenv.py took 0.061 seconds
[2023-12-13 21:42:56,095] {processor.py:153} INFO - Started process (PID=213660) to work on /home/julioubuntu/Projects/EGD/airflow-trabalho-final/venv/lib/python3.9/site-packages/airflow/example_dags/tutorial_taskflow_api_etl_virtualenv.py
[2023-12-13 21:42:56,096] {processor.py:641} INFO - Processing file /home/julioubuntu/Projects/EGD/airflow-trabalho-final/venv/lib/python3.9/site-packages/airflow/example_dags/tutorial_taskflow_api_etl_virtualenv.py for tasks to queue
[2023-12-13 21:42:56,096] {logging_mixin.py:115} INFO - [2023-12-13 21:42:56,096] {dagbag.py:507} INFO - Filling up the DagBag from /home/julioubuntu/Projects/EGD/airflow-trabalho-final/venv/lib/python3.9/site-packages/airflow/example_dags/tutorial_taskflow_api_etl_virtualenv.py
[2023-12-13 21:42:56,139] {logging_mixin.py:115} INFO - [2023-12-13 21:42:56,139] {tutorial_taskflow_api_etl_virtualenv.py:29} WARNING - The tutorial_taskflow_api_etl_virtualenv example DAG requires virtualenv, please install it.
[2023-12-13 21:42:56,139] {processor.py:653} WARNING - No viable dags retrieved from /home/julioubuntu/Projects/EGD/airflow-trabalho-final/venv/lib/python3.9/site-packages/airflow/example_dags/tutorial_taskflow_api_etl_virtualenv.py
[2023-12-13 21:42:56,148] {processor.py:161} INFO - Processing /home/julioubuntu/Projects/EGD/airflow-trabalho-final/venv/lib/python3.9/site-packages/airflow/example_dags/tutorial_taskflow_api_etl_virtualenv.py took 0.054 seconds
[2023-12-13 21:43:30,989] {processor.py:153} INFO - Started process (PID=213702) to work on /home/julioubuntu/Projects/EGD/airflow-trabalho-final/venv/lib/python3.9/site-packages/airflow/example_dags/tutorial_taskflow_api_etl_virtualenv.py
[2023-12-13 21:43:30,991] {processor.py:641} INFO - Processing file /home/julioubuntu/Projects/EGD/airflow-trabalho-final/venv/lib/python3.9/site-packages/airflow/example_dags/tutorial_taskflow_api_etl_virtualenv.py for tasks to queue
[2023-12-13 21:43:30,992] {logging_mixin.py:115} INFO - [2023-12-13 21:43:30,992] {dagbag.py:507} INFO - Filling up the DagBag from /home/julioubuntu/Projects/EGD/airflow-trabalho-final/venv/lib/python3.9/site-packages/airflow/example_dags/tutorial_taskflow_api_etl_virtualenv.py
[2023-12-13 21:43:31,311] {logging_mixin.py:115} INFO - [2023-12-13 21:43:31,311] {tutorial_taskflow_api_etl_virtualenv.py:29} WARNING - The tutorial_taskflow_api_etl_virtualenv example DAG requires virtualenv, please install it.
[2023-12-13 21:43:31,312] {processor.py:653} WARNING - No viable dags retrieved from /home/julioubuntu/Projects/EGD/airflow-trabalho-final/venv/lib/python3.9/site-packages/airflow/example_dags/tutorial_taskflow_api_etl_virtualenv.py
[2023-12-13 21:43:31,338] {processor.py:161} INFO - Processing /home/julioubuntu/Projects/EGD/airflow-trabalho-final/venv/lib/python3.9/site-packages/airflow/example_dags/tutorial_taskflow_api_etl_virtualenv.py took 0.362 seconds
[2023-12-13 21:44:09,723] {processor.py:153} INFO - Started process (PID=213754) to work on /home/julioubuntu/Projects/EGD/airflow-trabalho-final/venv/lib/python3.9/site-packages/airflow/example_dags/tutorial_taskflow_api_etl_virtualenv.py
[2023-12-13 21:44:09,727] {processor.py:641} INFO - Processing file /home/julioubuntu/Projects/EGD/airflow-trabalho-final/venv/lib/python3.9/site-packages/airflow/example_dags/tutorial_taskflow_api_etl_virtualenv.py for tasks to queue
[2023-12-13 21:44:09,728] {logging_mixin.py:115} INFO - [2023-12-13 21:44:09,727] {dagbag.py:507} INFO - Filling up the DagBag from /home/julioubuntu/Projects/EGD/airflow-trabalho-final/venv/lib/python3.9/site-packages/airflow/example_dags/tutorial_taskflow_api_etl_virtualenv.py
[2023-12-13 21:44:09,777] {logging_mixin.py:115} INFO - [2023-12-13 21:44:09,777] {tutorial_taskflow_api_etl_virtualenv.py:29} WARNING - The tutorial_taskflow_api_etl_virtualenv example DAG requires virtualenv, please install it.
[2023-12-13 21:44:09,777] {processor.py:653} WARNING - No viable dags retrieved from /home/julioubuntu/Projects/EGD/airflow-trabalho-final/venv/lib/python3.9/site-packages/airflow/example_dags/tutorial_taskflow_api_etl_virtualenv.py
[2023-12-13 21:44:09,785] {processor.py:161} INFO - Processing /home/julioubuntu/Projects/EGD/airflow-trabalho-final/venv/lib/python3.9/site-packages/airflow/example_dags/tutorial_taskflow_api_etl_virtualenv.py took 0.066 seconds
[2023-12-13 21:44:45,699] {processor.py:153} INFO - Started process (PID=213797) to work on /home/julioubuntu/Projects/EGD/airflow-trabalho-final/venv/lib/python3.9/site-packages/airflow/example_dags/tutorial_taskflow_api_etl_virtualenv.py
[2023-12-13 21:44:45,700] {processor.py:641} INFO - Processing file /home/julioubuntu/Projects/EGD/airflow-trabalho-final/venv/lib/python3.9/site-packages/airflow/example_dags/tutorial_taskflow_api_etl_virtualenv.py for tasks to queue
[2023-12-13 21:44:45,700] {logging_mixin.py:115} INFO - [2023-12-13 21:44:45,700] {dagbag.py:507} INFO - Filling up the DagBag from /home/julioubuntu/Projects/EGD/airflow-trabalho-final/venv/lib/python3.9/site-packages/airflow/example_dags/tutorial_taskflow_api_etl_virtualenv.py
[2023-12-13 21:44:45,746] {logging_mixin.py:115} INFO - [2023-12-13 21:44:45,746] {tutorial_taskflow_api_etl_virtualenv.py:29} WARNING - The tutorial_taskflow_api_etl_virtualenv example DAG requires virtualenv, please install it.
[2023-12-13 21:44:45,746] {processor.py:653} WARNING - No viable dags retrieved from /home/julioubuntu/Projects/EGD/airflow-trabalho-final/venv/lib/python3.9/site-packages/airflow/example_dags/tutorial_taskflow_api_etl_virtualenv.py
[2023-12-13 21:44:45,755] {processor.py:161} INFO - Processing /home/julioubuntu/Projects/EGD/airflow-trabalho-final/venv/lib/python3.9/site-packages/airflow/example_dags/tutorial_taskflow_api_etl_virtualenv.py took 0.059 seconds
[2023-12-13 21:45:21,648] {processor.py:153} INFO - Started process (PID=213845) to work on /home/julioubuntu/Projects/EGD/airflow-trabalho-final/venv/lib/python3.9/site-packages/airflow/example_dags/tutorial_taskflow_api_etl_virtualenv.py
[2023-12-13 21:45:21,649] {processor.py:641} INFO - Processing file /home/julioubuntu/Projects/EGD/airflow-trabalho-final/venv/lib/python3.9/site-packages/airflow/example_dags/tutorial_taskflow_api_etl_virtualenv.py for tasks to queue
[2023-12-13 21:45:21,650] {logging_mixin.py:115} INFO - [2023-12-13 21:45:21,650] {dagbag.py:507} INFO - Filling up the DagBag from /home/julioubuntu/Projects/EGD/airflow-trabalho-final/venv/lib/python3.9/site-packages/airflow/example_dags/tutorial_taskflow_api_etl_virtualenv.py
[2023-12-13 21:45:21,700] {logging_mixin.py:115} INFO - [2023-12-13 21:45:21,700] {tutorial_taskflow_api_etl_virtualenv.py:29} WARNING - The tutorial_taskflow_api_etl_virtualenv example DAG requires virtualenv, please install it.
[2023-12-13 21:45:21,700] {processor.py:653} WARNING - No viable dags retrieved from /home/julioubuntu/Projects/EGD/airflow-trabalho-final/venv/lib/python3.9/site-packages/airflow/example_dags/tutorial_taskflow_api_etl_virtualenv.py
[2023-12-13 21:45:21,711] {processor.py:161} INFO - Processing /home/julioubuntu/Projects/EGD/airflow-trabalho-final/venv/lib/python3.9/site-packages/airflow/example_dags/tutorial_taskflow_api_etl_virtualenv.py took 0.065 seconds
[2023-12-13 21:45:54,580] {processor.py:153} INFO - Started process (PID=213885) to work on /home/julioubuntu/Projects/EGD/airflow-trabalho-final/venv/lib/python3.9/site-packages/airflow/example_dags/tutorial_taskflow_api_etl_virtualenv.py
[2023-12-13 21:45:54,581] {processor.py:641} INFO - Processing file /home/julioubuntu/Projects/EGD/airflow-trabalho-final/venv/lib/python3.9/site-packages/airflow/example_dags/tutorial_taskflow_api_etl_virtualenv.py for tasks to queue
[2023-12-13 21:45:54,582] {logging_mixin.py:115} INFO - [2023-12-13 21:45:54,582] {dagbag.py:507} INFO - Filling up the DagBag from /home/julioubuntu/Projects/EGD/airflow-trabalho-final/venv/lib/python3.9/site-packages/airflow/example_dags/tutorial_taskflow_api_etl_virtualenv.py
[2023-12-13 21:45:54,631] {logging_mixin.py:115} INFO - [2023-12-13 21:45:54,631] {tutorial_taskflow_api_etl_virtualenv.py:29} WARNING - The tutorial_taskflow_api_etl_virtualenv example DAG requires virtualenv, please install it.
[2023-12-13 21:45:54,631] {processor.py:653} WARNING - No viable dags retrieved from /home/julioubuntu/Projects/EGD/airflow-trabalho-final/venv/lib/python3.9/site-packages/airflow/example_dags/tutorial_taskflow_api_etl_virtualenv.py
[2023-12-13 21:45:54,641] {processor.py:161} INFO - Processing /home/julioubuntu/Projects/EGD/airflow-trabalho-final/venv/lib/python3.9/site-packages/airflow/example_dags/tutorial_taskflow_api_etl_virtualenv.py took 0.064 seconds
[2023-12-13 21:46:29,226] {processor.py:153} INFO - Started process (PID=213926) to work on /home/julioubuntu/Projects/EGD/airflow-trabalho-final/venv/lib/python3.9/site-packages/airflow/example_dags/tutorial_taskflow_api_etl_virtualenv.py
[2023-12-13 21:46:29,227] {processor.py:641} INFO - Processing file /home/julioubuntu/Projects/EGD/airflow-trabalho-final/venv/lib/python3.9/site-packages/airflow/example_dags/tutorial_taskflow_api_etl_virtualenv.py for tasks to queue
[2023-12-13 21:46:29,228] {logging_mixin.py:115} INFO - [2023-12-13 21:46:29,228] {dagbag.py:507} INFO - Filling up the DagBag from /home/julioubuntu/Projects/EGD/airflow-trabalho-final/venv/lib/python3.9/site-packages/airflow/example_dags/tutorial_taskflow_api_etl_virtualenv.py
[2023-12-13 21:46:29,283] {logging_mixin.py:115} INFO - [2023-12-13 21:46:29,283] {tutorial_taskflow_api_etl_virtualenv.py:29} WARNING - The tutorial_taskflow_api_etl_virtualenv example DAG requires virtualenv, please install it.
[2023-12-13 21:46:29,283] {processor.py:653} WARNING - No viable dags retrieved from /home/julioubuntu/Projects/EGD/airflow-trabalho-final/venv/lib/python3.9/site-packages/airflow/example_dags/tutorial_taskflow_api_etl_virtualenv.py
[2023-12-13 21:46:29,295] {processor.py:161} INFO - Processing /home/julioubuntu/Projects/EGD/airflow-trabalho-final/venv/lib/python3.9/site-packages/airflow/example_dags/tutorial_taskflow_api_etl_virtualenv.py took 0.072 seconds
[2023-12-13 21:47:03,383] {processor.py:153} INFO - Started process (PID=213970) to work on /home/julioubuntu/Projects/EGD/airflow-trabalho-final/venv/lib/python3.9/site-packages/airflow/example_dags/tutorial_taskflow_api_etl_virtualenv.py
[2023-12-13 21:47:03,384] {processor.py:641} INFO - Processing file /home/julioubuntu/Projects/EGD/airflow-trabalho-final/venv/lib/python3.9/site-packages/airflow/example_dags/tutorial_taskflow_api_etl_virtualenv.py for tasks to queue
[2023-12-13 21:47:03,384] {logging_mixin.py:115} INFO - [2023-12-13 21:47:03,384] {dagbag.py:507} INFO - Filling up the DagBag from /home/julioubuntu/Projects/EGD/airflow-trabalho-final/venv/lib/python3.9/site-packages/airflow/example_dags/tutorial_taskflow_api_etl_virtualenv.py
[2023-12-13 21:47:03,427] {logging_mixin.py:115} INFO - [2023-12-13 21:47:03,426] {tutorial_taskflow_api_etl_virtualenv.py:29} WARNING - The tutorial_taskflow_api_etl_virtualenv example DAG requires virtualenv, please install it.
[2023-12-13 21:47:03,427] {processor.py:653} WARNING - No viable dags retrieved from /home/julioubuntu/Projects/EGD/airflow-trabalho-final/venv/lib/python3.9/site-packages/airflow/example_dags/tutorial_taskflow_api_etl_virtualenv.py
[2023-12-13 21:47:03,435] {processor.py:161} INFO - Processing /home/julioubuntu/Projects/EGD/airflow-trabalho-final/venv/lib/python3.9/site-packages/airflow/example_dags/tutorial_taskflow_api_etl_virtualenv.py took 0.054 seconds
[2023-12-13 21:47:37,448] {processor.py:153} INFO - Started process (PID=214013) to work on /home/julioubuntu/Projects/EGD/airflow-trabalho-final/venv/lib/python3.9/site-packages/airflow/example_dags/tutorial_taskflow_api_etl_virtualenv.py
[2023-12-13 21:47:37,449] {processor.py:641} INFO - Processing file /home/julioubuntu/Projects/EGD/airflow-trabalho-final/venv/lib/python3.9/site-packages/airflow/example_dags/tutorial_taskflow_api_etl_virtualenv.py for tasks to queue
[2023-12-13 21:47:37,450] {logging_mixin.py:115} INFO - [2023-12-13 21:47:37,450] {dagbag.py:507} INFO - Filling up the DagBag from /home/julioubuntu/Projects/EGD/airflow-trabalho-final/venv/lib/python3.9/site-packages/airflow/example_dags/tutorial_taskflow_api_etl_virtualenv.py
[2023-12-13 21:47:37,500] {logging_mixin.py:115} INFO - [2023-12-13 21:47:37,500] {tutorial_taskflow_api_etl_virtualenv.py:29} WARNING - The tutorial_taskflow_api_etl_virtualenv example DAG requires virtualenv, please install it.
[2023-12-13 21:47:37,500] {processor.py:653} WARNING - No viable dags retrieved from /home/julioubuntu/Projects/EGD/airflow-trabalho-final/venv/lib/python3.9/site-packages/airflow/example_dags/tutorial_taskflow_api_etl_virtualenv.py
[2023-12-13 21:47:37,512] {processor.py:161} INFO - Processing /home/julioubuntu/Projects/EGD/airflow-trabalho-final/venv/lib/python3.9/site-packages/airflow/example_dags/tutorial_taskflow_api_etl_virtualenv.py took 0.066 seconds
[2023-12-13 21:48:09,340] {processor.py:153} INFO - Started process (PID=214054) to work on /home/julioubuntu/Projects/EGD/airflow-trabalho-final/venv/lib/python3.9/site-packages/airflow/example_dags/tutorial_taskflow_api_etl_virtualenv.py
[2023-12-13 21:48:09,341] {processor.py:641} INFO - Processing file /home/julioubuntu/Projects/EGD/airflow-trabalho-final/venv/lib/python3.9/site-packages/airflow/example_dags/tutorial_taskflow_api_etl_virtualenv.py for tasks to queue
[2023-12-13 21:48:09,342] {logging_mixin.py:115} INFO - [2023-12-13 21:48:09,342] {dagbag.py:507} INFO - Filling up the DagBag from /home/julioubuntu/Projects/EGD/airflow-trabalho-final/venv/lib/python3.9/site-packages/airflow/example_dags/tutorial_taskflow_api_etl_virtualenv.py
[2023-12-13 21:48:09,391] {logging_mixin.py:115} INFO - [2023-12-13 21:48:09,391] {tutorial_taskflow_api_etl_virtualenv.py:29} WARNING - The tutorial_taskflow_api_etl_virtualenv example DAG requires virtualenv, please install it.
[2023-12-13 21:48:09,391] {processor.py:653} WARNING - No viable dags retrieved from /home/julioubuntu/Projects/EGD/airflow-trabalho-final/venv/lib/python3.9/site-packages/airflow/example_dags/tutorial_taskflow_api_etl_virtualenv.py
[2023-12-13 21:48:09,403] {processor.py:161} INFO - Processing /home/julioubuntu/Projects/EGD/airflow-trabalho-final/venv/lib/python3.9/site-packages/airflow/example_dags/tutorial_taskflow_api_etl_virtualenv.py took 0.065 seconds
[2023-12-13 21:48:43,075] {processor.py:153} INFO - Started process (PID=214094) to work on /home/julioubuntu/Projects/EGD/airflow-trabalho-final/venv/lib/python3.9/site-packages/airflow/example_dags/tutorial_taskflow_api_etl_virtualenv.py
[2023-12-13 21:48:43,076] {processor.py:641} INFO - Processing file /home/julioubuntu/Projects/EGD/airflow-trabalho-final/venv/lib/python3.9/site-packages/airflow/example_dags/tutorial_taskflow_api_etl_virtualenv.py for tasks to queue
[2023-12-13 21:48:43,076] {logging_mixin.py:115} INFO - [2023-12-13 21:48:43,076] {dagbag.py:507} INFO - Filling up the DagBag from /home/julioubuntu/Projects/EGD/airflow-trabalho-final/venv/lib/python3.9/site-packages/airflow/example_dags/tutorial_taskflow_api_etl_virtualenv.py
[2023-12-13 21:48:43,118] {logging_mixin.py:115} INFO - [2023-12-13 21:48:43,118] {tutorial_taskflow_api_etl_virtualenv.py:29} WARNING - The tutorial_taskflow_api_etl_virtualenv example DAG requires virtualenv, please install it.
[2023-12-13 21:48:43,119] {processor.py:653} WARNING - No viable dags retrieved from /home/julioubuntu/Projects/EGD/airflow-trabalho-final/venv/lib/python3.9/site-packages/airflow/example_dags/tutorial_taskflow_api_etl_virtualenv.py
[2023-12-13 21:48:43,127] {processor.py:161} INFO - Processing /home/julioubuntu/Projects/EGD/airflow-trabalho-final/venv/lib/python3.9/site-packages/airflow/example_dags/tutorial_taskflow_api_etl_virtualenv.py took 0.054 seconds
[2023-12-13 21:49:18,415] {processor.py:153} INFO - Started process (PID=214137) to work on /home/julioubuntu/Projects/EGD/airflow-trabalho-final/venv/lib/python3.9/site-packages/airflow/example_dags/tutorial_taskflow_api_etl_virtualenv.py
[2023-12-13 21:49:18,417] {processor.py:641} INFO - Processing file /home/julioubuntu/Projects/EGD/airflow-trabalho-final/venv/lib/python3.9/site-packages/airflow/example_dags/tutorial_taskflow_api_etl_virtualenv.py for tasks to queue
[2023-12-13 21:49:18,417] {logging_mixin.py:115} INFO - [2023-12-13 21:49:18,417] {dagbag.py:507} INFO - Filling up the DagBag from /home/julioubuntu/Projects/EGD/airflow-trabalho-final/venv/lib/python3.9/site-packages/airflow/example_dags/tutorial_taskflow_api_etl_virtualenv.py
[2023-12-13 21:49:18,464] {logging_mixin.py:115} INFO - [2023-12-13 21:49:18,464] {tutorial_taskflow_api_etl_virtualenv.py:29} WARNING - The tutorial_taskflow_api_etl_virtualenv example DAG requires virtualenv, please install it.
[2023-12-13 21:49:18,465] {processor.py:653} WARNING - No viable dags retrieved from /home/julioubuntu/Projects/EGD/airflow-trabalho-final/venv/lib/python3.9/site-packages/airflow/example_dags/tutorial_taskflow_api_etl_virtualenv.py
[2023-12-13 21:49:18,475] {processor.py:161} INFO - Processing /home/julioubuntu/Projects/EGD/airflow-trabalho-final/venv/lib/python3.9/site-packages/airflow/example_dags/tutorial_taskflow_api_etl_virtualenv.py took 0.064 seconds
[2023-12-13 21:49:53,629] {processor.py:153} INFO - Started process (PID=214181) to work on /home/julioubuntu/Projects/EGD/airflow-trabalho-final/venv/lib/python3.9/site-packages/airflow/example_dags/tutorial_taskflow_api_etl_virtualenv.py
[2023-12-13 21:49:53,632] {processor.py:641} INFO - Processing file /home/julioubuntu/Projects/EGD/airflow-trabalho-final/venv/lib/python3.9/site-packages/airflow/example_dags/tutorial_taskflow_api_etl_virtualenv.py for tasks to queue
[2023-12-13 21:49:53,633] {logging_mixin.py:115} INFO - [2023-12-13 21:49:53,633] {dagbag.py:507} INFO - Filling up the DagBag from /home/julioubuntu/Projects/EGD/airflow-trabalho-final/venv/lib/python3.9/site-packages/airflow/example_dags/tutorial_taskflow_api_etl_virtualenv.py
[2023-12-13 21:49:53,685] {logging_mixin.py:115} INFO - [2023-12-13 21:49:53,685] {tutorial_taskflow_api_etl_virtualenv.py:29} WARNING - The tutorial_taskflow_api_etl_virtualenv example DAG requires virtualenv, please install it.
[2023-12-13 21:49:53,685] {processor.py:653} WARNING - No viable dags retrieved from /home/julioubuntu/Projects/EGD/airflow-trabalho-final/venv/lib/python3.9/site-packages/airflow/example_dags/tutorial_taskflow_api_etl_virtualenv.py
[2023-12-13 21:49:53,696] {processor.py:161} INFO - Processing /home/julioubuntu/Projects/EGD/airflow-trabalho-final/venv/lib/python3.9/site-packages/airflow/example_dags/tutorial_taskflow_api_etl_virtualenv.py took 0.069 seconds
[2023-12-13 21:50:28,590] {processor.py:153} INFO - Started process (PID=214222) to work on /home/julioubuntu/Projects/EGD/airflow-trabalho-final/venv/lib/python3.9/site-packages/airflow/example_dags/tutorial_taskflow_api_etl_virtualenv.py
[2023-12-13 21:50:28,590] {processor.py:641} INFO - Processing file /home/julioubuntu/Projects/EGD/airflow-trabalho-final/venv/lib/python3.9/site-packages/airflow/example_dags/tutorial_taskflow_api_etl_virtualenv.py for tasks to queue
[2023-12-13 21:50:28,591] {logging_mixin.py:115} INFO - [2023-12-13 21:50:28,591] {dagbag.py:507} INFO - Filling up the DagBag from /home/julioubuntu/Projects/EGD/airflow-trabalho-final/venv/lib/python3.9/site-packages/airflow/example_dags/tutorial_taskflow_api_etl_virtualenv.py
[2023-12-13 21:50:28,636] {logging_mixin.py:115} INFO - [2023-12-13 21:50:28,636] {tutorial_taskflow_api_etl_virtualenv.py:29} WARNING - The tutorial_taskflow_api_etl_virtualenv example DAG requires virtualenv, please install it.
[2023-12-13 21:50:28,636] {processor.py:653} WARNING - No viable dags retrieved from /home/julioubuntu/Projects/EGD/airflow-trabalho-final/venv/lib/python3.9/site-packages/airflow/example_dags/tutorial_taskflow_api_etl_virtualenv.py
[2023-12-13 21:50:28,645] {processor.py:161} INFO - Processing /home/julioubuntu/Projects/EGD/airflow-trabalho-final/venv/lib/python3.9/site-packages/airflow/example_dags/tutorial_taskflow_api_etl_virtualenv.py took 0.057 seconds
[2023-12-13 21:51:05,705] {processor.py:153} INFO - Started process (PID=214267) to work on /home/julioubuntu/Projects/EGD/airflow-trabalho-final/venv/lib/python3.9/site-packages/airflow/example_dags/tutorial_taskflow_api_etl_virtualenv.py
[2023-12-13 21:51:05,706] {processor.py:641} INFO - Processing file /home/julioubuntu/Projects/EGD/airflow-trabalho-final/venv/lib/python3.9/site-packages/airflow/example_dags/tutorial_taskflow_api_etl_virtualenv.py for tasks to queue
[2023-12-13 21:51:05,707] {logging_mixin.py:115} INFO - [2023-12-13 21:51:05,707] {dagbag.py:507} INFO - Filling up the DagBag from /home/julioubuntu/Projects/EGD/airflow-trabalho-final/venv/lib/python3.9/site-packages/airflow/example_dags/tutorial_taskflow_api_etl_virtualenv.py
[2023-12-13 21:51:05,769] {logging_mixin.py:115} INFO - [2023-12-13 21:51:05,769] {tutorial_taskflow_api_etl_virtualenv.py:29} WARNING - The tutorial_taskflow_api_etl_virtualenv example DAG requires virtualenv, please install it.
[2023-12-13 21:51:05,770] {processor.py:653} WARNING - No viable dags retrieved from /home/julioubuntu/Projects/EGD/airflow-trabalho-final/venv/lib/python3.9/site-packages/airflow/example_dags/tutorial_taskflow_api_etl_virtualenv.py
[2023-12-13 21:51:05,784] {processor.py:161} INFO - Processing /home/julioubuntu/Projects/EGD/airflow-trabalho-final/venv/lib/python3.9/site-packages/airflow/example_dags/tutorial_taskflow_api_etl_virtualenv.py took 0.081 seconds
