[2023-12-13 21:10:55,221] {processor.py:153} INFO - Started process (PID=179227) to work on /home/julioubuntu/Projects/EGD/airflow-trabalho-final/venv/lib/python3.9/site-packages/airflow/example_dags/tutorial_etl_dag.py
[2023-12-13 21:10:55,222] {processor.py:641} INFO - Processing file /home/julioubuntu/Projects/EGD/airflow-trabalho-final/venv/lib/python3.9/site-packages/airflow/example_dags/tutorial_etl_dag.py for tasks to queue
[2023-12-13 21:10:55,223] {logging_mixin.py:115} INFO - [2023-12-13 21:10:55,223] {dagbag.py:507} INFO - Filling up the DagBag from /home/julioubuntu/Projects/EGD/airflow-trabalho-final/venv/lib/python3.9/site-packages/airflow/example_dags/tutorial_etl_dag.py
[2023-12-13 21:10:55,269] {processor.py:651} INFO - DAG(s) dict_keys(['tutorial_etl_dag']) retrieved from /home/julioubuntu/Projects/EGD/airflow-trabalho-final/venv/lib/python3.9/site-packages/airflow/example_dags/tutorial_etl_dag.py
[2023-12-13 21:10:55,574] {logging_mixin.py:115} INFO - [2023-12-13 21:10:55,574] {manager.py:508} INFO - Created Permission View: can edit on DAG:tutorial_etl_dag
[2023-12-13 21:10:55,676] {logging_mixin.py:115} INFO - [2023-12-13 21:10:55,676] {manager.py:508} INFO - Created Permission View: can delete on DAG:tutorial_etl_dag
[2023-12-13 21:10:55,762] {logging_mixin.py:115} INFO - [2023-12-13 21:10:55,761] {manager.py:508} INFO - Created Permission View: can read on DAG:tutorial_etl_dag
[2023-12-13 21:10:55,762] {logging_mixin.py:115} INFO - [2023-12-13 21:10:55,762] {dag.py:2379} INFO - Sync 1 DAGs
[2023-12-13 21:10:55,820] {logging_mixin.py:115} INFO - [2023-12-13 21:10:55,820] {dag.py:2398} INFO - Creating ORM DAG for tutorial_etl_dag
[2023-12-13 21:10:55,895] {logging_mixin.py:115} INFO - [2023-12-13 21:10:55,894] {dag.py:2927} INFO - Setting next_dagrun for tutorial_etl_dag to None, run_after=None
[2023-12-13 21:10:55,959] {processor.py:161} INFO - Processing /home/julioubuntu/Projects/EGD/airflow-trabalho-final/venv/lib/python3.9/site-packages/airflow/example_dags/tutorial_etl_dag.py took 0.752 seconds
[2023-12-13 21:11:52,551] {processor.py:153} INFO - Started process (PID=185762) to work on /home/julioubuntu/Projects/EGD/airflow-trabalho-final/venv/lib/python3.9/site-packages/airflow/example_dags/tutorial_etl_dag.py
[2023-12-13 21:11:52,557] {processor.py:641} INFO - Processing file /home/julioubuntu/Projects/EGD/airflow-trabalho-final/venv/lib/python3.9/site-packages/airflow/example_dags/tutorial_etl_dag.py for tasks to queue
[2023-12-13 21:11:52,559] {logging_mixin.py:115} INFO - [2023-12-13 21:11:52,559] {dagbag.py:507} INFO - Filling up the DagBag from /home/julioubuntu/Projects/EGD/airflow-trabalho-final/venv/lib/python3.9/site-packages/airflow/example_dags/tutorial_etl_dag.py
[2023-12-13 21:11:53,075] {processor.py:651} INFO - DAG(s) dict_keys(['tutorial_etl_dag']) retrieved from /home/julioubuntu/Projects/EGD/airflow-trabalho-final/venv/lib/python3.9/site-packages/airflow/example_dags/tutorial_etl_dag.py
[2023-12-13 21:11:53,128] {logging_mixin.py:115} INFO - [2023-12-13 21:11:53,127] {dag.py:2379} INFO - Sync 1 DAGs
[2023-12-13 21:11:53,614] {logging_mixin.py:115} INFO - [2023-12-13 21:11:53,613] {dag.py:2927} INFO - Setting next_dagrun for tutorial_etl_dag to None, run_after=None
[2023-12-13 21:11:53,647] {processor.py:161} INFO - Processing /home/julioubuntu/Projects/EGD/airflow-trabalho-final/venv/lib/python3.9/site-packages/airflow/example_dags/tutorial_etl_dag.py took 1.118 seconds
[2023-12-13 21:12:46,704] {processor.py:153} INFO - Started process (PID=192957) to work on /home/julioubuntu/Projects/EGD/airflow-trabalho-final/venv/lib/python3.9/site-packages/airflow/example_dags/tutorial_etl_dag.py
[2023-12-13 21:12:46,706] {processor.py:641} INFO - Processing file /home/julioubuntu/Projects/EGD/airflow-trabalho-final/venv/lib/python3.9/site-packages/airflow/example_dags/tutorial_etl_dag.py for tasks to queue
[2023-12-13 21:12:46,707] {logging_mixin.py:115} INFO - [2023-12-13 21:12:46,707] {dagbag.py:507} INFO - Filling up the DagBag from /home/julioubuntu/Projects/EGD/airflow-trabalho-final/venv/lib/python3.9/site-packages/airflow/example_dags/tutorial_etl_dag.py
[2023-12-13 21:12:46,726] {processor.py:651} INFO - DAG(s) dict_keys(['tutorial_etl_dag']) retrieved from /home/julioubuntu/Projects/EGD/airflow-trabalho-final/venv/lib/python3.9/site-packages/airflow/example_dags/tutorial_etl_dag.py
[2023-12-13 21:12:46,755] {logging_mixin.py:115} INFO - [2023-12-13 21:12:46,755] {dag.py:2379} INFO - Sync 1 DAGs
[2023-12-13 21:12:46,791] {logging_mixin.py:115} INFO - [2023-12-13 21:12:46,791] {dag.py:2927} INFO - Setting next_dagrun for tutorial_etl_dag to None, run_after=None
[2023-12-13 21:12:46,821] {processor.py:161} INFO - Processing /home/julioubuntu/Projects/EGD/airflow-trabalho-final/venv/lib/python3.9/site-packages/airflow/example_dags/tutorial_etl_dag.py took 0.124 seconds
[2023-12-13 21:13:32,801] {processor.py:153} INFO - Started process (PID=193001) to work on /home/julioubuntu/Projects/EGD/airflow-trabalho-final/venv/lib/python3.9/site-packages/airflow/example_dags/tutorial_etl_dag.py
[2023-12-13 21:13:32,805] {processor.py:641} INFO - Processing file /home/julioubuntu/Projects/EGD/airflow-trabalho-final/venv/lib/python3.9/site-packages/airflow/example_dags/tutorial_etl_dag.py for tasks to queue
[2023-12-13 21:13:32,806] {logging_mixin.py:115} INFO - [2023-12-13 21:13:32,805] {dagbag.py:507} INFO - Filling up the DagBag from /home/julioubuntu/Projects/EGD/airflow-trabalho-final/venv/lib/python3.9/site-packages/airflow/example_dags/tutorial_etl_dag.py
[2023-12-13 21:13:32,812] {processor.py:651} INFO - DAG(s) dict_keys(['tutorial_etl_dag']) retrieved from /home/julioubuntu/Projects/EGD/airflow-trabalho-final/venv/lib/python3.9/site-packages/airflow/example_dags/tutorial_etl_dag.py
[2023-12-13 21:13:32,823] {logging_mixin.py:115} INFO - [2023-12-13 21:13:32,823] {dag.py:2379} INFO - Sync 1 DAGs
[2023-12-13 21:13:32,840] {logging_mixin.py:115} INFO - [2023-12-13 21:13:32,840] {dag.py:2927} INFO - Setting next_dagrun for tutorial_etl_dag to None, run_after=None
[2023-12-13 21:13:32,859] {processor.py:161} INFO - Processing /home/julioubuntu/Projects/EGD/airflow-trabalho-final/venv/lib/python3.9/site-packages/airflow/example_dags/tutorial_etl_dag.py took 0.060 seconds
[2023-12-13 21:14:06,548] {processor.py:153} INFO - Started process (PID=193041) to work on /home/julioubuntu/Projects/EGD/airflow-trabalho-final/venv/lib/python3.9/site-packages/airflow/example_dags/tutorial_etl_dag.py
[2023-12-13 21:14:06,552] {processor.py:641} INFO - Processing file /home/julioubuntu/Projects/EGD/airflow-trabalho-final/venv/lib/python3.9/site-packages/airflow/example_dags/tutorial_etl_dag.py for tasks to queue
[2023-12-13 21:14:06,552] {logging_mixin.py:115} INFO - [2023-12-13 21:14:06,552] {dagbag.py:507} INFO - Filling up the DagBag from /home/julioubuntu/Projects/EGD/airflow-trabalho-final/venv/lib/python3.9/site-packages/airflow/example_dags/tutorial_etl_dag.py
[2023-12-13 21:14:06,558] {processor.py:651} INFO - DAG(s) dict_keys(['tutorial_etl_dag']) retrieved from /home/julioubuntu/Projects/EGD/airflow-trabalho-final/venv/lib/python3.9/site-packages/airflow/example_dags/tutorial_etl_dag.py
[2023-12-13 21:14:06,574] {logging_mixin.py:115} INFO - [2023-12-13 21:14:06,574] {dag.py:2379} INFO - Sync 1 DAGs
[2023-12-13 21:14:06,591] {logging_mixin.py:115} INFO - [2023-12-13 21:14:06,591] {dag.py:2927} INFO - Setting next_dagrun for tutorial_etl_dag to None, run_after=None
[2023-12-13 21:14:06,607] {processor.py:161} INFO - Processing /home/julioubuntu/Projects/EGD/airflow-trabalho-final/venv/lib/python3.9/site-packages/airflow/example_dags/tutorial_etl_dag.py took 0.063 seconds
[2023-12-13 21:14:39,819] {processor.py:153} INFO - Started process (PID=193076) to work on /home/julioubuntu/Projects/EGD/airflow-trabalho-final/venv/lib/python3.9/site-packages/airflow/example_dags/tutorial_etl_dag.py
[2023-12-13 21:14:39,823] {processor.py:641} INFO - Processing file /home/julioubuntu/Projects/EGD/airflow-trabalho-final/venv/lib/python3.9/site-packages/airflow/example_dags/tutorial_etl_dag.py for tasks to queue
[2023-12-13 21:14:39,824] {logging_mixin.py:115} INFO - [2023-12-13 21:14:39,824] {dagbag.py:507} INFO - Filling up the DagBag from /home/julioubuntu/Projects/EGD/airflow-trabalho-final/venv/lib/python3.9/site-packages/airflow/example_dags/tutorial_etl_dag.py
[2023-12-13 21:14:39,831] {processor.py:651} INFO - DAG(s) dict_keys(['tutorial_etl_dag']) retrieved from /home/julioubuntu/Projects/EGD/airflow-trabalho-final/venv/lib/python3.9/site-packages/airflow/example_dags/tutorial_etl_dag.py
[2023-12-13 21:14:39,849] {logging_mixin.py:115} INFO - [2023-12-13 21:14:39,849] {dag.py:2379} INFO - Sync 1 DAGs
[2023-12-13 21:14:39,870] {logging_mixin.py:115} INFO - [2023-12-13 21:14:39,870] {dag.py:2927} INFO - Setting next_dagrun for tutorial_etl_dag to None, run_after=None
[2023-12-13 21:14:39,910] {processor.py:161} INFO - Processing /home/julioubuntu/Projects/EGD/airflow-trabalho-final/venv/lib/python3.9/site-packages/airflow/example_dags/tutorial_etl_dag.py took 0.093 seconds
[2023-12-13 21:15:17,472] {processor.py:153} INFO - Started process (PID=193398) to work on /home/julioubuntu/Projects/EGD/airflow-trabalho-final/venv/lib/python3.9/site-packages/airflow/example_dags/tutorial_etl_dag.py
[2023-12-13 21:15:17,474] {processor.py:641} INFO - Processing file /home/julioubuntu/Projects/EGD/airflow-trabalho-final/venv/lib/python3.9/site-packages/airflow/example_dags/tutorial_etl_dag.py for tasks to queue
[2023-12-13 21:15:17,474] {logging_mixin.py:115} INFO - [2023-12-13 21:15:17,474] {dagbag.py:507} INFO - Filling up the DagBag from /home/julioubuntu/Projects/EGD/airflow-trabalho-final/venv/lib/python3.9/site-packages/airflow/example_dags/tutorial_etl_dag.py
[2023-12-13 21:15:17,481] {processor.py:651} INFO - DAG(s) dict_keys(['tutorial_etl_dag']) retrieved from /home/julioubuntu/Projects/EGD/airflow-trabalho-final/venv/lib/python3.9/site-packages/airflow/example_dags/tutorial_etl_dag.py
[2023-12-13 21:15:17,501] {logging_mixin.py:115} INFO - [2023-12-13 21:15:17,501] {dag.py:2379} INFO - Sync 1 DAGs
[2023-12-13 21:15:17,519] {logging_mixin.py:115} INFO - [2023-12-13 21:15:17,519] {dag.py:2927} INFO - Setting next_dagrun for tutorial_etl_dag to None, run_after=None
[2023-12-13 21:15:17,536] {processor.py:161} INFO - Processing /home/julioubuntu/Projects/EGD/airflow-trabalho-final/venv/lib/python3.9/site-packages/airflow/example_dags/tutorial_etl_dag.py took 0.066 seconds
[2023-12-13 21:16:00,926] {processor.py:153} INFO - Started process (PID=193439) to work on /home/julioubuntu/Projects/EGD/airflow-trabalho-final/venv/lib/python3.9/site-packages/airflow/example_dags/tutorial_etl_dag.py
[2023-12-13 21:16:00,927] {processor.py:641} INFO - Processing file /home/julioubuntu/Projects/EGD/airflow-trabalho-final/venv/lib/python3.9/site-packages/airflow/example_dags/tutorial_etl_dag.py for tasks to queue
[2023-12-13 21:16:00,927] {logging_mixin.py:115} INFO - [2023-12-13 21:16:00,927] {dagbag.py:507} INFO - Filling up the DagBag from /home/julioubuntu/Projects/EGD/airflow-trabalho-final/venv/lib/python3.9/site-packages/airflow/example_dags/tutorial_etl_dag.py
[2023-12-13 21:16:00,935] {processor.py:651} INFO - DAG(s) dict_keys(['tutorial_etl_dag']) retrieved from /home/julioubuntu/Projects/EGD/airflow-trabalho-final/venv/lib/python3.9/site-packages/airflow/example_dags/tutorial_etl_dag.py
[2023-12-13 21:16:00,972] {logging_mixin.py:115} INFO - [2023-12-13 21:16:00,972] {dag.py:2379} INFO - Sync 1 DAGs
[2023-12-13 21:16:01,010] {logging_mixin.py:115} INFO - [2023-12-13 21:16:01,010] {dag.py:2927} INFO - Setting next_dagrun for tutorial_etl_dag to None, run_after=None
[2023-12-13 21:16:01,032] {processor.py:161} INFO - Processing /home/julioubuntu/Projects/EGD/airflow-trabalho-final/venv/lib/python3.9/site-packages/airflow/example_dags/tutorial_etl_dag.py took 0.120 seconds
[2023-12-13 21:16:35,841] {processor.py:153} INFO - Started process (PID=193478) to work on /home/julioubuntu/Projects/EGD/airflow-trabalho-final/venv/lib/python3.9/site-packages/airflow/example_dags/tutorial_etl_dag.py
[2023-12-13 21:16:35,845] {processor.py:641} INFO - Processing file /home/julioubuntu/Projects/EGD/airflow-trabalho-final/venv/lib/python3.9/site-packages/airflow/example_dags/tutorial_etl_dag.py for tasks to queue
[2023-12-13 21:16:35,845] {logging_mixin.py:115} INFO - [2023-12-13 21:16:35,845] {dagbag.py:507} INFO - Filling up the DagBag from /home/julioubuntu/Projects/EGD/airflow-trabalho-final/venv/lib/python3.9/site-packages/airflow/example_dags/tutorial_etl_dag.py
[2023-12-13 21:16:35,853] {processor.py:651} INFO - DAG(s) dict_keys(['tutorial_etl_dag']) retrieved from /home/julioubuntu/Projects/EGD/airflow-trabalho-final/venv/lib/python3.9/site-packages/airflow/example_dags/tutorial_etl_dag.py
[2023-12-13 21:16:35,868] {logging_mixin.py:115} INFO - [2023-12-13 21:16:35,868] {dag.py:2379} INFO - Sync 1 DAGs
[2023-12-13 21:16:35,886] {logging_mixin.py:115} INFO - [2023-12-13 21:16:35,886] {dag.py:2927} INFO - Setting next_dagrun for tutorial_etl_dag to None, run_after=None
[2023-12-13 21:16:35,903] {processor.py:161} INFO - Processing /home/julioubuntu/Projects/EGD/airflow-trabalho-final/venv/lib/python3.9/site-packages/airflow/example_dags/tutorial_etl_dag.py took 0.065 seconds
[2023-12-13 21:17:09,606] {processor.py:153} INFO - Started process (PID=193517) to work on /home/julioubuntu/Projects/EGD/airflow-trabalho-final/venv/lib/python3.9/site-packages/airflow/example_dags/tutorial_etl_dag.py
[2023-12-13 21:17:09,607] {processor.py:641} INFO - Processing file /home/julioubuntu/Projects/EGD/airflow-trabalho-final/venv/lib/python3.9/site-packages/airflow/example_dags/tutorial_etl_dag.py for tasks to queue
[2023-12-13 21:17:09,608] {logging_mixin.py:115} INFO - [2023-12-13 21:17:09,607] {dagbag.py:507} INFO - Filling up the DagBag from /home/julioubuntu/Projects/EGD/airflow-trabalho-final/venv/lib/python3.9/site-packages/airflow/example_dags/tutorial_etl_dag.py
[2023-12-13 21:17:09,615] {processor.py:651} INFO - DAG(s) dict_keys(['tutorial_etl_dag']) retrieved from /home/julioubuntu/Projects/EGD/airflow-trabalho-final/venv/lib/python3.9/site-packages/airflow/example_dags/tutorial_etl_dag.py
[2023-12-13 21:17:09,627] {logging_mixin.py:115} INFO - [2023-12-13 21:17:09,627] {dag.py:2379} INFO - Sync 1 DAGs
[2023-12-13 21:17:09,643] {logging_mixin.py:115} INFO - [2023-12-13 21:17:09,643] {dag.py:2927} INFO - Setting next_dagrun for tutorial_etl_dag to None, run_after=None
[2023-12-13 21:17:09,659] {processor.py:161} INFO - Processing /home/julioubuntu/Projects/EGD/airflow-trabalho-final/venv/lib/python3.9/site-packages/airflow/example_dags/tutorial_etl_dag.py took 0.055 seconds
[2023-12-13 21:17:43,096] {processor.py:153} INFO - Started process (PID=193555) to work on /home/julioubuntu/Projects/EGD/airflow-trabalho-final/venv/lib/python3.9/site-packages/airflow/example_dags/tutorial_etl_dag.py
[2023-12-13 21:17:43,100] {processor.py:641} INFO - Processing file /home/julioubuntu/Projects/EGD/airflow-trabalho-final/venv/lib/python3.9/site-packages/airflow/example_dags/tutorial_etl_dag.py for tasks to queue
[2023-12-13 21:17:43,101] {logging_mixin.py:115} INFO - [2023-12-13 21:17:43,101] {dagbag.py:507} INFO - Filling up the DagBag from /home/julioubuntu/Projects/EGD/airflow-trabalho-final/venv/lib/python3.9/site-packages/airflow/example_dags/tutorial_etl_dag.py
[2023-12-13 21:17:43,107] {processor.py:651} INFO - DAG(s) dict_keys(['tutorial_etl_dag']) retrieved from /home/julioubuntu/Projects/EGD/airflow-trabalho-final/venv/lib/python3.9/site-packages/airflow/example_dags/tutorial_etl_dag.py
[2023-12-13 21:17:43,119] {logging_mixin.py:115} INFO - [2023-12-13 21:17:43,119] {dag.py:2379} INFO - Sync 1 DAGs
[2023-12-13 21:17:43,134] {logging_mixin.py:115} INFO - [2023-12-13 21:17:43,134] {dag.py:2927} INFO - Setting next_dagrun for tutorial_etl_dag to None, run_after=None
[2023-12-13 21:17:43,154] {processor.py:161} INFO - Processing /home/julioubuntu/Projects/EGD/airflow-trabalho-final/venv/lib/python3.9/site-packages/airflow/example_dags/tutorial_etl_dag.py took 0.060 seconds
[2023-12-13 21:18:16,775] {processor.py:153} INFO - Started process (PID=193596) to work on /home/julioubuntu/Projects/EGD/airflow-trabalho-final/venv/lib/python3.9/site-packages/airflow/example_dags/tutorial_etl_dag.py
[2023-12-13 21:18:16,776] {processor.py:641} INFO - Processing file /home/julioubuntu/Projects/EGD/airflow-trabalho-final/venv/lib/python3.9/site-packages/airflow/example_dags/tutorial_etl_dag.py for tasks to queue
[2023-12-13 21:18:16,777] {logging_mixin.py:115} INFO - [2023-12-13 21:18:16,777] {dagbag.py:507} INFO - Filling up the DagBag from /home/julioubuntu/Projects/EGD/airflow-trabalho-final/venv/lib/python3.9/site-packages/airflow/example_dags/tutorial_etl_dag.py
[2023-12-13 21:18:16,782] {processor.py:651} INFO - DAG(s) dict_keys(['tutorial_etl_dag']) retrieved from /home/julioubuntu/Projects/EGD/airflow-trabalho-final/venv/lib/python3.9/site-packages/airflow/example_dags/tutorial_etl_dag.py
[2023-12-13 21:18:16,797] {logging_mixin.py:115} INFO - [2023-12-13 21:18:16,797] {dag.py:2379} INFO - Sync 1 DAGs
[2023-12-13 21:18:16,816] {logging_mixin.py:115} INFO - [2023-12-13 21:18:16,815] {dag.py:2927} INFO - Setting next_dagrun for tutorial_etl_dag to None, run_after=None
[2023-12-13 21:18:16,838] {processor.py:161} INFO - Processing /home/julioubuntu/Projects/EGD/airflow-trabalho-final/venv/lib/python3.9/site-packages/airflow/example_dags/tutorial_etl_dag.py took 0.066 seconds
[2023-12-13 21:18:49,924] {processor.py:153} INFO - Started process (PID=193632) to work on /home/julioubuntu/Projects/EGD/airflow-trabalho-final/venv/lib/python3.9/site-packages/airflow/example_dags/tutorial_etl_dag.py
[2023-12-13 21:18:49,926] {processor.py:641} INFO - Processing file /home/julioubuntu/Projects/EGD/airflow-trabalho-final/venv/lib/python3.9/site-packages/airflow/example_dags/tutorial_etl_dag.py for tasks to queue
[2023-12-13 21:18:49,926] {logging_mixin.py:115} INFO - [2023-12-13 21:18:49,926] {dagbag.py:507} INFO - Filling up the DagBag from /home/julioubuntu/Projects/EGD/airflow-trabalho-final/venv/lib/python3.9/site-packages/airflow/example_dags/tutorial_etl_dag.py
[2023-12-13 21:18:49,932] {processor.py:651} INFO - DAG(s) dict_keys(['tutorial_etl_dag']) retrieved from /home/julioubuntu/Projects/EGD/airflow-trabalho-final/venv/lib/python3.9/site-packages/airflow/example_dags/tutorial_etl_dag.py
[2023-12-13 21:18:49,947] {logging_mixin.py:115} INFO - [2023-12-13 21:18:49,947] {dag.py:2379} INFO - Sync 1 DAGs
[2023-12-13 21:18:49,964] {logging_mixin.py:115} INFO - [2023-12-13 21:18:49,964] {dag.py:2927} INFO - Setting next_dagrun for tutorial_etl_dag to None, run_after=None
[2023-12-13 21:18:49,980] {processor.py:161} INFO - Processing /home/julioubuntu/Projects/EGD/airflow-trabalho-final/venv/lib/python3.9/site-packages/airflow/example_dags/tutorial_etl_dag.py took 0.063 seconds
[2023-12-13 21:19:28,997] {processor.py:153} INFO - Started process (PID=193955) to work on /home/julioubuntu/Projects/EGD/airflow-trabalho-final/venv/lib/python3.9/site-packages/airflow/example_dags/tutorial_etl_dag.py
[2023-12-13 21:19:28,998] {processor.py:641} INFO - Processing file /home/julioubuntu/Projects/EGD/airflow-trabalho-final/venv/lib/python3.9/site-packages/airflow/example_dags/tutorial_etl_dag.py for tasks to queue
[2023-12-13 21:19:28,999] {logging_mixin.py:115} INFO - [2023-12-13 21:19:28,999] {dagbag.py:507} INFO - Filling up the DagBag from /home/julioubuntu/Projects/EGD/airflow-trabalho-final/venv/lib/python3.9/site-packages/airflow/example_dags/tutorial_etl_dag.py
[2023-12-13 21:19:29,006] {processor.py:651} INFO - DAG(s) dict_keys(['tutorial_etl_dag']) retrieved from /home/julioubuntu/Projects/EGD/airflow-trabalho-final/venv/lib/python3.9/site-packages/airflow/example_dags/tutorial_etl_dag.py
[2023-12-13 21:19:29,021] {logging_mixin.py:115} INFO - [2023-12-13 21:19:29,021] {dag.py:2379} INFO - Sync 1 DAGs
[2023-12-13 21:19:29,038] {logging_mixin.py:115} INFO - [2023-12-13 21:19:29,038] {dag.py:2927} INFO - Setting next_dagrun for tutorial_etl_dag to None, run_after=None
[2023-12-13 21:19:29,053] {processor.py:161} INFO - Processing /home/julioubuntu/Projects/EGD/airflow-trabalho-final/venv/lib/python3.9/site-packages/airflow/example_dags/tutorial_etl_dag.py took 0.058 seconds
[2023-12-13 21:20:02,402] {processor.py:153} INFO - Started process (PID=193993) to work on /home/julioubuntu/Projects/EGD/airflow-trabalho-final/venv/lib/python3.9/site-packages/airflow/example_dags/tutorial_etl_dag.py
[2023-12-13 21:20:02,404] {processor.py:641} INFO - Processing file /home/julioubuntu/Projects/EGD/airflow-trabalho-final/venv/lib/python3.9/site-packages/airflow/example_dags/tutorial_etl_dag.py for tasks to queue
[2023-12-13 21:20:02,405] {logging_mixin.py:115} INFO - [2023-12-13 21:20:02,404] {dagbag.py:507} INFO - Filling up the DagBag from /home/julioubuntu/Projects/EGD/airflow-trabalho-final/venv/lib/python3.9/site-packages/airflow/example_dags/tutorial_etl_dag.py
[2023-12-13 21:20:02,422] {processor.py:651} INFO - DAG(s) dict_keys(['tutorial_etl_dag']) retrieved from /home/julioubuntu/Projects/EGD/airflow-trabalho-final/venv/lib/python3.9/site-packages/airflow/example_dags/tutorial_etl_dag.py
[2023-12-13 21:20:02,445] {logging_mixin.py:115} INFO - [2023-12-13 21:20:02,445] {dag.py:2379} INFO - Sync 1 DAGs
[2023-12-13 21:20:02,463] {logging_mixin.py:115} INFO - [2023-12-13 21:20:02,463] {dag.py:2927} INFO - Setting next_dagrun for tutorial_etl_dag to None, run_after=None
[2023-12-13 21:20:02,477] {processor.py:161} INFO - Processing /home/julioubuntu/Projects/EGD/airflow-trabalho-final/venv/lib/python3.9/site-packages/airflow/example_dags/tutorial_etl_dag.py took 0.080 seconds
[2023-12-13 21:20:36,026] {processor.py:153} INFO - Started process (PID=194316) to work on /home/julioubuntu/Projects/EGD/airflow-trabalho-final/venv/lib/python3.9/site-packages/airflow/example_dags/tutorial_etl_dag.py
[2023-12-13 21:20:36,027] {processor.py:641} INFO - Processing file /home/julioubuntu/Projects/EGD/airflow-trabalho-final/venv/lib/python3.9/site-packages/airflow/example_dags/tutorial_etl_dag.py for tasks to queue
[2023-12-13 21:20:36,028] {logging_mixin.py:115} INFO - [2023-12-13 21:20:36,028] {dagbag.py:507} INFO - Filling up the DagBag from /home/julioubuntu/Projects/EGD/airflow-trabalho-final/venv/lib/python3.9/site-packages/airflow/example_dags/tutorial_etl_dag.py
[2023-12-13 21:20:36,035] {processor.py:651} INFO - DAG(s) dict_keys(['tutorial_etl_dag']) retrieved from /home/julioubuntu/Projects/EGD/airflow-trabalho-final/venv/lib/python3.9/site-packages/airflow/example_dags/tutorial_etl_dag.py
[2023-12-13 21:20:36,053] {logging_mixin.py:115} INFO - [2023-12-13 21:20:36,053] {dag.py:2379} INFO - Sync 1 DAGs
[2023-12-13 21:20:36,070] {logging_mixin.py:115} INFO - [2023-12-13 21:20:36,070] {dag.py:2927} INFO - Setting next_dagrun for tutorial_etl_dag to None, run_after=None
[2023-12-13 21:20:36,087] {processor.py:161} INFO - Processing /home/julioubuntu/Projects/EGD/airflow-trabalho-final/venv/lib/python3.9/site-packages/airflow/example_dags/tutorial_etl_dag.py took 0.065 seconds
[2023-12-13 21:21:14,545] {processor.py:153} INFO - Started process (PID=194359) to work on /home/julioubuntu/Projects/EGD/airflow-trabalho-final/venv/lib/python3.9/site-packages/airflow/example_dags/tutorial_etl_dag.py
[2023-12-13 21:21:14,546] {processor.py:641} INFO - Processing file /home/julioubuntu/Projects/EGD/airflow-trabalho-final/venv/lib/python3.9/site-packages/airflow/example_dags/tutorial_etl_dag.py for tasks to queue
[2023-12-13 21:21:14,546] {logging_mixin.py:115} INFO - [2023-12-13 21:21:14,546] {dagbag.py:507} INFO - Filling up the DagBag from /home/julioubuntu/Projects/EGD/airflow-trabalho-final/venv/lib/python3.9/site-packages/airflow/example_dags/tutorial_etl_dag.py
[2023-12-13 21:21:14,552] {processor.py:651} INFO - DAG(s) dict_keys(['tutorial_etl_dag']) retrieved from /home/julioubuntu/Projects/EGD/airflow-trabalho-final/venv/lib/python3.9/site-packages/airflow/example_dags/tutorial_etl_dag.py
[2023-12-13 21:21:14,568] {logging_mixin.py:115} INFO - [2023-12-13 21:21:14,567] {dag.py:2379} INFO - Sync 1 DAGs
[2023-12-13 21:21:14,584] {logging_mixin.py:115} INFO - [2023-12-13 21:21:14,584] {dag.py:2927} INFO - Setting next_dagrun for tutorial_etl_dag to None, run_after=None
[2023-12-13 21:21:14,600] {processor.py:161} INFO - Processing /home/julioubuntu/Projects/EGD/airflow-trabalho-final/venv/lib/python3.9/site-packages/airflow/example_dags/tutorial_etl_dag.py took 0.064 seconds
[2023-12-13 21:21:47,036] {processor.py:153} INFO - Started process (PID=194667) to work on /home/julioubuntu/Projects/EGD/airflow-trabalho-final/venv/lib/python3.9/site-packages/airflow/example_dags/tutorial_etl_dag.py
[2023-12-13 21:21:47,038] {processor.py:641} INFO - Processing file /home/julioubuntu/Projects/EGD/airflow-trabalho-final/venv/lib/python3.9/site-packages/airflow/example_dags/tutorial_etl_dag.py for tasks to queue
[2023-12-13 21:21:47,038] {logging_mixin.py:115} INFO - [2023-12-13 21:21:47,038] {dagbag.py:507} INFO - Filling up the DagBag from /home/julioubuntu/Projects/EGD/airflow-trabalho-final/venv/lib/python3.9/site-packages/airflow/example_dags/tutorial_etl_dag.py
[2023-12-13 21:21:47,045] {processor.py:651} INFO - DAG(s) dict_keys(['tutorial_etl_dag']) retrieved from /home/julioubuntu/Projects/EGD/airflow-trabalho-final/venv/lib/python3.9/site-packages/airflow/example_dags/tutorial_etl_dag.py
[2023-12-13 21:21:47,061] {logging_mixin.py:115} INFO - [2023-12-13 21:21:47,061] {dag.py:2379} INFO - Sync 1 DAGs
[2023-12-13 21:21:47,081] {logging_mixin.py:115} INFO - [2023-12-13 21:21:47,081] {dag.py:2927} INFO - Setting next_dagrun for tutorial_etl_dag to None, run_after=None
[2023-12-13 21:21:47,099] {processor.py:161} INFO - Processing /home/julioubuntu/Projects/EGD/airflow-trabalho-final/venv/lib/python3.9/site-packages/airflow/example_dags/tutorial_etl_dag.py took 0.065 seconds
[2023-12-13 21:22:34,170] {processor.py:153} INFO - Started process (PID=195036) to work on /home/julioubuntu/Projects/EGD/airflow-trabalho-final/venv/lib/python3.9/site-packages/airflow/example_dags/tutorial_etl_dag.py
[2023-12-13 21:22:34,171] {processor.py:641} INFO - Processing file /home/julioubuntu/Projects/EGD/airflow-trabalho-final/venv/lib/python3.9/site-packages/airflow/example_dags/tutorial_etl_dag.py for tasks to queue
[2023-12-13 21:22:34,171] {logging_mixin.py:115} INFO - [2023-12-13 21:22:34,171] {dagbag.py:507} INFO - Filling up the DagBag from /home/julioubuntu/Projects/EGD/airflow-trabalho-final/venv/lib/python3.9/site-packages/airflow/example_dags/tutorial_etl_dag.py
[2023-12-13 21:22:34,178] {processor.py:651} INFO - DAG(s) dict_keys(['tutorial_etl_dag']) retrieved from /home/julioubuntu/Projects/EGD/airflow-trabalho-final/venv/lib/python3.9/site-packages/airflow/example_dags/tutorial_etl_dag.py
[2023-12-13 21:22:34,194] {logging_mixin.py:115} INFO - [2023-12-13 21:22:34,194] {dag.py:2379} INFO - Sync 1 DAGs
[2023-12-13 21:22:34,214] {logging_mixin.py:115} INFO - [2023-12-13 21:22:34,214] {dag.py:2927} INFO - Setting next_dagrun for tutorial_etl_dag to None, run_after=None
[2023-12-13 21:22:34,230] {processor.py:161} INFO - Processing /home/julioubuntu/Projects/EGD/airflow-trabalho-final/venv/lib/python3.9/site-packages/airflow/example_dags/tutorial_etl_dag.py took 0.063 seconds
[2023-12-13 21:23:08,418] {processor.py:153} INFO - Started process (PID=195318) to work on /home/julioubuntu/Projects/EGD/airflow-trabalho-final/venv/lib/python3.9/site-packages/airflow/example_dags/tutorial_etl_dag.py
[2023-12-13 21:23:08,419] {processor.py:641} INFO - Processing file /home/julioubuntu/Projects/EGD/airflow-trabalho-final/venv/lib/python3.9/site-packages/airflow/example_dags/tutorial_etl_dag.py for tasks to queue
[2023-12-13 21:23:08,420] {logging_mixin.py:115} INFO - [2023-12-13 21:23:08,419] {dagbag.py:507} INFO - Filling up the DagBag from /home/julioubuntu/Projects/EGD/airflow-trabalho-final/venv/lib/python3.9/site-packages/airflow/example_dags/tutorial_etl_dag.py
[2023-12-13 21:23:08,426] {processor.py:651} INFO - DAG(s) dict_keys(['tutorial_etl_dag']) retrieved from /home/julioubuntu/Projects/EGD/airflow-trabalho-final/venv/lib/python3.9/site-packages/airflow/example_dags/tutorial_etl_dag.py
[2023-12-13 21:23:08,442] {logging_mixin.py:115} INFO - [2023-12-13 21:23:08,442] {dag.py:2379} INFO - Sync 1 DAGs
[2023-12-13 21:23:08,461] {logging_mixin.py:115} INFO - [2023-12-13 21:23:08,461] {dag.py:2927} INFO - Setting next_dagrun for tutorial_etl_dag to None, run_after=None
[2023-12-13 21:23:08,478] {processor.py:161} INFO - Processing /home/julioubuntu/Projects/EGD/airflow-trabalho-final/venv/lib/python3.9/site-packages/airflow/example_dags/tutorial_etl_dag.py took 0.062 seconds
[2023-12-13 21:23:41,941] {processor.py:153} INFO - Started process (PID=195353) to work on /home/julioubuntu/Projects/EGD/airflow-trabalho-final/venv/lib/python3.9/site-packages/airflow/example_dags/tutorial_etl_dag.py
[2023-12-13 21:23:41,942] {processor.py:641} INFO - Processing file /home/julioubuntu/Projects/EGD/airflow-trabalho-final/venv/lib/python3.9/site-packages/airflow/example_dags/tutorial_etl_dag.py for tasks to queue
[2023-12-13 21:23:41,943] {logging_mixin.py:115} INFO - [2023-12-13 21:23:41,943] {dagbag.py:507} INFO - Filling up the DagBag from /home/julioubuntu/Projects/EGD/airflow-trabalho-final/venv/lib/python3.9/site-packages/airflow/example_dags/tutorial_etl_dag.py
[2023-12-13 21:23:41,948] {processor.py:651} INFO - DAG(s) dict_keys(['tutorial_etl_dag']) retrieved from /home/julioubuntu/Projects/EGD/airflow-trabalho-final/venv/lib/python3.9/site-packages/airflow/example_dags/tutorial_etl_dag.py
[2023-12-13 21:23:41,960] {logging_mixin.py:115} INFO - [2023-12-13 21:23:41,960] {dag.py:2379} INFO - Sync 1 DAGs
[2023-12-13 21:23:41,977] {logging_mixin.py:115} INFO - [2023-12-13 21:23:41,977] {dag.py:2927} INFO - Setting next_dagrun for tutorial_etl_dag to None, run_after=None
[2023-12-13 21:23:41,991] {processor.py:161} INFO - Processing /home/julioubuntu/Projects/EGD/airflow-trabalho-final/venv/lib/python3.9/site-packages/airflow/example_dags/tutorial_etl_dag.py took 0.053 seconds
[2023-12-13 21:24:17,054] {processor.py:153} INFO - Started process (PID=195397) to work on /home/julioubuntu/Projects/EGD/airflow-trabalho-final/venv/lib/python3.9/site-packages/airflow/example_dags/tutorial_etl_dag.py
[2023-12-13 21:24:17,146] {processor.py:641} INFO - Processing file /home/julioubuntu/Projects/EGD/airflow-trabalho-final/venv/lib/python3.9/site-packages/airflow/example_dags/tutorial_etl_dag.py for tasks to queue
[2023-12-13 21:24:17,147] {logging_mixin.py:115} INFO - [2023-12-13 21:24:17,147] {dagbag.py:507} INFO - Filling up the DagBag from /home/julioubuntu/Projects/EGD/airflow-trabalho-final/venv/lib/python3.9/site-packages/airflow/example_dags/tutorial_etl_dag.py
[2023-12-13 21:24:17,159] {processor.py:651} INFO - DAG(s) dict_keys(['tutorial_etl_dag']) retrieved from /home/julioubuntu/Projects/EGD/airflow-trabalho-final/venv/lib/python3.9/site-packages/airflow/example_dags/tutorial_etl_dag.py
[2023-12-13 21:24:17,180] {logging_mixin.py:115} INFO - [2023-12-13 21:24:17,180] {dag.py:2379} INFO - Sync 1 DAGs
[2023-12-13 21:24:17,204] {logging_mixin.py:115} INFO - [2023-12-13 21:24:17,204] {dag.py:2927} INFO - Setting next_dagrun for tutorial_etl_dag to None, run_after=None
[2023-12-13 21:24:17,528] {processor.py:161} INFO - Processing /home/julioubuntu/Projects/EGD/airflow-trabalho-final/venv/lib/python3.9/site-packages/airflow/example_dags/tutorial_etl_dag.py took 0.477 seconds
[2023-12-13 21:24:54,192] {processor.py:153} INFO - Started process (PID=195728) to work on /home/julioubuntu/Projects/EGD/airflow-trabalho-final/venv/lib/python3.9/site-packages/airflow/example_dags/tutorial_etl_dag.py
[2023-12-13 21:24:54,194] {processor.py:641} INFO - Processing file /home/julioubuntu/Projects/EGD/airflow-trabalho-final/venv/lib/python3.9/site-packages/airflow/example_dags/tutorial_etl_dag.py for tasks to queue
[2023-12-13 21:24:54,194] {logging_mixin.py:115} INFO - [2023-12-13 21:24:54,194] {dagbag.py:507} INFO - Filling up the DagBag from /home/julioubuntu/Projects/EGD/airflow-trabalho-final/venv/lib/python3.9/site-packages/airflow/example_dags/tutorial_etl_dag.py
[2023-12-13 21:24:54,200] {processor.py:651} INFO - DAG(s) dict_keys(['tutorial_etl_dag']) retrieved from /home/julioubuntu/Projects/EGD/airflow-trabalho-final/venv/lib/python3.9/site-packages/airflow/example_dags/tutorial_etl_dag.py
[2023-12-13 21:24:54,212] {logging_mixin.py:115} INFO - [2023-12-13 21:24:54,212] {dag.py:2379} INFO - Sync 1 DAGs
[2023-12-13 21:24:54,228] {logging_mixin.py:115} INFO - [2023-12-13 21:24:54,228] {dag.py:2927} INFO - Setting next_dagrun for tutorial_etl_dag to None, run_after=None
[2023-12-13 21:24:54,242] {processor.py:161} INFO - Processing /home/julioubuntu/Projects/EGD/airflow-trabalho-final/venv/lib/python3.9/site-packages/airflow/example_dags/tutorial_etl_dag.py took 0.052 seconds
[2023-12-13 21:25:33,153] {processor.py:153} INFO - Started process (PID=195776) to work on /home/julioubuntu/Projects/EGD/airflow-trabalho-final/venv/lib/python3.9/site-packages/airflow/example_dags/tutorial_etl_dag.py
[2023-12-13 21:25:33,154] {processor.py:641} INFO - Processing file /home/julioubuntu/Projects/EGD/airflow-trabalho-final/venv/lib/python3.9/site-packages/airflow/example_dags/tutorial_etl_dag.py for tasks to queue
[2023-12-13 21:25:33,155] {logging_mixin.py:115} INFO - [2023-12-13 21:25:33,155] {dagbag.py:507} INFO - Filling up the DagBag from /home/julioubuntu/Projects/EGD/airflow-trabalho-final/venv/lib/python3.9/site-packages/airflow/example_dags/tutorial_etl_dag.py
[2023-12-13 21:25:33,160] {processor.py:651} INFO - DAG(s) dict_keys(['tutorial_etl_dag']) retrieved from /home/julioubuntu/Projects/EGD/airflow-trabalho-final/venv/lib/python3.9/site-packages/airflow/example_dags/tutorial_etl_dag.py
[2023-12-13 21:25:33,173] {logging_mixin.py:115} INFO - [2023-12-13 21:25:33,173] {dag.py:2379} INFO - Sync 1 DAGs
[2023-12-13 21:25:33,188] {logging_mixin.py:115} INFO - [2023-12-13 21:25:33,188] {dag.py:2927} INFO - Setting next_dagrun for tutorial_etl_dag to None, run_after=None
[2023-12-13 21:25:33,206] {processor.py:161} INFO - Processing /home/julioubuntu/Projects/EGD/airflow-trabalho-final/venv/lib/python3.9/site-packages/airflow/example_dags/tutorial_etl_dag.py took 0.054 seconds
[2023-12-13 21:26:07,814] {processor.py:153} INFO - Started process (PID=196140) to work on /home/julioubuntu/Projects/EGD/airflow-trabalho-final/venv/lib/python3.9/site-packages/airflow/example_dags/tutorial_etl_dag.py
[2023-12-13 21:26:07,816] {processor.py:641} INFO - Processing file /home/julioubuntu/Projects/EGD/airflow-trabalho-final/venv/lib/python3.9/site-packages/airflow/example_dags/tutorial_etl_dag.py for tasks to queue
[2023-12-13 21:26:07,817] {logging_mixin.py:115} INFO - [2023-12-13 21:26:07,817] {dagbag.py:507} INFO - Filling up the DagBag from /home/julioubuntu/Projects/EGD/airflow-trabalho-final/venv/lib/python3.9/site-packages/airflow/example_dags/tutorial_etl_dag.py
[2023-12-13 21:26:07,830] {processor.py:651} INFO - DAG(s) dict_keys(['tutorial_etl_dag']) retrieved from /home/julioubuntu/Projects/EGD/airflow-trabalho-final/venv/lib/python3.9/site-packages/airflow/example_dags/tutorial_etl_dag.py
[2023-12-13 21:26:07,860] {logging_mixin.py:115} INFO - [2023-12-13 21:26:07,859] {dag.py:2379} INFO - Sync 1 DAGs
[2023-12-13 21:26:07,897] {logging_mixin.py:115} INFO - [2023-12-13 21:26:07,897] {dag.py:2927} INFO - Setting next_dagrun for tutorial_etl_dag to None, run_after=None
[2023-12-13 21:26:07,922] {processor.py:161} INFO - Processing /home/julioubuntu/Projects/EGD/airflow-trabalho-final/venv/lib/python3.9/site-packages/airflow/example_dags/tutorial_etl_dag.py took 0.112 seconds
[2023-12-13 21:26:42,816] {processor.py:153} INFO - Started process (PID=196569) to work on /home/julioubuntu/Projects/EGD/airflow-trabalho-final/venv/lib/python3.9/site-packages/airflow/example_dags/tutorial_etl_dag.py
[2023-12-13 21:26:42,817] {processor.py:641} INFO - Processing file /home/julioubuntu/Projects/EGD/airflow-trabalho-final/venv/lib/python3.9/site-packages/airflow/example_dags/tutorial_etl_dag.py for tasks to queue
[2023-12-13 21:26:42,818] {logging_mixin.py:115} INFO - [2023-12-13 21:26:42,817] {dagbag.py:507} INFO - Filling up the DagBag from /home/julioubuntu/Projects/EGD/airflow-trabalho-final/venv/lib/python3.9/site-packages/airflow/example_dags/tutorial_etl_dag.py
[2023-12-13 21:26:42,824] {processor.py:651} INFO - DAG(s) dict_keys(['tutorial_etl_dag']) retrieved from /home/julioubuntu/Projects/EGD/airflow-trabalho-final/venv/lib/python3.9/site-packages/airflow/example_dags/tutorial_etl_dag.py
[2023-12-13 21:26:42,840] {logging_mixin.py:115} INFO - [2023-12-13 21:26:42,840] {dag.py:2379} INFO - Sync 1 DAGs
[2023-12-13 21:26:42,868] {logging_mixin.py:115} INFO - [2023-12-13 21:26:42,868] {dag.py:2927} INFO - Setting next_dagrun for tutorial_etl_dag to None, run_after=None
[2023-12-13 21:26:42,890] {processor.py:161} INFO - Processing /home/julioubuntu/Projects/EGD/airflow-trabalho-final/venv/lib/python3.9/site-packages/airflow/example_dags/tutorial_etl_dag.py took 0.078 seconds
[2023-12-13 21:27:13,809] {processor.py:153} INFO - Started process (PID=196610) to work on /home/julioubuntu/Projects/EGD/airflow-trabalho-final/venv/lib/python3.9/site-packages/airflow/example_dags/tutorial_etl_dag.py
[2023-12-13 21:27:13,810] {processor.py:641} INFO - Processing file /home/julioubuntu/Projects/EGD/airflow-trabalho-final/venv/lib/python3.9/site-packages/airflow/example_dags/tutorial_etl_dag.py for tasks to queue
[2023-12-13 21:27:13,810] {logging_mixin.py:115} INFO - [2023-12-13 21:27:13,810] {dagbag.py:507} INFO - Filling up the DagBag from /home/julioubuntu/Projects/EGD/airflow-trabalho-final/venv/lib/python3.9/site-packages/airflow/example_dags/tutorial_etl_dag.py
[2023-12-13 21:27:13,816] {processor.py:651} INFO - DAG(s) dict_keys(['tutorial_etl_dag']) retrieved from /home/julioubuntu/Projects/EGD/airflow-trabalho-final/venv/lib/python3.9/site-packages/airflow/example_dags/tutorial_etl_dag.py
[2023-12-13 21:27:13,833] {logging_mixin.py:115} INFO - [2023-12-13 21:27:13,833] {dag.py:2379} INFO - Sync 1 DAGs
[2023-12-13 21:27:13,851] {logging_mixin.py:115} INFO - [2023-12-13 21:27:13,851] {dag.py:2927} INFO - Setting next_dagrun for tutorial_etl_dag to None, run_after=None
[2023-12-13 21:27:13,871] {processor.py:161} INFO - Processing /home/julioubuntu/Projects/EGD/airflow-trabalho-final/venv/lib/python3.9/site-packages/airflow/example_dags/tutorial_etl_dag.py took 0.064 seconds
[2023-12-13 21:27:49,053] {processor.py:153} INFO - Started process (PID=197027) to work on /home/julioubuntu/Projects/EGD/airflow-trabalho-final/venv/lib/python3.9/site-packages/airflow/example_dags/tutorial_etl_dag.py
[2023-12-13 21:27:49,054] {processor.py:641} INFO - Processing file /home/julioubuntu/Projects/EGD/airflow-trabalho-final/venv/lib/python3.9/site-packages/airflow/example_dags/tutorial_etl_dag.py for tasks to queue
[2023-12-13 21:27:49,055] {logging_mixin.py:115} INFO - [2023-12-13 21:27:49,055] {dagbag.py:507} INFO - Filling up the DagBag from /home/julioubuntu/Projects/EGD/airflow-trabalho-final/venv/lib/python3.9/site-packages/airflow/example_dags/tutorial_etl_dag.py
[2023-12-13 21:27:49,061] {processor.py:651} INFO - DAG(s) dict_keys(['tutorial_etl_dag']) retrieved from /home/julioubuntu/Projects/EGD/airflow-trabalho-final/venv/lib/python3.9/site-packages/airflow/example_dags/tutorial_etl_dag.py
[2023-12-13 21:27:49,076] {logging_mixin.py:115} INFO - [2023-12-13 21:27:49,076] {dag.py:2379} INFO - Sync 1 DAGs
[2023-12-13 21:27:49,095] {logging_mixin.py:115} INFO - [2023-12-13 21:27:49,095] {dag.py:2927} INFO - Setting next_dagrun for tutorial_etl_dag to None, run_after=None
[2023-12-13 21:27:49,110] {processor.py:161} INFO - Processing /home/julioubuntu/Projects/EGD/airflow-trabalho-final/venv/lib/python3.9/site-packages/airflow/example_dags/tutorial_etl_dag.py took 0.059 seconds
[2023-12-13 21:28:35,936] {processor.py:153} INFO - Started process (PID=197412) to work on /home/julioubuntu/Projects/EGD/airflow-trabalho-final/venv/lib/python3.9/site-packages/airflow/example_dags/tutorial_etl_dag.py
[2023-12-13 21:28:35,937] {processor.py:641} INFO - Processing file /home/julioubuntu/Projects/EGD/airflow-trabalho-final/venv/lib/python3.9/site-packages/airflow/example_dags/tutorial_etl_dag.py for tasks to queue
[2023-12-13 21:28:35,938] {logging_mixin.py:115} INFO - [2023-12-13 21:28:35,938] {dagbag.py:507} INFO - Filling up the DagBag from /home/julioubuntu/Projects/EGD/airflow-trabalho-final/venv/lib/python3.9/site-packages/airflow/example_dags/tutorial_etl_dag.py
[2023-12-13 21:28:35,944] {processor.py:651} INFO - DAG(s) dict_keys(['tutorial_etl_dag']) retrieved from /home/julioubuntu/Projects/EGD/airflow-trabalho-final/venv/lib/python3.9/site-packages/airflow/example_dags/tutorial_etl_dag.py
[2023-12-13 21:28:35,959] {logging_mixin.py:115} INFO - [2023-12-13 21:28:35,959] {dag.py:2379} INFO - Sync 1 DAGs
[2023-12-13 21:28:35,976] {logging_mixin.py:115} INFO - [2023-12-13 21:28:35,975] {dag.py:2927} INFO - Setting next_dagrun for tutorial_etl_dag to None, run_after=None
[2023-12-13 21:28:35,993] {processor.py:161} INFO - Processing /home/julioubuntu/Projects/EGD/airflow-trabalho-final/venv/lib/python3.9/site-packages/airflow/example_dags/tutorial_etl_dag.py took 0.059 seconds
[2023-12-13 21:29:20,034] {processor.py:153} INFO - Started process (PID=197804) to work on /home/julioubuntu/Projects/EGD/airflow-trabalho-final/venv/lib/python3.9/site-packages/airflow/example_dags/tutorial_etl_dag.py
[2023-12-13 21:29:20,036] {processor.py:641} INFO - Processing file /home/julioubuntu/Projects/EGD/airflow-trabalho-final/venv/lib/python3.9/site-packages/airflow/example_dags/tutorial_etl_dag.py for tasks to queue
[2023-12-13 21:29:20,036] {logging_mixin.py:115} INFO - [2023-12-13 21:29:20,036] {dagbag.py:507} INFO - Filling up the DagBag from /home/julioubuntu/Projects/EGD/airflow-trabalho-final/venv/lib/python3.9/site-packages/airflow/example_dags/tutorial_etl_dag.py
[2023-12-13 21:29:20,044] {processor.py:651} INFO - DAG(s) dict_keys(['tutorial_etl_dag']) retrieved from /home/julioubuntu/Projects/EGD/airflow-trabalho-final/venv/lib/python3.9/site-packages/airflow/example_dags/tutorial_etl_dag.py
[2023-12-13 21:29:20,059] {logging_mixin.py:115} INFO - [2023-12-13 21:29:20,058] {dag.py:2379} INFO - Sync 1 DAGs
[2023-12-13 21:29:20,076] {logging_mixin.py:115} INFO - [2023-12-13 21:29:20,076] {dag.py:2927} INFO - Setting next_dagrun for tutorial_etl_dag to None, run_after=None
[2023-12-13 21:29:20,096] {processor.py:161} INFO - Processing /home/julioubuntu/Projects/EGD/airflow-trabalho-final/venv/lib/python3.9/site-packages/airflow/example_dags/tutorial_etl_dag.py took 0.065 seconds
[2023-12-13 21:30:01,361] {processor.py:153} INFO - Started process (PID=198156) to work on /home/julioubuntu/Projects/EGD/airflow-trabalho-final/venv/lib/python3.9/site-packages/airflow/example_dags/tutorial_etl_dag.py
[2023-12-13 21:30:01,362] {processor.py:641} INFO - Processing file /home/julioubuntu/Projects/EGD/airflow-trabalho-final/venv/lib/python3.9/site-packages/airflow/example_dags/tutorial_etl_dag.py for tasks to queue
[2023-12-13 21:30:01,363] {logging_mixin.py:115} INFO - [2023-12-13 21:30:01,363] {dagbag.py:507} INFO - Filling up the DagBag from /home/julioubuntu/Projects/EGD/airflow-trabalho-final/venv/lib/python3.9/site-packages/airflow/example_dags/tutorial_etl_dag.py
[2023-12-13 21:30:01,373] {processor.py:651} INFO - DAG(s) dict_keys(['tutorial_etl_dag']) retrieved from /home/julioubuntu/Projects/EGD/airflow-trabalho-final/venv/lib/python3.9/site-packages/airflow/example_dags/tutorial_etl_dag.py
[2023-12-13 21:30:01,393] {logging_mixin.py:115} INFO - [2023-12-13 21:30:01,393] {dag.py:2379} INFO - Sync 1 DAGs
[2023-12-13 21:30:01,418] {logging_mixin.py:115} INFO - [2023-12-13 21:30:01,417] {dag.py:2927} INFO - Setting next_dagrun for tutorial_etl_dag to None, run_after=None
[2023-12-13 21:30:01,437] {processor.py:161} INFO - Processing /home/julioubuntu/Projects/EGD/airflow-trabalho-final/venv/lib/python3.9/site-packages/airflow/example_dags/tutorial_etl_dag.py took 0.079 seconds
[2023-12-13 21:30:34,806] {processor.py:153} INFO - Started process (PID=198195) to work on /home/julioubuntu/Projects/EGD/airflow-trabalho-final/venv/lib/python3.9/site-packages/airflow/example_dags/tutorial_etl_dag.py
[2023-12-13 21:30:34,807] {processor.py:641} INFO - Processing file /home/julioubuntu/Projects/EGD/airflow-trabalho-final/venv/lib/python3.9/site-packages/airflow/example_dags/tutorial_etl_dag.py for tasks to queue
[2023-12-13 21:30:34,808] {logging_mixin.py:115} INFO - [2023-12-13 21:30:34,808] {dagbag.py:507} INFO - Filling up the DagBag from /home/julioubuntu/Projects/EGD/airflow-trabalho-final/venv/lib/python3.9/site-packages/airflow/example_dags/tutorial_etl_dag.py
[2023-12-13 21:30:34,814] {processor.py:651} INFO - DAG(s) dict_keys(['tutorial_etl_dag']) retrieved from /home/julioubuntu/Projects/EGD/airflow-trabalho-final/venv/lib/python3.9/site-packages/airflow/example_dags/tutorial_etl_dag.py
[2023-12-13 21:30:34,831] {logging_mixin.py:115} INFO - [2023-12-13 21:30:34,831] {dag.py:2379} INFO - Sync 1 DAGs
[2023-12-13 21:30:34,846] {logging_mixin.py:115} INFO - [2023-12-13 21:30:34,846] {dag.py:2927} INFO - Setting next_dagrun for tutorial_etl_dag to None, run_after=None
[2023-12-13 21:30:34,862] {processor.py:161} INFO - Processing /home/julioubuntu/Projects/EGD/airflow-trabalho-final/venv/lib/python3.9/site-packages/airflow/example_dags/tutorial_etl_dag.py took 0.058 seconds
[2023-12-13 21:31:10,004] {processor.py:153} INFO - Started process (PID=198430) to work on /home/julioubuntu/Projects/EGD/airflow-trabalho-final/venv/lib/python3.9/site-packages/airflow/example_dags/tutorial_etl_dag.py
[2023-12-13 21:31:10,006] {processor.py:641} INFO - Processing file /home/julioubuntu/Projects/EGD/airflow-trabalho-final/venv/lib/python3.9/site-packages/airflow/example_dags/tutorial_etl_dag.py for tasks to queue
[2023-12-13 21:31:10,007] {logging_mixin.py:115} INFO - [2023-12-13 21:31:10,006] {dagbag.py:507} INFO - Filling up the DagBag from /home/julioubuntu/Projects/EGD/airflow-trabalho-final/venv/lib/python3.9/site-packages/airflow/example_dags/tutorial_etl_dag.py
[2023-12-13 21:31:10,022] {processor.py:651} INFO - DAG(s) dict_keys(['tutorial_etl_dag']) retrieved from /home/julioubuntu/Projects/EGD/airflow-trabalho-final/venv/lib/python3.9/site-packages/airflow/example_dags/tutorial_etl_dag.py
[2023-12-13 21:31:10,067] {logging_mixin.py:115} INFO - [2023-12-13 21:31:10,066] {dag.py:2379} INFO - Sync 1 DAGs
[2023-12-13 21:31:10,110] {logging_mixin.py:115} INFO - [2023-12-13 21:31:10,110] {dag.py:2927} INFO - Setting next_dagrun for tutorial_etl_dag to None, run_after=None
[2023-12-13 21:31:10,144] {processor.py:161} INFO - Processing /home/julioubuntu/Projects/EGD/airflow-trabalho-final/venv/lib/python3.9/site-packages/airflow/example_dags/tutorial_etl_dag.py took 0.144 seconds
[2023-12-13 21:31:45,621] {processor.py:153} INFO - Started process (PID=198650) to work on /home/julioubuntu/Projects/EGD/airflow-trabalho-final/venv/lib/python3.9/site-packages/airflow/example_dags/tutorial_etl_dag.py
[2023-12-13 21:31:45,622] {processor.py:641} INFO - Processing file /home/julioubuntu/Projects/EGD/airflow-trabalho-final/venv/lib/python3.9/site-packages/airflow/example_dags/tutorial_etl_dag.py for tasks to queue
[2023-12-13 21:31:45,623] {logging_mixin.py:115} INFO - [2023-12-13 21:31:45,623] {dagbag.py:507} INFO - Filling up the DagBag from /home/julioubuntu/Projects/EGD/airflow-trabalho-final/venv/lib/python3.9/site-packages/airflow/example_dags/tutorial_etl_dag.py
[2023-12-13 21:31:45,634] {processor.py:651} INFO - DAG(s) dict_keys(['tutorial_etl_dag']) retrieved from /home/julioubuntu/Projects/EGD/airflow-trabalho-final/venv/lib/python3.9/site-packages/airflow/example_dags/tutorial_etl_dag.py
[2023-12-13 21:31:45,662] {logging_mixin.py:115} INFO - [2023-12-13 21:31:45,662] {dag.py:2379} INFO - Sync 1 DAGs
[2023-12-13 21:31:45,692] {logging_mixin.py:115} INFO - [2023-12-13 21:31:45,692] {dag.py:2927} INFO - Setting next_dagrun for tutorial_etl_dag to None, run_after=None
[2023-12-13 21:31:45,721] {processor.py:161} INFO - Processing /home/julioubuntu/Projects/EGD/airflow-trabalho-final/venv/lib/python3.9/site-packages/airflow/example_dags/tutorial_etl_dag.py took 0.104 seconds
[2023-12-13 21:32:28,425] {processor.py:153} INFO - Started process (PID=199452) to work on /home/julioubuntu/Projects/EGD/airflow-trabalho-final/venv/lib/python3.9/site-packages/airflow/example_dags/tutorial_etl_dag.py
[2023-12-13 21:32:28,446] {processor.py:641} INFO - Processing file /home/julioubuntu/Projects/EGD/airflow-trabalho-final/venv/lib/python3.9/site-packages/airflow/example_dags/tutorial_etl_dag.py for tasks to queue
[2023-12-13 21:32:28,457] {logging_mixin.py:115} INFO - [2023-12-13 21:32:28,456] {dagbag.py:507} INFO - Filling up the DagBag from /home/julioubuntu/Projects/EGD/airflow-trabalho-final/venv/lib/python3.9/site-packages/airflow/example_dags/tutorial_etl_dag.py
[2023-12-13 21:32:28,595] {processor.py:651} INFO - DAG(s) dict_keys(['tutorial_etl_dag']) retrieved from /home/julioubuntu/Projects/EGD/airflow-trabalho-final/venv/lib/python3.9/site-packages/airflow/example_dags/tutorial_etl_dag.py
[2023-12-13 21:32:28,730] {logging_mixin.py:115} INFO - [2023-12-13 21:32:28,729] {dag.py:2379} INFO - Sync 1 DAGs
[2023-12-13 21:32:28,856] {logging_mixin.py:115} INFO - [2023-12-13 21:32:28,856] {dag.py:2927} INFO - Setting next_dagrun for tutorial_etl_dag to None, run_after=None
[2023-12-13 21:32:28,982] {processor.py:161} INFO - Processing /home/julioubuntu/Projects/EGD/airflow-trabalho-final/venv/lib/python3.9/site-packages/airflow/example_dags/tutorial_etl_dag.py took 0.630 seconds
[2023-12-13 21:33:20,559] {processor.py:153} INFO - Started process (PID=210839) to work on /home/julioubuntu/Projects/EGD/airflow-trabalho-final/venv/lib/python3.9/site-packages/airflow/example_dags/tutorial_etl_dag.py
[2023-12-13 21:33:20,561] {processor.py:641} INFO - Processing file /home/julioubuntu/Projects/EGD/airflow-trabalho-final/venv/lib/python3.9/site-packages/airflow/example_dags/tutorial_etl_dag.py for tasks to queue
[2023-12-13 21:33:20,568] {logging_mixin.py:115} INFO - [2023-12-13 21:33:20,568] {dagbag.py:507} INFO - Filling up the DagBag from /home/julioubuntu/Projects/EGD/airflow-trabalho-final/venv/lib/python3.9/site-packages/airflow/example_dags/tutorial_etl_dag.py
[2023-12-13 21:33:20,585] {processor.py:651} INFO - DAG(s) dict_keys(['tutorial_etl_dag']) retrieved from /home/julioubuntu/Projects/EGD/airflow-trabalho-final/venv/lib/python3.9/site-packages/airflow/example_dags/tutorial_etl_dag.py
[2023-12-13 21:33:20,658] {logging_mixin.py:115} INFO - [2023-12-13 21:33:20,657] {dag.py:2379} INFO - Sync 1 DAGs
[2023-12-13 21:33:20,973] {logging_mixin.py:115} INFO - [2023-12-13 21:33:20,972] {dag.py:2927} INFO - Setting next_dagrun for tutorial_etl_dag to None, run_after=None
[2023-12-13 21:33:21,085] {processor.py:161} INFO - Processing /home/julioubuntu/Projects/EGD/airflow-trabalho-final/venv/lib/python3.9/site-packages/airflow/example_dags/tutorial_etl_dag.py took 0.531 seconds
[2023-12-13 21:34:07,279] {processor.py:153} INFO - Started process (PID=211243) to work on /home/julioubuntu/Projects/EGD/airflow-trabalho-final/venv/lib/python3.9/site-packages/airflow/example_dags/tutorial_etl_dag.py
[2023-12-13 21:34:07,281] {processor.py:641} INFO - Processing file /home/julioubuntu/Projects/EGD/airflow-trabalho-final/venv/lib/python3.9/site-packages/airflow/example_dags/tutorial_etl_dag.py for tasks to queue
[2023-12-13 21:34:07,282] {logging_mixin.py:115} INFO - [2023-12-13 21:34:07,281] {dagbag.py:507} INFO - Filling up the DagBag from /home/julioubuntu/Projects/EGD/airflow-trabalho-final/venv/lib/python3.9/site-packages/airflow/example_dags/tutorial_etl_dag.py
[2023-12-13 21:34:07,291] {processor.py:651} INFO - DAG(s) dict_keys(['tutorial_etl_dag']) retrieved from /home/julioubuntu/Projects/EGD/airflow-trabalho-final/venv/lib/python3.9/site-packages/airflow/example_dags/tutorial_etl_dag.py
[2023-12-13 21:34:07,320] {logging_mixin.py:115} INFO - [2023-12-13 21:34:07,320] {dag.py:2379} INFO - Sync 1 DAGs
[2023-12-13 21:34:07,353] {logging_mixin.py:115} INFO - [2023-12-13 21:34:07,353] {dag.py:2927} INFO - Setting next_dagrun for tutorial_etl_dag to None, run_after=None
[2023-12-13 21:34:07,384] {processor.py:161} INFO - Processing /home/julioubuntu/Projects/EGD/airflow-trabalho-final/venv/lib/python3.9/site-packages/airflow/example_dags/tutorial_etl_dag.py took 0.109 seconds
[2023-12-13 21:34:42,911] {processor.py:153} INFO - Started process (PID=211283) to work on /home/julioubuntu/Projects/EGD/airflow-trabalho-final/venv/lib/python3.9/site-packages/airflow/example_dags/tutorial_etl_dag.py
[2023-12-13 21:34:42,912] {processor.py:641} INFO - Processing file /home/julioubuntu/Projects/EGD/airflow-trabalho-final/venv/lib/python3.9/site-packages/airflow/example_dags/tutorial_etl_dag.py for tasks to queue
[2023-12-13 21:34:42,913] {logging_mixin.py:115} INFO - [2023-12-13 21:34:42,913] {dagbag.py:507} INFO - Filling up the DagBag from /home/julioubuntu/Projects/EGD/airflow-trabalho-final/venv/lib/python3.9/site-packages/airflow/example_dags/tutorial_etl_dag.py
[2023-12-13 21:34:42,921] {processor.py:651} INFO - DAG(s) dict_keys(['tutorial_etl_dag']) retrieved from /home/julioubuntu/Projects/EGD/airflow-trabalho-final/venv/lib/python3.9/site-packages/airflow/example_dags/tutorial_etl_dag.py
[2023-12-13 21:34:42,945] {logging_mixin.py:115} INFO - [2023-12-13 21:34:42,945] {dag.py:2379} INFO - Sync 1 DAGs
[2023-12-13 21:34:42,965] {logging_mixin.py:115} INFO - [2023-12-13 21:34:42,965] {dag.py:2927} INFO - Setting next_dagrun for tutorial_etl_dag to None, run_after=None
[2023-12-13 21:34:42,985] {processor.py:161} INFO - Processing /home/julioubuntu/Projects/EGD/airflow-trabalho-final/venv/lib/python3.9/site-packages/airflow/example_dags/tutorial_etl_dag.py took 0.077 seconds
[2023-12-13 21:35:22,633] {processor.py:153} INFO - Started process (PID=211338) to work on /home/julioubuntu/Projects/EGD/airflow-trabalho-final/venv/lib/python3.9/site-packages/airflow/example_dags/tutorial_etl_dag.py
[2023-12-13 21:35:22,633] {processor.py:641} INFO - Processing file /home/julioubuntu/Projects/EGD/airflow-trabalho-final/venv/lib/python3.9/site-packages/airflow/example_dags/tutorial_etl_dag.py for tasks to queue
[2023-12-13 21:35:22,634] {logging_mixin.py:115} INFO - [2023-12-13 21:35:22,634] {dagbag.py:507} INFO - Filling up the DagBag from /home/julioubuntu/Projects/EGD/airflow-trabalho-final/venv/lib/python3.9/site-packages/airflow/example_dags/tutorial_etl_dag.py
[2023-12-13 21:35:22,642] {processor.py:651} INFO - DAG(s) dict_keys(['tutorial_etl_dag']) retrieved from /home/julioubuntu/Projects/EGD/airflow-trabalho-final/venv/lib/python3.9/site-packages/airflow/example_dags/tutorial_etl_dag.py
[2023-12-13 21:35:22,659] {logging_mixin.py:115} INFO - [2023-12-13 21:35:22,659] {dag.py:2379} INFO - Sync 1 DAGs
[2023-12-13 21:35:22,676] {logging_mixin.py:115} INFO - [2023-12-13 21:35:22,675] {dag.py:2927} INFO - Setting next_dagrun for tutorial_etl_dag to None, run_after=None
[2023-12-13 21:35:22,695] {processor.py:161} INFO - Processing /home/julioubuntu/Projects/EGD/airflow-trabalho-final/venv/lib/python3.9/site-packages/airflow/example_dags/tutorial_etl_dag.py took 0.065 seconds
[2023-12-13 21:36:09,544] {processor.py:153} INFO - Started process (PID=211878) to work on /home/julioubuntu/Projects/EGD/airflow-trabalho-final/venv/lib/python3.9/site-packages/airflow/example_dags/tutorial_etl_dag.py
[2023-12-13 21:36:09,588] {processor.py:641} INFO - Processing file /home/julioubuntu/Projects/EGD/airflow-trabalho-final/venv/lib/python3.9/site-packages/airflow/example_dags/tutorial_etl_dag.py for tasks to queue
[2023-12-13 21:36:09,590] {logging_mixin.py:115} INFO - [2023-12-13 21:36:09,589] {dagbag.py:507} INFO - Filling up the DagBag from /home/julioubuntu/Projects/EGD/airflow-trabalho-final/venv/lib/python3.9/site-packages/airflow/example_dags/tutorial_etl_dag.py
[2023-12-13 21:36:09,597] {processor.py:651} INFO - DAG(s) dict_keys(['tutorial_etl_dag']) retrieved from /home/julioubuntu/Projects/EGD/airflow-trabalho-final/venv/lib/python3.9/site-packages/airflow/example_dags/tutorial_etl_dag.py
[2023-12-13 21:36:10,292] {logging_mixin.py:115} INFO - [2023-12-13 21:36:10,292] {dag.py:2379} INFO - Sync 1 DAGs
[2023-12-13 21:36:10,327] {logging_mixin.py:115} INFO - [2023-12-13 21:36:10,327] {dag.py:2927} INFO - Setting next_dagrun for tutorial_etl_dag to None, run_after=None
[2023-12-13 21:36:10,811] {processor.py:161} INFO - Processing /home/julioubuntu/Projects/EGD/airflow-trabalho-final/venv/lib/python3.9/site-packages/airflow/example_dags/tutorial_etl_dag.py took 1.269 seconds
[2023-12-13 21:36:55,616] {processor.py:153} INFO - Started process (PID=212281) to work on /home/julioubuntu/Projects/EGD/airflow-trabalho-final/venv/lib/python3.9/site-packages/airflow/example_dags/tutorial_etl_dag.py
[2023-12-13 21:36:55,617] {processor.py:641} INFO - Processing file /home/julioubuntu/Projects/EGD/airflow-trabalho-final/venv/lib/python3.9/site-packages/airflow/example_dags/tutorial_etl_dag.py for tasks to queue
[2023-12-13 21:36:55,617] {logging_mixin.py:115} INFO - [2023-12-13 21:36:55,617] {dagbag.py:507} INFO - Filling up the DagBag from /home/julioubuntu/Projects/EGD/airflow-trabalho-final/venv/lib/python3.9/site-packages/airflow/example_dags/tutorial_etl_dag.py
[2023-12-13 21:36:55,627] {processor.py:651} INFO - DAG(s) dict_keys(['tutorial_etl_dag']) retrieved from /home/julioubuntu/Projects/EGD/airflow-trabalho-final/venv/lib/python3.9/site-packages/airflow/example_dags/tutorial_etl_dag.py
[2023-12-13 21:36:55,645] {logging_mixin.py:115} INFO - [2023-12-13 21:36:55,645] {dag.py:2379} INFO - Sync 1 DAGs
[2023-12-13 21:36:55,662] {logging_mixin.py:115} INFO - [2023-12-13 21:36:55,662] {dag.py:2927} INFO - Setting next_dagrun for tutorial_etl_dag to None, run_after=None
[2023-12-13 21:36:55,680] {processor.py:161} INFO - Processing /home/julioubuntu/Projects/EGD/airflow-trabalho-final/venv/lib/python3.9/site-packages/airflow/example_dags/tutorial_etl_dag.py took 0.066 seconds
[2023-12-13 21:37:46,133] {processor.py:153} INFO - Started process (PID=212830) to work on /home/julioubuntu/Projects/EGD/airflow-trabalho-final/venv/lib/python3.9/site-packages/airflow/example_dags/tutorial_etl_dag.py
[2023-12-13 21:37:46,135] {processor.py:641} INFO - Processing file /home/julioubuntu/Projects/EGD/airflow-trabalho-final/venv/lib/python3.9/site-packages/airflow/example_dags/tutorial_etl_dag.py for tasks to queue
[2023-12-13 21:37:46,136] {logging_mixin.py:115} INFO - [2023-12-13 21:37:46,136] {dagbag.py:507} INFO - Filling up the DagBag from /home/julioubuntu/Projects/EGD/airflow-trabalho-final/venv/lib/python3.9/site-packages/airflow/example_dags/tutorial_etl_dag.py
[2023-12-13 21:37:46,153] {processor.py:651} INFO - DAG(s) dict_keys(['tutorial_etl_dag']) retrieved from /home/julioubuntu/Projects/EGD/airflow-trabalho-final/venv/lib/python3.9/site-packages/airflow/example_dags/tutorial_etl_dag.py
[2023-12-13 21:37:46,197] {logging_mixin.py:115} INFO - [2023-12-13 21:37:46,197] {dag.py:2379} INFO - Sync 1 DAGs
[2023-12-13 21:37:46,237] {logging_mixin.py:115} INFO - [2023-12-13 21:37:46,237] {dag.py:2927} INFO - Setting next_dagrun for tutorial_etl_dag to None, run_after=None
[2023-12-13 21:37:46,265] {processor.py:161} INFO - Processing /home/julioubuntu/Projects/EGD/airflow-trabalho-final/venv/lib/python3.9/site-packages/airflow/example_dags/tutorial_etl_dag.py took 0.137 seconds
[2023-12-13 21:38:55,178] {processor.py:153} INFO - Started process (PID=213361) to work on /home/julioubuntu/Projects/EGD/airflow-trabalho-final/venv/lib/python3.9/site-packages/airflow/example_dags/tutorial_etl_dag.py
[2023-12-13 21:38:55,180] {processor.py:641} INFO - Processing file /home/julioubuntu/Projects/EGD/airflow-trabalho-final/venv/lib/python3.9/site-packages/airflow/example_dags/tutorial_etl_dag.py for tasks to queue
[2023-12-13 21:38:55,181] {logging_mixin.py:115} INFO - [2023-12-13 21:38:55,180] {dagbag.py:507} INFO - Filling up the DagBag from /home/julioubuntu/Projects/EGD/airflow-trabalho-final/venv/lib/python3.9/site-packages/airflow/example_dags/tutorial_etl_dag.py
[2023-12-13 21:38:55,194] {processor.py:651} INFO - DAG(s) dict_keys(['tutorial_etl_dag']) retrieved from /home/julioubuntu/Projects/EGD/airflow-trabalho-final/venv/lib/python3.9/site-packages/airflow/example_dags/tutorial_etl_dag.py
[2023-12-13 21:38:55,216] {logging_mixin.py:115} INFO - [2023-12-13 21:38:55,215] {dag.py:2379} INFO - Sync 1 DAGs
[2023-12-13 21:38:55,245] {logging_mixin.py:115} INFO - [2023-12-13 21:38:55,245] {dag.py:2927} INFO - Setting next_dagrun for tutorial_etl_dag to None, run_after=None
[2023-12-13 21:38:55,265] {processor.py:161} INFO - Processing /home/julioubuntu/Projects/EGD/airflow-trabalho-final/venv/lib/python3.9/site-packages/airflow/example_dags/tutorial_etl_dag.py took 0.091 seconds
[2023-12-13 21:39:30,919] {processor.py:153} INFO - Started process (PID=213404) to work on /home/julioubuntu/Projects/EGD/airflow-trabalho-final/venv/lib/python3.9/site-packages/airflow/example_dags/tutorial_etl_dag.py
[2023-12-13 21:39:30,920] {processor.py:641} INFO - Processing file /home/julioubuntu/Projects/EGD/airflow-trabalho-final/venv/lib/python3.9/site-packages/airflow/example_dags/tutorial_etl_dag.py for tasks to queue
[2023-12-13 21:39:30,921] {logging_mixin.py:115} INFO - [2023-12-13 21:39:30,921] {dagbag.py:507} INFO - Filling up the DagBag from /home/julioubuntu/Projects/EGD/airflow-trabalho-final/venv/lib/python3.9/site-packages/airflow/example_dags/tutorial_etl_dag.py
[2023-12-13 21:39:30,927] {processor.py:651} INFO - DAG(s) dict_keys(['tutorial_etl_dag']) retrieved from /home/julioubuntu/Projects/EGD/airflow-trabalho-final/venv/lib/python3.9/site-packages/airflow/example_dags/tutorial_etl_dag.py
[2023-12-13 21:39:30,944] {logging_mixin.py:115} INFO - [2023-12-13 21:39:30,944] {dag.py:2379} INFO - Sync 1 DAGs
[2023-12-13 21:39:30,959] {logging_mixin.py:115} INFO - [2023-12-13 21:39:30,959] {dag.py:2927} INFO - Setting next_dagrun for tutorial_etl_dag to None, run_after=None
[2023-12-13 21:39:30,976] {processor.py:161} INFO - Processing /home/julioubuntu/Projects/EGD/airflow-trabalho-final/venv/lib/python3.9/site-packages/airflow/example_dags/tutorial_etl_dag.py took 0.060 seconds
[2023-12-13 21:40:06,374] {processor.py:153} INFO - Started process (PID=213449) to work on /home/julioubuntu/Projects/EGD/airflow-trabalho-final/venv/lib/python3.9/site-packages/airflow/example_dags/tutorial_etl_dag.py
[2023-12-13 21:40:06,375] {processor.py:641} INFO - Processing file /home/julioubuntu/Projects/EGD/airflow-trabalho-final/venv/lib/python3.9/site-packages/airflow/example_dags/tutorial_etl_dag.py for tasks to queue
[2023-12-13 21:40:06,376] {logging_mixin.py:115} INFO - [2023-12-13 21:40:06,376] {dagbag.py:507} INFO - Filling up the DagBag from /home/julioubuntu/Projects/EGD/airflow-trabalho-final/venv/lib/python3.9/site-packages/airflow/example_dags/tutorial_etl_dag.py
[2023-12-13 21:40:06,381] {processor.py:651} INFO - DAG(s) dict_keys(['tutorial_etl_dag']) retrieved from /home/julioubuntu/Projects/EGD/airflow-trabalho-final/venv/lib/python3.9/site-packages/airflow/example_dags/tutorial_etl_dag.py
[2023-12-13 21:40:06,396] {logging_mixin.py:115} INFO - [2023-12-13 21:40:06,396] {dag.py:2379} INFO - Sync 1 DAGs
[2023-12-13 21:40:06,410] {logging_mixin.py:115} INFO - [2023-12-13 21:40:06,410] {dag.py:2927} INFO - Setting next_dagrun for tutorial_etl_dag to None, run_after=None
[2023-12-13 21:40:06,428] {processor.py:161} INFO - Processing /home/julioubuntu/Projects/EGD/airflow-trabalho-final/venv/lib/python3.9/site-packages/airflow/example_dags/tutorial_etl_dag.py took 0.055 seconds
[2023-12-13 21:40:41,547] {processor.py:153} INFO - Started process (PID=213492) to work on /home/julioubuntu/Projects/EGD/airflow-trabalho-final/venv/lib/python3.9/site-packages/airflow/example_dags/tutorial_etl_dag.py
[2023-12-13 21:40:41,548] {processor.py:641} INFO - Processing file /home/julioubuntu/Projects/EGD/airflow-trabalho-final/venv/lib/python3.9/site-packages/airflow/example_dags/tutorial_etl_dag.py for tasks to queue
[2023-12-13 21:40:41,549] {logging_mixin.py:115} INFO - [2023-12-13 21:40:41,549] {dagbag.py:507} INFO - Filling up the DagBag from /home/julioubuntu/Projects/EGD/airflow-trabalho-final/venv/lib/python3.9/site-packages/airflow/example_dags/tutorial_etl_dag.py
[2023-12-13 21:40:41,556] {processor.py:651} INFO - DAG(s) dict_keys(['tutorial_etl_dag']) retrieved from /home/julioubuntu/Projects/EGD/airflow-trabalho-final/venv/lib/python3.9/site-packages/airflow/example_dags/tutorial_etl_dag.py
[2023-12-13 21:40:41,569] {logging_mixin.py:115} INFO - [2023-12-13 21:40:41,569] {dag.py:2379} INFO - Sync 1 DAGs
[2023-12-13 21:40:41,581] {logging_mixin.py:115} INFO - [2023-12-13 21:40:41,581] {dag.py:2927} INFO - Setting next_dagrun for tutorial_etl_dag to None, run_after=None
[2023-12-13 21:40:41,600] {processor.py:161} INFO - Processing /home/julioubuntu/Projects/EGD/airflow-trabalho-final/venv/lib/python3.9/site-packages/airflow/example_dags/tutorial_etl_dag.py took 0.055 seconds
[2023-12-13 21:41:14,798] {processor.py:153} INFO - Started process (PID=213533) to work on /home/julioubuntu/Projects/EGD/airflow-trabalho-final/venv/lib/python3.9/site-packages/airflow/example_dags/tutorial_etl_dag.py
[2023-12-13 21:41:14,799] {processor.py:641} INFO - Processing file /home/julioubuntu/Projects/EGD/airflow-trabalho-final/venv/lib/python3.9/site-packages/airflow/example_dags/tutorial_etl_dag.py for tasks to queue
[2023-12-13 21:41:14,800] {logging_mixin.py:115} INFO - [2023-12-13 21:41:14,799] {dagbag.py:507} INFO - Filling up the DagBag from /home/julioubuntu/Projects/EGD/airflow-trabalho-final/venv/lib/python3.9/site-packages/airflow/example_dags/tutorial_etl_dag.py
[2023-12-13 21:41:14,806] {processor.py:651} INFO - DAG(s) dict_keys(['tutorial_etl_dag']) retrieved from /home/julioubuntu/Projects/EGD/airflow-trabalho-final/venv/lib/python3.9/site-packages/airflow/example_dags/tutorial_etl_dag.py
[2023-12-13 21:41:14,821] {logging_mixin.py:115} INFO - [2023-12-13 21:41:14,821] {dag.py:2379} INFO - Sync 1 DAGs
[2023-12-13 21:41:14,835] {logging_mixin.py:115} INFO - [2023-12-13 21:41:14,835] {dag.py:2927} INFO - Setting next_dagrun for tutorial_etl_dag to None, run_after=None
[2023-12-13 21:41:14,850] {processor.py:161} INFO - Processing /home/julioubuntu/Projects/EGD/airflow-trabalho-final/venv/lib/python3.9/site-packages/airflow/example_dags/tutorial_etl_dag.py took 0.054 seconds
[2023-12-13 21:41:49,285] {processor.py:153} INFO - Started process (PID=213576) to work on /home/julioubuntu/Projects/EGD/airflow-trabalho-final/venv/lib/python3.9/site-packages/airflow/example_dags/tutorial_etl_dag.py
[2023-12-13 21:41:49,286] {processor.py:641} INFO - Processing file /home/julioubuntu/Projects/EGD/airflow-trabalho-final/venv/lib/python3.9/site-packages/airflow/example_dags/tutorial_etl_dag.py for tasks to queue
[2023-12-13 21:41:49,286] {logging_mixin.py:115} INFO - [2023-12-13 21:41:49,286] {dagbag.py:507} INFO - Filling up the DagBag from /home/julioubuntu/Projects/EGD/airflow-trabalho-final/venv/lib/python3.9/site-packages/airflow/example_dags/tutorial_etl_dag.py
[2023-12-13 21:41:49,294] {processor.py:651} INFO - DAG(s) dict_keys(['tutorial_etl_dag']) retrieved from /home/julioubuntu/Projects/EGD/airflow-trabalho-final/venv/lib/python3.9/site-packages/airflow/example_dags/tutorial_etl_dag.py
[2023-12-13 21:41:49,311] {logging_mixin.py:115} INFO - [2023-12-13 21:41:49,311] {dag.py:2379} INFO - Sync 1 DAGs
[2023-12-13 21:41:49,325] {logging_mixin.py:115} INFO - [2023-12-13 21:41:49,325] {dag.py:2927} INFO - Setting next_dagrun for tutorial_etl_dag to None, run_after=None
[2023-12-13 21:41:49,340] {processor.py:161} INFO - Processing /home/julioubuntu/Projects/EGD/airflow-trabalho-final/venv/lib/python3.9/site-packages/airflow/example_dags/tutorial_etl_dag.py took 0.057 seconds
[2023-12-13 21:42:25,714] {processor.py:153} INFO - Started process (PID=213619) to work on /home/julioubuntu/Projects/EGD/airflow-trabalho-final/venv/lib/python3.9/site-packages/airflow/example_dags/tutorial_etl_dag.py
[2023-12-13 21:42:25,715] {processor.py:641} INFO - Processing file /home/julioubuntu/Projects/EGD/airflow-trabalho-final/venv/lib/python3.9/site-packages/airflow/example_dags/tutorial_etl_dag.py for tasks to queue
[2023-12-13 21:42:25,715] {logging_mixin.py:115} INFO - [2023-12-13 21:42:25,715] {dagbag.py:507} INFO - Filling up the DagBag from /home/julioubuntu/Projects/EGD/airflow-trabalho-final/venv/lib/python3.9/site-packages/airflow/example_dags/tutorial_etl_dag.py
[2023-12-13 21:42:25,723] {processor.py:651} INFO - DAG(s) dict_keys(['tutorial_etl_dag']) retrieved from /home/julioubuntu/Projects/EGD/airflow-trabalho-final/venv/lib/python3.9/site-packages/airflow/example_dags/tutorial_etl_dag.py
[2023-12-13 21:42:25,740] {logging_mixin.py:115} INFO - [2023-12-13 21:42:25,740] {dag.py:2379} INFO - Sync 1 DAGs
[2023-12-13 21:42:25,755] {logging_mixin.py:115} INFO - [2023-12-13 21:42:25,755] {dag.py:2927} INFO - Setting next_dagrun for tutorial_etl_dag to None, run_after=None
[2023-12-13 21:42:25,772] {processor.py:161} INFO - Processing /home/julioubuntu/Projects/EGD/airflow-trabalho-final/venv/lib/python3.9/site-packages/airflow/example_dags/tutorial_etl_dag.py took 0.061 seconds
[2023-12-13 21:42:57,710] {processor.py:153} INFO - Started process (PID=213662) to work on /home/julioubuntu/Projects/EGD/airflow-trabalho-final/venv/lib/python3.9/site-packages/airflow/example_dags/tutorial_etl_dag.py
[2023-12-13 21:42:57,714] {processor.py:641} INFO - Processing file /home/julioubuntu/Projects/EGD/airflow-trabalho-final/venv/lib/python3.9/site-packages/airflow/example_dags/tutorial_etl_dag.py for tasks to queue
[2023-12-13 21:42:57,714] {logging_mixin.py:115} INFO - [2023-12-13 21:42:57,714] {dagbag.py:507} INFO - Filling up the DagBag from /home/julioubuntu/Projects/EGD/airflow-trabalho-final/venv/lib/python3.9/site-packages/airflow/example_dags/tutorial_etl_dag.py
[2023-12-13 21:42:57,719] {processor.py:651} INFO - DAG(s) dict_keys(['tutorial_etl_dag']) retrieved from /home/julioubuntu/Projects/EGD/airflow-trabalho-final/venv/lib/python3.9/site-packages/airflow/example_dags/tutorial_etl_dag.py
[2023-12-13 21:42:57,734] {logging_mixin.py:115} INFO - [2023-12-13 21:42:57,734] {dag.py:2379} INFO - Sync 1 DAGs
[2023-12-13 21:42:57,747] {logging_mixin.py:115} INFO - [2023-12-13 21:42:57,747] {dag.py:2927} INFO - Setting next_dagrun for tutorial_etl_dag to None, run_after=None
[2023-12-13 21:42:57,764] {processor.py:161} INFO - Processing /home/julioubuntu/Projects/EGD/airflow-trabalho-final/venv/lib/python3.9/site-packages/airflow/example_dags/tutorial_etl_dag.py took 0.058 seconds
[2023-12-13 21:43:33,132] {processor.py:153} INFO - Started process (PID=213704) to work on /home/julioubuntu/Projects/EGD/airflow-trabalho-final/venv/lib/python3.9/site-packages/airflow/example_dags/tutorial_etl_dag.py
[2023-12-13 21:43:33,133] {processor.py:641} INFO - Processing file /home/julioubuntu/Projects/EGD/airflow-trabalho-final/venv/lib/python3.9/site-packages/airflow/example_dags/tutorial_etl_dag.py for tasks to queue
[2023-12-13 21:43:33,134] {logging_mixin.py:115} INFO - [2023-12-13 21:43:33,134] {dagbag.py:507} INFO - Filling up the DagBag from /home/julioubuntu/Projects/EGD/airflow-trabalho-final/venv/lib/python3.9/site-packages/airflow/example_dags/tutorial_etl_dag.py
[2023-12-13 21:43:33,153] {processor.py:651} INFO - DAG(s) dict_keys(['tutorial_etl_dag']) retrieved from /home/julioubuntu/Projects/EGD/airflow-trabalho-final/venv/lib/python3.9/site-packages/airflow/example_dags/tutorial_etl_dag.py
[2023-12-13 21:43:33,185] {logging_mixin.py:115} INFO - [2023-12-13 21:43:33,185] {dag.py:2379} INFO - Sync 1 DAGs
[2023-12-13 21:43:33,211] {logging_mixin.py:115} INFO - [2023-12-13 21:43:33,211] {dag.py:2927} INFO - Setting next_dagrun for tutorial_etl_dag to None, run_after=None
[2023-12-13 21:43:33,231] {processor.py:161} INFO - Processing /home/julioubuntu/Projects/EGD/airflow-trabalho-final/venv/lib/python3.9/site-packages/airflow/example_dags/tutorial_etl_dag.py took 0.104 seconds
[2023-12-13 21:44:11,099] {processor.py:153} INFO - Started process (PID=213756) to work on /home/julioubuntu/Projects/EGD/airflow-trabalho-final/venv/lib/python3.9/site-packages/airflow/example_dags/tutorial_etl_dag.py
[2023-12-13 21:44:11,100] {processor.py:641} INFO - Processing file /home/julioubuntu/Projects/EGD/airflow-trabalho-final/venv/lib/python3.9/site-packages/airflow/example_dags/tutorial_etl_dag.py for tasks to queue
[2023-12-13 21:44:11,101] {logging_mixin.py:115} INFO - [2023-12-13 21:44:11,101] {dagbag.py:507} INFO - Filling up the DagBag from /home/julioubuntu/Projects/EGD/airflow-trabalho-final/venv/lib/python3.9/site-packages/airflow/example_dags/tutorial_etl_dag.py
[2023-12-13 21:44:11,108] {processor.py:651} INFO - DAG(s) dict_keys(['tutorial_etl_dag']) retrieved from /home/julioubuntu/Projects/EGD/airflow-trabalho-final/venv/lib/python3.9/site-packages/airflow/example_dags/tutorial_etl_dag.py
[2023-12-13 21:44:11,127] {logging_mixin.py:115} INFO - [2023-12-13 21:44:11,127] {dag.py:2379} INFO - Sync 1 DAGs
[2023-12-13 21:44:11,144] {logging_mixin.py:115} INFO - [2023-12-13 21:44:11,143] {dag.py:2927} INFO - Setting next_dagrun for tutorial_etl_dag to None, run_after=None
[2023-12-13 21:44:11,159] {processor.py:161} INFO - Processing /home/julioubuntu/Projects/EGD/airflow-trabalho-final/venv/lib/python3.9/site-packages/airflow/example_dags/tutorial_etl_dag.py took 0.062 seconds
[2023-12-13 21:44:47,351] {processor.py:153} INFO - Started process (PID=213799) to work on /home/julioubuntu/Projects/EGD/airflow-trabalho-final/venv/lib/python3.9/site-packages/airflow/example_dags/tutorial_etl_dag.py
[2023-12-13 21:44:47,352] {processor.py:641} INFO - Processing file /home/julioubuntu/Projects/EGD/airflow-trabalho-final/venv/lib/python3.9/site-packages/airflow/example_dags/tutorial_etl_dag.py for tasks to queue
[2023-12-13 21:44:47,354] {logging_mixin.py:115} INFO - [2023-12-13 21:44:47,354] {dagbag.py:507} INFO - Filling up the DagBag from /home/julioubuntu/Projects/EGD/airflow-trabalho-final/venv/lib/python3.9/site-packages/airflow/example_dags/tutorial_etl_dag.py
[2023-12-13 21:44:47,360] {processor.py:651} INFO - DAG(s) dict_keys(['tutorial_etl_dag']) retrieved from /home/julioubuntu/Projects/EGD/airflow-trabalho-final/venv/lib/python3.9/site-packages/airflow/example_dags/tutorial_etl_dag.py
[2023-12-13 21:44:47,378] {logging_mixin.py:115} INFO - [2023-12-13 21:44:47,378] {dag.py:2379} INFO - Sync 1 DAGs
[2023-12-13 21:44:47,395] {logging_mixin.py:115} INFO - [2023-12-13 21:44:47,395] {dag.py:2927} INFO - Setting next_dagrun for tutorial_etl_dag to None, run_after=None
[2023-12-13 21:44:47,412] {processor.py:161} INFO - Processing /home/julioubuntu/Projects/EGD/airflow-trabalho-final/venv/lib/python3.9/site-packages/airflow/example_dags/tutorial_etl_dag.py took 0.064 seconds
[2023-12-13 21:45:23,468] {processor.py:153} INFO - Started process (PID=213847) to work on /home/julioubuntu/Projects/EGD/airflow-trabalho-final/venv/lib/python3.9/site-packages/airflow/example_dags/tutorial_etl_dag.py
[2023-12-13 21:45:23,472] {processor.py:641} INFO - Processing file /home/julioubuntu/Projects/EGD/airflow-trabalho-final/venv/lib/python3.9/site-packages/airflow/example_dags/tutorial_etl_dag.py for tasks to queue
[2023-12-13 21:45:23,473] {logging_mixin.py:115} INFO - [2023-12-13 21:45:23,473] {dagbag.py:507} INFO - Filling up the DagBag from /home/julioubuntu/Projects/EGD/airflow-trabalho-final/venv/lib/python3.9/site-packages/airflow/example_dags/tutorial_etl_dag.py
[2023-12-13 21:45:23,482] {processor.py:651} INFO - DAG(s) dict_keys(['tutorial_etl_dag']) retrieved from /home/julioubuntu/Projects/EGD/airflow-trabalho-final/venv/lib/python3.9/site-packages/airflow/example_dags/tutorial_etl_dag.py
[2023-12-13 21:45:23,501] {logging_mixin.py:115} INFO - [2023-12-13 21:45:23,500] {dag.py:2379} INFO - Sync 1 DAGs
[2023-12-13 21:45:23,516] {logging_mixin.py:115} INFO - [2023-12-13 21:45:23,516] {dag.py:2927} INFO - Setting next_dagrun for tutorial_etl_dag to None, run_after=None
[2023-12-13 21:45:23,537] {processor.py:161} INFO - Processing /home/julioubuntu/Projects/EGD/airflow-trabalho-final/venv/lib/python3.9/site-packages/airflow/example_dags/tutorial_etl_dag.py took 0.072 seconds
[2023-12-13 21:46:03,705] {processor.py:153} INFO - Started process (PID=213894) to work on /home/julioubuntu/Projects/EGD/airflow-trabalho-final/venv/lib/python3.9/site-packages/airflow/example_dags/tutorial_etl_dag.py
[2023-12-13 21:46:03,707] {processor.py:641} INFO - Processing file /home/julioubuntu/Projects/EGD/airflow-trabalho-final/venv/lib/python3.9/site-packages/airflow/example_dags/tutorial_etl_dag.py for tasks to queue
[2023-12-13 21:46:03,709] {logging_mixin.py:115} INFO - [2023-12-13 21:46:03,708] {dagbag.py:507} INFO - Filling up the DagBag from /home/julioubuntu/Projects/EGD/airflow-trabalho-final/venv/lib/python3.9/site-packages/airflow/example_dags/tutorial_etl_dag.py
[2023-12-13 21:46:03,718] {processor.py:651} INFO - DAG(s) dict_keys(['tutorial_etl_dag']) retrieved from /home/julioubuntu/Projects/EGD/airflow-trabalho-final/venv/lib/python3.9/site-packages/airflow/example_dags/tutorial_etl_dag.py
[2023-12-13 21:46:03,733] {logging_mixin.py:115} INFO - [2023-12-13 21:46:03,732] {dag.py:2379} INFO - Sync 1 DAGs
[2023-12-13 21:46:03,748] {logging_mixin.py:115} INFO - [2023-12-13 21:46:03,748] {dag.py:2927} INFO - Setting next_dagrun for tutorial_etl_dag to None, run_after=None
[2023-12-13 21:46:03,766] {processor.py:161} INFO - Processing /home/julioubuntu/Projects/EGD/airflow-trabalho-final/venv/lib/python3.9/site-packages/airflow/example_dags/tutorial_etl_dag.py took 0.063 seconds
[2023-12-13 21:46:37,329] {processor.py:153} INFO - Started process (PID=213935) to work on /home/julioubuntu/Projects/EGD/airflow-trabalho-final/venv/lib/python3.9/site-packages/airflow/example_dags/tutorial_etl_dag.py
[2023-12-13 21:46:37,330] {processor.py:641} INFO - Processing file /home/julioubuntu/Projects/EGD/airflow-trabalho-final/venv/lib/python3.9/site-packages/airflow/example_dags/tutorial_etl_dag.py for tasks to queue
[2023-12-13 21:46:37,330] {logging_mixin.py:115} INFO - [2023-12-13 21:46:37,330] {dagbag.py:507} INFO - Filling up the DagBag from /home/julioubuntu/Projects/EGD/airflow-trabalho-final/venv/lib/python3.9/site-packages/airflow/example_dags/tutorial_etl_dag.py
[2023-12-13 21:46:37,338] {processor.py:651} INFO - DAG(s) dict_keys(['tutorial_etl_dag']) retrieved from /home/julioubuntu/Projects/EGD/airflow-trabalho-final/venv/lib/python3.9/site-packages/airflow/example_dags/tutorial_etl_dag.py
[2023-12-13 21:46:37,352] {logging_mixin.py:115} INFO - [2023-12-13 21:46:37,352] {dag.py:2379} INFO - Sync 1 DAGs
[2023-12-13 21:46:37,367] {logging_mixin.py:115} INFO - [2023-12-13 21:46:37,367] {dag.py:2927} INFO - Setting next_dagrun for tutorial_etl_dag to None, run_after=None
[2023-12-13 21:46:37,383] {processor.py:161} INFO - Processing /home/julioubuntu/Projects/EGD/airflow-trabalho-final/venv/lib/python3.9/site-packages/airflow/example_dags/tutorial_etl_dag.py took 0.056 seconds
[2023-12-13 21:47:11,069] {processor.py:153} INFO - Started process (PID=213978) to work on /home/julioubuntu/Projects/EGD/airflow-trabalho-final/venv/lib/python3.9/site-packages/airflow/example_dags/tutorial_etl_dag.py
[2023-12-13 21:47:11,073] {processor.py:641} INFO - Processing file /home/julioubuntu/Projects/EGD/airflow-trabalho-final/venv/lib/python3.9/site-packages/airflow/example_dags/tutorial_etl_dag.py for tasks to queue
[2023-12-13 21:47:11,073] {logging_mixin.py:115} INFO - [2023-12-13 21:47:11,073] {dagbag.py:507} INFO - Filling up the DagBag from /home/julioubuntu/Projects/EGD/airflow-trabalho-final/venv/lib/python3.9/site-packages/airflow/example_dags/tutorial_etl_dag.py
[2023-12-13 21:47:11,081] {processor.py:651} INFO - DAG(s) dict_keys(['tutorial_etl_dag']) retrieved from /home/julioubuntu/Projects/EGD/airflow-trabalho-final/venv/lib/python3.9/site-packages/airflow/example_dags/tutorial_etl_dag.py
[2023-12-13 21:47:11,094] {logging_mixin.py:115} INFO - [2023-12-13 21:47:11,094] {dag.py:2379} INFO - Sync 1 DAGs
[2023-12-13 21:47:11,109] {logging_mixin.py:115} INFO - [2023-12-13 21:47:11,109] {dag.py:2927} INFO - Setting next_dagrun for tutorial_etl_dag to None, run_after=None
[2023-12-13 21:47:11,131] {processor.py:161} INFO - Processing /home/julioubuntu/Projects/EGD/airflow-trabalho-final/venv/lib/python3.9/site-packages/airflow/example_dags/tutorial_etl_dag.py took 0.064 seconds
[2023-12-13 21:47:47,123] {processor.py:153} INFO - Started process (PID=214023) to work on /home/julioubuntu/Projects/EGD/airflow-trabalho-final/venv/lib/python3.9/site-packages/airflow/example_dags/tutorial_etl_dag.py
[2023-12-13 21:47:47,127] {processor.py:641} INFO - Processing file /home/julioubuntu/Projects/EGD/airflow-trabalho-final/venv/lib/python3.9/site-packages/airflow/example_dags/tutorial_etl_dag.py for tasks to queue
[2023-12-13 21:47:47,128] {logging_mixin.py:115} INFO - [2023-12-13 21:47:47,128] {dagbag.py:507} INFO - Filling up the DagBag from /home/julioubuntu/Projects/EGD/airflow-trabalho-final/venv/lib/python3.9/site-packages/airflow/example_dags/tutorial_etl_dag.py
[2023-12-13 21:47:47,138] {processor.py:651} INFO - DAG(s) dict_keys(['tutorial_etl_dag']) retrieved from /home/julioubuntu/Projects/EGD/airflow-trabalho-final/venv/lib/python3.9/site-packages/airflow/example_dags/tutorial_etl_dag.py
[2023-12-13 21:47:47,152] {logging_mixin.py:115} INFO - [2023-12-13 21:47:47,152] {dag.py:2379} INFO - Sync 1 DAGs
[2023-12-13 21:47:47,168] {logging_mixin.py:115} INFO - [2023-12-13 21:47:47,168] {dag.py:2927} INFO - Setting next_dagrun for tutorial_etl_dag to None, run_after=None
[2023-12-13 21:47:47,186] {processor.py:161} INFO - Processing /home/julioubuntu/Projects/EGD/airflow-trabalho-final/venv/lib/python3.9/site-packages/airflow/example_dags/tutorial_etl_dag.py took 0.065 seconds
[2023-12-13 21:48:23,632] {processor.py:153} INFO - Started process (PID=214068) to work on /home/julioubuntu/Projects/EGD/airflow-trabalho-final/venv/lib/python3.9/site-packages/airflow/example_dags/tutorial_etl_dag.py
[2023-12-13 21:48:23,633] {processor.py:641} INFO - Processing file /home/julioubuntu/Projects/EGD/airflow-trabalho-final/venv/lib/python3.9/site-packages/airflow/example_dags/tutorial_etl_dag.py for tasks to queue
[2023-12-13 21:48:23,634] {logging_mixin.py:115} INFO - [2023-12-13 21:48:23,634] {dagbag.py:507} INFO - Filling up the DagBag from /home/julioubuntu/Projects/EGD/airflow-trabalho-final/venv/lib/python3.9/site-packages/airflow/example_dags/tutorial_etl_dag.py
[2023-12-13 21:48:23,644] {processor.py:651} INFO - DAG(s) dict_keys(['tutorial_etl_dag']) retrieved from /home/julioubuntu/Projects/EGD/airflow-trabalho-final/venv/lib/python3.9/site-packages/airflow/example_dags/tutorial_etl_dag.py
[2023-12-13 21:48:23,659] {logging_mixin.py:115} INFO - [2023-12-13 21:48:23,659] {dag.py:2379} INFO - Sync 1 DAGs
[2023-12-13 21:48:23,675] {logging_mixin.py:115} INFO - [2023-12-13 21:48:23,675] {dag.py:2927} INFO - Setting next_dagrun for tutorial_etl_dag to None, run_after=None
[2023-12-13 21:48:23,697] {processor.py:161} INFO - Processing /home/julioubuntu/Projects/EGD/airflow-trabalho-final/venv/lib/python3.9/site-packages/airflow/example_dags/tutorial_etl_dag.py took 0.067 seconds
[2023-12-13 21:48:59,580] {processor.py:153} INFO - Started process (PID=214111) to work on /home/julioubuntu/Projects/EGD/airflow-trabalho-final/venv/lib/python3.9/site-packages/airflow/example_dags/tutorial_etl_dag.py
[2023-12-13 21:48:59,581] {processor.py:641} INFO - Processing file /home/julioubuntu/Projects/EGD/airflow-trabalho-final/venv/lib/python3.9/site-packages/airflow/example_dags/tutorial_etl_dag.py for tasks to queue
[2023-12-13 21:48:59,581] {logging_mixin.py:115} INFO - [2023-12-13 21:48:59,581] {dagbag.py:507} INFO - Filling up the DagBag from /home/julioubuntu/Projects/EGD/airflow-trabalho-final/venv/lib/python3.9/site-packages/airflow/example_dags/tutorial_etl_dag.py
[2023-12-13 21:48:59,589] {processor.py:651} INFO - DAG(s) dict_keys(['tutorial_etl_dag']) retrieved from /home/julioubuntu/Projects/EGD/airflow-trabalho-final/venv/lib/python3.9/site-packages/airflow/example_dags/tutorial_etl_dag.py
[2023-12-13 21:48:59,604] {logging_mixin.py:115} INFO - [2023-12-13 21:48:59,604] {dag.py:2379} INFO - Sync 1 DAGs
[2023-12-13 21:48:59,620] {logging_mixin.py:115} INFO - [2023-12-13 21:48:59,619] {dag.py:2927} INFO - Setting next_dagrun for tutorial_etl_dag to None, run_after=None
[2023-12-13 21:48:59,637] {processor.py:161} INFO - Processing /home/julioubuntu/Projects/EGD/airflow-trabalho-final/venv/lib/python3.9/site-packages/airflow/example_dags/tutorial_etl_dag.py took 0.060 seconds
[2023-12-13 21:49:32,654] {processor.py:153} INFO - Started process (PID=214151) to work on /home/julioubuntu/Projects/EGD/airflow-trabalho-final/venv/lib/python3.9/site-packages/airflow/example_dags/tutorial_etl_dag.py
[2023-12-13 21:49:32,659] {processor.py:641} INFO - Processing file /home/julioubuntu/Projects/EGD/airflow-trabalho-final/venv/lib/python3.9/site-packages/airflow/example_dags/tutorial_etl_dag.py for tasks to queue
[2023-12-13 21:49:32,660] {logging_mixin.py:115} INFO - [2023-12-13 21:49:32,660] {dagbag.py:507} INFO - Filling up the DagBag from /home/julioubuntu/Projects/EGD/airflow-trabalho-final/venv/lib/python3.9/site-packages/airflow/example_dags/tutorial_etl_dag.py
[2023-12-13 21:49:32,669] {processor.py:651} INFO - DAG(s) dict_keys(['tutorial_etl_dag']) retrieved from /home/julioubuntu/Projects/EGD/airflow-trabalho-final/venv/lib/python3.9/site-packages/airflow/example_dags/tutorial_etl_dag.py
[2023-12-13 21:49:32,682] {logging_mixin.py:115} INFO - [2023-12-13 21:49:32,682] {dag.py:2379} INFO - Sync 1 DAGs
[2023-12-13 21:49:32,697] {logging_mixin.py:115} INFO - [2023-12-13 21:49:32,697] {dag.py:2927} INFO - Setting next_dagrun for tutorial_etl_dag to None, run_after=None
[2023-12-13 21:49:32,715] {processor.py:161} INFO - Processing /home/julioubuntu/Projects/EGD/airflow-trabalho-final/venv/lib/python3.9/site-packages/airflow/example_dags/tutorial_etl_dag.py took 0.063 seconds
[2023-12-13 21:50:06,503] {processor.py:153} INFO - Started process (PID=214195) to work on /home/julioubuntu/Projects/EGD/airflow-trabalho-final/venv/lib/python3.9/site-packages/airflow/example_dags/tutorial_etl_dag.py
[2023-12-13 21:50:06,507] {processor.py:641} INFO - Processing file /home/julioubuntu/Projects/EGD/airflow-trabalho-final/venv/lib/python3.9/site-packages/airflow/example_dags/tutorial_etl_dag.py for tasks to queue
[2023-12-13 21:50:06,508] {logging_mixin.py:115} INFO - [2023-12-13 21:50:06,508] {dagbag.py:507} INFO - Filling up the DagBag from /home/julioubuntu/Projects/EGD/airflow-trabalho-final/venv/lib/python3.9/site-packages/airflow/example_dags/tutorial_etl_dag.py
[2023-12-13 21:50:06,517] {processor.py:651} INFO - DAG(s) dict_keys(['tutorial_etl_dag']) retrieved from /home/julioubuntu/Projects/EGD/airflow-trabalho-final/venv/lib/python3.9/site-packages/airflow/example_dags/tutorial_etl_dag.py
[2023-12-13 21:50:06,530] {logging_mixin.py:115} INFO - [2023-12-13 21:50:06,530] {dag.py:2379} INFO - Sync 1 DAGs
[2023-12-13 21:50:06,544] {logging_mixin.py:115} INFO - [2023-12-13 21:50:06,544] {dag.py:2927} INFO - Setting next_dagrun for tutorial_etl_dag to None, run_after=None
[2023-12-13 21:50:06,735] {processor.py:161} INFO - Processing /home/julioubuntu/Projects/EGD/airflow-trabalho-final/venv/lib/python3.9/site-packages/airflow/example_dags/tutorial_etl_dag.py took 0.234 seconds
[2023-12-13 21:50:46,579] {processor.py:153} INFO - Started process (PID=214247) to work on /home/julioubuntu/Projects/EGD/airflow-trabalho-final/venv/lib/python3.9/site-packages/airflow/example_dags/tutorial_etl_dag.py
[2023-12-13 21:50:46,583] {processor.py:641} INFO - Processing file /home/julioubuntu/Projects/EGD/airflow-trabalho-final/venv/lib/python3.9/site-packages/airflow/example_dags/tutorial_etl_dag.py for tasks to queue
[2023-12-13 21:50:46,583] {logging_mixin.py:115} INFO - [2023-12-13 21:50:46,583] {dagbag.py:507} INFO - Filling up the DagBag from /home/julioubuntu/Projects/EGD/airflow-trabalho-final/venv/lib/python3.9/site-packages/airflow/example_dags/tutorial_etl_dag.py
[2023-12-13 21:50:46,590] {processor.py:651} INFO - DAG(s) dict_keys(['tutorial_etl_dag']) retrieved from /home/julioubuntu/Projects/EGD/airflow-trabalho-final/venv/lib/python3.9/site-packages/airflow/example_dags/tutorial_etl_dag.py
[2023-12-13 21:50:46,601] {logging_mixin.py:115} INFO - [2023-12-13 21:50:46,601] {dag.py:2379} INFO - Sync 1 DAGs
[2023-12-13 21:50:46,616] {logging_mixin.py:115} INFO - [2023-12-13 21:50:46,616] {dag.py:2927} INFO - Setting next_dagrun for tutorial_etl_dag to None, run_after=None
[2023-12-13 21:50:46,634] {processor.py:161} INFO - Processing /home/julioubuntu/Projects/EGD/airflow-trabalho-final/venv/lib/python3.9/site-packages/airflow/example_dags/tutorial_etl_dag.py took 0.057 seconds
[2023-12-13 21:51:24,673] {processor.py:153} INFO - Started process (PID=214871) to work on /home/julioubuntu/Projects/EGD/airflow-trabalho-final/venv/lib/python3.9/site-packages/airflow/example_dags/tutorial_etl_dag.py
[2023-12-13 21:51:24,674] {processor.py:641} INFO - Processing file /home/julioubuntu/Projects/EGD/airflow-trabalho-final/venv/lib/python3.9/site-packages/airflow/example_dags/tutorial_etl_dag.py for tasks to queue
[2023-12-13 21:51:24,675] {logging_mixin.py:115} INFO - [2023-12-13 21:51:24,675] {dagbag.py:507} INFO - Filling up the DagBag from /home/julioubuntu/Projects/EGD/airflow-trabalho-final/venv/lib/python3.9/site-packages/airflow/example_dags/tutorial_etl_dag.py
[2023-12-13 21:51:24,689] {processor.py:651} INFO - DAG(s) dict_keys(['tutorial_etl_dag']) retrieved from /home/julioubuntu/Projects/EGD/airflow-trabalho-final/venv/lib/python3.9/site-packages/airflow/example_dags/tutorial_etl_dag.py
[2023-12-13 21:51:24,726] {logging_mixin.py:115} INFO - [2023-12-13 21:51:24,725] {dag.py:2379} INFO - Sync 1 DAGs
[2023-12-13 21:51:24,788] {logging_mixin.py:115} INFO - [2023-12-13 21:51:24,788] {dag.py:2927} INFO - Setting next_dagrun for tutorial_etl_dag to None, run_after=None
[2023-12-13 21:51:24,821] {processor.py:161} INFO - Processing /home/julioubuntu/Projects/EGD/airflow-trabalho-final/venv/lib/python3.9/site-packages/airflow/example_dags/tutorial_etl_dag.py took 0.153 seconds
