[2023-12-15T09:08:20.673-0300] {taskinstance.py:1159} INFO - Dependencies all met for dep_context=non-requeueable deps ti=<TaskInstance: ArmazenaPastaMongoDBDAG.store_gold_folder scheduled__2023-01-19T00:00:00+00:00 [queued]>
[2023-12-15T09:08:20.682-0300] {taskinstance.py:1159} INFO - Dependencies all met for dep_context=requeueable deps ti=<TaskInstance: ArmazenaPastaMongoDBDAG.store_gold_folder scheduled__2023-01-19T00:00:00+00:00 [queued]>
[2023-12-15T09:08:20.682-0300] {taskinstance.py:1361} INFO - Starting attempt 1 of 1
[2023-12-15T09:08:20.700-0300] {taskinstance.py:1382} INFO - Executing <Task(PythonOperator): store_gold_folder> on 2023-01-19 00:00:00+00:00
[2023-12-15T09:08:20.703-0300] {standard_task_runner.py:57} INFO - Started process 18649 to run task
[2023-12-15T09:08:20.706-0300] {standard_task_runner.py:84} INFO - Running: ['airflow', 'tasks', 'run', 'ArmazenaPastaMongoDBDAG', 'store_gold_folder', 'scheduled__2023-01-19T00:00:00+00:00', '--job-id', '385', '--raw', '--subdir', 'DAGS_FOLDER/upload_mongo.py', '--cfg-path', '/tmp/tmpi_py08z9']
[2023-12-15T09:08:20.708-0300] {standard_task_runner.py:85} INFO - Job 385: Subtask store_gold_folder
[2023-12-15T09:08:20.748-0300] {task_command.py:416} INFO - Running <TaskInstance: ArmazenaPastaMongoDBDAG.store_gold_folder scheduled__2023-01-19T00:00:00+00:00 [running]> on host JulioPC.
[2023-12-15T09:08:20.814-0300] {taskinstance.py:1662} INFO - Exporting env vars: AIRFLOW_CTX_DAG_OWNER='airflow' AIRFLOW_CTX_DAG_ID='ArmazenaPastaMongoDBDAG' AIRFLOW_CTX_TASK_ID='store_gold_folder' AIRFLOW_CTX_EXECUTION_DATE='2023-01-19T00:00:00+00:00' AIRFLOW_CTX_TRY_NUMBER='1' AIRFLOW_CTX_DAG_RUN_ID='scheduled__2023-01-19T00:00:00+00:00'
[2023-12-15T09:08:20.948-0300] {python.py:194} INFO - Done. Returned value was: None
[2023-12-15T09:08:20.953-0300] {taskinstance.py:1400} INFO - Marking task as SUCCESS. dag_id=ArmazenaPastaMongoDBDAG, task_id=store_gold_folder, execution_date=20230119T000000, start_date=20231215T120820, end_date=20231215T120820
[2023-12-15T09:08:21.000-0300] {local_task_job_runner.py:228} INFO - Task exited with return code 0
[2023-12-15T09:08:21.010-0300] {taskinstance.py:2778} INFO - 0 downstream tasks scheduled from follow-on schedule check
[2023-12-15T09:14:32.256-0300] {taskinstance.py:1159} INFO - Dependencies all met for dep_context=non-requeueable deps ti=<TaskInstance: ArmazenaPastaMongoDBDAG.store_gold_folder scheduled__2023-01-19T00:00:00+00:00 [queued]>
[2023-12-15T09:14:32.266-0300] {taskinstance.py:1159} INFO - Dependencies all met for dep_context=requeueable deps ti=<TaskInstance: ArmazenaPastaMongoDBDAG.store_gold_folder scheduled__2023-01-19T00:00:00+00:00 [queued]>
[2023-12-15T09:14:32.266-0300] {taskinstance.py:1361} INFO - Starting attempt 1 of 1
[2023-12-15T09:14:32.289-0300] {taskinstance.py:1382} INFO - Executing <Task(PythonOperator): store_gold_folder> on 2023-01-19 00:00:00+00:00
[2023-12-15T09:14:32.293-0300] {standard_task_runner.py:57} INFO - Started process 22636 to run task
[2023-12-15T09:14:32.296-0300] {standard_task_runner.py:84} INFO - Running: ['airflow', 'tasks', 'run', 'ArmazenaPastaMongoDBDAG', 'store_gold_folder', 'scheduled__2023-01-19T00:00:00+00:00', '--job-id', '385', '--raw', '--subdir', 'DAGS_FOLDER/upload_mongo.py', '--cfg-path', '/tmp/tmpbpr_4ciw']
[2023-12-15T09:14:32.298-0300] {standard_task_runner.py:85} INFO - Job 385: Subtask store_gold_folder
[2023-12-15T09:14:32.340-0300] {task_command.py:416} INFO - Running <TaskInstance: ArmazenaPastaMongoDBDAG.store_gold_folder scheduled__2023-01-19T00:00:00+00:00 [running]> on host JulioPC.
[2023-12-15T09:14:32.415-0300] {taskinstance.py:1662} INFO - Exporting env vars: AIRFLOW_CTX_DAG_OWNER='airflow' AIRFLOW_CTX_DAG_ID='ArmazenaPastaMongoDBDAG' AIRFLOW_CTX_TASK_ID='store_gold_folder' AIRFLOW_CTX_EXECUTION_DATE='2023-01-19T00:00:00+00:00' AIRFLOW_CTX_TRY_NUMBER='1' AIRFLOW_CTX_DAG_RUN_ID='scheduled__2023-01-19T00:00:00+00:00'
[2023-12-15T09:14:32.439-0300] {python.py:194} INFO - Done. Returned value was: None
[2023-12-15T09:14:32.448-0300] {taskinstance.py:1400} INFO - Marking task as SUCCESS. dag_id=ArmazenaPastaMongoDBDAG, task_id=store_gold_folder, execution_date=20230119T000000, start_date=20231215T121432, end_date=20231215T121432
[2023-12-15T09:14:32.469-0300] {local_task_job_runner.py:228} INFO - Task exited with return code 0
[2023-12-15T09:14:32.480-0300] {taskinstance.py:2778} INFO - 0 downstream tasks scheduled from follow-on schedule check
