[2023-12-15T01:04:46.817-0300] {taskinstance.py:1159} INFO - Dependencies all met for dep_context=non-requeueable deps ti=<TaskInstance: TwitterDAG.twitter_datascience scheduled__2023-12-12T00:00:00+00:00 [queued]>
[2023-12-15T01:04:46.822-0300] {taskinstance.py:1159} INFO - Dependencies all met for dep_context=requeueable deps ti=<TaskInstance: TwitterDAG.twitter_datascience scheduled__2023-12-12T00:00:00+00:00 [queued]>
[2023-12-15T01:04:46.822-0300] {taskinstance.py:1361} INFO - Starting attempt 1 of 1
[2023-12-15T01:04:46.840-0300] {taskinstance.py:1382} INFO - Executing <Task(TwitterOperator): twitter_datascience> on 2023-12-12 00:00:00+00:00
[2023-12-15T01:04:46.843-0300] {standard_task_runner.py:57} INFO - Started process 15367 to run task
[2023-12-15T01:04:46.845-0300] {standard_task_runner.py:84} INFO - Running: ['airflow', 'tasks', 'run', 'TwitterDAG', 'twitter_datascience', 'scheduled__2023-12-12T00:00:00+00:00', '--job-id', '57', '--raw', '--subdir', 'DAGS_FOLDER/twitter_dag.py', '--cfg-path', '/tmp/tmpiaofll3e']
[2023-12-15T01:04:46.846-0300] {standard_task_runner.py:85} INFO - Job 57: Subtask twitter_datascience
[2023-12-15T01:04:46.881-0300] {task_command.py:416} INFO - Running <TaskInstance: TwitterDAG.twitter_datascience scheduled__2023-12-12T00:00:00+00:00 [running]> on host JulioPC.
[2023-12-15T01:04:46.938-0300] {taskinstance.py:1662} INFO - Exporting env vars: AIRFLOW_CTX_DAG_OWNER='airflow' AIRFLOW_CTX_DAG_ID='TwitterDAG' AIRFLOW_CTX_TASK_ID='twitter_datascience' AIRFLOW_CTX_EXECUTION_DATE='2023-12-12T00:00:00+00:00' AIRFLOW_CTX_TRY_NUMBER='1' AIRFLOW_CTX_DAG_RUN_ID='scheduled__2023-12-12T00:00:00+00:00'
[2023-12-15T01:04:46.943-0300] {base.py:73} INFO - Using connection ID 'twitter_default' for task execution.
[2023-12-15T01:04:46.944-0300] {twitter_hook.py:34} INFO - URL: https://labdados.com/2/tweets/search/recent?query=datascience&tweet.fields=author_id,conversation_id,created_at,id,in_reply_to_user_id,public_metrics,lang,text&expansions=author_id&user.fields=id,name,username,created_at&start_time=2023-12-12T00:00:00.00Z&end_time=2023-12-13T00:00:00.00Z
[2023-12-15T01:04:47.456-0300] {twitter_hook.py:34} INFO - URL: https://labdados.com/2/tweets/search/recent?query=datascience&tweet.fields=author_id,conversation_id,created_at,id,in_reply_to_user_id,public_metrics,lang,text&expansions=author_id&user.fields=id,name,username,created_at&start_time=2023-12-12T00:00:00.00Z&end_time=2023-12-13T00:00:00.00Z&next_token=1234567890abcdef
[2023-12-15T01:04:47.573-0300] {twitter_hook.py:34} INFO - URL: https://labdados.com/2/tweets/search/recent?query=datascience&tweet.fields=author_id,conversation_id,created_at,id,in_reply_to_user_id,public_metrics,lang,text&expansions=author_id&user.fields=id,name,username,created_at&start_time=2023-12-12T00:00:00.00Z&end_time=2023-12-13T00:00:00.00Z&next_token=1234567890abcdef
[2023-12-15T01:04:47.694-0300] {taskinstance.py:1400} INFO - Marking task as SUCCESS. dag_id=TwitterDAG, task_id=twitter_datascience, execution_date=20231212T000000, start_date=20231215T040446, end_date=20231215T040447
[2023-12-15T01:04:47.744-0300] {local_task_job_runner.py:228} INFO - Task exited with return code 0
[2023-12-15T01:04:47.760-0300] {taskinstance.py:2778} INFO - 1 downstream tasks scheduled from follow-on schedule check
[2023-12-15T01:09:58.808-0300] {taskinstance.py:1159} INFO - Dependencies all met for dep_context=non-requeueable deps ti=<TaskInstance: TwitterDAG.twitter_datascience scheduled__2023-12-12T00:00:00+00:00 [queued]>
[2023-12-15T01:09:58.817-0300] {taskinstance.py:1159} INFO - Dependencies all met for dep_context=requeueable deps ti=<TaskInstance: TwitterDAG.twitter_datascience scheduled__2023-12-12T00:00:00+00:00 [queued]>
[2023-12-15T01:09:58.817-0300] {taskinstance.py:1361} INFO - Starting attempt 1 of 1
[2023-12-15T01:09:58.835-0300] {taskinstance.py:1382} INFO - Executing <Task(TwitterOperator): twitter_datascience> on 2023-12-12 00:00:00+00:00
[2023-12-15T01:09:58.838-0300] {standard_task_runner.py:57} INFO - Started process 19221 to run task
[2023-12-15T01:09:58.841-0300] {standard_task_runner.py:84} INFO - Running: ['airflow', 'tasks', 'run', 'TwitterDAG', 'twitter_datascience', 'scheduled__2023-12-12T00:00:00+00:00', '--job-id', '57', '--raw', '--subdir', 'DAGS_FOLDER/twitter_dag.py', '--cfg-path', '/tmp/tmpciokf9_f']
[2023-12-15T01:09:58.842-0300] {standard_task_runner.py:85} INFO - Job 57: Subtask twitter_datascience
[2023-12-15T01:09:58.890-0300] {task_command.py:416} INFO - Running <TaskInstance: TwitterDAG.twitter_datascience scheduled__2023-12-12T00:00:00+00:00 [running]> on host JulioPC.
[2023-12-15T01:09:58.954-0300] {taskinstance.py:1662} INFO - Exporting env vars: AIRFLOW_CTX_DAG_OWNER='airflow' AIRFLOW_CTX_DAG_ID='TwitterDAG' AIRFLOW_CTX_TASK_ID='twitter_datascience' AIRFLOW_CTX_EXECUTION_DATE='2023-12-12T00:00:00+00:00' AIRFLOW_CTX_TRY_NUMBER='1' AIRFLOW_CTX_DAG_RUN_ID='scheduled__2023-12-12T00:00:00+00:00'
[2023-12-15T01:09:58.961-0300] {base.py:73} INFO - Using connection ID 'twitter_default' for task execution.
[2023-12-15T01:09:58.963-0300] {twitter_hook.py:34} INFO - URL: https://labdados.com/2/tweets/search/recent?query=datascience&tweet.fields=author_id,conversation_id,created_at,id,in_reply_to_user_id,public_metrics,lang,text&expansions=author_id&user.fields=id,name,username,created_at&start_time=2023-12-12T00:00:00.00Z&end_time=2023-12-13T00:00:00.00Z
[2023-12-15T01:10:00.402-0300] {twitter_hook.py:34} INFO - URL: https://labdados.com/2/tweets/search/recent?query=datascience&tweet.fields=author_id,conversation_id,created_at,id,in_reply_to_user_id,public_metrics,lang,text&expansions=author_id&user.fields=id,name,username,created_at&start_time=2023-12-12T00:00:00.00Z&end_time=2023-12-13T00:00:00.00Z&next_token=1234567890abcdef
[2023-12-15T01:10:00.819-0300] {taskinstance.py:1400} INFO - Marking task as SUCCESS. dag_id=TwitterDAG, task_id=twitter_datascience, execution_date=20231212T000000, start_date=20231215T040958, end_date=20231215T041000
[2023-12-15T01:10:00.866-0300] {local_task_job_runner.py:228} INFO - Task exited with return code 0
[2023-12-15T01:10:00.881-0300] {taskinstance.py:2778} INFO - 1 downstream tasks scheduled from follow-on schedule check
[2023-12-15T01:20:39.699-0300] {taskinstance.py:1159} INFO - Dependencies all met for dep_context=non-requeueable deps ti=<TaskInstance: TwitterDAG.twitter_datascience scheduled__2023-12-12T00:00:00+00:00 [queued]>
[2023-12-15T01:20:39.706-0300] {taskinstance.py:1159} INFO - Dependencies all met for dep_context=requeueable deps ti=<TaskInstance: TwitterDAG.twitter_datascience scheduled__2023-12-12T00:00:00+00:00 [queued]>
[2023-12-15T01:20:39.706-0300] {taskinstance.py:1361} INFO - Starting attempt 1 of 1
[2023-12-15T01:20:39.724-0300] {taskinstance.py:1382} INFO - Executing <Task(TwitterOperator): twitter_datascience> on 2023-12-12 00:00:00+00:00
[2023-12-15T01:20:39.728-0300] {standard_task_runner.py:57} INFO - Started process 30993 to run task
[2023-12-15T01:20:39.730-0300] {standard_task_runner.py:84} INFO - Running: ['airflow', 'tasks', 'run', 'TwitterDAG', 'twitter_datascience', 'scheduled__2023-12-12T00:00:00+00:00', '--job-id', '57', '--raw', '--subdir', 'DAGS_FOLDER/twitter_dag.py', '--cfg-path', '/tmp/tmp_dumpord']
[2023-12-15T01:20:39.731-0300] {standard_task_runner.py:85} INFO - Job 57: Subtask twitter_datascience
[2023-12-15T01:20:39.766-0300] {task_command.py:416} INFO - Running <TaskInstance: TwitterDAG.twitter_datascience scheduled__2023-12-12T00:00:00+00:00 [running]> on host JulioPC.
[2023-12-15T01:20:39.834-0300] {taskinstance.py:1662} INFO - Exporting env vars: AIRFLOW_CTX_DAG_OWNER='airflow' AIRFLOW_CTX_DAG_ID='TwitterDAG' AIRFLOW_CTX_TASK_ID='twitter_datascience' AIRFLOW_CTX_EXECUTION_DATE='2023-12-12T00:00:00+00:00' AIRFLOW_CTX_TRY_NUMBER='1' AIRFLOW_CTX_DAG_RUN_ID='scheduled__2023-12-12T00:00:00+00:00'
[2023-12-15T01:20:39.841-0300] {base.py:73} INFO - Using connection ID 'twitter_default' for task execution.
[2023-12-15T01:20:39.842-0300] {twitter_hook.py:34} INFO - URL: https://labdados.com/2/tweets/search/recent?query=datascience&tweet.fields=author_id,conversation_id,created_at,id,in_reply_to_user_id,public_metrics,lang,text&expansions=author_id&user.fields=id,name,username,created_at&start_time=2023-12-12T00:00:00.00Z&end_time=2023-12-13T00:00:00.00Z
[2023-12-15T01:20:40.382-0300] {taskinstance.py:1400} INFO - Marking task as SUCCESS. dag_id=TwitterDAG, task_id=twitter_datascience, execution_date=20231212T000000, start_date=20231215T042039, end_date=20231215T042040
[2023-12-15T01:20:40.426-0300] {local_task_job_runner.py:228} INFO - Task exited with return code 0
[2023-12-15T01:20:40.441-0300] {taskinstance.py:2778} INFO - 1 downstream tasks scheduled from follow-on schedule check
