[2023-12-15T09:09:02.588-0300] {taskinstance.py:1159} INFO - Dependencies all met for dep_context=non-requeueable deps ti=<TaskInstance: ArmazenaPastaMongoDBDAG.store_gold_folder scheduled__2023-02-01T00:00:00+00:00 [queued]>
[2023-12-15T09:09:02.595-0300] {taskinstance.py:1159} INFO - Dependencies all met for dep_context=requeueable deps ti=<TaskInstance: ArmazenaPastaMongoDBDAG.store_gold_folder scheduled__2023-02-01T00:00:00+00:00 [queued]>
[2023-12-15T09:09:02.595-0300] {taskinstance.py:1361} INFO - Starting attempt 1 of 1
[2023-12-15T09:09:02.615-0300] {taskinstance.py:1382} INFO - Executing <Task(PythonOperator): store_gold_folder> on 2023-02-01 00:00:00+00:00
[2023-12-15T09:09:02.619-0300] {standard_task_runner.py:57} INFO - Started process 18844 to run task
[2023-12-15T09:09:02.622-0300] {standard_task_runner.py:84} INFO - Running: ['airflow', 'tasks', 'run', 'ArmazenaPastaMongoDBDAG', 'store_gold_folder', 'scheduled__2023-02-01T00:00:00+00:00', '--job-id', '398', '--raw', '--subdir', 'DAGS_FOLDER/upload_mongo.py', '--cfg-path', '/tmp/tmpoas79lon']
[2023-12-15T09:09:02.623-0300] {standard_task_runner.py:85} INFO - Job 398: Subtask store_gold_folder
[2023-12-15T09:09:02.659-0300] {task_command.py:416} INFO - Running <TaskInstance: ArmazenaPastaMongoDBDAG.store_gold_folder scheduled__2023-02-01T00:00:00+00:00 [running]> on host JulioPC.
[2023-12-15T09:09:02.727-0300] {taskinstance.py:1662} INFO - Exporting env vars: AIRFLOW_CTX_DAG_OWNER='airflow' AIRFLOW_CTX_DAG_ID='ArmazenaPastaMongoDBDAG' AIRFLOW_CTX_TASK_ID='store_gold_folder' AIRFLOW_CTX_EXECUTION_DATE='2023-02-01T00:00:00+00:00' AIRFLOW_CTX_TRY_NUMBER='1' AIRFLOW_CTX_DAG_RUN_ID='scheduled__2023-02-01T00:00:00+00:00'
[2023-12-15T09:09:02.745-0300] {python.py:194} INFO - Done. Returned value was: None
[2023-12-15T09:09:02.751-0300] {taskinstance.py:1400} INFO - Marking task as SUCCESS. dag_id=ArmazenaPastaMongoDBDAG, task_id=store_gold_folder, execution_date=20230201T000000, start_date=20231215T120902, end_date=20231215T120902
[2023-12-15T09:09:02.795-0300] {local_task_job_runner.py:228} INFO - Task exited with return code 0
[2023-12-15T09:09:02.804-0300] {taskinstance.py:2778} INFO - 0 downstream tasks scheduled from follow-on schedule check
[2023-12-15T09:15:11.548-0300] {taskinstance.py:1159} INFO - Dependencies all met for dep_context=non-requeueable deps ti=<TaskInstance: ArmazenaPastaMongoDBDAG.store_gold_folder scheduled__2023-02-01T00:00:00+00:00 [queued]>
[2023-12-15T09:15:11.556-0300] {taskinstance.py:1159} INFO - Dependencies all met for dep_context=requeueable deps ti=<TaskInstance: ArmazenaPastaMongoDBDAG.store_gold_folder scheduled__2023-02-01T00:00:00+00:00 [queued]>
[2023-12-15T09:15:11.556-0300] {taskinstance.py:1361} INFO - Starting attempt 1 of 1
[2023-12-15T09:15:11.574-0300] {taskinstance.py:1382} INFO - Executing <Task(PythonOperator): store_gold_folder> on 2023-02-01 00:00:00+00:00
[2023-12-15T09:15:11.578-0300] {standard_task_runner.py:57} INFO - Started process 22827 to run task
[2023-12-15T09:15:11.581-0300] {standard_task_runner.py:84} INFO - Running: ['airflow', 'tasks', 'run', 'ArmazenaPastaMongoDBDAG', 'store_gold_folder', 'scheduled__2023-02-01T00:00:00+00:00', '--job-id', '398', '--raw', '--subdir', 'DAGS_FOLDER/upload_mongo.py', '--cfg-path', '/tmp/tmpzf219ma5']
[2023-12-15T09:15:11.582-0300] {standard_task_runner.py:85} INFO - Job 398: Subtask store_gold_folder
[2023-12-15T09:15:11.619-0300] {task_command.py:416} INFO - Running <TaskInstance: ArmazenaPastaMongoDBDAG.store_gold_folder scheduled__2023-02-01T00:00:00+00:00 [running]> on host JulioPC.
[2023-12-15T09:15:11.693-0300] {taskinstance.py:1662} INFO - Exporting env vars: AIRFLOW_CTX_DAG_OWNER='airflow' AIRFLOW_CTX_DAG_ID='ArmazenaPastaMongoDBDAG' AIRFLOW_CTX_TASK_ID='store_gold_folder' AIRFLOW_CTX_EXECUTION_DATE='2023-02-01T00:00:00+00:00' AIRFLOW_CTX_TRY_NUMBER='1' AIRFLOW_CTX_DAG_RUN_ID='scheduled__2023-02-01T00:00:00+00:00'
[2023-12-15T09:15:11.713-0300] {python.py:194} INFO - Done. Returned value was: None
[2023-12-15T09:15:11.719-0300] {taskinstance.py:1400} INFO - Marking task as SUCCESS. dag_id=ArmazenaPastaMongoDBDAG, task_id=store_gold_folder, execution_date=20230201T000000, start_date=20231215T121511, end_date=20231215T121511
[2023-12-15T09:15:11.754-0300] {local_task_job_runner.py:228} INFO - Task exited with return code 0
[2023-12-15T09:15:11.763-0300] {taskinstance.py:2778} INFO - 0 downstream tasks scheduled from follow-on schedule check
