[2023-12-15T08:51:05.468-0300] {taskinstance.py:1159} INFO - Dependencies all met for dep_context=non-requeueable deps ti=<TaskInstance: ArmazenaPastaMongoDBDAG.store_folder scheduled__2023-02-18T00:00:00+00:00 [queued]>
[2023-12-15T08:51:05.476-0300] {taskinstance.py:1159} INFO - Dependencies all met for dep_context=requeueable deps ti=<TaskInstance: ArmazenaPastaMongoDBDAG.store_folder scheduled__2023-02-18T00:00:00+00:00 [queued]>
[2023-12-15T08:51:05.476-0300] {taskinstance.py:1361} INFO - Starting attempt 1 of 1
[2023-12-15T08:51:05.493-0300] {taskinstance.py:1382} INFO - Executing <Task(PythonOperator): store_folder> on 2023-02-18 00:00:00+00:00
[2023-12-15T08:51:05.497-0300] {standard_task_runner.py:57} INFO - Started process 7795 to run task
[2023-12-15T08:51:05.499-0300] {standard_task_runner.py:84} INFO - Running: ['airflow', 'tasks', 'run', 'ArmazenaPastaMongoDBDAG', 'store_folder', 'scheduled__2023-02-18T00:00:00+00:00', '--job-id', '415', '--raw', '--subdir', 'DAGS_FOLDER/upload_mongo.py', '--cfg-path', '/tmp/tmpw8bnrwjj']
[2023-12-15T08:51:05.501-0300] {standard_task_runner.py:85} INFO - Job 415: Subtask store_folder
[2023-12-15T08:51:05.539-0300] {task_command.py:416} INFO - Running <TaskInstance: ArmazenaPastaMongoDBDAG.store_folder scheduled__2023-02-18T00:00:00+00:00 [running]> on host JulioPC.
[2023-12-15T08:51:05.603-0300] {taskinstance.py:1662} INFO - Exporting env vars: AIRFLOW_CTX_DAG_OWNER='airflow' AIRFLOW_CTX_DAG_ID='ArmazenaPastaMongoDBDAG' AIRFLOW_CTX_TASK_ID='store_folder' AIRFLOW_CTX_EXECUTION_DATE='2023-02-18T00:00:00+00:00' AIRFLOW_CTX_TRY_NUMBER='1' AIRFLOW_CTX_DAG_RUN_ID='scheduled__2023-02-18T00:00:00+00:00'
[2023-12-15T08:51:06.636-0300] {python.py:194} INFO - Done. Returned value was: None
[2023-12-15T08:51:06.643-0300] {taskinstance.py:1400} INFO - Marking task as SUCCESS. dag_id=ArmazenaPastaMongoDBDAG, task_id=store_folder, execution_date=20230218T000000, start_date=20231215T115105, end_date=20231215T115106
[2023-12-15T08:51:06.681-0300] {local_task_job_runner.py:228} INFO - Task exited with return code 0
[2023-12-15T08:51:06.694-0300] {taskinstance.py:2778} INFO - 0 downstream tasks scheduled from follow-on schedule check
[2023-12-15T09:34:36.898-0300] {taskinstance.py:1159} INFO - Dependencies all met for dep_context=non-requeueable deps ti=<TaskInstance: ArmazenaPastaMongoDBDAG.store_folder scheduled__2023-02-18T00:00:00+00:00 [queued]>
[2023-12-15T09:34:36.904-0300] {taskinstance.py:1159} INFO - Dependencies all met for dep_context=requeueable deps ti=<TaskInstance: ArmazenaPastaMongoDBDAG.store_folder scheduled__2023-02-18T00:00:00+00:00 [queued]>
[2023-12-15T09:34:36.904-0300] {taskinstance.py:1361} INFO - Starting attempt 1 of 1
[2023-12-15T09:34:36.921-0300] {taskinstance.py:1382} INFO - Executing <Task(PythonOperator): store_folder> on 2023-02-18 00:00:00+00:00
[2023-12-15T09:34:36.924-0300] {standard_task_runner.py:57} INFO - Started process 33467 to run task
[2023-12-15T09:34:36.927-0300] {standard_task_runner.py:84} INFO - Running: ['airflow', 'tasks', 'run', 'ArmazenaPastaMongoDBDAG', 'store_folder', 'scheduled__2023-02-18T00:00:00+00:00', '--job-id', '415', '--raw', '--subdir', 'DAGS_FOLDER/upload_mongo.py', '--cfg-path', '/tmp/tmpiy61ng4m']
[2023-12-15T09:34:36.928-0300] {standard_task_runner.py:85} INFO - Job 415: Subtask store_folder
[2023-12-15T09:34:36.970-0300] {task_command.py:416} INFO - Running <TaskInstance: ArmazenaPastaMongoDBDAG.store_folder scheduled__2023-02-18T00:00:00+00:00 [running]> on host JulioPC.
[2023-12-15T09:34:37.035-0300] {taskinstance.py:1662} INFO - Exporting env vars: AIRFLOW_CTX_DAG_OWNER='airflow' AIRFLOW_CTX_DAG_ID='ArmazenaPastaMongoDBDAG' AIRFLOW_CTX_TASK_ID='store_folder' AIRFLOW_CTX_EXECUTION_DATE='2023-02-18T00:00:00+00:00' AIRFLOW_CTX_TRY_NUMBER='1' AIRFLOW_CTX_DAG_RUN_ID='scheduled__2023-02-18T00:00:00+00:00'
[2023-12-15T09:34:38.082-0300] {python.py:194} INFO - Done. Returned value was: None
[2023-12-15T09:34:38.088-0300] {taskinstance.py:1400} INFO - Marking task as SUCCESS. dag_id=ArmazenaPastaMongoDBDAG, task_id=store_folder, execution_date=20230218T000000, start_date=20231215T123436, end_date=20231215T123438
[2023-12-15T09:34:38.148-0300] {local_task_job_runner.py:228} INFO - Task exited with return code 0
[2023-12-15T09:34:38.156-0300] {taskinstance.py:2778} INFO - 0 downstream tasks scheduled from follow-on schedule check
