[2023-12-15T09:07:33.241-0300] {taskinstance.py:1159} INFO - Dependencies all met for dep_context=non-requeueable deps ti=<TaskInstance: ArmazenaPastaMongoDBDAG.store_gold_folder scheduled__2023-01-06T00:00:00+00:00 [queued]>
[2023-12-15T09:07:33.251-0300] {taskinstance.py:1159} INFO - Dependencies all met for dep_context=requeueable deps ti=<TaskInstance: ArmazenaPastaMongoDBDAG.store_gold_folder scheduled__2023-01-06T00:00:00+00:00 [queued]>
[2023-12-15T09:07:33.251-0300] {taskinstance.py:1361} INFO - Starting attempt 1 of 1
[2023-12-15T09:07:33.268-0300] {taskinstance.py:1382} INFO - Executing <Task(PythonOperator): store_gold_folder> on 2023-01-06 00:00:00+00:00
[2023-12-15T09:07:33.272-0300] {standard_task_runner.py:57} INFO - Started process 17434 to run task
[2023-12-15T09:07:33.277-0300] {standard_task_runner.py:84} INFO - Running: ['airflow', 'tasks', 'run', 'ArmazenaPastaMongoDBDAG', 'store_gold_folder', 'scheduled__2023-01-06T00:00:00+00:00', '--job-id', '372', '--raw', '--subdir', 'DAGS_FOLDER/upload_mongo.py', '--cfg-path', '/tmp/tmpfn6ovijf']
[2023-12-15T09:07:33.280-0300] {standard_task_runner.py:85} INFO - Job 372: Subtask store_gold_folder
[2023-12-15T09:07:33.334-0300] {task_command.py:416} INFO - Running <TaskInstance: ArmazenaPastaMongoDBDAG.store_gold_folder scheduled__2023-01-06T00:00:00+00:00 [running]> on host JulioPC.
[2023-12-15T09:07:33.442-0300] {taskinstance.py:1662} INFO - Exporting env vars: AIRFLOW_CTX_DAG_OWNER='airflow' AIRFLOW_CTX_DAG_ID='ArmazenaPastaMongoDBDAG' AIRFLOW_CTX_TASK_ID='store_gold_folder' AIRFLOW_CTX_EXECUTION_DATE='2023-01-06T00:00:00+00:00' AIRFLOW_CTX_TRY_NUMBER='1' AIRFLOW_CTX_DAG_RUN_ID='scheduled__2023-01-06T00:00:00+00:00'
[2023-12-15T09:07:33.499-0300] {python.py:194} INFO - Done. Returned value was: None
[2023-12-15T09:07:33.508-0300] {taskinstance.py:1400} INFO - Marking task as SUCCESS. dag_id=ArmazenaPastaMongoDBDAG, task_id=store_gold_folder, execution_date=20230106T000000, start_date=20231215T120733, end_date=20231215T120733
[2023-12-15T09:07:33.530-0300] {local_task_job_runner.py:228} INFO - Task exited with return code 0
[2023-12-15T09:07:33.549-0300] {taskinstance.py:2778} INFO - 0 downstream tasks scheduled from follow-on schedule check
[2023-12-15T09:13:53.923-0300] {taskinstance.py:1159} INFO - Dependencies all met for dep_context=non-requeueable deps ti=<TaskInstance: ArmazenaPastaMongoDBDAG.store_gold_folder scheduled__2023-01-06T00:00:00+00:00 [queued]>
[2023-12-15T09:13:53.931-0300] {taskinstance.py:1159} INFO - Dependencies all met for dep_context=requeueable deps ti=<TaskInstance: ArmazenaPastaMongoDBDAG.store_gold_folder scheduled__2023-01-06T00:00:00+00:00 [queued]>
[2023-12-15T09:13:53.931-0300] {taskinstance.py:1361} INFO - Starting attempt 1 of 1
[2023-12-15T09:13:53.948-0300] {taskinstance.py:1382} INFO - Executing <Task(PythonOperator): store_gold_folder> on 2023-01-06 00:00:00+00:00
[2023-12-15T09:13:53.952-0300] {standard_task_runner.py:57} INFO - Started process 22439 to run task
[2023-12-15T09:13:53.956-0300] {standard_task_runner.py:84} INFO - Running: ['airflow', 'tasks', 'run', 'ArmazenaPastaMongoDBDAG', 'store_gold_folder', 'scheduled__2023-01-06T00:00:00+00:00', '--job-id', '372', '--raw', '--subdir', 'DAGS_FOLDER/upload_mongo.py', '--cfg-path', '/tmp/tmpuavfjms2']
[2023-12-15T09:13:53.957-0300] {standard_task_runner.py:85} INFO - Job 372: Subtask store_gold_folder
[2023-12-15T09:13:53.997-0300] {task_command.py:416} INFO - Running <TaskInstance: ArmazenaPastaMongoDBDAG.store_gold_folder scheduled__2023-01-06T00:00:00+00:00 [running]> on host JulioPC.
[2023-12-15T09:13:54.063-0300] {taskinstance.py:1662} INFO - Exporting env vars: AIRFLOW_CTX_DAG_OWNER='airflow' AIRFLOW_CTX_DAG_ID='ArmazenaPastaMongoDBDAG' AIRFLOW_CTX_TASK_ID='store_gold_folder' AIRFLOW_CTX_EXECUTION_DATE='2023-01-06T00:00:00+00:00' AIRFLOW_CTX_TRY_NUMBER='1' AIRFLOW_CTX_DAG_RUN_ID='scheduled__2023-01-06T00:00:00+00:00'
[2023-12-15T09:13:54.088-0300] {python.py:194} INFO - Done. Returned value was: None
[2023-12-15T09:13:54.096-0300] {taskinstance.py:1400} INFO - Marking task as SUCCESS. dag_id=ArmazenaPastaMongoDBDAG, task_id=store_gold_folder, execution_date=20230106T000000, start_date=20231215T121353, end_date=20231215T121354
[2023-12-15T09:13:54.129-0300] {local_task_job_runner.py:228} INFO - Task exited with return code 0
[2023-12-15T09:13:54.139-0300] {taskinstance.py:2778} INFO - 0 downstream tasks scheduled from follow-on schedule check
