[2023-12-15T08:48:16.514-0300] {taskinstance.py:1159} INFO - Dependencies all met for dep_context=non-requeueable deps ti=<TaskInstance: ArmazenaPastaMongoDBDAG.store_folder scheduled__2023-01-09T00:00:00+00:00 [queued]>
[2023-12-15T08:48:16.521-0300] {taskinstance.py:1159} INFO - Dependencies all met for dep_context=requeueable deps ti=<TaskInstance: ArmazenaPastaMongoDBDAG.store_folder scheduled__2023-01-09T00:00:00+00:00 [queued]>
[2023-12-15T08:48:16.522-0300] {taskinstance.py:1361} INFO - Starting attempt 1 of 1
[2023-12-15T08:48:16.538-0300] {taskinstance.py:1382} INFO - Executing <Task(PythonOperator): store_folder> on 2023-01-09 00:00:00+00:00
[2023-12-15T08:48:16.541-0300] {standard_task_runner.py:57} INFO - Started process 5938 to run task
[2023-12-15T08:48:16.544-0300] {standard_task_runner.py:84} INFO - Running: ['airflow', 'tasks', 'run', 'ArmazenaPastaMongoDBDAG', 'store_folder', 'scheduled__2023-01-09T00:00:00+00:00', '--job-id', '375', '--raw', '--subdir', 'DAGS_FOLDER/upload_mongo.py', '--cfg-path', '/tmp/tmp6dj17aj_']
[2023-12-15T08:48:16.545-0300] {standard_task_runner.py:85} INFO - Job 375: Subtask store_folder
[2023-12-15T08:48:16.585-0300] {task_command.py:416} INFO - Running <TaskInstance: ArmazenaPastaMongoDBDAG.store_folder scheduled__2023-01-09T00:00:00+00:00 [running]> on host JulioPC.
[2023-12-15T08:48:16.648-0300] {taskinstance.py:1662} INFO - Exporting env vars: AIRFLOW_CTX_DAG_OWNER='airflow' AIRFLOW_CTX_DAG_ID='ArmazenaPastaMongoDBDAG' AIRFLOW_CTX_TASK_ID='store_folder' AIRFLOW_CTX_EXECUTION_DATE='2023-01-09T00:00:00+00:00' AIRFLOW_CTX_TRY_NUMBER='1' AIRFLOW_CTX_DAG_RUN_ID='scheduled__2023-01-09T00:00:00+00:00'
[2023-12-15T08:48:17.749-0300] {python.py:194} INFO - Done. Returned value was: None
[2023-12-15T08:48:17.754-0300] {taskinstance.py:1400} INFO - Marking task as SUCCESS. dag_id=ArmazenaPastaMongoDBDAG, task_id=store_folder, execution_date=20230109T000000, start_date=20231215T114816, end_date=20231215T114817
[2023-12-15T08:48:17.803-0300] {local_task_job_runner.py:228} INFO - Task exited with return code 0
[2023-12-15T08:48:17.812-0300] {taskinstance.py:2778} INFO - 0 downstream tasks scheduled from follow-on schedule check
[2023-12-15T09:26:22.616-0300] {taskinstance.py:1159} INFO - Dependencies all met for dep_context=non-requeueable deps ti=<TaskInstance: ArmazenaPastaMongoDBDAG.store_folder scheduled__2023-01-09T00:00:00+00:00 [queued]>
[2023-12-15T09:26:22.624-0300] {taskinstance.py:1159} INFO - Dependencies all met for dep_context=requeueable deps ti=<TaskInstance: ArmazenaPastaMongoDBDAG.store_folder scheduled__2023-01-09T00:00:00+00:00 [queued]>
[2023-12-15T09:26:22.624-0300] {taskinstance.py:1361} INFO - Starting attempt 1 of 1
[2023-12-15T09:26:22.641-0300] {taskinstance.py:1382} INFO - Executing <Task(PythonOperator): store_folder> on 2023-01-09 00:00:00+00:00
[2023-12-15T09:26:22.644-0300] {standard_task_runner.py:57} INFO - Started process 26006 to run task
[2023-12-15T09:26:22.647-0300] {standard_task_runner.py:84} INFO - Running: ['airflow', 'tasks', 'run', 'ArmazenaPastaMongoDBDAG', 'store_folder', 'scheduled__2023-01-09T00:00:00+00:00', '--job-id', '375', '--raw', '--subdir', 'DAGS_FOLDER/upload_mongo.py', '--cfg-path', '/tmp/tmp2w8t1bk8']
[2023-12-15T09:26:22.648-0300] {standard_task_runner.py:85} INFO - Job 375: Subtask store_folder
[2023-12-15T09:26:22.685-0300] {task_command.py:416} INFO - Running <TaskInstance: ArmazenaPastaMongoDBDAG.store_folder scheduled__2023-01-09T00:00:00+00:00 [running]> on host JulioPC.
[2023-12-15T09:26:22.748-0300] {taskinstance.py:1662} INFO - Exporting env vars: AIRFLOW_CTX_DAG_OWNER='airflow' AIRFLOW_CTX_DAG_ID='ArmazenaPastaMongoDBDAG' AIRFLOW_CTX_TASK_ID='store_folder' AIRFLOW_CTX_EXECUTION_DATE='2023-01-09T00:00:00+00:00' AIRFLOW_CTX_TRY_NUMBER='1' AIRFLOW_CTX_DAG_RUN_ID='scheduled__2023-01-09T00:00:00+00:00'
[2023-12-15T09:26:22.767-0300] {upload_mongo.py:37} INFO - Inserindo dados do arquivo part-00000-a6e8f18b-a573-4b60-9d3a-6cc0cd21b30f-c000.json no MongoDB
[2023-12-15T09:26:22.767-0300] {upload_mongo.py:38} INFO - json_data: {"created_date":"2023-12-10","n_tweets":10,"n_like":571,"n_quote":510,"n_reply":408,"n_retweet":535,"weekday":"Sun"}
{"created_date":"2023-12-11","n_tweets":42,"n_like":2393,"n_quote":2357,"n_reply":2964,"n_retweet":2415,"weekday":"Mon"}
{"created_date":"2023-12-12","n_tweets":10,"n_like":512,"n_quote":399,"n_reply":435,"n_retweet":420,"weekday":"Tue"}
{"created_date":"2023-12-14","n_tweets":10,"n_like":708,"n_quote":554,"n_reply":520,"n_retweet":376,"weekday":"Thu"}
{"created_date":"2023-12-09","n_tweets":19,"n_like":1131,"n_quote":1109,"n_reply":1150,"n_retweet":912,"weekday":"Sat"}
{"created_date":"2023-12-13","n_tweets":9,"n_like":376,"n_quote":475,"n_reply":636,"n_retweet":510,"weekday":"Wed"}

[2023-12-15T09:26:22.767-0300] {upload_mongo.py:39} INFO - medalha: Gold
[2023-12-15T09:26:22.767-0300] {upload_mongo.py:40} INFO - api_nome: process_date=2023-12-14
[2023-12-15T09:26:22.767-0300] {upload_mongo.py:41} INFO - extracao_nome: twitter_datascience
[2023-12-15T09:26:22.767-0300] {upload_mongo.py:37} INFO - Inserindo dados do arquivo part-00000-ec5d6908-635a-4179-9076-f331c745d448-c000.json no MongoDB
[2023-12-15T09:26:22.767-0300] {upload_mongo.py:38} INFO - json_data: {"created_date":"2023-12-10","n_tweets":10,"n_like":571,"n_quote":510,"n_reply":408,"n_retweet":535,"weekday":"Sun"}
{"created_date":"2023-12-11","n_tweets":42,"n_like":2393,"n_quote":2357,"n_reply":2964,"n_retweet":2415,"weekday":"Mon"}
{"created_date":"2023-12-09","n_tweets":19,"n_like":1131,"n_quote":1109,"n_reply":1150,"n_retweet":912,"weekday":"Sat"}

[2023-12-15T09:26:22.768-0300] {upload_mongo.py:39} INFO - medalha: Gold
[2023-12-15T09:26:22.768-0300] {upload_mongo.py:40} INFO - api_nome: process_date=2023-12-10
[2023-12-15T09:26:22.768-0300] {upload_mongo.py:41} INFO - extracao_nome: twitter_datascience
[2023-12-15T09:26:22.768-0300] {upload_mongo.py:37} INFO - Inserindo dados do arquivo part-00000-9d5698a9-cb21-47a8-8456-c735cc268e32-c000.json no MongoDB
[2023-12-15T09:26:22.768-0300] {upload_mongo.py:38} INFO - json_data: {"created_date":"2023-12-10","n_tweets":10,"n_like":571,"n_quote":510,"n_reply":408,"n_retweet":535,"weekday":"Sun"}
{"created_date":"2023-12-11","n_tweets":42,"n_like":2393,"n_quote":2357,"n_reply":2964,"n_retweet":2415,"weekday":"Mon"}
{"created_date":"2023-12-12","n_tweets":10,"n_like":512,"n_quote":399,"n_reply":435,"n_retweet":420,"weekday":"Tue"}
{"created_date":"2023-12-09","n_tweets":19,"n_like":1131,"n_quote":1109,"n_reply":1150,"n_retweet":912,"weekday":"Sat"}

[2023-12-15T09:26:22.768-0300] {upload_mongo.py:39} INFO - medalha: Gold
[2023-12-15T09:26:22.768-0300] {upload_mongo.py:40} INFO - api_nome: process_date=2023-12-11
[2023-12-15T09:26:22.768-0300] {upload_mongo.py:41} INFO - extracao_nome: twitter_datascience
[2023-12-15T09:26:22.768-0300] {upload_mongo.py:37} INFO - Inserindo dados do arquivo part-00000-6a855ed2-76b4-47b6-a221-5acb58438d3a-c000.json no MongoDB
[2023-12-15T09:26:22.769-0300] {upload_mongo.py:38} INFO - json_data: {"created_date":"2023-12-10","n_tweets":10,"n_like":571,"n_quote":510,"n_reply":408,"n_retweet":535,"weekday":"Sun"}
{"created_date":"2023-12-09","n_tweets":19,"n_like":1131,"n_quote":1109,"n_reply":1150,"n_retweet":912,"weekday":"Sat"}

[2023-12-15T09:26:22.769-0300] {upload_mongo.py:39} INFO - medalha: Gold
[2023-12-15T09:26:22.769-0300] {upload_mongo.py:40} INFO - api_nome: process_date=2023-12-09
[2023-12-15T09:26:22.769-0300] {upload_mongo.py:41} INFO - extracao_nome: twitter_datascience
[2023-12-15T09:26:22.769-0300] {upload_mongo.py:37} INFO - Inserindo dados do arquivo part-00000-3b25e8b8-cf37-4a3d-ab00-bba819518e32-c000.json no MongoDB
[2023-12-15T09:26:22.769-0300] {upload_mongo.py:38} INFO - json_data: {"created_date":"2023-12-10","n_tweets":10,"n_like":571,"n_quote":510,"n_reply":408,"n_retweet":535,"weekday":"Sun"}
{"created_date":"2023-12-11","n_tweets":42,"n_like":2393,"n_quote":2357,"n_reply":2964,"n_retweet":2415,"weekday":"Mon"}
{"created_date":"2023-12-12","n_tweets":10,"n_like":512,"n_quote":399,"n_reply":435,"n_retweet":420,"weekday":"Tue"}
{"created_date":"2023-12-14","n_tweets":10,"n_like":708,"n_quote":554,"n_reply":520,"n_retweet":376,"weekday":"Thu"}
{"created_date":"2023-12-09","n_tweets":19,"n_like":1131,"n_quote":1109,"n_reply":1150,"n_retweet":912,"weekday":"Sat"}
{"created_date":"2023-12-13","n_tweets":9,"n_like":376,"n_quote":475,"n_reply":636,"n_retweet":510,"weekday":"Wed"}

[2023-12-15T09:26:22.769-0300] {upload_mongo.py:39} INFO - medalha: Gold
[2023-12-15T09:26:22.769-0300] {upload_mongo.py:40} INFO - api_nome: process_date=2023-12-13
[2023-12-15T09:26:22.769-0300] {upload_mongo.py:41} INFO - extracao_nome: twitter_datascience
[2023-12-15T09:26:22.770-0300] {upload_mongo.py:37} INFO - Inserindo dados do arquivo part-00000-49e969fc-b8c2-4688-a3c5-5e803f927e50-c000.json no MongoDB
[2023-12-15T09:26:22.770-0300] {upload_mongo.py:38} INFO - json_data: {"created_date":"2023-12-10","n_tweets":10,"n_like":571,"n_quote":510,"n_reply":408,"n_retweet":535,"weekday":"Sun"}
{"created_date":"2023-12-11","n_tweets":42,"n_like":2393,"n_quote":2357,"n_reply":2964,"n_retweet":2415,"weekday":"Mon"}
{"created_date":"2023-12-12","n_tweets":10,"n_like":512,"n_quote":399,"n_reply":435,"n_retweet":420,"weekday":"Tue"}
{"created_date":"2023-12-09","n_tweets":19,"n_like":1131,"n_quote":1109,"n_reply":1150,"n_retweet":912,"weekday":"Sat"}

[2023-12-15T09:26:22.770-0300] {upload_mongo.py:39} INFO - medalha: Gold
[2023-12-15T09:26:22.770-0300] {upload_mongo.py:40} INFO - api_nome: process_date=2023-12-12
[2023-12-15T09:26:22.770-0300] {upload_mongo.py:41} INFO - extracao_nome: twitter_datascience
[2023-12-15T09:26:22.770-0300] {python.py:194} INFO - Done. Returned value was: None
[2023-12-15T09:26:22.786-0300] {taskinstance.py:1400} INFO - Marking task as SUCCESS. dag_id=ArmazenaPastaMongoDBDAG, task_id=store_folder, execution_date=20230109T000000, start_date=20231215T122622, end_date=20231215T122622
[2023-12-15T09:26:22.820-0300] {local_task_job_runner.py:228} INFO - Task exited with return code 0
[2023-12-15T09:26:22.828-0300] {taskinstance.py:2778} INFO - 0 downstream tasks scheduled from follow-on schedule check
[2023-12-15T09:28:20.742-0300] {taskinstance.py:1159} INFO - Dependencies all met for dep_context=non-requeueable deps ti=<TaskInstance: ArmazenaPastaMongoDBDAG.store_folder scheduled__2023-01-09T00:00:00+00:00 [queued]>
[2023-12-15T09:28:20.750-0300] {taskinstance.py:1159} INFO - Dependencies all met for dep_context=requeueable deps ti=<TaskInstance: ArmazenaPastaMongoDBDAG.store_folder scheduled__2023-01-09T00:00:00+00:00 [queued]>
[2023-12-15T09:28:20.750-0300] {taskinstance.py:1361} INFO - Starting attempt 1 of 1
[2023-12-15T09:28:20.766-0300] {taskinstance.py:1382} INFO - Executing <Task(PythonOperator): store_folder> on 2023-01-09 00:00:00+00:00
[2023-12-15T09:28:20.769-0300] {standard_task_runner.py:57} INFO - Started process 27814 to run task
[2023-12-15T09:28:20.772-0300] {standard_task_runner.py:84} INFO - Running: ['airflow', 'tasks', 'run', 'ArmazenaPastaMongoDBDAG', 'store_folder', 'scheduled__2023-01-09T00:00:00+00:00', '--job-id', '375', '--raw', '--subdir', 'DAGS_FOLDER/upload_mongo.py', '--cfg-path', '/tmp/tmp8aurncg3']
[2023-12-15T09:28:20.773-0300] {standard_task_runner.py:85} INFO - Job 375: Subtask store_folder
[2023-12-15T09:28:20.811-0300] {task_command.py:416} INFO - Running <TaskInstance: ArmazenaPastaMongoDBDAG.store_folder scheduled__2023-01-09T00:00:00+00:00 [running]> on host JulioPC.
[2023-12-15T09:28:20.869-0300] {taskinstance.py:1662} INFO - Exporting env vars: AIRFLOW_CTX_DAG_OWNER='airflow' AIRFLOW_CTX_DAG_ID='ArmazenaPastaMongoDBDAG' AIRFLOW_CTX_TASK_ID='store_folder' AIRFLOW_CTX_EXECUTION_DATE='2023-01-09T00:00:00+00:00' AIRFLOW_CTX_TRY_NUMBER='1' AIRFLOW_CTX_DAG_RUN_ID='scheduled__2023-01-09T00:00:00+00:00'
[2023-12-15T09:28:20.884-0300] {upload_mongo.py:37} INFO - Inserindo dados do arquivo part-00000-a6e8f18b-a573-4b60-9d3a-6cc0cd21b30f-c000.json no MongoDB
[2023-12-15T09:28:20.884-0300] {upload_mongo.py:38} INFO - json_data: {"created_date":"2023-12-10","n_tweets":10,"n_like":571,"n_quote":510,"n_reply":408,"n_retweet":535,"weekday":"Sun"}
{"created_date":"2023-12-11","n_tweets":42,"n_like":2393,"n_quote":2357,"n_reply":2964,"n_retweet":2415,"weekday":"Mon"}
{"created_date":"2023-12-12","n_tweets":10,"n_like":512,"n_quote":399,"n_reply":435,"n_retweet":420,"weekday":"Tue"}
{"created_date":"2023-12-14","n_tweets":10,"n_like":708,"n_quote":554,"n_reply":520,"n_retweet":376,"weekday":"Thu"}
{"created_date":"2023-12-09","n_tweets":19,"n_like":1131,"n_quote":1109,"n_reply":1150,"n_retweet":912,"weekday":"Sat"}
{"created_date":"2023-12-13","n_tweets":9,"n_like":376,"n_quote":475,"n_reply":636,"n_retweet":510,"weekday":"Wed"}

[2023-12-15T09:28:20.885-0300] {upload_mongo.py:39} INFO - medalha: Gold
[2023-12-15T09:28:20.885-0300] {upload_mongo.py:40} INFO - api_nome: twitter_datascience
[2023-12-15T09:28:20.885-0300] {upload_mongo.py:41} INFO - extracao_nome: process_date=2023-12-14
[2023-12-15T09:28:20.885-0300] {upload_mongo.py:37} INFO - Inserindo dados do arquivo part-00000-ec5d6908-635a-4179-9076-f331c745d448-c000.json no MongoDB
[2023-12-15T09:28:20.885-0300] {upload_mongo.py:38} INFO - json_data: {"created_date":"2023-12-10","n_tweets":10,"n_like":571,"n_quote":510,"n_reply":408,"n_retweet":535,"weekday":"Sun"}
{"created_date":"2023-12-11","n_tweets":42,"n_like":2393,"n_quote":2357,"n_reply":2964,"n_retweet":2415,"weekday":"Mon"}
{"created_date":"2023-12-09","n_tweets":19,"n_like":1131,"n_quote":1109,"n_reply":1150,"n_retweet":912,"weekday":"Sat"}

[2023-12-15T09:28:20.885-0300] {upload_mongo.py:39} INFO - medalha: Gold
[2023-12-15T09:28:20.885-0300] {upload_mongo.py:40} INFO - api_nome: twitter_datascience
[2023-12-15T09:28:20.885-0300] {upload_mongo.py:41} INFO - extracao_nome: process_date=2023-12-10
[2023-12-15T09:28:20.885-0300] {upload_mongo.py:37} INFO - Inserindo dados do arquivo part-00000-9d5698a9-cb21-47a8-8456-c735cc268e32-c000.json no MongoDB
[2023-12-15T09:28:20.885-0300] {upload_mongo.py:38} INFO - json_data: {"created_date":"2023-12-10","n_tweets":10,"n_like":571,"n_quote":510,"n_reply":408,"n_retweet":535,"weekday":"Sun"}
{"created_date":"2023-12-11","n_tweets":42,"n_like":2393,"n_quote":2357,"n_reply":2964,"n_retweet":2415,"weekday":"Mon"}
{"created_date":"2023-12-12","n_tweets":10,"n_like":512,"n_quote":399,"n_reply":435,"n_retweet":420,"weekday":"Tue"}
{"created_date":"2023-12-09","n_tweets":19,"n_like":1131,"n_quote":1109,"n_reply":1150,"n_retweet":912,"weekday":"Sat"}

[2023-12-15T09:28:20.885-0300] {upload_mongo.py:39} INFO - medalha: Gold
[2023-12-15T09:28:20.885-0300] {upload_mongo.py:40} INFO - api_nome: twitter_datascience
[2023-12-15T09:28:20.885-0300] {upload_mongo.py:41} INFO - extracao_nome: process_date=2023-12-11
[2023-12-15T09:28:20.885-0300] {upload_mongo.py:37} INFO - Inserindo dados do arquivo part-00000-6a855ed2-76b4-47b6-a221-5acb58438d3a-c000.json no MongoDB
[2023-12-15T09:28:20.886-0300] {upload_mongo.py:38} INFO - json_data: {"created_date":"2023-12-10","n_tweets":10,"n_like":571,"n_quote":510,"n_reply":408,"n_retweet":535,"weekday":"Sun"}
{"created_date":"2023-12-09","n_tweets":19,"n_like":1131,"n_quote":1109,"n_reply":1150,"n_retweet":912,"weekday":"Sat"}

[2023-12-15T09:28:20.886-0300] {upload_mongo.py:39} INFO - medalha: Gold
[2023-12-15T09:28:20.886-0300] {upload_mongo.py:40} INFO - api_nome: twitter_datascience
[2023-12-15T09:28:20.886-0300] {upload_mongo.py:41} INFO - extracao_nome: process_date=2023-12-09
[2023-12-15T09:28:20.886-0300] {upload_mongo.py:37} INFO - Inserindo dados do arquivo part-00000-3b25e8b8-cf37-4a3d-ab00-bba819518e32-c000.json no MongoDB
[2023-12-15T09:28:20.886-0300] {upload_mongo.py:38} INFO - json_data: {"created_date":"2023-12-10","n_tweets":10,"n_like":571,"n_quote":510,"n_reply":408,"n_retweet":535,"weekday":"Sun"}
{"created_date":"2023-12-11","n_tweets":42,"n_like":2393,"n_quote":2357,"n_reply":2964,"n_retweet":2415,"weekday":"Mon"}
{"created_date":"2023-12-12","n_tweets":10,"n_like":512,"n_quote":399,"n_reply":435,"n_retweet":420,"weekday":"Tue"}
{"created_date":"2023-12-14","n_tweets":10,"n_like":708,"n_quote":554,"n_reply":520,"n_retweet":376,"weekday":"Thu"}
{"created_date":"2023-12-09","n_tweets":19,"n_like":1131,"n_quote":1109,"n_reply":1150,"n_retweet":912,"weekday":"Sat"}
{"created_date":"2023-12-13","n_tweets":9,"n_like":376,"n_quote":475,"n_reply":636,"n_retweet":510,"weekday":"Wed"}

[2023-12-15T09:28:20.886-0300] {upload_mongo.py:39} INFO - medalha: Gold
[2023-12-15T09:28:20.886-0300] {upload_mongo.py:40} INFO - api_nome: twitter_datascience
[2023-12-15T09:28:20.886-0300] {upload_mongo.py:41} INFO - extracao_nome: process_date=2023-12-13
[2023-12-15T09:28:20.886-0300] {upload_mongo.py:37} INFO - Inserindo dados do arquivo part-00000-49e969fc-b8c2-4688-a3c5-5e803f927e50-c000.json no MongoDB
[2023-12-15T09:28:20.886-0300] {upload_mongo.py:38} INFO - json_data: {"created_date":"2023-12-10","n_tweets":10,"n_like":571,"n_quote":510,"n_reply":408,"n_retweet":535,"weekday":"Sun"}
{"created_date":"2023-12-11","n_tweets":42,"n_like":2393,"n_quote":2357,"n_reply":2964,"n_retweet":2415,"weekday":"Mon"}
{"created_date":"2023-12-12","n_tweets":10,"n_like":512,"n_quote":399,"n_reply":435,"n_retweet":420,"weekday":"Tue"}
{"created_date":"2023-12-09","n_tweets":19,"n_like":1131,"n_quote":1109,"n_reply":1150,"n_retweet":912,"weekday":"Sat"}

[2023-12-15T09:28:20.886-0300] {upload_mongo.py:39} INFO - medalha: Gold
[2023-12-15T09:28:20.886-0300] {upload_mongo.py:40} INFO - api_nome: twitter_datascience
[2023-12-15T09:28:20.887-0300] {upload_mongo.py:41} INFO - extracao_nome: process_date=2023-12-12
[2023-12-15T09:28:20.887-0300] {python.py:194} INFO - Done. Returned value was: None
[2023-12-15T09:28:20.892-0300] {taskinstance.py:1400} INFO - Marking task as SUCCESS. dag_id=ArmazenaPastaMongoDBDAG, task_id=store_folder, execution_date=20230109T000000, start_date=20231215T122820, end_date=20231215T122820
[2023-12-15T09:28:20.945-0300] {local_task_job_runner.py:228} INFO - Task exited with return code 0
[2023-12-15T09:28:20.955-0300] {taskinstance.py:2778} INFO - 0 downstream tasks scheduled from follow-on schedule check
[2023-12-15T09:31:48.995-0300] {taskinstance.py:1159} INFO - Dependencies all met for dep_context=non-requeueable deps ti=<TaskInstance: ArmazenaPastaMongoDBDAG.store_folder scheduled__2023-01-09T00:00:00+00:00 [queued]>
[2023-12-15T09:31:49.003-0300] {taskinstance.py:1159} INFO - Dependencies all met for dep_context=requeueable deps ti=<TaskInstance: ArmazenaPastaMongoDBDAG.store_folder scheduled__2023-01-09T00:00:00+00:00 [queued]>
[2023-12-15T09:31:49.003-0300] {taskinstance.py:1361} INFO - Starting attempt 1 of 1
[2023-12-15T09:31:49.022-0300] {taskinstance.py:1382} INFO - Executing <Task(PythonOperator): store_folder> on 2023-01-09 00:00:00+00:00
[2023-12-15T09:31:49.026-0300] {standard_task_runner.py:57} INFO - Started process 31203 to run task
[2023-12-15T09:31:49.034-0300] {standard_task_runner.py:84} INFO - Running: ['airflow', 'tasks', 'run', 'ArmazenaPastaMongoDBDAG', 'store_folder', 'scheduled__2023-01-09T00:00:00+00:00', '--job-id', '375', '--raw', '--subdir', 'DAGS_FOLDER/upload_mongo.py', '--cfg-path', '/tmp/tmp6vgr_g3y']
[2023-12-15T09:31:49.037-0300] {standard_task_runner.py:85} INFO - Job 375: Subtask store_folder
[2023-12-15T09:31:49.077-0300] {task_command.py:416} INFO - Running <TaskInstance: ArmazenaPastaMongoDBDAG.store_folder scheduled__2023-01-09T00:00:00+00:00 [running]> on host JulioPC.
[2023-12-15T09:31:49.135-0300] {taskinstance.py:1662} INFO - Exporting env vars: AIRFLOW_CTX_DAG_OWNER='airflow' AIRFLOW_CTX_DAG_ID='ArmazenaPastaMongoDBDAG' AIRFLOW_CTX_TASK_ID='store_folder' AIRFLOW_CTX_EXECUTION_DATE='2023-01-09T00:00:00+00:00' AIRFLOW_CTX_TRY_NUMBER='1' AIRFLOW_CTX_DAG_RUN_ID='scheduled__2023-01-09T00:00:00+00:00'
[2023-12-15T09:31:50.272-0300] {python.py:194} INFO - Done. Returned value was: None
[2023-12-15T09:31:50.276-0300] {taskinstance.py:1400} INFO - Marking task as SUCCESS. dag_id=ArmazenaPastaMongoDBDAG, task_id=store_folder, execution_date=20230109T000000, start_date=20231215T123148, end_date=20231215T123150
[2023-12-15T09:31:50.330-0300] {local_task_job_runner.py:228} INFO - Task exited with return code 0
[2023-12-15T09:31:50.340-0300] {taskinstance.py:2778} INFO - 0 downstream tasks scheduled from follow-on schedule check
