[2023-12-15T09:07:20.621-0300] {taskinstance.py:1159} INFO - Dependencies all met for dep_context=non-requeueable deps ti=<TaskInstance: ArmazenaPastaMongoDBDAG.store_gold_folder scheduled__2023-01-02T00:00:00+00:00 [queued]>
[2023-12-15T09:07:20.626-0300] {taskinstance.py:1159} INFO - Dependencies all met for dep_context=requeueable deps ti=<TaskInstance: ArmazenaPastaMongoDBDAG.store_gold_folder scheduled__2023-01-02T00:00:00+00:00 [queued]>
[2023-12-15T09:07:20.626-0300] {taskinstance.py:1361} INFO - Starting attempt 1 of 1
[2023-12-15T09:07:20.643-0300] {taskinstance.py:1382} INFO - Executing <Task(PythonOperator): store_gold_folder> on 2023-01-02 00:00:00+00:00
[2023-12-15T09:07:20.647-0300] {standard_task_runner.py:57} INFO - Started process 17372 to run task
[2023-12-15T09:07:20.650-0300] {standard_task_runner.py:84} INFO - Running: ['airflow', 'tasks', 'run', 'ArmazenaPastaMongoDBDAG', 'store_gold_folder', 'scheduled__2023-01-02T00:00:00+00:00', '--job-id', '368', '--raw', '--subdir', 'DAGS_FOLDER/upload_mongo.py', '--cfg-path', '/tmp/tmpkh0bhdi1']
[2023-12-15T09:07:20.651-0300] {standard_task_runner.py:85} INFO - Job 368: Subtask store_gold_folder
[2023-12-15T09:07:20.689-0300] {task_command.py:416} INFO - Running <TaskInstance: ArmazenaPastaMongoDBDAG.store_gold_folder scheduled__2023-01-02T00:00:00+00:00 [running]> on host JulioPC.
[2023-12-15T09:07:20.751-0300] {taskinstance.py:1662} INFO - Exporting env vars: AIRFLOW_CTX_DAG_OWNER='airflow' AIRFLOW_CTX_DAG_ID='ArmazenaPastaMongoDBDAG' AIRFLOW_CTX_TASK_ID='store_gold_folder' AIRFLOW_CTX_EXECUTION_DATE='2023-01-02T00:00:00+00:00' AIRFLOW_CTX_TRY_NUMBER='1' AIRFLOW_CTX_DAG_RUN_ID='scheduled__2023-01-02T00:00:00+00:00'
[2023-12-15T09:07:20.768-0300] {python.py:194} INFO - Done. Returned value was: None
[2023-12-15T09:07:20.773-0300] {taskinstance.py:1400} INFO - Marking task as SUCCESS. dag_id=ArmazenaPastaMongoDBDAG, task_id=store_gold_folder, execution_date=20230102T000000, start_date=20231215T120720, end_date=20231215T120720
[2023-12-15T09:07:20.823-0300] {local_task_job_runner.py:228} INFO - Task exited with return code 0
[2023-12-15T09:07:20.831-0300] {taskinstance.py:2778} INFO - 0 downstream tasks scheduled from follow-on schedule check
[2023-12-15T09:13:41.619-0300] {taskinstance.py:1159} INFO - Dependencies all met for dep_context=non-requeueable deps ti=<TaskInstance: ArmazenaPastaMongoDBDAG.store_gold_folder scheduled__2023-01-02T00:00:00+00:00 [queued]>
[2023-12-15T09:13:41.628-0300] {taskinstance.py:1159} INFO - Dependencies all met for dep_context=requeueable deps ti=<TaskInstance: ArmazenaPastaMongoDBDAG.store_gold_folder scheduled__2023-01-02T00:00:00+00:00 [queued]>
[2023-12-15T09:13:41.629-0300] {taskinstance.py:1361} INFO - Starting attempt 1 of 1
[2023-12-15T09:13:41.646-0300] {taskinstance.py:1382} INFO - Executing <Task(PythonOperator): store_gold_folder> on 2023-01-02 00:00:00+00:00
[2023-12-15T09:13:41.650-0300] {standard_task_runner.py:57} INFO - Started process 22376 to run task
[2023-12-15T09:13:41.653-0300] {standard_task_runner.py:84} INFO - Running: ['airflow', 'tasks', 'run', 'ArmazenaPastaMongoDBDAG', 'store_gold_folder', 'scheduled__2023-01-02T00:00:00+00:00', '--job-id', '368', '--raw', '--subdir', 'DAGS_FOLDER/upload_mongo.py', '--cfg-path', '/tmp/tmpww5ju001']
[2023-12-15T09:13:41.654-0300] {standard_task_runner.py:85} INFO - Job 368: Subtask store_gold_folder
[2023-12-15T09:13:41.692-0300] {task_command.py:416} INFO - Running <TaskInstance: ArmazenaPastaMongoDBDAG.store_gold_folder scheduled__2023-01-02T00:00:00+00:00 [running]> on host JulioPC.
[2023-12-15T09:13:41.752-0300] {taskinstance.py:1662} INFO - Exporting env vars: AIRFLOW_CTX_DAG_OWNER='airflow' AIRFLOW_CTX_DAG_ID='ArmazenaPastaMongoDBDAG' AIRFLOW_CTX_TASK_ID='store_gold_folder' AIRFLOW_CTX_EXECUTION_DATE='2023-01-02T00:00:00+00:00' AIRFLOW_CTX_TRY_NUMBER='1' AIRFLOW_CTX_DAG_RUN_ID='scheduled__2023-01-02T00:00:00+00:00'
[2023-12-15T09:13:41.770-0300] {python.py:194} INFO - Done. Returned value was: None
[2023-12-15T09:13:41.777-0300] {taskinstance.py:1400} INFO - Marking task as SUCCESS. dag_id=ArmazenaPastaMongoDBDAG, task_id=store_gold_folder, execution_date=20230102T000000, start_date=20231215T121341, end_date=20231215T121341
[2023-12-15T09:13:41.826-0300] {local_task_job_runner.py:228} INFO - Task exited with return code 0
[2023-12-15T09:13:41.834-0300] {taskinstance.py:2778} INFO - 0 downstream tasks scheduled from follow-on schedule check
