[2023-12-15T01:04:37.715-0300] {taskinstance.py:1159} INFO - Dependencies all met for dep_context=non-requeueable deps ti=<TaskInstance: TwitterDAG.twitter_datascience scheduled__2023-12-11T00:00:00+00:00 [queued]>
[2023-12-15T01:04:37.720-0300] {taskinstance.py:1159} INFO - Dependencies all met for dep_context=requeueable deps ti=<TaskInstance: TwitterDAG.twitter_datascience scheduled__2023-12-11T00:00:00+00:00 [queued]>
[2023-12-15T01:04:37.720-0300] {taskinstance.py:1361} INFO - Starting attempt 1 of 1
[2023-12-15T01:04:37.739-0300] {taskinstance.py:1382} INFO - Executing <Task(TwitterOperator): twitter_datascience> on 2023-12-11 00:00:00+00:00
[2023-12-15T01:04:37.742-0300] {standard_task_runner.py:57} INFO - Started process 15334 to run task
[2023-12-15T01:04:37.744-0300] {standard_task_runner.py:84} INFO - Running: ['airflow', 'tasks', 'run', 'TwitterDAG', 'twitter_datascience', 'scheduled__2023-12-11T00:00:00+00:00', '--job-id', '54', '--raw', '--subdir', 'DAGS_FOLDER/twitter_dag.py', '--cfg-path', '/tmp/tmp4o9puujl']
[2023-12-15T01:04:37.745-0300] {standard_task_runner.py:85} INFO - Job 54: Subtask twitter_datascience
[2023-12-15T01:04:37.787-0300] {task_command.py:416} INFO - Running <TaskInstance: TwitterDAG.twitter_datascience scheduled__2023-12-11T00:00:00+00:00 [running]> on host JulioPC.
[2023-12-15T01:04:37.849-0300] {taskinstance.py:1662} INFO - Exporting env vars: AIRFLOW_CTX_DAG_OWNER='airflow' AIRFLOW_CTX_DAG_ID='TwitterDAG' AIRFLOW_CTX_TASK_ID='twitter_datascience' AIRFLOW_CTX_EXECUTION_DATE='2023-12-11T00:00:00+00:00' AIRFLOW_CTX_TRY_NUMBER='1' AIRFLOW_CTX_DAG_RUN_ID='scheduled__2023-12-11T00:00:00+00:00'
[2023-12-15T01:04:37.856-0300] {base.py:73} INFO - Using connection ID 'twitter_default' for task execution.
[2023-12-15T01:04:37.857-0300] {twitter_hook.py:34} INFO - URL: https://labdados.com/2/tweets/search/recent?query=datascience&tweet.fields=author_id,conversation_id,created_at,id,in_reply_to_user_id,public_metrics,lang,text&expansions=author_id&user.fields=id,name,username,created_at&start_time=2023-12-11T00:00:00.00Z&end_time=2023-12-12T00:00:00.00Z
[2023-12-15T01:04:38.309-0300] {taskinstance.py:1400} INFO - Marking task as SUCCESS. dag_id=TwitterDAG, task_id=twitter_datascience, execution_date=20231211T000000, start_date=20231215T040437, end_date=20231215T040438
[2023-12-15T01:04:38.361-0300] {local_task_job_runner.py:228} INFO - Task exited with return code 0
[2023-12-15T01:04:38.374-0300] {taskinstance.py:2778} INFO - 1 downstream tasks scheduled from follow-on schedule check
[2023-12-15T01:09:48.677-0300] {taskinstance.py:1159} INFO - Dependencies all met for dep_context=non-requeueable deps ti=<TaskInstance: TwitterDAG.twitter_datascience scheduled__2023-12-11T00:00:00+00:00 [queued]>
[2023-12-15T01:09:48.685-0300] {taskinstance.py:1159} INFO - Dependencies all met for dep_context=requeueable deps ti=<TaskInstance: TwitterDAG.twitter_datascience scheduled__2023-12-11T00:00:00+00:00 [queued]>
[2023-12-15T01:09:48.685-0300] {taskinstance.py:1361} INFO - Starting attempt 1 of 1
[2023-12-15T01:09:48.702-0300] {taskinstance.py:1382} INFO - Executing <Task(TwitterOperator): twitter_datascience> on 2023-12-11 00:00:00+00:00
[2023-12-15T01:09:48.705-0300] {standard_task_runner.py:57} INFO - Started process 19186 to run task
[2023-12-15T01:09:48.708-0300] {standard_task_runner.py:84} INFO - Running: ['airflow', 'tasks', 'run', 'TwitterDAG', 'twitter_datascience', 'scheduled__2023-12-11T00:00:00+00:00', '--job-id', '54', '--raw', '--subdir', 'DAGS_FOLDER/twitter_dag.py', '--cfg-path', '/tmp/tmpbboocmlp']
[2023-12-15T01:09:48.709-0300] {standard_task_runner.py:85} INFO - Job 54: Subtask twitter_datascience
[2023-12-15T01:09:48.747-0300] {task_command.py:416} INFO - Running <TaskInstance: TwitterDAG.twitter_datascience scheduled__2023-12-11T00:00:00+00:00 [running]> on host JulioPC.
[2023-12-15T01:09:48.810-0300] {taskinstance.py:1662} INFO - Exporting env vars: AIRFLOW_CTX_DAG_OWNER='airflow' AIRFLOW_CTX_DAG_ID='TwitterDAG' AIRFLOW_CTX_TASK_ID='twitter_datascience' AIRFLOW_CTX_EXECUTION_DATE='2023-12-11T00:00:00+00:00' AIRFLOW_CTX_TRY_NUMBER='1' AIRFLOW_CTX_DAG_RUN_ID='scheduled__2023-12-11T00:00:00+00:00'
[2023-12-15T01:09:48.816-0300] {base.py:73} INFO - Using connection ID 'twitter_default' for task execution.
[2023-12-15T01:09:48.817-0300] {twitter_hook.py:34} INFO - URL: https://labdados.com/2/tweets/search/recent?query=datascience&tweet.fields=author_id,conversation_id,created_at,id,in_reply_to_user_id,public_metrics,lang,text&expansions=author_id&user.fields=id,name,username,created_at&start_time=2023-12-11T00:00:00.00Z&end_time=2023-12-12T00:00:00.00Z
[2023-12-15T01:09:49.328-0300] {twitter_hook.py:34} INFO - URL: https://labdados.com/2/tweets/search/recent?query=datascience&tweet.fields=author_id,conversation_id,created_at,id,in_reply_to_user_id,public_metrics,lang,text&expansions=author_id&user.fields=id,name,username,created_at&start_time=2023-12-11T00:00:00.00Z&end_time=2023-12-12T00:00:00.00Z&next_token=1234567890abcdef
[2023-12-15T01:09:49.458-0300] {twitter_hook.py:34} INFO - URL: https://labdados.com/2/tweets/search/recent?query=datascience&tweet.fields=author_id,conversation_id,created_at,id,in_reply_to_user_id,public_metrics,lang,text&expansions=author_id&user.fields=id,name,username,created_at&start_time=2023-12-11T00:00:00.00Z&end_time=2023-12-12T00:00:00.00Z&next_token=1234567890abcdef
[2023-12-15T01:09:49.583-0300] {twitter_hook.py:34} INFO - URL: https://labdados.com/2/tweets/search/recent?query=datascience&tweet.fields=author_id,conversation_id,created_at,id,in_reply_to_user_id,public_metrics,lang,text&expansions=author_id&user.fields=id,name,username,created_at&start_time=2023-12-11T00:00:00.00Z&end_time=2023-12-12T00:00:00.00Z&next_token=1234567890abcdef
[2023-12-15T01:09:49.700-0300] {twitter_hook.py:34} INFO - URL: https://labdados.com/2/tweets/search/recent?query=datascience&tweet.fields=author_id,conversation_id,created_at,id,in_reply_to_user_id,public_metrics,lang,text&expansions=author_id&user.fields=id,name,username,created_at&start_time=2023-12-11T00:00:00.00Z&end_time=2023-12-12T00:00:00.00Z&next_token=1234567890abcdef
[2023-12-15T01:09:49.829-0300] {twitter_hook.py:34} INFO - URL: https://labdados.com/2/tweets/search/recent?query=datascience&tweet.fields=author_id,conversation_id,created_at,id,in_reply_to_user_id,public_metrics,lang,text&expansions=author_id&user.fields=id,name,username,created_at&start_time=2023-12-11T00:00:00.00Z&end_time=2023-12-12T00:00:00.00Z&next_token=1234567890abcdef
[2023-12-15T01:09:50.010-0300] {twitter_hook.py:34} INFO - URL: https://labdados.com/2/tweets/search/recent?query=datascience&tweet.fields=author_id,conversation_id,created_at,id,in_reply_to_user_id,public_metrics,lang,text&expansions=author_id&user.fields=id,name,username,created_at&start_time=2023-12-11T00:00:00.00Z&end_time=2023-12-12T00:00:00.00Z&next_token=1234567890abcdef
[2023-12-15T01:09:50.132-0300] {taskinstance.py:1400} INFO - Marking task as SUCCESS. dag_id=TwitterDAG, task_id=twitter_datascience, execution_date=20231211T000000, start_date=20231215T040948, end_date=20231215T040950
[2023-12-15T01:09:50.169-0300] {local_task_job_runner.py:228} INFO - Task exited with return code 0
[2023-12-15T01:09:50.191-0300] {taskinstance.py:2778} INFO - 1 downstream tasks scheduled from follow-on schedule check
[2023-12-15T01:19:58.239-0300] {taskinstance.py:1159} INFO - Dependencies all met for dep_context=non-requeueable deps ti=<TaskInstance: TwitterDAG.twitter_datascience scheduled__2023-12-11T00:00:00+00:00 [queued]>
[2023-12-15T01:19:58.249-0300] {taskinstance.py:1159} INFO - Dependencies all met for dep_context=requeueable deps ti=<TaskInstance: TwitterDAG.twitter_datascience scheduled__2023-12-11T00:00:00+00:00 [queued]>
[2023-12-15T01:19:58.249-0300] {taskinstance.py:1361} INFO - Starting attempt 1 of 1
[2023-12-15T01:19:58.271-0300] {taskinstance.py:1382} INFO - Executing <Task(TwitterOperator): twitter_datascience> on 2023-12-11 00:00:00+00:00
[2023-12-15T01:19:58.275-0300] {standard_task_runner.py:57} INFO - Started process 30657 to run task
[2023-12-15T01:19:58.284-0300] {standard_task_runner.py:84} INFO - Running: ['airflow', 'tasks', 'run', 'TwitterDAG', 'twitter_datascience', 'scheduled__2023-12-11T00:00:00+00:00', '--job-id', '54', '--raw', '--subdir', 'DAGS_FOLDER/twitter_dag.py', '--cfg-path', '/tmp/tmpitg8cp5r']
[2023-12-15T01:19:58.286-0300] {standard_task_runner.py:85} INFO - Job 54: Subtask twitter_datascience
[2023-12-15T01:19:58.355-0300] {task_command.py:416} INFO - Running <TaskInstance: TwitterDAG.twitter_datascience scheduled__2023-12-11T00:00:00+00:00 [running]> on host JulioPC.
[2023-12-15T01:19:58.471-0300] {taskinstance.py:1662} INFO - Exporting env vars: AIRFLOW_CTX_DAG_OWNER='airflow' AIRFLOW_CTX_DAG_ID='TwitterDAG' AIRFLOW_CTX_TASK_ID='twitter_datascience' AIRFLOW_CTX_EXECUTION_DATE='2023-12-11T00:00:00+00:00' AIRFLOW_CTX_TRY_NUMBER='1' AIRFLOW_CTX_DAG_RUN_ID='scheduled__2023-12-11T00:00:00+00:00'
[2023-12-15T01:19:58.480-0300] {base.py:73} INFO - Using connection ID 'twitter_default' for task execution.
[2023-12-15T01:19:58.483-0300] {twitter_hook.py:34} INFO - URL: https://labdados.com/2/tweets/search/recent?query=datascience&tweet.fields=author_id,conversation_id,created_at,id,in_reply_to_user_id,public_metrics,lang,text&expansions=author_id&user.fields=id,name,username,created_at&start_time=2023-12-11T00:00:00.00Z&end_time=2023-12-12T00:00:00.00Z
[2023-12-15T01:19:59.040-0300] {twitter_hook.py:34} INFO - URL: https://labdados.com/2/tweets/search/recent?query=datascience&tweet.fields=author_id,conversation_id,created_at,id,in_reply_to_user_id,public_metrics,lang,text&expansions=author_id&user.fields=id,name,username,created_at&start_time=2023-12-11T00:00:00.00Z&end_time=2023-12-12T00:00:00.00Z&next_token=1234567890abcdef
[2023-12-15T01:19:59.158-0300] {twitter_hook.py:34} INFO - URL: https://labdados.com/2/tweets/search/recent?query=datascience&tweet.fields=author_id,conversation_id,created_at,id,in_reply_to_user_id,public_metrics,lang,text&expansions=author_id&user.fields=id,name,username,created_at&start_time=2023-12-11T00:00:00.00Z&end_time=2023-12-12T00:00:00.00Z&next_token=1234567890abcdef
[2023-12-15T01:19:59.268-0300] {twitter_hook.py:34} INFO - URL: https://labdados.com/2/tweets/search/recent?query=datascience&tweet.fields=author_id,conversation_id,created_at,id,in_reply_to_user_id,public_metrics,lang,text&expansions=author_id&user.fields=id,name,username,created_at&start_time=2023-12-11T00:00:00.00Z&end_time=2023-12-12T00:00:00.00Z&next_token=1234567890abcdef
[2023-12-15T01:19:59.380-0300] {twitter_hook.py:34} INFO - URL: https://labdados.com/2/tweets/search/recent?query=datascience&tweet.fields=author_id,conversation_id,created_at,id,in_reply_to_user_id,public_metrics,lang,text&expansions=author_id&user.fields=id,name,username,created_at&start_time=2023-12-11T00:00:00.00Z&end_time=2023-12-12T00:00:00.00Z&next_token=1234567890abcdef
[2023-12-15T01:19:59.496-0300] {taskinstance.py:1400} INFO - Marking task as SUCCESS. dag_id=TwitterDAG, task_id=twitter_datascience, execution_date=20231211T000000, start_date=20231215T041958, end_date=20231215T041959
[2023-12-15T01:19:59.540-0300] {local_task_job_runner.py:228} INFO - Task exited with return code 0
[2023-12-15T01:19:59.554-0300] {taskinstance.py:2778} INFO - 1 downstream tasks scheduled from follow-on schedule check
