[2023-12-15T01:04:49.929-0300] {taskinstance.py:1159} INFO - Dependencies all met for dep_context=non-requeueable deps ti=<TaskInstance: TwitterDAG.twitter_datascience scheduled__2023-12-13T00:00:00+00:00 [queued]>
[2023-12-15T01:04:49.934-0300] {taskinstance.py:1159} INFO - Dependencies all met for dep_context=requeueable deps ti=<TaskInstance: TwitterDAG.twitter_datascience scheduled__2023-12-13T00:00:00+00:00 [queued]>
[2023-12-15T01:04:49.934-0300] {taskinstance.py:1361} INFO - Starting attempt 1 of 1
[2023-12-15T01:04:49.953-0300] {taskinstance.py:1382} INFO - Executing <Task(TwitterOperator): twitter_datascience> on 2023-12-13 00:00:00+00:00
[2023-12-15T01:04:49.956-0300] {standard_task_runner.py:57} INFO - Started process 15379 to run task
[2023-12-15T01:04:49.959-0300] {standard_task_runner.py:84} INFO - Running: ['airflow', 'tasks', 'run', 'TwitterDAG', 'twitter_datascience', 'scheduled__2023-12-13T00:00:00+00:00', '--job-id', '58', '--raw', '--subdir', 'DAGS_FOLDER/twitter_dag.py', '--cfg-path', '/tmp/tmpunkitxo5']
[2023-12-15T01:04:49.960-0300] {standard_task_runner.py:85} INFO - Job 58: Subtask twitter_datascience
[2023-12-15T01:04:49.994-0300] {task_command.py:416} INFO - Running <TaskInstance: TwitterDAG.twitter_datascience scheduled__2023-12-13T00:00:00+00:00 [running]> on host JulioPC.
[2023-12-15T01:04:50.051-0300] {taskinstance.py:1662} INFO - Exporting env vars: AIRFLOW_CTX_DAG_OWNER='airflow' AIRFLOW_CTX_DAG_ID='TwitterDAG' AIRFLOW_CTX_TASK_ID='twitter_datascience' AIRFLOW_CTX_EXECUTION_DATE='2023-12-13T00:00:00+00:00' AIRFLOW_CTX_TRY_NUMBER='1' AIRFLOW_CTX_DAG_RUN_ID='scheduled__2023-12-13T00:00:00+00:00'
[2023-12-15T01:04:50.058-0300] {base.py:73} INFO - Using connection ID 'twitter_default' for task execution.
[2023-12-15T01:04:50.059-0300] {twitter_hook.py:34} INFO - URL: https://labdados.com/2/tweets/search/recent?query=datascience&tweet.fields=author_id,conversation_id,created_at,id,in_reply_to_user_id,public_metrics,lang,text&expansions=author_id&user.fields=id,name,username,created_at&start_time=2023-12-13T00:00:00.00Z&end_time=2023-12-14T00:00:00.00Z
[2023-12-15T01:04:50.459-0300] {taskinstance.py:1400} INFO - Marking task as SUCCESS. dag_id=TwitterDAG, task_id=twitter_datascience, execution_date=20231213T000000, start_date=20231215T040449, end_date=20231215T040450
[2023-12-15T01:04:50.494-0300] {local_task_job_runner.py:228} INFO - Task exited with return code 0
[2023-12-15T01:04:50.508-0300] {taskinstance.py:2778} INFO - 1 downstream tasks scheduled from follow-on schedule check
[2023-12-15T01:10:02.946-0300] {taskinstance.py:1159} INFO - Dependencies all met for dep_context=non-requeueable deps ti=<TaskInstance: TwitterDAG.twitter_datascience scheduled__2023-12-13T00:00:00+00:00 [queued]>
[2023-12-15T01:10:02.952-0300] {taskinstance.py:1159} INFO - Dependencies all met for dep_context=requeueable deps ti=<TaskInstance: TwitterDAG.twitter_datascience scheduled__2023-12-13T00:00:00+00:00 [queued]>
[2023-12-15T01:10:02.952-0300] {taskinstance.py:1361} INFO - Starting attempt 1 of 1
[2023-12-15T01:10:02.968-0300] {taskinstance.py:1382} INFO - Executing <Task(TwitterOperator): twitter_datascience> on 2023-12-13 00:00:00+00:00
[2023-12-15T01:10:02.972-0300] {standard_task_runner.py:57} INFO - Started process 19232 to run task
[2023-12-15T01:10:02.975-0300] {standard_task_runner.py:84} INFO - Running: ['airflow', 'tasks', 'run', 'TwitterDAG', 'twitter_datascience', 'scheduled__2023-12-13T00:00:00+00:00', '--job-id', '58', '--raw', '--subdir', 'DAGS_FOLDER/twitter_dag.py', '--cfg-path', '/tmp/tmpiysu33zx']
[2023-12-15T01:10:02.976-0300] {standard_task_runner.py:85} INFO - Job 58: Subtask twitter_datascience
[2023-12-15T01:10:03.010-0300] {task_command.py:416} INFO - Running <TaskInstance: TwitterDAG.twitter_datascience scheduled__2023-12-13T00:00:00+00:00 [running]> on host JulioPC.
[2023-12-15T01:10:03.068-0300] {taskinstance.py:1662} INFO - Exporting env vars: AIRFLOW_CTX_DAG_OWNER='airflow' AIRFLOW_CTX_DAG_ID='TwitterDAG' AIRFLOW_CTX_TASK_ID='twitter_datascience' AIRFLOW_CTX_EXECUTION_DATE='2023-12-13T00:00:00+00:00' AIRFLOW_CTX_TRY_NUMBER='1' AIRFLOW_CTX_DAG_RUN_ID='scheduled__2023-12-13T00:00:00+00:00'
[2023-12-15T01:10:03.074-0300] {base.py:73} INFO - Using connection ID 'twitter_default' for task execution.
[2023-12-15T01:10:03.075-0300] {twitter_hook.py:34} INFO - URL: https://labdados.com/2/tweets/search/recent?query=datascience&tweet.fields=author_id,conversation_id,created_at,id,in_reply_to_user_id,public_metrics,lang,text&expansions=author_id&user.fields=id,name,username,created_at&start_time=2023-12-13T00:00:00.00Z&end_time=2023-12-14T00:00:00.00Z
[2023-12-15T01:10:03.581-0300] {twitter_hook.py:34} INFO - URL: https://labdados.com/2/tweets/search/recent?query=datascience&tweet.fields=author_id,conversation_id,created_at,id,in_reply_to_user_id,public_metrics,lang,text&expansions=author_id&user.fields=id,name,username,created_at&start_time=2023-12-13T00:00:00.00Z&end_time=2023-12-14T00:00:00.00Z&next_token=1234567890abcdef
[2023-12-15T01:10:03.713-0300] {twitter_hook.py:34} INFO - URL: https://labdados.com/2/tweets/search/recent?query=datascience&tweet.fields=author_id,conversation_id,created_at,id,in_reply_to_user_id,public_metrics,lang,text&expansions=author_id&user.fields=id,name,username,created_at&start_time=2023-12-13T00:00:00.00Z&end_time=2023-12-14T00:00:00.00Z&next_token=1234567890abcdef
[2023-12-15T01:10:03.826-0300] {twitter_hook.py:34} INFO - URL: https://labdados.com/2/tweets/search/recent?query=datascience&tweet.fields=author_id,conversation_id,created_at,id,in_reply_to_user_id,public_metrics,lang,text&expansions=author_id&user.fields=id,name,username,created_at&start_time=2023-12-13T00:00:00.00Z&end_time=2023-12-14T00:00:00.00Z&next_token=1234567890abcdef
[2023-12-15T01:10:03.958-0300] {taskinstance.py:1400} INFO - Marking task as SUCCESS. dag_id=TwitterDAG, task_id=twitter_datascience, execution_date=20231213T000000, start_date=20231215T041002, end_date=20231215T041003
[2023-12-15T01:10:03.993-0300] {local_task_job_runner.py:228} INFO - Task exited with return code 0
[2023-12-15T01:10:04.020-0300] {taskinstance.py:2778} INFO - 1 downstream tasks scheduled from follow-on schedule check
[2023-12-15T01:22:20.479-0300] {taskinstance.py:1159} INFO - Dependencies all met for dep_context=non-requeueable deps ti=<TaskInstance: TwitterDAG.twitter_datascience scheduled__2023-12-13T00:00:00+00:00 [queued]>
[2023-12-15T01:22:20.487-0300] {taskinstance.py:1159} INFO - Dependencies all met for dep_context=requeueable deps ti=<TaskInstance: TwitterDAG.twitter_datascience scheduled__2023-12-13T00:00:00+00:00 [queued]>
[2023-12-15T01:22:20.487-0300] {taskinstance.py:1361} INFO - Starting attempt 1 of 1
[2023-12-15T01:22:20.504-0300] {taskinstance.py:1382} INFO - Executing <Task(TwitterOperator): twitter_datascience> on 2023-12-13 00:00:00+00:00
[2023-12-15T01:22:20.507-0300] {standard_task_runner.py:57} INFO - Started process 31815 to run task
[2023-12-15T01:22:20.510-0300] {standard_task_runner.py:84} INFO - Running: ['airflow', 'tasks', 'run', 'TwitterDAG', 'twitter_datascience', 'scheduled__2023-12-13T00:00:00+00:00', '--job-id', '63', '--raw', '--subdir', 'DAGS_FOLDER/twitter_dag.py', '--cfg-path', '/tmp/tmpug__jms9']
[2023-12-15T01:22:20.511-0300] {standard_task_runner.py:85} INFO - Job 63: Subtask twitter_datascience
[2023-12-15T01:22:20.554-0300] {task_command.py:416} INFO - Running <TaskInstance: TwitterDAG.twitter_datascience scheduled__2023-12-13T00:00:00+00:00 [running]> on host JulioPC.
[2023-12-15T01:22:20.626-0300] {taskinstance.py:1662} INFO - Exporting env vars: AIRFLOW_CTX_DAG_OWNER='airflow' AIRFLOW_CTX_DAG_ID='TwitterDAG' AIRFLOW_CTX_TASK_ID='twitter_datascience' AIRFLOW_CTX_EXECUTION_DATE='2023-12-13T00:00:00+00:00' AIRFLOW_CTX_TRY_NUMBER='1' AIRFLOW_CTX_DAG_RUN_ID='scheduled__2023-12-13T00:00:00+00:00'
[2023-12-15T01:22:20.635-0300] {base.py:73} INFO - Using connection ID 'twitter_default' for task execution.
[2023-12-15T01:22:20.636-0300] {twitter_hook.py:34} INFO - URL: https://labdados.com/2/tweets/search/recent?query=datascience&tweet.fields=author_id,conversation_id,created_at,id,in_reply_to_user_id,public_metrics,lang,text&expansions=author_id&user.fields=id,name,username,created_at&start_time=2023-12-13T00:00:00.00Z&end_time=2023-12-14T00:00:00.00Z
[2023-12-15T01:22:21.187-0300] {taskinstance.py:1400} INFO - Marking task as SUCCESS. dag_id=TwitterDAG, task_id=twitter_datascience, execution_date=20231213T000000, start_date=20231215T042220, end_date=20231215T042221
[2023-12-15T01:22:21.246-0300] {local_task_job_runner.py:228} INFO - Task exited with return code 0
[2023-12-15T01:22:21.267-0300] {taskinstance.py:2778} INFO - 1 downstream tasks scheduled from follow-on schedule check
