[2023-12-15T08:51:27.709-0300] {taskinstance.py:1159} INFO - Dependencies all met for dep_context=non-requeueable deps ti=<TaskInstance: ArmazenaPastaMongoDBDAG.store_folder scheduled__2023-02-23T00:00:00+00:00 [queued]>
[2023-12-15T08:51:27.718-0300] {taskinstance.py:1159} INFO - Dependencies all met for dep_context=requeueable deps ti=<TaskInstance: ArmazenaPastaMongoDBDAG.store_folder scheduled__2023-02-23T00:00:00+00:00 [queued]>
[2023-12-15T08:51:27.718-0300] {taskinstance.py:1361} INFO - Starting attempt 1 of 1
[2023-12-15T08:51:27.736-0300] {taskinstance.py:1382} INFO - Executing <Task(PythonOperator): store_folder> on 2023-02-23 00:00:00+00:00
[2023-12-15T08:51:27.739-0300] {standard_task_runner.py:57} INFO - Started process 8629 to run task
[2023-12-15T08:51:27.742-0300] {standard_task_runner.py:84} INFO - Running: ['airflow', 'tasks', 'run', 'ArmazenaPastaMongoDBDAG', 'store_folder', 'scheduled__2023-02-23T00:00:00+00:00', '--job-id', '420', '--raw', '--subdir', 'DAGS_FOLDER/upload_mongo.py', '--cfg-path', '/tmp/tmp_hv1_9tq']
[2023-12-15T08:51:27.744-0300] {standard_task_runner.py:85} INFO - Job 420: Subtask store_folder
[2023-12-15T08:51:27.787-0300] {task_command.py:416} INFO - Running <TaskInstance: ArmazenaPastaMongoDBDAG.store_folder scheduled__2023-02-23T00:00:00+00:00 [running]> on host JulioPC.
[2023-12-15T08:51:27.863-0300] {taskinstance.py:1662} INFO - Exporting env vars: AIRFLOW_CTX_DAG_OWNER='airflow' AIRFLOW_CTX_DAG_ID='ArmazenaPastaMongoDBDAG' AIRFLOW_CTX_TASK_ID='store_folder' AIRFLOW_CTX_EXECUTION_DATE='2023-02-23T00:00:00+00:00' AIRFLOW_CTX_TRY_NUMBER='1' AIRFLOW_CTX_DAG_RUN_ID='scheduled__2023-02-23T00:00:00+00:00'
[2023-12-15T08:51:28.905-0300] {python.py:194} INFO - Done. Returned value was: None
[2023-12-15T08:51:28.912-0300] {taskinstance.py:1400} INFO - Marking task as SUCCESS. dag_id=ArmazenaPastaMongoDBDAG, task_id=store_folder, execution_date=20230223T000000, start_date=20231215T115127, end_date=20231215T115128
[2023-12-15T08:51:28.961-0300] {local_task_job_runner.py:228} INFO - Task exited with return code 0
[2023-12-15T08:51:28.972-0300] {taskinstance.py:2778} INFO - 0 downstream tasks scheduled from follow-on schedule check
[2023-12-15T09:34:57.425-0300] {taskinstance.py:1159} INFO - Dependencies all met for dep_context=non-requeueable deps ti=<TaskInstance: ArmazenaPastaMongoDBDAG.store_folder scheduled__2023-02-23T00:00:00+00:00 [queued]>
[2023-12-15T09:34:57.433-0300] {taskinstance.py:1159} INFO - Dependencies all met for dep_context=requeueable deps ti=<TaskInstance: ArmazenaPastaMongoDBDAG.store_folder scheduled__2023-02-23T00:00:00+00:00 [queued]>
[2023-12-15T09:34:57.433-0300] {taskinstance.py:1361} INFO - Starting attempt 1 of 1
[2023-12-15T09:34:57.450-0300] {taskinstance.py:1382} INFO - Executing <Task(PythonOperator): store_folder> on 2023-02-23 00:00:00+00:00
[2023-12-15T09:34:57.454-0300] {standard_task_runner.py:57} INFO - Started process 33555 to run task
[2023-12-15T09:34:57.456-0300] {standard_task_runner.py:84} INFO - Running: ['airflow', 'tasks', 'run', 'ArmazenaPastaMongoDBDAG', 'store_folder', 'scheduled__2023-02-23T00:00:00+00:00', '--job-id', '420', '--raw', '--subdir', 'DAGS_FOLDER/upload_mongo.py', '--cfg-path', '/tmp/tmp0abbqd45']
[2023-12-15T09:34:57.457-0300] {standard_task_runner.py:85} INFO - Job 420: Subtask store_folder
[2023-12-15T09:34:57.492-0300] {task_command.py:416} INFO - Running <TaskInstance: ArmazenaPastaMongoDBDAG.store_folder scheduled__2023-02-23T00:00:00+00:00 [running]> on host JulioPC.
[2023-12-15T09:34:57.569-0300] {taskinstance.py:1662} INFO - Exporting env vars: AIRFLOW_CTX_DAG_OWNER='airflow' AIRFLOW_CTX_DAG_ID='ArmazenaPastaMongoDBDAG' AIRFLOW_CTX_TASK_ID='store_folder' AIRFLOW_CTX_EXECUTION_DATE='2023-02-23T00:00:00+00:00' AIRFLOW_CTX_TRY_NUMBER='1' AIRFLOW_CTX_DAG_RUN_ID='scheduled__2023-02-23T00:00:00+00:00'
[2023-12-15T09:34:58.656-0300] {python.py:194} INFO - Done. Returned value was: None
[2023-12-15T09:34:58.660-0300] {taskinstance.py:1400} INFO - Marking task as SUCCESS. dag_id=ArmazenaPastaMongoDBDAG, task_id=store_folder, execution_date=20230223T000000, start_date=20231215T123457, end_date=20231215T123458
[2023-12-15T09:34:58.715-0300] {local_task_job_runner.py:228} INFO - Task exited with return code 0
[2023-12-15T09:34:58.725-0300] {taskinstance.py:2778} INFO - 0 downstream tasks scheduled from follow-on schedule check
