[2023-12-15T01:04:32.552-0300] {taskinstance.py:1159} INFO - Dependencies all met for dep_context=non-requeueable deps ti=<TaskInstance: TwitterDAG.twitter_datascience scheduled__2023-12-10T00:00:00+00:00 [queued]>
[2023-12-15T01:04:32.557-0300] {taskinstance.py:1159} INFO - Dependencies all met for dep_context=requeueable deps ti=<TaskInstance: TwitterDAG.twitter_datascience scheduled__2023-12-10T00:00:00+00:00 [queued]>
[2023-12-15T01:04:32.558-0300] {taskinstance.py:1361} INFO - Starting attempt 1 of 1
[2023-12-15T01:04:32.576-0300] {taskinstance.py:1382} INFO - Executing <Task(TwitterOperator): twitter_datascience> on 2023-12-10 00:00:00+00:00
[2023-12-15T01:04:32.578-0300] {standard_task_runner.py:57} INFO - Started process 15314 to run task
[2023-12-15T01:04:32.581-0300] {standard_task_runner.py:84} INFO - Running: ['airflow', 'tasks', 'run', 'TwitterDAG', 'twitter_datascience', 'scheduled__2023-12-10T00:00:00+00:00', '--job-id', '52', '--raw', '--subdir', 'DAGS_FOLDER/twitter_dag.py', '--cfg-path', '/tmp/tmp96yhvtwo']
[2023-12-15T01:04:32.582-0300] {standard_task_runner.py:85} INFO - Job 52: Subtask twitter_datascience
[2023-12-15T01:04:32.621-0300] {task_command.py:416} INFO - Running <TaskInstance: TwitterDAG.twitter_datascience scheduled__2023-12-10T00:00:00+00:00 [running]> on host JulioPC.
[2023-12-15T01:04:32.680-0300] {taskinstance.py:1662} INFO - Exporting env vars: AIRFLOW_CTX_DAG_OWNER='airflow' AIRFLOW_CTX_DAG_ID='TwitterDAG' AIRFLOW_CTX_TASK_ID='twitter_datascience' AIRFLOW_CTX_EXECUTION_DATE='2023-12-10T00:00:00+00:00' AIRFLOW_CTX_TRY_NUMBER='1' AIRFLOW_CTX_DAG_RUN_ID='scheduled__2023-12-10T00:00:00+00:00'
[2023-12-15T01:04:32.686-0300] {base.py:73} INFO - Using connection ID 'twitter_default' for task execution.
[2023-12-15T01:04:32.687-0300] {twitter_hook.py:34} INFO - URL: https://labdados.com/2/tweets/search/recent?query=datascience&tweet.fields=author_id,conversation_id,created_at,id,in_reply_to_user_id,public_metrics,lang,text&expansions=author_id&user.fields=id,name,username,created_at&start_time=2023-12-10T00:00:00.00Z&end_time=2023-12-11T00:00:00.00Z
[2023-12-15T01:04:33.135-0300] {taskinstance.py:1400} INFO - Marking task as SUCCESS. dag_id=TwitterDAG, task_id=twitter_datascience, execution_date=20231210T000000, start_date=20231215T040432, end_date=20231215T040433
[2023-12-15T01:04:33.158-0300] {local_task_job_runner.py:228} INFO - Task exited with return code 0
[2023-12-15T01:04:33.170-0300] {taskinstance.py:2778} INFO - 1 downstream tasks scheduled from follow-on schedule check
[2023-12-15T01:09:43.606-0300] {taskinstance.py:1159} INFO - Dependencies all met for dep_context=non-requeueable deps ti=<TaskInstance: TwitterDAG.twitter_datascience scheduled__2023-12-10T00:00:00+00:00 [queued]>
[2023-12-15T01:09:43.613-0300] {taskinstance.py:1159} INFO - Dependencies all met for dep_context=requeueable deps ti=<TaskInstance: TwitterDAG.twitter_datascience scheduled__2023-12-10T00:00:00+00:00 [queued]>
[2023-12-15T01:09:43.614-0300] {taskinstance.py:1361} INFO - Starting attempt 1 of 1
[2023-12-15T01:09:43.630-0300] {taskinstance.py:1382} INFO - Executing <Task(TwitterOperator): twitter_datascience> on 2023-12-10 00:00:00+00:00
[2023-12-15T01:09:43.633-0300] {standard_task_runner.py:57} INFO - Started process 19166 to run task
[2023-12-15T01:09:43.636-0300] {standard_task_runner.py:84} INFO - Running: ['airflow', 'tasks', 'run', 'TwitterDAG', 'twitter_datascience', 'scheduled__2023-12-10T00:00:00+00:00', '--job-id', '52', '--raw', '--subdir', 'DAGS_FOLDER/twitter_dag.py', '--cfg-path', '/tmp/tmphz2tik43']
[2023-12-15T01:09:43.637-0300] {standard_task_runner.py:85} INFO - Job 52: Subtask twitter_datascience
[2023-12-15T01:09:43.685-0300] {task_command.py:416} INFO - Running <TaskInstance: TwitterDAG.twitter_datascience scheduled__2023-12-10T00:00:00+00:00 [running]> on host JulioPC.
[2023-12-15T01:09:43.746-0300] {taskinstance.py:1662} INFO - Exporting env vars: AIRFLOW_CTX_DAG_OWNER='airflow' AIRFLOW_CTX_DAG_ID='TwitterDAG' AIRFLOW_CTX_TASK_ID='twitter_datascience' AIRFLOW_CTX_EXECUTION_DATE='2023-12-10T00:00:00+00:00' AIRFLOW_CTX_TRY_NUMBER='1' AIRFLOW_CTX_DAG_RUN_ID='scheduled__2023-12-10T00:00:00+00:00'
[2023-12-15T01:09:43.752-0300] {base.py:73} INFO - Using connection ID 'twitter_default' for task execution.
[2023-12-15T01:09:43.753-0300] {twitter_hook.py:34} INFO - URL: https://labdados.com/2/tweets/search/recent?query=datascience&tweet.fields=author_id,conversation_id,created_at,id,in_reply_to_user_id,public_metrics,lang,text&expansions=author_id&user.fields=id,name,username,created_at&start_time=2023-12-10T00:00:00.00Z&end_time=2023-12-11T00:00:00.00Z
[2023-12-15T01:09:44.273-0300] {taskinstance.py:1400} INFO - Marking task as SUCCESS. dag_id=TwitterDAG, task_id=twitter_datascience, execution_date=20231210T000000, start_date=20231215T040943, end_date=20231215T040944
[2023-12-15T01:09:44.292-0300] {local_task_job_runner.py:228} INFO - Task exited with return code 0
[2023-12-15T01:09:44.305-0300] {taskinstance.py:2778} INFO - 1 downstream tasks scheduled from follow-on schedule check
[2023-12-15T01:19:32.081-0300] {taskinstance.py:1159} INFO - Dependencies all met for dep_context=non-requeueable deps ti=<TaskInstance: TwitterDAG.twitter_datascience scheduled__2023-12-10T00:00:00+00:00 [queued]>
[2023-12-15T01:19:32.088-0300] {taskinstance.py:1159} INFO - Dependencies all met for dep_context=requeueable deps ti=<TaskInstance: TwitterDAG.twitter_datascience scheduled__2023-12-10T00:00:00+00:00 [queued]>
[2023-12-15T01:19:32.088-0300] {taskinstance.py:1361} INFO - Starting attempt 1 of 1
[2023-12-15T01:19:32.104-0300] {taskinstance.py:1382} INFO - Executing <Task(TwitterOperator): twitter_datascience> on 2023-12-10 00:00:00+00:00
[2023-12-15T01:19:32.107-0300] {standard_task_runner.py:57} INFO - Started process 30470 to run task
[2023-12-15T01:19:32.110-0300] {standard_task_runner.py:84} INFO - Running: ['airflow', 'tasks', 'run', 'TwitterDAG', 'twitter_datascience', 'scheduled__2023-12-10T00:00:00+00:00', '--job-id', '52', '--raw', '--subdir', 'DAGS_FOLDER/twitter_dag.py', '--cfg-path', '/tmp/tmpd07hj3jj']
[2023-12-15T01:19:32.111-0300] {standard_task_runner.py:85} INFO - Job 52: Subtask twitter_datascience
[2023-12-15T01:19:32.148-0300] {task_command.py:416} INFO - Running <TaskInstance: TwitterDAG.twitter_datascience scheduled__2023-12-10T00:00:00+00:00 [running]> on host JulioPC.
[2023-12-15T01:19:32.217-0300] {taskinstance.py:1662} INFO - Exporting env vars: AIRFLOW_CTX_DAG_OWNER='airflow' AIRFLOW_CTX_DAG_ID='TwitterDAG' AIRFLOW_CTX_TASK_ID='twitter_datascience' AIRFLOW_CTX_EXECUTION_DATE='2023-12-10T00:00:00+00:00' AIRFLOW_CTX_TRY_NUMBER='1' AIRFLOW_CTX_DAG_RUN_ID='scheduled__2023-12-10T00:00:00+00:00'
[2023-12-15T01:19:32.229-0300] {base.py:73} INFO - Using connection ID 'twitter_default' for task execution.
[2023-12-15T01:19:32.231-0300] {twitter_hook.py:34} INFO - URL: https://labdados.com/2/tweets/search/recent?query=datascience&tweet.fields=author_id,conversation_id,created_at,id,in_reply_to_user_id,public_metrics,lang,text&expansions=author_id&user.fields=id,name,username,created_at&start_time=2023-12-10T00:00:00.00Z&end_time=2023-12-11T00:00:00.00Z
[2023-12-15T01:19:32.744-0300] {taskinstance.py:1400} INFO - Marking task as SUCCESS. dag_id=TwitterDAG, task_id=twitter_datascience, execution_date=20231210T000000, start_date=20231215T041932, end_date=20231215T041932
[2023-12-15T01:19:32.766-0300] {local_task_job_runner.py:228} INFO - Task exited with return code 0
[2023-12-15T01:19:32.781-0300] {taskinstance.py:2778} INFO - 1 downstream tasks scheduled from follow-on schedule check
