[2023-12-15T09:08:34.373-0300] {taskinstance.py:1159} INFO - Dependencies all met for dep_context=non-requeueable deps ti=<TaskInstance: ArmazenaPastaMongoDBDAG.store_gold_folder scheduled__2023-01-23T00:00:00+00:00 [queued]>
[2023-12-15T09:08:34.380-0300] {taskinstance.py:1159} INFO - Dependencies all met for dep_context=requeueable deps ti=<TaskInstance: ArmazenaPastaMongoDBDAG.store_gold_folder scheduled__2023-01-23T00:00:00+00:00 [queued]>
[2023-12-15T09:08:34.380-0300] {taskinstance.py:1361} INFO - Starting attempt 1 of 1
[2023-12-15T09:08:34.396-0300] {taskinstance.py:1382} INFO - Executing <Task(PythonOperator): store_gold_folder> on 2023-01-23 00:00:00+00:00
[2023-12-15T09:08:34.399-0300] {standard_task_runner.py:57} INFO - Started process 18714 to run task
[2023-12-15T09:08:34.402-0300] {standard_task_runner.py:84} INFO - Running: ['airflow', 'tasks', 'run', 'ArmazenaPastaMongoDBDAG', 'store_gold_folder', 'scheduled__2023-01-23T00:00:00+00:00', '--job-id', '389', '--raw', '--subdir', 'DAGS_FOLDER/upload_mongo.py', '--cfg-path', '/tmp/tmpzfwho85s']
[2023-12-15T09:08:34.403-0300] {standard_task_runner.py:85} INFO - Job 389: Subtask store_gold_folder
[2023-12-15T09:08:34.440-0300] {task_command.py:416} INFO - Running <TaskInstance: ArmazenaPastaMongoDBDAG.store_gold_folder scheduled__2023-01-23T00:00:00+00:00 [running]> on host JulioPC.
[2023-12-15T09:08:34.502-0300] {taskinstance.py:1662} INFO - Exporting env vars: AIRFLOW_CTX_DAG_OWNER='airflow' AIRFLOW_CTX_DAG_ID='ArmazenaPastaMongoDBDAG' AIRFLOW_CTX_TASK_ID='store_gold_folder' AIRFLOW_CTX_EXECUTION_DATE='2023-01-23T00:00:00+00:00' AIRFLOW_CTX_TRY_NUMBER='1' AIRFLOW_CTX_DAG_RUN_ID='scheduled__2023-01-23T00:00:00+00:00'
[2023-12-15T09:08:34.519-0300] {python.py:194} INFO - Done. Returned value was: None
[2023-12-15T09:08:34.525-0300] {taskinstance.py:1400} INFO - Marking task as SUCCESS. dag_id=ArmazenaPastaMongoDBDAG, task_id=store_gold_folder, execution_date=20230123T000000, start_date=20231215T120834, end_date=20231215T120834
[2023-12-15T09:08:34.575-0300] {local_task_job_runner.py:228} INFO - Task exited with return code 0
[2023-12-15T09:08:34.584-0300] {taskinstance.py:2778} INFO - 0 downstream tasks scheduled from follow-on schedule check
[2023-12-15T09:14:44.475-0300] {taskinstance.py:1159} INFO - Dependencies all met for dep_context=non-requeueable deps ti=<TaskInstance: ArmazenaPastaMongoDBDAG.store_gold_folder scheduled__2023-01-23T00:00:00+00:00 [queued]>
[2023-12-15T09:14:44.483-0300] {taskinstance.py:1159} INFO - Dependencies all met for dep_context=requeueable deps ti=<TaskInstance: ArmazenaPastaMongoDBDAG.store_gold_folder scheduled__2023-01-23T00:00:00+00:00 [queued]>
[2023-12-15T09:14:44.483-0300] {taskinstance.py:1361} INFO - Starting attempt 1 of 1
[2023-12-15T09:14:44.499-0300] {taskinstance.py:1382} INFO - Executing <Task(PythonOperator): store_gold_folder> on 2023-01-23 00:00:00+00:00
[2023-12-15T09:14:44.502-0300] {standard_task_runner.py:57} INFO - Started process 22694 to run task
[2023-12-15T09:14:44.505-0300] {standard_task_runner.py:84} INFO - Running: ['airflow', 'tasks', 'run', 'ArmazenaPastaMongoDBDAG', 'store_gold_folder', 'scheduled__2023-01-23T00:00:00+00:00', '--job-id', '389', '--raw', '--subdir', 'DAGS_FOLDER/upload_mongo.py', '--cfg-path', '/tmp/tmp2q5hlto7']
[2023-12-15T09:14:44.506-0300] {standard_task_runner.py:85} INFO - Job 389: Subtask store_gold_folder
[2023-12-15T09:14:44.540-0300] {task_command.py:416} INFO - Running <TaskInstance: ArmazenaPastaMongoDBDAG.store_gold_folder scheduled__2023-01-23T00:00:00+00:00 [running]> on host JulioPC.
[2023-12-15T09:14:44.601-0300] {taskinstance.py:1662} INFO - Exporting env vars: AIRFLOW_CTX_DAG_OWNER='airflow' AIRFLOW_CTX_DAG_ID='ArmazenaPastaMongoDBDAG' AIRFLOW_CTX_TASK_ID='store_gold_folder' AIRFLOW_CTX_EXECUTION_DATE='2023-01-23T00:00:00+00:00' AIRFLOW_CTX_TRY_NUMBER='1' AIRFLOW_CTX_DAG_RUN_ID='scheduled__2023-01-23T00:00:00+00:00'
[2023-12-15T09:14:44.618-0300] {python.py:194} INFO - Done. Returned value was: None
[2023-12-15T09:14:44.624-0300] {taskinstance.py:1400} INFO - Marking task as SUCCESS. dag_id=ArmazenaPastaMongoDBDAG, task_id=store_gold_folder, execution_date=20230123T000000, start_date=20231215T121444, end_date=20231215T121444
[2023-12-15T09:14:44.678-0300] {local_task_job_runner.py:228} INFO - Task exited with return code 0
[2023-12-15T09:14:44.687-0300] {taskinstance.py:2778} INFO - 0 downstream tasks scheduled from follow-on schedule check
