[2023-12-15T08:49:57.665-0300] {taskinstance.py:1159} INFO - Dependencies all met for dep_context=non-requeueable deps ti=<TaskInstance: ArmazenaPastaMongoDBDAG.store_folder scheduled__2023-02-01T00:00:00+00:00 [queued]>
[2023-12-15T08:49:57.673-0300] {taskinstance.py:1159} INFO - Dependencies all met for dep_context=requeueable deps ti=<TaskInstance: ArmazenaPastaMongoDBDAG.store_folder scheduled__2023-02-01T00:00:00+00:00 [queued]>
[2023-12-15T08:49:57.673-0300] {taskinstance.py:1361} INFO - Starting attempt 1 of 1
[2023-12-15T08:49:57.691-0300] {taskinstance.py:1382} INFO - Executing <Task(PythonOperator): store_folder> on 2023-02-01 00:00:00+00:00
[2023-12-15T08:49:57.695-0300] {standard_task_runner.py:57} INFO - Started process 7490 to run task
[2023-12-15T08:49:57.697-0300] {standard_task_runner.py:84} INFO - Running: ['airflow', 'tasks', 'run', 'ArmazenaPastaMongoDBDAG', 'store_folder', 'scheduled__2023-02-01T00:00:00+00:00', '--job-id', '398', '--raw', '--subdir', 'DAGS_FOLDER/upload_mongo.py', '--cfg-path', '/tmp/tmp1el4wb7b']
[2023-12-15T08:49:57.699-0300] {standard_task_runner.py:85} INFO - Job 398: Subtask store_folder
[2023-12-15T08:49:57.736-0300] {task_command.py:416} INFO - Running <TaskInstance: ArmazenaPastaMongoDBDAG.store_folder scheduled__2023-02-01T00:00:00+00:00 [running]> on host JulioPC.
[2023-12-15T08:49:57.808-0300] {taskinstance.py:1662} INFO - Exporting env vars: AIRFLOW_CTX_DAG_OWNER='airflow' AIRFLOW_CTX_DAG_ID='ArmazenaPastaMongoDBDAG' AIRFLOW_CTX_TASK_ID='store_folder' AIRFLOW_CTX_EXECUTION_DATE='2023-02-01T00:00:00+00:00' AIRFLOW_CTX_TRY_NUMBER='1' AIRFLOW_CTX_DAG_RUN_ID='scheduled__2023-02-01T00:00:00+00:00'
[2023-12-15T08:49:58.873-0300] {python.py:194} INFO - Done. Returned value was: None
[2023-12-15T08:49:58.879-0300] {taskinstance.py:1400} INFO - Marking task as SUCCESS. dag_id=ArmazenaPastaMongoDBDAG, task_id=store_folder, execution_date=20230201T000000, start_date=20231215T114957, end_date=20231215T114958
[2023-12-15T08:49:58.920-0300] {local_task_job_runner.py:228} INFO - Task exited with return code 0
[2023-12-15T08:49:58.929-0300] {taskinstance.py:2778} INFO - 0 downstream tasks scheduled from follow-on schedule check
[2023-12-15T09:33:27.271-0300] {taskinstance.py:1159} INFO - Dependencies all met for dep_context=non-requeueable deps ti=<TaskInstance: ArmazenaPastaMongoDBDAG.store_folder scheduled__2023-02-01T00:00:00+00:00 [queued]>
[2023-12-15T09:33:27.280-0300] {taskinstance.py:1159} INFO - Dependencies all met for dep_context=requeueable deps ti=<TaskInstance: ArmazenaPastaMongoDBDAG.store_folder scheduled__2023-02-01T00:00:00+00:00 [queued]>
[2023-12-15T09:33:27.281-0300] {taskinstance.py:1361} INFO - Starting attempt 1 of 1
[2023-12-15T09:33:27.299-0300] {taskinstance.py:1382} INFO - Executing <Task(PythonOperator): store_folder> on 2023-02-01 00:00:00+00:00
[2023-12-15T09:33:27.304-0300] {standard_task_runner.py:57} INFO - Started process 32652 to run task
[2023-12-15T09:33:27.309-0300] {standard_task_runner.py:84} INFO - Running: ['airflow', 'tasks', 'run', 'ArmazenaPastaMongoDBDAG', 'store_folder', 'scheduled__2023-02-01T00:00:00+00:00', '--job-id', '398', '--raw', '--subdir', 'DAGS_FOLDER/upload_mongo.py', '--cfg-path', '/tmp/tmpnryvl6xe']
[2023-12-15T09:33:27.311-0300] {standard_task_runner.py:85} INFO - Job 398: Subtask store_folder
[2023-12-15T09:33:27.357-0300] {task_command.py:416} INFO - Running <TaskInstance: ArmazenaPastaMongoDBDAG.store_folder scheduled__2023-02-01T00:00:00+00:00 [running]> on host JulioPC.
[2023-12-15T09:33:27.466-0300] {taskinstance.py:1662} INFO - Exporting env vars: AIRFLOW_CTX_DAG_OWNER='airflow' AIRFLOW_CTX_DAG_ID='ArmazenaPastaMongoDBDAG' AIRFLOW_CTX_TASK_ID='store_folder' AIRFLOW_CTX_EXECUTION_DATE='2023-02-01T00:00:00+00:00' AIRFLOW_CTX_TRY_NUMBER='1' AIRFLOW_CTX_DAG_RUN_ID='scheduled__2023-02-01T00:00:00+00:00'
[2023-12-15T09:33:28.612-0300] {python.py:194} INFO - Done. Returned value was: None
[2023-12-15T09:33:28.618-0300] {taskinstance.py:1400} INFO - Marking task as SUCCESS. dag_id=ArmazenaPastaMongoDBDAG, task_id=store_folder, execution_date=20230201T000000, start_date=20231215T123327, end_date=20231215T123328
[2023-12-15T09:33:28.647-0300] {local_task_job_runner.py:228} INFO - Task exited with return code 0
[2023-12-15T09:33:28.657-0300] {taskinstance.py:2778} INFO - 0 downstream tasks scheduled from follow-on schedule check
