[2023-12-15T09:07:29.793-0300] {taskinstance.py:1159} INFO - Dependencies all met for dep_context=non-requeueable deps ti=<TaskInstance: ArmazenaPastaMongoDBDAG.store_gold_folder scheduled__2023-01-05T00:00:00+00:00 [queued]>
[2023-12-15T09:07:29.799-0300] {taskinstance.py:1159} INFO - Dependencies all met for dep_context=requeueable deps ti=<TaskInstance: ArmazenaPastaMongoDBDAG.store_gold_folder scheduled__2023-01-05T00:00:00+00:00 [queued]>
[2023-12-15T09:07:29.799-0300] {taskinstance.py:1361} INFO - Starting attempt 1 of 1
[2023-12-15T09:07:29.814-0300] {taskinstance.py:1382} INFO - Executing <Task(PythonOperator): store_gold_folder> on 2023-01-05 00:00:00+00:00
[2023-12-15T09:07:29.817-0300] {standard_task_runner.py:57} INFO - Started process 17418 to run task
[2023-12-15T09:07:29.821-0300] {standard_task_runner.py:84} INFO - Running: ['airflow', 'tasks', 'run', 'ArmazenaPastaMongoDBDAG', 'store_gold_folder', 'scheduled__2023-01-05T00:00:00+00:00', '--job-id', '371', '--raw', '--subdir', 'DAGS_FOLDER/upload_mongo.py', '--cfg-path', '/tmp/tmpswyl95cp']
[2023-12-15T09:07:29.822-0300] {standard_task_runner.py:85} INFO - Job 371: Subtask store_gold_folder
[2023-12-15T09:07:29.861-0300] {task_command.py:416} INFO - Running <TaskInstance: ArmazenaPastaMongoDBDAG.store_gold_folder scheduled__2023-01-05T00:00:00+00:00 [running]> on host JulioPC.
[2023-12-15T09:07:29.923-0300] {taskinstance.py:1662} INFO - Exporting env vars: AIRFLOW_CTX_DAG_OWNER='airflow' AIRFLOW_CTX_DAG_ID='ArmazenaPastaMongoDBDAG' AIRFLOW_CTX_TASK_ID='store_gold_folder' AIRFLOW_CTX_EXECUTION_DATE='2023-01-05T00:00:00+00:00' AIRFLOW_CTX_TRY_NUMBER='1' AIRFLOW_CTX_DAG_RUN_ID='scheduled__2023-01-05T00:00:00+00:00'
[2023-12-15T09:07:29.941-0300] {python.py:194} INFO - Done. Returned value was: None
[2023-12-15T09:07:29.946-0300] {taskinstance.py:1400} INFO - Marking task as SUCCESS. dag_id=ArmazenaPastaMongoDBDAG, task_id=store_gold_folder, execution_date=20230105T000000, start_date=20231215T120729, end_date=20231215T120729
[2023-12-15T09:07:29.994-0300] {local_task_job_runner.py:228} INFO - Task exited with return code 0
[2023-12-15T09:07:30.004-0300] {taskinstance.py:2778} INFO - 0 downstream tasks scheduled from follow-on schedule check
[2023-12-15T09:13:51.471-0300] {taskinstance.py:1159} INFO - Dependencies all met for dep_context=non-requeueable deps ti=<TaskInstance: ArmazenaPastaMongoDBDAG.store_gold_folder scheduled__2023-01-05T00:00:00+00:00 [queued]>
[2023-12-15T09:13:51.479-0300] {taskinstance.py:1159} INFO - Dependencies all met for dep_context=requeueable deps ti=<TaskInstance: ArmazenaPastaMongoDBDAG.store_gold_folder scheduled__2023-01-05T00:00:00+00:00 [queued]>
[2023-12-15T09:13:51.479-0300] {taskinstance.py:1361} INFO - Starting attempt 1 of 1
[2023-12-15T09:13:51.494-0300] {taskinstance.py:1382} INFO - Executing <Task(PythonOperator): store_gold_folder> on 2023-01-05 00:00:00+00:00
[2023-12-15T09:13:51.498-0300] {standard_task_runner.py:57} INFO - Started process 22423 to run task
[2023-12-15T09:13:51.500-0300] {standard_task_runner.py:84} INFO - Running: ['airflow', 'tasks', 'run', 'ArmazenaPastaMongoDBDAG', 'store_gold_folder', 'scheduled__2023-01-05T00:00:00+00:00', '--job-id', '371', '--raw', '--subdir', 'DAGS_FOLDER/upload_mongo.py', '--cfg-path', '/tmp/tmpjunxyegk']
[2023-12-15T09:13:51.501-0300] {standard_task_runner.py:85} INFO - Job 371: Subtask store_gold_folder
[2023-12-15T09:13:51.537-0300] {task_command.py:416} INFO - Running <TaskInstance: ArmazenaPastaMongoDBDAG.store_gold_folder scheduled__2023-01-05T00:00:00+00:00 [running]> on host JulioPC.
[2023-12-15T09:13:51.595-0300] {taskinstance.py:1662} INFO - Exporting env vars: AIRFLOW_CTX_DAG_OWNER='airflow' AIRFLOW_CTX_DAG_ID='ArmazenaPastaMongoDBDAG' AIRFLOW_CTX_TASK_ID='store_gold_folder' AIRFLOW_CTX_EXECUTION_DATE='2023-01-05T00:00:00+00:00' AIRFLOW_CTX_TRY_NUMBER='1' AIRFLOW_CTX_DAG_RUN_ID='scheduled__2023-01-05T00:00:00+00:00'
[2023-12-15T09:13:51.610-0300] {python.py:194} INFO - Done. Returned value was: None
[2023-12-15T09:13:51.616-0300] {taskinstance.py:1400} INFO - Marking task as SUCCESS. dag_id=ArmazenaPastaMongoDBDAG, task_id=store_gold_folder, execution_date=20230105T000000, start_date=20231215T121351, end_date=20231215T121351
[2023-12-15T09:13:51.634-0300] {local_task_job_runner.py:228} INFO - Task exited with return code 0
[2023-12-15T09:13:51.642-0300] {taskinstance.py:2778} INFO - 0 downstream tasks scheduled from follow-on schedule check
