[2023-12-15T08:47:46.143-0300] {taskinstance.py:1159} INFO - Dependencies all met for dep_context=non-requeueable deps ti=<TaskInstance: ArmazenaPastaMongoDBDAG.store_folder scheduled__2023-01-02T00:00:00+00:00 [queued]>
[2023-12-15T08:47:46.149-0300] {taskinstance.py:1159} INFO - Dependencies all met for dep_context=requeueable deps ti=<TaskInstance: ArmazenaPastaMongoDBDAG.store_folder scheduled__2023-01-02T00:00:00+00:00 [queued]>
[2023-12-15T08:47:46.149-0300] {taskinstance.py:1361} INFO - Starting attempt 1 of 1
[2023-12-15T08:47:46.167-0300] {taskinstance.py:1382} INFO - Executing <Task(PythonOperator): store_folder> on 2023-01-02 00:00:00+00:00
[2023-12-15T08:47:46.171-0300] {standard_task_runner.py:57} INFO - Started process 5813 to run task
[2023-12-15T08:47:46.175-0300] {standard_task_runner.py:84} INFO - Running: ['airflow', 'tasks', 'run', 'ArmazenaPastaMongoDBDAG', 'store_folder', 'scheduled__2023-01-02T00:00:00+00:00', '--job-id', '368', '--raw', '--subdir', 'DAGS_FOLDER/upload_mongo.py', '--cfg-path', '/tmp/tmprmoyqec2']
[2023-12-15T08:47:46.177-0300] {standard_task_runner.py:85} INFO - Job 368: Subtask store_folder
[2023-12-15T08:47:46.218-0300] {task_command.py:416} INFO - Running <TaskInstance: ArmazenaPastaMongoDBDAG.store_folder scheduled__2023-01-02T00:00:00+00:00 [running]> on host JulioPC.
[2023-12-15T08:47:46.281-0300] {taskinstance.py:1662} INFO - Exporting env vars: AIRFLOW_CTX_DAG_OWNER='airflow' AIRFLOW_CTX_DAG_ID='ArmazenaPastaMongoDBDAG' AIRFLOW_CTX_TASK_ID='store_folder' AIRFLOW_CTX_EXECUTION_DATE='2023-01-02T00:00:00+00:00' AIRFLOW_CTX_TRY_NUMBER='1' AIRFLOW_CTX_DAG_RUN_ID='scheduled__2023-01-02T00:00:00+00:00'
[2023-12-15T08:47:47.657-0300] {python.py:194} INFO - Done. Returned value was: None
[2023-12-15T08:47:47.662-0300] {taskinstance.py:1400} INFO - Marking task as SUCCESS. dag_id=ArmazenaPastaMongoDBDAG, task_id=store_folder, execution_date=20230102T000000, start_date=20231215T114746, end_date=20231215T114747
[2023-12-15T08:47:47.717-0300] {local_task_job_runner.py:228} INFO - Task exited with return code 0
[2023-12-15T08:47:47.727-0300] {taskinstance.py:2778} INFO - 0 downstream tasks scheduled from follow-on schedule check
[2023-12-15T09:26:01.219-0300] {taskinstance.py:1159} INFO - Dependencies all met for dep_context=non-requeueable deps ti=<TaskInstance: ArmazenaPastaMongoDBDAG.store_folder scheduled__2023-01-02T00:00:00+00:00 [queued]>
[2023-12-15T09:26:01.227-0300] {taskinstance.py:1159} INFO - Dependencies all met for dep_context=requeueable deps ti=<TaskInstance: ArmazenaPastaMongoDBDAG.store_folder scheduled__2023-01-02T00:00:00+00:00 [queued]>
[2023-12-15T09:26:01.227-0300] {taskinstance.py:1361} INFO - Starting attempt 1 of 1
[2023-12-15T09:26:01.243-0300] {taskinstance.py:1382} INFO - Executing <Task(PythonOperator): store_folder> on 2023-01-02 00:00:00+00:00
[2023-12-15T09:26:01.246-0300] {standard_task_runner.py:57} INFO - Started process 25901 to run task
[2023-12-15T09:26:01.249-0300] {standard_task_runner.py:84} INFO - Running: ['airflow', 'tasks', 'run', 'ArmazenaPastaMongoDBDAG', 'store_folder', 'scheduled__2023-01-02T00:00:00+00:00', '--job-id', '368', '--raw', '--subdir', 'DAGS_FOLDER/upload_mongo.py', '--cfg-path', '/tmp/tmp12uklz6g']
[2023-12-15T09:26:01.250-0300] {standard_task_runner.py:85} INFO - Job 368: Subtask store_folder
[2023-12-15T09:26:01.287-0300] {task_command.py:416} INFO - Running <TaskInstance: ArmazenaPastaMongoDBDAG.store_folder scheduled__2023-01-02T00:00:00+00:00 [running]> on host JulioPC.
[2023-12-15T09:26:01.352-0300] {taskinstance.py:1662} INFO - Exporting env vars: AIRFLOW_CTX_DAG_OWNER='airflow' AIRFLOW_CTX_DAG_ID='ArmazenaPastaMongoDBDAG' AIRFLOW_CTX_TASK_ID='store_folder' AIRFLOW_CTX_EXECUTION_DATE='2023-01-02T00:00:00+00:00' AIRFLOW_CTX_TRY_NUMBER='1' AIRFLOW_CTX_DAG_RUN_ID='scheduled__2023-01-02T00:00:00+00:00'
[2023-12-15T09:26:01.403-0300] {upload_mongo.py:37} INFO - Inserindo dados do arquivo part-00000-a6e8f18b-a573-4b60-9d3a-6cc0cd21b30f-c000.json no MongoDB
[2023-12-15T09:26:01.404-0300] {upload_mongo.py:38} INFO - json_data: {"created_date":"2023-12-10","n_tweets":10,"n_like":571,"n_quote":510,"n_reply":408,"n_retweet":535,"weekday":"Sun"}
{"created_date":"2023-12-11","n_tweets":42,"n_like":2393,"n_quote":2357,"n_reply":2964,"n_retweet":2415,"weekday":"Mon"}
{"created_date":"2023-12-12","n_tweets":10,"n_like":512,"n_quote":399,"n_reply":435,"n_retweet":420,"weekday":"Tue"}
{"created_date":"2023-12-14","n_tweets":10,"n_like":708,"n_quote":554,"n_reply":520,"n_retweet":376,"weekday":"Thu"}
{"created_date":"2023-12-09","n_tweets":19,"n_like":1131,"n_quote":1109,"n_reply":1150,"n_retweet":912,"weekday":"Sat"}
{"created_date":"2023-12-13","n_tweets":9,"n_like":376,"n_quote":475,"n_reply":636,"n_retweet":510,"weekday":"Wed"}

[2023-12-15T09:26:01.404-0300] {upload_mongo.py:39} INFO - medalha: Gold
[2023-12-15T09:26:01.404-0300] {upload_mongo.py:40} INFO - api_nome: process_date=2023-12-14
[2023-12-15T09:26:01.404-0300] {upload_mongo.py:41} INFO - extracao_nome: twitter_datascience
[2023-12-15T09:26:01.404-0300] {upload_mongo.py:37} INFO - Inserindo dados do arquivo part-00000-ec5d6908-635a-4179-9076-f331c745d448-c000.json no MongoDB
[2023-12-15T09:26:01.404-0300] {upload_mongo.py:38} INFO - json_data: {"created_date":"2023-12-10","n_tweets":10,"n_like":571,"n_quote":510,"n_reply":408,"n_retweet":535,"weekday":"Sun"}
{"created_date":"2023-12-11","n_tweets":42,"n_like":2393,"n_quote":2357,"n_reply":2964,"n_retweet":2415,"weekday":"Mon"}
{"created_date":"2023-12-09","n_tweets":19,"n_like":1131,"n_quote":1109,"n_reply":1150,"n_retweet":912,"weekday":"Sat"}

[2023-12-15T09:26:01.404-0300] {upload_mongo.py:39} INFO - medalha: Gold
[2023-12-15T09:26:01.404-0300] {upload_mongo.py:40} INFO - api_nome: process_date=2023-12-10
[2023-12-15T09:26:01.404-0300] {upload_mongo.py:41} INFO - extracao_nome: twitter_datascience
[2023-12-15T09:26:01.404-0300] {upload_mongo.py:37} INFO - Inserindo dados do arquivo part-00000-9d5698a9-cb21-47a8-8456-c735cc268e32-c000.json no MongoDB
[2023-12-15T09:26:01.405-0300] {upload_mongo.py:38} INFO - json_data: {"created_date":"2023-12-10","n_tweets":10,"n_like":571,"n_quote":510,"n_reply":408,"n_retweet":535,"weekday":"Sun"}
{"created_date":"2023-12-11","n_tweets":42,"n_like":2393,"n_quote":2357,"n_reply":2964,"n_retweet":2415,"weekday":"Mon"}
{"created_date":"2023-12-12","n_tweets":10,"n_like":512,"n_quote":399,"n_reply":435,"n_retweet":420,"weekday":"Tue"}
{"created_date":"2023-12-09","n_tweets":19,"n_like":1131,"n_quote":1109,"n_reply":1150,"n_retweet":912,"weekday":"Sat"}

[2023-12-15T09:26:01.405-0300] {upload_mongo.py:39} INFO - medalha: Gold
[2023-12-15T09:26:01.405-0300] {upload_mongo.py:40} INFO - api_nome: process_date=2023-12-11
[2023-12-15T09:26:01.405-0300] {upload_mongo.py:41} INFO - extracao_nome: twitter_datascience
[2023-12-15T09:26:01.405-0300] {upload_mongo.py:37} INFO - Inserindo dados do arquivo part-00000-6a855ed2-76b4-47b6-a221-5acb58438d3a-c000.json no MongoDB
[2023-12-15T09:26:01.405-0300] {upload_mongo.py:38} INFO - json_data: {"created_date":"2023-12-10","n_tweets":10,"n_like":571,"n_quote":510,"n_reply":408,"n_retweet":535,"weekday":"Sun"}
{"created_date":"2023-12-09","n_tweets":19,"n_like":1131,"n_quote":1109,"n_reply":1150,"n_retweet":912,"weekday":"Sat"}

[2023-12-15T09:26:01.405-0300] {upload_mongo.py:39} INFO - medalha: Gold
[2023-12-15T09:26:01.405-0300] {upload_mongo.py:40} INFO - api_nome: process_date=2023-12-09
[2023-12-15T09:26:01.405-0300] {upload_mongo.py:41} INFO - extracao_nome: twitter_datascience
[2023-12-15T09:26:01.405-0300] {upload_mongo.py:37} INFO - Inserindo dados do arquivo part-00000-3b25e8b8-cf37-4a3d-ab00-bba819518e32-c000.json no MongoDB
[2023-12-15T09:26:01.405-0300] {upload_mongo.py:38} INFO - json_data: {"created_date":"2023-12-10","n_tweets":10,"n_like":571,"n_quote":510,"n_reply":408,"n_retweet":535,"weekday":"Sun"}
{"created_date":"2023-12-11","n_tweets":42,"n_like":2393,"n_quote":2357,"n_reply":2964,"n_retweet":2415,"weekday":"Mon"}
{"created_date":"2023-12-12","n_tweets":10,"n_like":512,"n_quote":399,"n_reply":435,"n_retweet":420,"weekday":"Tue"}
{"created_date":"2023-12-14","n_tweets":10,"n_like":708,"n_quote":554,"n_reply":520,"n_retweet":376,"weekday":"Thu"}
{"created_date":"2023-12-09","n_tweets":19,"n_like":1131,"n_quote":1109,"n_reply":1150,"n_retweet":912,"weekday":"Sat"}
{"created_date":"2023-12-13","n_tweets":9,"n_like":376,"n_quote":475,"n_reply":636,"n_retweet":510,"weekday":"Wed"}

[2023-12-15T09:26:01.405-0300] {upload_mongo.py:39} INFO - medalha: Gold
[2023-12-15T09:26:01.405-0300] {upload_mongo.py:40} INFO - api_nome: process_date=2023-12-13
[2023-12-15T09:26:01.405-0300] {upload_mongo.py:41} INFO - extracao_nome: twitter_datascience
[2023-12-15T09:26:01.406-0300] {upload_mongo.py:37} INFO - Inserindo dados do arquivo part-00000-49e969fc-b8c2-4688-a3c5-5e803f927e50-c000.json no MongoDB
[2023-12-15T09:26:01.406-0300] {upload_mongo.py:38} INFO - json_data: {"created_date":"2023-12-10","n_tweets":10,"n_like":571,"n_quote":510,"n_reply":408,"n_retweet":535,"weekday":"Sun"}
{"created_date":"2023-12-11","n_tweets":42,"n_like":2393,"n_quote":2357,"n_reply":2964,"n_retweet":2415,"weekday":"Mon"}
{"created_date":"2023-12-12","n_tweets":10,"n_like":512,"n_quote":399,"n_reply":435,"n_retweet":420,"weekday":"Tue"}
{"created_date":"2023-12-09","n_tweets":19,"n_like":1131,"n_quote":1109,"n_reply":1150,"n_retweet":912,"weekday":"Sat"}

[2023-12-15T09:26:01.406-0300] {upload_mongo.py:39} INFO - medalha: Gold
[2023-12-15T09:26:01.406-0300] {upload_mongo.py:40} INFO - api_nome: process_date=2023-12-12
[2023-12-15T09:26:01.406-0300] {upload_mongo.py:41} INFO - extracao_nome: twitter_datascience
[2023-12-15T09:26:01.406-0300] {python.py:194} INFO - Done. Returned value was: None
[2023-12-15T09:26:01.416-0300] {taskinstance.py:1400} INFO - Marking task as SUCCESS. dag_id=ArmazenaPastaMongoDBDAG, task_id=store_folder, execution_date=20230102T000000, start_date=20231215T122601, end_date=20231215T122601
[2023-12-15T09:26:01.462-0300] {local_task_job_runner.py:228} INFO - Task exited with return code 0
[2023-12-15T09:26:01.471-0300] {taskinstance.py:2778} INFO - 0 downstream tasks scheduled from follow-on schedule check
[2023-12-15T09:27:58.104-0300] {taskinstance.py:1159} INFO - Dependencies all met for dep_context=non-requeueable deps ti=<TaskInstance: ArmazenaPastaMongoDBDAG.store_folder scheduled__2023-01-02T00:00:00+00:00 [queued]>
[2023-12-15T09:27:58.111-0300] {taskinstance.py:1159} INFO - Dependencies all met for dep_context=requeueable deps ti=<TaskInstance: ArmazenaPastaMongoDBDAG.store_folder scheduled__2023-01-02T00:00:00+00:00 [queued]>
[2023-12-15T09:27:58.111-0300] {taskinstance.py:1361} INFO - Starting attempt 1 of 1
[2023-12-15T09:27:58.128-0300] {taskinstance.py:1382} INFO - Executing <Task(PythonOperator): store_folder> on 2023-01-02 00:00:00+00:00
[2023-12-15T09:27:58.133-0300] {standard_task_runner.py:57} INFO - Started process 27707 to run task
[2023-12-15T09:27:58.135-0300] {standard_task_runner.py:84} INFO - Running: ['airflow', 'tasks', 'run', 'ArmazenaPastaMongoDBDAG', 'store_folder', 'scheduled__2023-01-02T00:00:00+00:00', '--job-id', '368', '--raw', '--subdir', 'DAGS_FOLDER/upload_mongo.py', '--cfg-path', '/tmp/tmpjt0ywewb']
[2023-12-15T09:27:58.136-0300] {standard_task_runner.py:85} INFO - Job 368: Subtask store_folder
[2023-12-15T09:27:58.175-0300] {task_command.py:416} INFO - Running <TaskInstance: ArmazenaPastaMongoDBDAG.store_folder scheduled__2023-01-02T00:00:00+00:00 [running]> on host JulioPC.
[2023-12-15T09:27:58.235-0300] {taskinstance.py:1662} INFO - Exporting env vars: AIRFLOW_CTX_DAG_OWNER='airflow' AIRFLOW_CTX_DAG_ID='ArmazenaPastaMongoDBDAG' AIRFLOW_CTX_TASK_ID='store_folder' AIRFLOW_CTX_EXECUTION_DATE='2023-01-02T00:00:00+00:00' AIRFLOW_CTX_TRY_NUMBER='1' AIRFLOW_CTX_DAG_RUN_ID='scheduled__2023-01-02T00:00:00+00:00'
[2023-12-15T09:27:58.252-0300] {upload_mongo.py:37} INFO - Inserindo dados do arquivo part-00000-a6e8f18b-a573-4b60-9d3a-6cc0cd21b30f-c000.json no MongoDB
[2023-12-15T09:27:58.252-0300] {upload_mongo.py:38} INFO - json_data: {"created_date":"2023-12-10","n_tweets":10,"n_like":571,"n_quote":510,"n_reply":408,"n_retweet":535,"weekday":"Sun"}
{"created_date":"2023-12-11","n_tweets":42,"n_like":2393,"n_quote":2357,"n_reply":2964,"n_retweet":2415,"weekday":"Mon"}
{"created_date":"2023-12-12","n_tweets":10,"n_like":512,"n_quote":399,"n_reply":435,"n_retweet":420,"weekday":"Tue"}
{"created_date":"2023-12-14","n_tweets":10,"n_like":708,"n_quote":554,"n_reply":520,"n_retweet":376,"weekday":"Thu"}
{"created_date":"2023-12-09","n_tweets":19,"n_like":1131,"n_quote":1109,"n_reply":1150,"n_retweet":912,"weekday":"Sat"}
{"created_date":"2023-12-13","n_tweets":9,"n_like":376,"n_quote":475,"n_reply":636,"n_retweet":510,"weekday":"Wed"}

[2023-12-15T09:27:58.252-0300] {upload_mongo.py:39} INFO - medalha: Gold
[2023-12-15T09:27:58.252-0300] {upload_mongo.py:40} INFO - api_nome: twitter_datascience
[2023-12-15T09:27:58.252-0300] {upload_mongo.py:41} INFO - extracao_nome: process_date=2023-12-14
[2023-12-15T09:27:58.252-0300] {upload_mongo.py:37} INFO - Inserindo dados do arquivo part-00000-ec5d6908-635a-4179-9076-f331c745d448-c000.json no MongoDB
[2023-12-15T09:27:58.252-0300] {upload_mongo.py:38} INFO - json_data: {"created_date":"2023-12-10","n_tweets":10,"n_like":571,"n_quote":510,"n_reply":408,"n_retweet":535,"weekday":"Sun"}
{"created_date":"2023-12-11","n_tweets":42,"n_like":2393,"n_quote":2357,"n_reply":2964,"n_retweet":2415,"weekday":"Mon"}
{"created_date":"2023-12-09","n_tweets":19,"n_like":1131,"n_quote":1109,"n_reply":1150,"n_retweet":912,"weekday":"Sat"}

[2023-12-15T09:27:58.252-0300] {upload_mongo.py:39} INFO - medalha: Gold
[2023-12-15T09:27:58.252-0300] {upload_mongo.py:40} INFO - api_nome: twitter_datascience
[2023-12-15T09:27:58.253-0300] {upload_mongo.py:41} INFO - extracao_nome: process_date=2023-12-10
[2023-12-15T09:27:58.253-0300] {upload_mongo.py:37} INFO - Inserindo dados do arquivo part-00000-9d5698a9-cb21-47a8-8456-c735cc268e32-c000.json no MongoDB
[2023-12-15T09:27:58.253-0300] {upload_mongo.py:38} INFO - json_data: {"created_date":"2023-12-10","n_tweets":10,"n_like":571,"n_quote":510,"n_reply":408,"n_retweet":535,"weekday":"Sun"}
{"created_date":"2023-12-11","n_tweets":42,"n_like":2393,"n_quote":2357,"n_reply":2964,"n_retweet":2415,"weekday":"Mon"}
{"created_date":"2023-12-12","n_tweets":10,"n_like":512,"n_quote":399,"n_reply":435,"n_retweet":420,"weekday":"Tue"}
{"created_date":"2023-12-09","n_tweets":19,"n_like":1131,"n_quote":1109,"n_reply":1150,"n_retweet":912,"weekday":"Sat"}

[2023-12-15T09:27:58.253-0300] {upload_mongo.py:39} INFO - medalha: Gold
[2023-12-15T09:27:58.253-0300] {upload_mongo.py:40} INFO - api_nome: twitter_datascience
[2023-12-15T09:27:58.253-0300] {upload_mongo.py:41} INFO - extracao_nome: process_date=2023-12-11
[2023-12-15T09:27:58.253-0300] {upload_mongo.py:37} INFO - Inserindo dados do arquivo part-00000-6a855ed2-76b4-47b6-a221-5acb58438d3a-c000.json no MongoDB
[2023-12-15T09:27:58.253-0300] {upload_mongo.py:38} INFO - json_data: {"created_date":"2023-12-10","n_tweets":10,"n_like":571,"n_quote":510,"n_reply":408,"n_retweet":535,"weekday":"Sun"}
{"created_date":"2023-12-09","n_tweets":19,"n_like":1131,"n_quote":1109,"n_reply":1150,"n_retweet":912,"weekday":"Sat"}

[2023-12-15T09:27:58.253-0300] {upload_mongo.py:39} INFO - medalha: Gold
[2023-12-15T09:27:58.253-0300] {upload_mongo.py:40} INFO - api_nome: twitter_datascience
[2023-12-15T09:27:58.253-0300] {upload_mongo.py:41} INFO - extracao_nome: process_date=2023-12-09
[2023-12-15T09:27:58.253-0300] {upload_mongo.py:37} INFO - Inserindo dados do arquivo part-00000-3b25e8b8-cf37-4a3d-ab00-bba819518e32-c000.json no MongoDB
[2023-12-15T09:27:58.253-0300] {upload_mongo.py:38} INFO - json_data: {"created_date":"2023-12-10","n_tweets":10,"n_like":571,"n_quote":510,"n_reply":408,"n_retweet":535,"weekday":"Sun"}
{"created_date":"2023-12-11","n_tweets":42,"n_like":2393,"n_quote":2357,"n_reply":2964,"n_retweet":2415,"weekday":"Mon"}
{"created_date":"2023-12-12","n_tweets":10,"n_like":512,"n_quote":399,"n_reply":435,"n_retweet":420,"weekday":"Tue"}
{"created_date":"2023-12-14","n_tweets":10,"n_like":708,"n_quote":554,"n_reply":520,"n_retweet":376,"weekday":"Thu"}
{"created_date":"2023-12-09","n_tweets":19,"n_like":1131,"n_quote":1109,"n_reply":1150,"n_retweet":912,"weekday":"Sat"}
{"created_date":"2023-12-13","n_tweets":9,"n_like":376,"n_quote":475,"n_reply":636,"n_retweet":510,"weekday":"Wed"}

[2023-12-15T09:27:58.254-0300] {upload_mongo.py:39} INFO - medalha: Gold
[2023-12-15T09:27:58.254-0300] {upload_mongo.py:40} INFO - api_nome: twitter_datascience
[2023-12-15T09:27:58.254-0300] {upload_mongo.py:41} INFO - extracao_nome: process_date=2023-12-13
[2023-12-15T09:27:58.254-0300] {upload_mongo.py:37} INFO - Inserindo dados do arquivo part-00000-49e969fc-b8c2-4688-a3c5-5e803f927e50-c000.json no MongoDB
[2023-12-15T09:27:58.254-0300] {upload_mongo.py:38} INFO - json_data: {"created_date":"2023-12-10","n_tweets":10,"n_like":571,"n_quote":510,"n_reply":408,"n_retweet":535,"weekday":"Sun"}
{"created_date":"2023-12-11","n_tweets":42,"n_like":2393,"n_quote":2357,"n_reply":2964,"n_retweet":2415,"weekday":"Mon"}
{"created_date":"2023-12-12","n_tweets":10,"n_like":512,"n_quote":399,"n_reply":435,"n_retweet":420,"weekday":"Tue"}
{"created_date":"2023-12-09","n_tweets":19,"n_like":1131,"n_quote":1109,"n_reply":1150,"n_retweet":912,"weekday":"Sat"}

[2023-12-15T09:27:58.254-0300] {upload_mongo.py:39} INFO - medalha: Gold
[2023-12-15T09:27:58.254-0300] {upload_mongo.py:40} INFO - api_nome: twitter_datascience
[2023-12-15T09:27:58.254-0300] {upload_mongo.py:41} INFO - extracao_nome: process_date=2023-12-12
[2023-12-15T09:27:58.254-0300] {python.py:194} INFO - Done. Returned value was: None
[2023-12-15T09:27:58.265-0300] {taskinstance.py:1400} INFO - Marking task as SUCCESS. dag_id=ArmazenaPastaMongoDBDAG, task_id=store_folder, execution_date=20230102T000000, start_date=20231215T122758, end_date=20231215T122758
[2023-12-15T09:27:58.308-0300] {local_task_job_runner.py:228} INFO - Task exited with return code 0
[2023-12-15T09:27:58.318-0300] {taskinstance.py:2778} INFO - 0 downstream tasks scheduled from follow-on schedule check
[2023-12-15T09:31:19.197-0300] {taskinstance.py:1159} INFO - Dependencies all met for dep_context=non-requeueable deps ti=<TaskInstance: ArmazenaPastaMongoDBDAG.store_folder scheduled__2023-01-02T00:00:00+00:00 [queued]>
[2023-12-15T09:31:19.203-0300] {taskinstance.py:1159} INFO - Dependencies all met for dep_context=requeueable deps ti=<TaskInstance: ArmazenaPastaMongoDBDAG.store_folder scheduled__2023-01-02T00:00:00+00:00 [queued]>
[2023-12-15T09:31:19.204-0300] {taskinstance.py:1361} INFO - Starting attempt 1 of 1
[2023-12-15T09:31:19.219-0300] {taskinstance.py:1382} INFO - Executing <Task(PythonOperator): store_folder> on 2023-01-02 00:00:00+00:00
[2023-12-15T09:31:19.224-0300] {standard_task_runner.py:57} INFO - Started process 31078 to run task
[2023-12-15T09:31:19.227-0300] {standard_task_runner.py:84} INFO - Running: ['airflow', 'tasks', 'run', 'ArmazenaPastaMongoDBDAG', 'store_folder', 'scheduled__2023-01-02T00:00:00+00:00', '--job-id', '368', '--raw', '--subdir', 'DAGS_FOLDER/upload_mongo.py', '--cfg-path', '/tmp/tmprb6t2j10']
[2023-12-15T09:31:19.228-0300] {standard_task_runner.py:85} INFO - Job 368: Subtask store_folder
[2023-12-15T09:31:19.377-0300] {task_command.py:416} INFO - Running <TaskInstance: ArmazenaPastaMongoDBDAG.store_folder scheduled__2023-01-02T00:00:00+00:00 [running]> on host JulioPC.
[2023-12-15T09:31:19.435-0300] {taskinstance.py:1662} INFO - Exporting env vars: AIRFLOW_CTX_DAG_OWNER='airflow' AIRFLOW_CTX_DAG_ID='ArmazenaPastaMongoDBDAG' AIRFLOW_CTX_TASK_ID='store_folder' AIRFLOW_CTX_EXECUTION_DATE='2023-01-02T00:00:00+00:00' AIRFLOW_CTX_TRY_NUMBER='1' AIRFLOW_CTX_DAG_RUN_ID='scheduled__2023-01-02T00:00:00+00:00'
[2023-12-15T09:31:20.532-0300] {python.py:194} INFO - Done. Returned value was: None
[2023-12-15T09:31:20.545-0300] {taskinstance.py:1400} INFO - Marking task as SUCCESS. dag_id=ArmazenaPastaMongoDBDAG, task_id=store_folder, execution_date=20230102T000000, start_date=20231215T123119, end_date=20231215T123120
[2023-12-15T09:31:20.610-0300] {local_task_job_runner.py:228} INFO - Task exited with return code 0
[2023-12-15T09:31:20.620-0300] {taskinstance.py:2778} INFO - 0 downstream tasks scheduled from follow-on schedule check
