[2023-12-15T08:50:09.491-0300] {taskinstance.py:1159} INFO - Dependencies all met for dep_context=non-requeueable deps ti=<TaskInstance: ArmazenaPastaMongoDBDAG.store_folder scheduled__2023-02-04T00:00:00+00:00 [queued]>
[2023-12-15T08:50:09.498-0300] {taskinstance.py:1159} INFO - Dependencies all met for dep_context=requeueable deps ti=<TaskInstance: ArmazenaPastaMongoDBDAG.store_folder scheduled__2023-02-04T00:00:00+00:00 [queued]>
[2023-12-15T08:50:09.498-0300] {taskinstance.py:1361} INFO - Starting attempt 1 of 1
[2023-12-15T08:50:09.514-0300] {taskinstance.py:1382} INFO - Executing <Task(PythonOperator): store_folder> on 2023-02-04 00:00:00+00:00
[2023-12-15T08:50:09.517-0300] {standard_task_runner.py:57} INFO - Started process 7543 to run task
[2023-12-15T08:50:09.520-0300] {standard_task_runner.py:84} INFO - Running: ['airflow', 'tasks', 'run', 'ArmazenaPastaMongoDBDAG', 'store_folder', 'scheduled__2023-02-04T00:00:00+00:00', '--job-id', '401', '--raw', '--subdir', 'DAGS_FOLDER/upload_mongo.py', '--cfg-path', '/tmp/tmpvc8jpq3o']
[2023-12-15T08:50:09.521-0300] {standard_task_runner.py:85} INFO - Job 401: Subtask store_folder
[2023-12-15T08:50:09.556-0300] {task_command.py:416} INFO - Running <TaskInstance: ArmazenaPastaMongoDBDAG.store_folder scheduled__2023-02-04T00:00:00+00:00 [running]> on host JulioPC.
[2023-12-15T08:50:09.620-0300] {taskinstance.py:1662} INFO - Exporting env vars: AIRFLOW_CTX_DAG_OWNER='airflow' AIRFLOW_CTX_DAG_ID='ArmazenaPastaMongoDBDAG' AIRFLOW_CTX_TASK_ID='store_folder' AIRFLOW_CTX_EXECUTION_DATE='2023-02-04T00:00:00+00:00' AIRFLOW_CTX_TRY_NUMBER='1' AIRFLOW_CTX_DAG_RUN_ID='scheduled__2023-02-04T00:00:00+00:00'
[2023-12-15T08:50:10.741-0300] {python.py:194} INFO - Done. Returned value was: None
[2023-12-15T08:50:10.746-0300] {taskinstance.py:1400} INFO - Marking task as SUCCESS. dag_id=ArmazenaPastaMongoDBDAG, task_id=store_folder, execution_date=20230204T000000, start_date=20231215T115009, end_date=20231215T115010
[2023-12-15T08:50:10.783-0300] {local_task_job_runner.py:228} INFO - Task exited with return code 0
[2023-12-15T08:50:10.791-0300] {taskinstance.py:2778} INFO - 0 downstream tasks scheduled from follow-on schedule check
[2023-12-15T09:33:39.101-0300] {taskinstance.py:1159} INFO - Dependencies all met for dep_context=non-requeueable deps ti=<TaskInstance: ArmazenaPastaMongoDBDAG.store_folder scheduled__2023-02-04T00:00:00+00:00 [queued]>
[2023-12-15T09:33:39.108-0300] {taskinstance.py:1159} INFO - Dependencies all met for dep_context=requeueable deps ti=<TaskInstance: ArmazenaPastaMongoDBDAG.store_folder scheduled__2023-02-04T00:00:00+00:00 [queued]>
[2023-12-15T09:33:39.108-0300] {taskinstance.py:1361} INFO - Starting attempt 1 of 1
[2023-12-15T09:33:39.124-0300] {taskinstance.py:1382} INFO - Executing <Task(PythonOperator): store_folder> on 2023-02-04 00:00:00+00:00
[2023-12-15T09:33:39.129-0300] {standard_task_runner.py:57} INFO - Started process 32704 to run task
[2023-12-15T09:33:39.131-0300] {standard_task_runner.py:84} INFO - Running: ['airflow', 'tasks', 'run', 'ArmazenaPastaMongoDBDAG', 'store_folder', 'scheduled__2023-02-04T00:00:00+00:00', '--job-id', '401', '--raw', '--subdir', 'DAGS_FOLDER/upload_mongo.py', '--cfg-path', '/tmp/tmpohdowa3s']
[2023-12-15T09:33:39.132-0300] {standard_task_runner.py:85} INFO - Job 401: Subtask store_folder
[2023-12-15T09:33:39.169-0300] {task_command.py:416} INFO - Running <TaskInstance: ArmazenaPastaMongoDBDAG.store_folder scheduled__2023-02-04T00:00:00+00:00 [running]> on host JulioPC.
[2023-12-15T09:33:39.241-0300] {taskinstance.py:1662} INFO - Exporting env vars: AIRFLOW_CTX_DAG_OWNER='airflow' AIRFLOW_CTX_DAG_ID='ArmazenaPastaMongoDBDAG' AIRFLOW_CTX_TASK_ID='store_folder' AIRFLOW_CTX_EXECUTION_DATE='2023-02-04T00:00:00+00:00' AIRFLOW_CTX_TRY_NUMBER='1' AIRFLOW_CTX_DAG_RUN_ID='scheduled__2023-02-04T00:00:00+00:00'
[2023-12-15T09:33:40.339-0300] {python.py:194} INFO - Done. Returned value was: None
[2023-12-15T09:33:40.346-0300] {taskinstance.py:1400} INFO - Marking task as SUCCESS. dag_id=ArmazenaPastaMongoDBDAG, task_id=store_folder, execution_date=20230204T000000, start_date=20231215T123339, end_date=20231215T123340
[2023-12-15T09:33:40.394-0300] {local_task_job_runner.py:228} INFO - Task exited with return code 0
[2023-12-15T09:33:40.404-0300] {taskinstance.py:2778} INFO - 0 downstream tasks scheduled from follow-on schedule check
