[2023-12-15T08:50:28.951-0300] {taskinstance.py:1159} INFO - Dependencies all met for dep_context=non-requeueable deps ti=<TaskInstance: ArmazenaPastaMongoDBDAG.store_folder scheduled__2023-02-09T00:00:00+00:00 [queued]>
[2023-12-15T08:50:28.958-0300] {taskinstance.py:1159} INFO - Dependencies all met for dep_context=requeueable deps ti=<TaskInstance: ArmazenaPastaMongoDBDAG.store_folder scheduled__2023-02-09T00:00:00+00:00 [queued]>
[2023-12-15T08:50:28.958-0300] {taskinstance.py:1361} INFO - Starting attempt 1 of 1
[2023-12-15T08:50:28.976-0300] {taskinstance.py:1382} INFO - Executing <Task(PythonOperator): store_folder> on 2023-02-09 00:00:00+00:00
[2023-12-15T08:50:28.979-0300] {standard_task_runner.py:57} INFO - Started process 7631 to run task
[2023-12-15T08:50:28.982-0300] {standard_task_runner.py:84} INFO - Running: ['airflow', 'tasks', 'run', 'ArmazenaPastaMongoDBDAG', 'store_folder', 'scheduled__2023-02-09T00:00:00+00:00', '--job-id', '406', '--raw', '--subdir', 'DAGS_FOLDER/upload_mongo.py', '--cfg-path', '/tmp/tmphcscdmri']
[2023-12-15T08:50:28.983-0300] {standard_task_runner.py:85} INFO - Job 406: Subtask store_folder
[2023-12-15T08:50:29.020-0300] {task_command.py:416} INFO - Running <TaskInstance: ArmazenaPastaMongoDBDAG.store_folder scheduled__2023-02-09T00:00:00+00:00 [running]> on host JulioPC.
[2023-12-15T08:50:29.086-0300] {taskinstance.py:1662} INFO - Exporting env vars: AIRFLOW_CTX_DAG_OWNER='airflow' AIRFLOW_CTX_DAG_ID='ArmazenaPastaMongoDBDAG' AIRFLOW_CTX_TASK_ID='store_folder' AIRFLOW_CTX_EXECUTION_DATE='2023-02-09T00:00:00+00:00' AIRFLOW_CTX_TRY_NUMBER='1' AIRFLOW_CTX_DAG_RUN_ID='scheduled__2023-02-09T00:00:00+00:00'
[2023-12-15T08:50:30.181-0300] {python.py:194} INFO - Done. Returned value was: None
[2023-12-15T08:50:30.185-0300] {taskinstance.py:1400} INFO - Marking task as SUCCESS. dag_id=ArmazenaPastaMongoDBDAG, task_id=store_folder, execution_date=20230209T000000, start_date=20231215T115028, end_date=20231215T115030
[2023-12-15T08:50:30.244-0300] {local_task_job_runner.py:228} INFO - Task exited with return code 0
[2023-12-15T08:50:30.252-0300] {taskinstance.py:2778} INFO - 0 downstream tasks scheduled from follow-on schedule check
[2023-12-15T09:34:00.801-0300] {taskinstance.py:1159} INFO - Dependencies all met for dep_context=non-requeueable deps ti=<TaskInstance: ArmazenaPastaMongoDBDAG.store_folder scheduled__2023-02-09T00:00:00+00:00 [queued]>
[2023-12-15T09:34:00.808-0300] {taskinstance.py:1159} INFO - Dependencies all met for dep_context=requeueable deps ti=<TaskInstance: ArmazenaPastaMongoDBDAG.store_folder scheduled__2023-02-09T00:00:00+00:00 [queued]>
[2023-12-15T09:34:00.808-0300] {taskinstance.py:1361} INFO - Starting attempt 1 of 1
[2023-12-15T09:34:00.824-0300] {taskinstance.py:1382} INFO - Executing <Task(PythonOperator): store_folder> on 2023-02-09 00:00:00+00:00
[2023-12-15T09:34:00.829-0300] {standard_task_runner.py:57} INFO - Started process 33300 to run task
[2023-12-15T09:34:00.831-0300] {standard_task_runner.py:84} INFO - Running: ['airflow', 'tasks', 'run', 'ArmazenaPastaMongoDBDAG', 'store_folder', 'scheduled__2023-02-09T00:00:00+00:00', '--job-id', '406', '--raw', '--subdir', 'DAGS_FOLDER/upload_mongo.py', '--cfg-path', '/tmp/tmp6_v12iib']
[2023-12-15T09:34:00.832-0300] {standard_task_runner.py:85} INFO - Job 406: Subtask store_folder
[2023-12-15T09:34:00.867-0300] {task_command.py:416} INFO - Running <TaskInstance: ArmazenaPastaMongoDBDAG.store_folder scheduled__2023-02-09T00:00:00+00:00 [running]> on host JulioPC.
[2023-12-15T09:34:00.942-0300] {taskinstance.py:1662} INFO - Exporting env vars: AIRFLOW_CTX_DAG_OWNER='airflow' AIRFLOW_CTX_DAG_ID='ArmazenaPastaMongoDBDAG' AIRFLOW_CTX_TASK_ID='store_folder' AIRFLOW_CTX_EXECUTION_DATE='2023-02-09T00:00:00+00:00' AIRFLOW_CTX_TRY_NUMBER='1' AIRFLOW_CTX_DAG_RUN_ID='scheduled__2023-02-09T00:00:00+00:00'
[2023-12-15T09:34:02.034-0300] {python.py:194} INFO - Done. Returned value was: None
[2023-12-15T09:34:02.041-0300] {taskinstance.py:1400} INFO - Marking task as SUCCESS. dag_id=ArmazenaPastaMongoDBDAG, task_id=store_folder, execution_date=20230209T000000, start_date=20231215T123400, end_date=20231215T123402
[2023-12-15T09:34:02.136-0300] {local_task_job_runner.py:228} INFO - Task exited with return code 0
[2023-12-15T09:34:02.148-0300] {taskinstance.py:2778} INFO - 0 downstream tasks scheduled from follow-on schedule check
