[2023-12-15T09:09:18.845-0300] {taskinstance.py:1159} INFO - Dependencies all met for dep_context=non-requeueable deps ti=<TaskInstance: ArmazenaPastaMongoDBDAG.store_gold_folder scheduled__2023-02-06T00:00:00+00:00 [queued]>
[2023-12-15T09:09:18.853-0300] {taskinstance.py:1159} INFO - Dependencies all met for dep_context=requeueable deps ti=<TaskInstance: ArmazenaPastaMongoDBDAG.store_gold_folder scheduled__2023-02-06T00:00:00+00:00 [queued]>
[2023-12-15T09:09:18.853-0300] {taskinstance.py:1361} INFO - Starting attempt 1 of 1
[2023-12-15T09:09:18.870-0300] {taskinstance.py:1382} INFO - Executing <Task(PythonOperator): store_gold_folder> on 2023-02-06 00:00:00+00:00
[2023-12-15T09:09:18.874-0300] {standard_task_runner.py:57} INFO - Started process 18918 to run task
[2023-12-15T09:09:18.877-0300] {standard_task_runner.py:84} INFO - Running: ['airflow', 'tasks', 'run', 'ArmazenaPastaMongoDBDAG', 'store_gold_folder', 'scheduled__2023-02-06T00:00:00+00:00', '--job-id', '403', '--raw', '--subdir', 'DAGS_FOLDER/upload_mongo.py', '--cfg-path', '/tmp/tmp613sfg0o']
[2023-12-15T09:09:18.878-0300] {standard_task_runner.py:85} INFO - Job 403: Subtask store_gold_folder
[2023-12-15T09:09:18.915-0300] {task_command.py:416} INFO - Running <TaskInstance: ArmazenaPastaMongoDBDAG.store_gold_folder scheduled__2023-02-06T00:00:00+00:00 [running]> on host JulioPC.
[2023-12-15T09:09:18.982-0300] {taskinstance.py:1662} INFO - Exporting env vars: AIRFLOW_CTX_DAG_OWNER='airflow' AIRFLOW_CTX_DAG_ID='ArmazenaPastaMongoDBDAG' AIRFLOW_CTX_TASK_ID='store_gold_folder' AIRFLOW_CTX_EXECUTION_DATE='2023-02-06T00:00:00+00:00' AIRFLOW_CTX_TRY_NUMBER='1' AIRFLOW_CTX_DAG_RUN_ID='scheduled__2023-02-06T00:00:00+00:00'
[2023-12-15T09:09:18.999-0300] {python.py:194} INFO - Done. Returned value was: None
[2023-12-15T09:09:19.005-0300] {taskinstance.py:1400} INFO - Marking task as SUCCESS. dag_id=ArmazenaPastaMongoDBDAG, task_id=store_gold_folder, execution_date=20230206T000000, start_date=20231215T120918, end_date=20231215T120919
[2023-12-15T09:09:19.050-0300] {local_task_job_runner.py:228} INFO - Task exited with return code 0
[2023-12-15T09:09:19.059-0300] {taskinstance.py:2778} INFO - 0 downstream tasks scheduled from follow-on schedule check
[2023-12-15T09:15:25.549-0300] {taskinstance.py:1159} INFO - Dependencies all met for dep_context=non-requeueable deps ti=<TaskInstance: ArmazenaPastaMongoDBDAG.store_gold_folder scheduled__2023-02-06T00:00:00+00:00 [queued]>
[2023-12-15T09:15:25.573-0300] {taskinstance.py:1159} INFO - Dependencies all met for dep_context=requeueable deps ti=<TaskInstance: ArmazenaPastaMongoDBDAG.store_gold_folder scheduled__2023-02-06T00:00:00+00:00 [queued]>
[2023-12-15T09:15:25.573-0300] {taskinstance.py:1361} INFO - Starting attempt 1 of 1
[2023-12-15T09:15:25.613-0300] {taskinstance.py:1382} INFO - Executing <Task(PythonOperator): store_gold_folder> on 2023-02-06 00:00:00+00:00
[2023-12-15T09:15:25.619-0300] {standard_task_runner.py:57} INFO - Started process 22900 to run task
[2023-12-15T09:15:25.624-0300] {standard_task_runner.py:84} INFO - Running: ['airflow', 'tasks', 'run', 'ArmazenaPastaMongoDBDAG', 'store_gold_folder', 'scheduled__2023-02-06T00:00:00+00:00', '--job-id', '403', '--raw', '--subdir', 'DAGS_FOLDER/upload_mongo.py', '--cfg-path', '/tmp/tmpye0z8b4k']
[2023-12-15T09:15:25.626-0300] {standard_task_runner.py:85} INFO - Job 403: Subtask store_gold_folder
[2023-12-15T09:15:25.676-0300] {task_command.py:416} INFO - Running <TaskInstance: ArmazenaPastaMongoDBDAG.store_gold_folder scheduled__2023-02-06T00:00:00+00:00 [running]> on host JulioPC.
[2023-12-15T09:15:25.762-0300] {taskinstance.py:1662} INFO - Exporting env vars: AIRFLOW_CTX_DAG_OWNER='airflow' AIRFLOW_CTX_DAG_ID='ArmazenaPastaMongoDBDAG' AIRFLOW_CTX_TASK_ID='store_gold_folder' AIRFLOW_CTX_EXECUTION_DATE='2023-02-06T00:00:00+00:00' AIRFLOW_CTX_TRY_NUMBER='1' AIRFLOW_CTX_DAG_RUN_ID='scheduled__2023-02-06T00:00:00+00:00'
[2023-12-15T09:15:25.782-0300] {python.py:194} INFO - Done. Returned value was: None
[2023-12-15T09:15:25.789-0300] {taskinstance.py:1400} INFO - Marking task as SUCCESS. dag_id=ArmazenaPastaMongoDBDAG, task_id=store_gold_folder, execution_date=20230206T000000, start_date=20231215T121525, end_date=20231215T121525
[2023-12-15T09:15:25.840-0300] {local_task_job_runner.py:228} INFO - Task exited with return code 0
[2023-12-15T09:15:25.850-0300] {taskinstance.py:2778} INFO - 0 downstream tasks scheduled from follow-on schedule check
