[2023-12-15T09:07:41.640-0300] {taskinstance.py:1159} INFO - Dependencies all met for dep_context=non-requeueable deps ti=<TaskInstance: ArmazenaPastaMongoDBDAG.store_gold_folder scheduled__2023-01-08T00:00:00+00:00 [queued]>
[2023-12-15T09:07:41.649-0300] {taskinstance.py:1159} INFO - Dependencies all met for dep_context=requeueable deps ti=<TaskInstance: ArmazenaPastaMongoDBDAG.store_gold_folder scheduled__2023-01-08T00:00:00+00:00 [queued]>
[2023-12-15T09:07:41.649-0300] {taskinstance.py:1361} INFO - Starting attempt 1 of 1
[2023-12-15T09:07:41.672-0300] {taskinstance.py:1382} INFO - Executing <Task(PythonOperator): store_gold_folder> on 2023-01-08 00:00:00+00:00
[2023-12-15T09:07:41.676-0300] {standard_task_runner.py:57} INFO - Started process 17463 to run task
[2023-12-15T09:07:41.680-0300] {standard_task_runner.py:84} INFO - Running: ['airflow', 'tasks', 'run', 'ArmazenaPastaMongoDBDAG', 'store_gold_folder', 'scheduled__2023-01-08T00:00:00+00:00', '--job-id', '374', '--raw', '--subdir', 'DAGS_FOLDER/upload_mongo.py', '--cfg-path', '/tmp/tmpeju9f7jp']
[2023-12-15T09:07:41.681-0300] {standard_task_runner.py:85} INFO - Job 374: Subtask store_gold_folder
[2023-12-15T09:07:41.745-0300] {task_command.py:416} INFO - Running <TaskInstance: ArmazenaPastaMongoDBDAG.store_gold_folder scheduled__2023-01-08T00:00:00+00:00 [running]> on host JulioPC.
[2023-12-15T09:07:41.857-0300] {taskinstance.py:1662} INFO - Exporting env vars: AIRFLOW_CTX_DAG_OWNER='airflow' AIRFLOW_CTX_DAG_ID='ArmazenaPastaMongoDBDAG' AIRFLOW_CTX_TASK_ID='store_gold_folder' AIRFLOW_CTX_EXECUTION_DATE='2023-01-08T00:00:00+00:00' AIRFLOW_CTX_TRY_NUMBER='1' AIRFLOW_CTX_DAG_RUN_ID='scheduled__2023-01-08T00:00:00+00:00'
[2023-12-15T09:07:41.883-0300] {python.py:194} INFO - Done. Returned value was: None
[2023-12-15T09:07:41.894-0300] {taskinstance.py:1400} INFO - Marking task as SUCCESS. dag_id=ArmazenaPastaMongoDBDAG, task_id=store_gold_folder, execution_date=20230108T000000, start_date=20231215T120741, end_date=20231215T120741
[2023-12-15T09:07:41.934-0300] {local_task_job_runner.py:228} INFO - Task exited with return code 0
[2023-12-15T09:07:41.948-0300] {taskinstance.py:2778} INFO - 0 downstream tasks scheduled from follow-on schedule check
[2023-12-15T09:13:59.148-0300] {taskinstance.py:1159} INFO - Dependencies all met for dep_context=non-requeueable deps ti=<TaskInstance: ArmazenaPastaMongoDBDAG.store_gold_folder scheduled__2023-01-08T00:00:00+00:00 [queued]>
[2023-12-15T09:13:59.159-0300] {taskinstance.py:1159} INFO - Dependencies all met for dep_context=requeueable deps ti=<TaskInstance: ArmazenaPastaMongoDBDAG.store_gold_folder scheduled__2023-01-08T00:00:00+00:00 [queued]>
[2023-12-15T09:13:59.159-0300] {taskinstance.py:1361} INFO - Starting attempt 1 of 1
[2023-12-15T09:13:59.179-0300] {taskinstance.py:1382} INFO - Executing <Task(PythonOperator): store_gold_folder> on 2023-01-08 00:00:00+00:00
[2023-12-15T09:13:59.182-0300] {standard_task_runner.py:57} INFO - Started process 22468 to run task
[2023-12-15T09:13:59.185-0300] {standard_task_runner.py:84} INFO - Running: ['airflow', 'tasks', 'run', 'ArmazenaPastaMongoDBDAG', 'store_gold_folder', 'scheduled__2023-01-08T00:00:00+00:00', '--job-id', '374', '--raw', '--subdir', 'DAGS_FOLDER/upload_mongo.py', '--cfg-path', '/tmp/tmpekvkgqri']
[2023-12-15T09:13:59.187-0300] {standard_task_runner.py:85} INFO - Job 374: Subtask store_gold_folder
[2023-12-15T09:13:59.228-0300] {task_command.py:416} INFO - Running <TaskInstance: ArmazenaPastaMongoDBDAG.store_gold_folder scheduled__2023-01-08T00:00:00+00:00 [running]> on host JulioPC.
[2023-12-15T09:13:59.293-0300] {taskinstance.py:1662} INFO - Exporting env vars: AIRFLOW_CTX_DAG_OWNER='airflow' AIRFLOW_CTX_DAG_ID='ArmazenaPastaMongoDBDAG' AIRFLOW_CTX_TASK_ID='store_gold_folder' AIRFLOW_CTX_EXECUTION_DATE='2023-01-08T00:00:00+00:00' AIRFLOW_CTX_TRY_NUMBER='1' AIRFLOW_CTX_DAG_RUN_ID='scheduled__2023-01-08T00:00:00+00:00'
[2023-12-15T09:13:59.313-0300] {python.py:194} INFO - Done. Returned value was: None
[2023-12-15T09:13:59.320-0300] {taskinstance.py:1400} INFO - Marking task as SUCCESS. dag_id=ArmazenaPastaMongoDBDAG, task_id=store_gold_folder, execution_date=20230108T000000, start_date=20231215T121359, end_date=20231215T121359
[2023-12-15T09:13:59.359-0300] {local_task_job_runner.py:228} INFO - Task exited with return code 0
[2023-12-15T09:13:59.368-0300] {taskinstance.py:2778} INFO - 0 downstream tasks scheduled from follow-on schedule check
