[2023-12-15T09:07:53.325-0300] {taskinstance.py:1159} INFO - Dependencies all met for dep_context=non-requeueable deps ti=<TaskInstance: ArmazenaPastaMongoDBDAG.store_gold_folder scheduled__2023-01-11T00:00:00+00:00 [queued]>
[2023-12-15T09:07:53.334-0300] {taskinstance.py:1159} INFO - Dependencies all met for dep_context=requeueable deps ti=<TaskInstance: ArmazenaPastaMongoDBDAG.store_gold_folder scheduled__2023-01-11T00:00:00+00:00 [queued]>
[2023-12-15T09:07:53.334-0300] {taskinstance.py:1361} INFO - Starting attempt 1 of 1
[2023-12-15T09:07:53.353-0300] {taskinstance.py:1382} INFO - Executing <Task(PythonOperator): store_gold_folder> on 2023-01-11 00:00:00+00:00
[2023-12-15T09:07:53.357-0300] {standard_task_runner.py:57} INFO - Started process 17582 to run task
[2023-12-15T09:07:53.360-0300] {standard_task_runner.py:84} INFO - Running: ['airflow', 'tasks', 'run', 'ArmazenaPastaMongoDBDAG', 'store_gold_folder', 'scheduled__2023-01-11T00:00:00+00:00', '--job-id', '377', '--raw', '--subdir', 'DAGS_FOLDER/upload_mongo.py', '--cfg-path', '/tmp/tmpq90wzv4_']
[2023-12-15T09:07:53.362-0300] {standard_task_runner.py:85} INFO - Job 377: Subtask store_gold_folder
[2023-12-15T09:07:53.410-0300] {task_command.py:416} INFO - Running <TaskInstance: ArmazenaPastaMongoDBDAG.store_gold_folder scheduled__2023-01-11T00:00:00+00:00 [running]> on host JulioPC.
[2023-12-15T09:07:53.484-0300] {taskinstance.py:1662} INFO - Exporting env vars: AIRFLOW_CTX_DAG_OWNER='airflow' AIRFLOW_CTX_DAG_ID='ArmazenaPastaMongoDBDAG' AIRFLOW_CTX_TASK_ID='store_gold_folder' AIRFLOW_CTX_EXECUTION_DATE='2023-01-11T00:00:00+00:00' AIRFLOW_CTX_TRY_NUMBER='1' AIRFLOW_CTX_DAG_RUN_ID='scheduled__2023-01-11T00:00:00+00:00'
[2023-12-15T09:07:53.507-0300] {python.py:194} INFO - Done. Returned value was: None
[2023-12-15T09:07:53.514-0300] {taskinstance.py:1400} INFO - Marking task as SUCCESS. dag_id=ArmazenaPastaMongoDBDAG, task_id=store_gold_folder, execution_date=20230111T000000, start_date=20231215T120753, end_date=20231215T120753
[2023-12-15T09:07:53.533-0300] {local_task_job_runner.py:228} INFO - Task exited with return code 0
[2023-12-15T09:07:53.546-0300] {taskinstance.py:2778} INFO - 0 downstream tasks scheduled from follow-on schedule check
[2023-12-15T09:14:08.943-0300] {taskinstance.py:1159} INFO - Dependencies all met for dep_context=non-requeueable deps ti=<TaskInstance: ArmazenaPastaMongoDBDAG.store_gold_folder scheduled__2023-01-11T00:00:00+00:00 [queued]>
[2023-12-15T09:14:08.950-0300] {taskinstance.py:1159} INFO - Dependencies all met for dep_context=requeueable deps ti=<TaskInstance: ArmazenaPastaMongoDBDAG.store_gold_folder scheduled__2023-01-11T00:00:00+00:00 [queued]>
[2023-12-15T09:14:08.950-0300] {taskinstance.py:1361} INFO - Starting attempt 1 of 1
[2023-12-15T09:14:08.966-0300] {taskinstance.py:1382} INFO - Executing <Task(PythonOperator): store_gold_folder> on 2023-01-11 00:00:00+00:00
[2023-12-15T09:14:08.968-0300] {standard_task_runner.py:57} INFO - Started process 22512 to run task
[2023-12-15T09:14:08.971-0300] {standard_task_runner.py:84} INFO - Running: ['airflow', 'tasks', 'run', 'ArmazenaPastaMongoDBDAG', 'store_gold_folder', 'scheduled__2023-01-11T00:00:00+00:00', '--job-id', '377', '--raw', '--subdir', 'DAGS_FOLDER/upload_mongo.py', '--cfg-path', '/tmp/tmpql9e13ng']
[2023-12-15T09:14:08.973-0300] {standard_task_runner.py:85} INFO - Job 377: Subtask store_gold_folder
[2023-12-15T09:14:09.007-0300] {task_command.py:416} INFO - Running <TaskInstance: ArmazenaPastaMongoDBDAG.store_gold_folder scheduled__2023-01-11T00:00:00+00:00 [running]> on host JulioPC.
[2023-12-15T09:14:09.065-0300] {taskinstance.py:1662} INFO - Exporting env vars: AIRFLOW_CTX_DAG_OWNER='airflow' AIRFLOW_CTX_DAG_ID='ArmazenaPastaMongoDBDAG' AIRFLOW_CTX_TASK_ID='store_gold_folder' AIRFLOW_CTX_EXECUTION_DATE='2023-01-11T00:00:00+00:00' AIRFLOW_CTX_TRY_NUMBER='1' AIRFLOW_CTX_DAG_RUN_ID='scheduled__2023-01-11T00:00:00+00:00'
[2023-12-15T09:14:09.085-0300] {python.py:194} INFO - Done. Returned value was: None
[2023-12-15T09:14:09.090-0300] {taskinstance.py:1400} INFO - Marking task as SUCCESS. dag_id=ArmazenaPastaMongoDBDAG, task_id=store_gold_folder, execution_date=20230111T000000, start_date=20231215T121408, end_date=20231215T121409
[2023-12-15T09:14:09.145-0300] {local_task_job_runner.py:228} INFO - Task exited with return code 0
[2023-12-15T09:14:09.154-0300] {taskinstance.py:2778} INFO - 0 downstream tasks scheduled from follow-on schedule check
