[2023-12-15T09:08:50.120-0300] {taskinstance.py:1159} INFO - Dependencies all met for dep_context=non-requeueable deps ti=<TaskInstance: ArmazenaPastaMongoDBDAG.store_gold_folder scheduled__2023-01-28T00:00:00+00:00 [queued]>
[2023-12-15T09:08:50.126-0300] {taskinstance.py:1159} INFO - Dependencies all met for dep_context=requeueable deps ti=<TaskInstance: ArmazenaPastaMongoDBDAG.store_gold_folder scheduled__2023-01-28T00:00:00+00:00 [queued]>
[2023-12-15T09:08:50.127-0300] {taskinstance.py:1361} INFO - Starting attempt 1 of 1
[2023-12-15T09:08:50.144-0300] {taskinstance.py:1382} INFO - Executing <Task(PythonOperator): store_gold_folder> on 2023-01-28 00:00:00+00:00
[2023-12-15T09:08:50.147-0300] {standard_task_runner.py:57} INFO - Started process 18786 to run task
[2023-12-15T09:08:50.150-0300] {standard_task_runner.py:84} INFO - Running: ['airflow', 'tasks', 'run', 'ArmazenaPastaMongoDBDAG', 'store_gold_folder', 'scheduled__2023-01-28T00:00:00+00:00', '--job-id', '394', '--raw', '--subdir', 'DAGS_FOLDER/upload_mongo.py', '--cfg-path', '/tmp/tmp4d3pxw07']
[2023-12-15T09:08:50.151-0300] {standard_task_runner.py:85} INFO - Job 394: Subtask store_gold_folder
[2023-12-15T09:08:50.193-0300] {task_command.py:416} INFO - Running <TaskInstance: ArmazenaPastaMongoDBDAG.store_gold_folder scheduled__2023-01-28T00:00:00+00:00 [running]> on host JulioPC.
[2023-12-15T09:08:50.253-0300] {taskinstance.py:1662} INFO - Exporting env vars: AIRFLOW_CTX_DAG_OWNER='airflow' AIRFLOW_CTX_DAG_ID='ArmazenaPastaMongoDBDAG' AIRFLOW_CTX_TASK_ID='store_gold_folder' AIRFLOW_CTX_EXECUTION_DATE='2023-01-28T00:00:00+00:00' AIRFLOW_CTX_TRY_NUMBER='1' AIRFLOW_CTX_DAG_RUN_ID='scheduled__2023-01-28T00:00:00+00:00'
[2023-12-15T09:08:50.270-0300] {python.py:194} INFO - Done. Returned value was: None
[2023-12-15T09:08:50.276-0300] {taskinstance.py:1400} INFO - Marking task as SUCCESS. dag_id=ArmazenaPastaMongoDBDAG, task_id=store_gold_folder, execution_date=20230128T000000, start_date=20231215T120850, end_date=20231215T120850
[2023-12-15T09:08:50.323-0300] {local_task_job_runner.py:228} INFO - Task exited with return code 0
[2023-12-15T09:08:50.332-0300] {taskinstance.py:2778} INFO - 0 downstream tasks scheduled from follow-on schedule check
[2023-12-15T09:14:59.004-0300] {taskinstance.py:1159} INFO - Dependencies all met for dep_context=non-requeueable deps ti=<TaskInstance: ArmazenaPastaMongoDBDAG.store_gold_folder scheduled__2023-01-28T00:00:00+00:00 [queued]>
[2023-12-15T09:14:59.012-0300] {taskinstance.py:1159} INFO - Dependencies all met for dep_context=requeueable deps ti=<TaskInstance: ArmazenaPastaMongoDBDAG.store_gold_folder scheduled__2023-01-28T00:00:00+00:00 [queued]>
[2023-12-15T09:14:59.012-0300] {taskinstance.py:1361} INFO - Starting attempt 1 of 1
[2023-12-15T09:14:59.029-0300] {taskinstance.py:1382} INFO - Executing <Task(PythonOperator): store_gold_folder> on 2023-01-28 00:00:00+00:00
[2023-12-15T09:14:59.032-0300] {standard_task_runner.py:57} INFO - Started process 22766 to run task
[2023-12-15T09:14:59.035-0300] {standard_task_runner.py:84} INFO - Running: ['airflow', 'tasks', 'run', 'ArmazenaPastaMongoDBDAG', 'store_gold_folder', 'scheduled__2023-01-28T00:00:00+00:00', '--job-id', '394', '--raw', '--subdir', 'DAGS_FOLDER/upload_mongo.py', '--cfg-path', '/tmp/tmp30vbfuyy']
[2023-12-15T09:14:59.036-0300] {standard_task_runner.py:85} INFO - Job 394: Subtask store_gold_folder
[2023-12-15T09:14:59.078-0300] {task_command.py:416} INFO - Running <TaskInstance: ArmazenaPastaMongoDBDAG.store_gold_folder scheduled__2023-01-28T00:00:00+00:00 [running]> on host JulioPC.
[2023-12-15T09:14:59.140-0300] {taskinstance.py:1662} INFO - Exporting env vars: AIRFLOW_CTX_DAG_OWNER='airflow' AIRFLOW_CTX_DAG_ID='ArmazenaPastaMongoDBDAG' AIRFLOW_CTX_TASK_ID='store_gold_folder' AIRFLOW_CTX_EXECUTION_DATE='2023-01-28T00:00:00+00:00' AIRFLOW_CTX_TRY_NUMBER='1' AIRFLOW_CTX_DAG_RUN_ID='scheduled__2023-01-28T00:00:00+00:00'
[2023-12-15T09:14:59.158-0300] {python.py:194} INFO - Done. Returned value was: None
[2023-12-15T09:14:59.164-0300] {taskinstance.py:1400} INFO - Marking task as SUCCESS. dag_id=ArmazenaPastaMongoDBDAG, task_id=store_gold_folder, execution_date=20230128T000000, start_date=20231215T121459, end_date=20231215T121459
[2023-12-15T09:14:59.208-0300] {local_task_job_runner.py:228} INFO - Task exited with return code 0
[2023-12-15T09:14:59.218-0300] {taskinstance.py:2778} INFO - 0 downstream tasks scheduled from follow-on schedule check
