[2023-12-15T08:51:10.047-0300] {taskinstance.py:1159} INFO - Dependencies all met for dep_context=non-requeueable deps ti=<TaskInstance: ArmazenaPastaMongoDBDAG.store_folder scheduled__2023-02-19T00:00:00+00:00 [queued]>
[2023-12-15T08:51:10.054-0300] {taskinstance.py:1159} INFO - Dependencies all met for dep_context=requeueable deps ti=<TaskInstance: ArmazenaPastaMongoDBDAG.store_folder scheduled__2023-02-19T00:00:00+00:00 [queued]>
[2023-12-15T08:51:10.054-0300] {taskinstance.py:1361} INFO - Starting attempt 1 of 1
[2023-12-15T08:51:10.072-0300] {taskinstance.py:1382} INFO - Executing <Task(PythonOperator): store_folder> on 2023-02-19 00:00:00+00:00
[2023-12-15T08:51:10.075-0300] {standard_task_runner.py:57} INFO - Started process 7813 to run task
[2023-12-15T08:51:10.078-0300] {standard_task_runner.py:84} INFO - Running: ['airflow', 'tasks', 'run', 'ArmazenaPastaMongoDBDAG', 'store_folder', 'scheduled__2023-02-19T00:00:00+00:00', '--job-id', '416', '--raw', '--subdir', 'DAGS_FOLDER/upload_mongo.py', '--cfg-path', '/tmp/tmppx77iipi']
[2023-12-15T08:51:10.080-0300] {standard_task_runner.py:85} INFO - Job 416: Subtask store_folder
[2023-12-15T08:51:10.115-0300] {task_command.py:416} INFO - Running <TaskInstance: ArmazenaPastaMongoDBDAG.store_folder scheduled__2023-02-19T00:00:00+00:00 [running]> on host JulioPC.
[2023-12-15T08:51:10.183-0300] {taskinstance.py:1662} INFO - Exporting env vars: AIRFLOW_CTX_DAG_OWNER='airflow' AIRFLOW_CTX_DAG_ID='ArmazenaPastaMongoDBDAG' AIRFLOW_CTX_TASK_ID='store_folder' AIRFLOW_CTX_EXECUTION_DATE='2023-02-19T00:00:00+00:00' AIRFLOW_CTX_TRY_NUMBER='1' AIRFLOW_CTX_DAG_RUN_ID='scheduled__2023-02-19T00:00:00+00:00'
[2023-12-15T08:51:11.307-0300] {python.py:194} INFO - Done. Returned value was: None
[2023-12-15T08:51:11.312-0300] {taskinstance.py:1400} INFO - Marking task as SUCCESS. dag_id=ArmazenaPastaMongoDBDAG, task_id=store_folder, execution_date=20230219T000000, start_date=20231215T115110, end_date=20231215T115111
[2023-12-15T08:51:11.343-0300] {local_task_job_runner.py:228} INFO - Task exited with return code 0
[2023-12-15T08:51:11.352-0300] {taskinstance.py:2778} INFO - 0 downstream tasks scheduled from follow-on schedule check
[2023-12-15T09:34:41.515-0300] {taskinstance.py:1159} INFO - Dependencies all met for dep_context=non-requeueable deps ti=<TaskInstance: ArmazenaPastaMongoDBDAG.store_folder scheduled__2023-02-19T00:00:00+00:00 [queued]>
[2023-12-15T09:34:41.523-0300] {taskinstance.py:1159} INFO - Dependencies all met for dep_context=requeueable deps ti=<TaskInstance: ArmazenaPastaMongoDBDAG.store_folder scheduled__2023-02-19T00:00:00+00:00 [queued]>
[2023-12-15T09:34:41.524-0300] {taskinstance.py:1361} INFO - Starting attempt 1 of 1
[2023-12-15T09:34:41.539-0300] {taskinstance.py:1382} INFO - Executing <Task(PythonOperator): store_folder> on 2023-02-19 00:00:00+00:00
[2023-12-15T09:34:41.543-0300] {standard_task_runner.py:57} INFO - Started process 33485 to run task
[2023-12-15T09:34:41.546-0300] {standard_task_runner.py:84} INFO - Running: ['airflow', 'tasks', 'run', 'ArmazenaPastaMongoDBDAG', 'store_folder', 'scheduled__2023-02-19T00:00:00+00:00', '--job-id', '416', '--raw', '--subdir', 'DAGS_FOLDER/upload_mongo.py', '--cfg-path', '/tmp/tmpp751mpo4']
[2023-12-15T09:34:41.547-0300] {standard_task_runner.py:85} INFO - Job 416: Subtask store_folder
[2023-12-15T09:34:41.583-0300] {task_command.py:416} INFO - Running <TaskInstance: ArmazenaPastaMongoDBDAG.store_folder scheduled__2023-02-19T00:00:00+00:00 [running]> on host JulioPC.
[2023-12-15T09:34:41.653-0300] {taskinstance.py:1662} INFO - Exporting env vars: AIRFLOW_CTX_DAG_OWNER='airflow' AIRFLOW_CTX_DAG_ID='ArmazenaPastaMongoDBDAG' AIRFLOW_CTX_TASK_ID='store_folder' AIRFLOW_CTX_EXECUTION_DATE='2023-02-19T00:00:00+00:00' AIRFLOW_CTX_TRY_NUMBER='1' AIRFLOW_CTX_DAG_RUN_ID='scheduled__2023-02-19T00:00:00+00:00'
[2023-12-15T09:34:42.781-0300] {python.py:194} INFO - Done. Returned value was: None
[2023-12-15T09:34:42.787-0300] {taskinstance.py:1400} INFO - Marking task as SUCCESS. dag_id=ArmazenaPastaMongoDBDAG, task_id=store_folder, execution_date=20230219T000000, start_date=20231215T123441, end_date=20231215T123442
[2023-12-15T09:34:42.812-0300] {local_task_job_runner.py:228} INFO - Task exited with return code 0
[2023-12-15T09:34:42.823-0300] {taskinstance.py:2778} INFO - 0 downstream tasks scheduled from follow-on schedule check
