[2023-12-15T09:08:53.842-0300] {taskinstance.py:1159} INFO - Dependencies all met for dep_context=non-requeueable deps ti=<TaskInstance: ArmazenaPastaMongoDBDAG.store_gold_folder scheduled__2023-01-29T00:00:00+00:00 [queued]>
[2023-12-15T09:08:53.850-0300] {taskinstance.py:1159} INFO - Dependencies all met for dep_context=requeueable deps ti=<TaskInstance: ArmazenaPastaMongoDBDAG.store_gold_folder scheduled__2023-01-29T00:00:00+00:00 [queued]>
[2023-12-15T09:08:53.851-0300] {taskinstance.py:1361} INFO - Starting attempt 1 of 1
[2023-12-15T09:08:53.870-0300] {taskinstance.py:1382} INFO - Executing <Task(PythonOperator): store_gold_folder> on 2023-01-29 00:00:00+00:00
[2023-12-15T09:08:53.874-0300] {standard_task_runner.py:57} INFO - Started process 18801 to run task
[2023-12-15T09:08:53.877-0300] {standard_task_runner.py:84} INFO - Running: ['airflow', 'tasks', 'run', 'ArmazenaPastaMongoDBDAG', 'store_gold_folder', 'scheduled__2023-01-29T00:00:00+00:00', '--job-id', '395', '--raw', '--subdir', 'DAGS_FOLDER/upload_mongo.py', '--cfg-path', '/tmp/tmp5ajez4nt']
[2023-12-15T09:08:53.878-0300] {standard_task_runner.py:85} INFO - Job 395: Subtask store_gold_folder
[2023-12-15T09:08:53.919-0300] {task_command.py:416} INFO - Running <TaskInstance: ArmazenaPastaMongoDBDAG.store_gold_folder scheduled__2023-01-29T00:00:00+00:00 [running]> on host JulioPC.
[2023-12-15T09:08:53.989-0300] {taskinstance.py:1662} INFO - Exporting env vars: AIRFLOW_CTX_DAG_OWNER='airflow' AIRFLOW_CTX_DAG_ID='ArmazenaPastaMongoDBDAG' AIRFLOW_CTX_TASK_ID='store_gold_folder' AIRFLOW_CTX_EXECUTION_DATE='2023-01-29T00:00:00+00:00' AIRFLOW_CTX_TRY_NUMBER='1' AIRFLOW_CTX_DAG_RUN_ID='scheduled__2023-01-29T00:00:00+00:00'
[2023-12-15T09:08:54.010-0300] {python.py:194} INFO - Done. Returned value was: None
[2023-12-15T09:08:54.017-0300] {taskinstance.py:1400} INFO - Marking task as SUCCESS. dag_id=ArmazenaPastaMongoDBDAG, task_id=store_gold_folder, execution_date=20230129T000000, start_date=20231215T120853, end_date=20231215T120854
[2023-12-15T09:08:54.051-0300] {local_task_job_runner.py:228} INFO - Task exited with return code 0
[2023-12-15T09:08:54.061-0300] {taskinstance.py:2778} INFO - 0 downstream tasks scheduled from follow-on schedule check
[2023-12-15T09:15:02.692-0300] {taskinstance.py:1159} INFO - Dependencies all met for dep_context=non-requeueable deps ti=<TaskInstance: ArmazenaPastaMongoDBDAG.store_gold_folder scheduled__2023-01-29T00:00:00+00:00 [queued]>
[2023-12-15T09:15:02.703-0300] {taskinstance.py:1159} INFO - Dependencies all met for dep_context=requeueable deps ti=<TaskInstance: ArmazenaPastaMongoDBDAG.store_gold_folder scheduled__2023-01-29T00:00:00+00:00 [queued]>
[2023-12-15T09:15:02.703-0300] {taskinstance.py:1361} INFO - Starting attempt 1 of 1
[2023-12-15T09:15:02.718-0300] {taskinstance.py:1382} INFO - Executing <Task(PythonOperator): store_gold_folder> on 2023-01-29 00:00:00+00:00
[2023-12-15T09:15:02.722-0300] {standard_task_runner.py:57} INFO - Started process 22784 to run task
[2023-12-15T09:15:02.725-0300] {standard_task_runner.py:84} INFO - Running: ['airflow', 'tasks', 'run', 'ArmazenaPastaMongoDBDAG', 'store_gold_folder', 'scheduled__2023-01-29T00:00:00+00:00', '--job-id', '395', '--raw', '--subdir', 'DAGS_FOLDER/upload_mongo.py', '--cfg-path', '/tmp/tmpapops55w']
[2023-12-15T09:15:02.727-0300] {standard_task_runner.py:85} INFO - Job 395: Subtask store_gold_folder
[2023-12-15T09:15:02.763-0300] {task_command.py:416} INFO - Running <TaskInstance: ArmazenaPastaMongoDBDAG.store_gold_folder scheduled__2023-01-29T00:00:00+00:00 [running]> on host JulioPC.
[2023-12-15T09:15:02.829-0300] {taskinstance.py:1662} INFO - Exporting env vars: AIRFLOW_CTX_DAG_OWNER='airflow' AIRFLOW_CTX_DAG_ID='ArmazenaPastaMongoDBDAG' AIRFLOW_CTX_TASK_ID='store_gold_folder' AIRFLOW_CTX_EXECUTION_DATE='2023-01-29T00:00:00+00:00' AIRFLOW_CTX_TRY_NUMBER='1' AIRFLOW_CTX_DAG_RUN_ID='scheduled__2023-01-29T00:00:00+00:00'
[2023-12-15T09:15:02.847-0300] {python.py:194} INFO - Done. Returned value was: None
[2023-12-15T09:15:02.853-0300] {taskinstance.py:1400} INFO - Marking task as SUCCESS. dag_id=ArmazenaPastaMongoDBDAG, task_id=store_gold_folder, execution_date=20230129T000000, start_date=20231215T121502, end_date=20231215T121502
[2023-12-15T09:15:02.899-0300] {local_task_job_runner.py:228} INFO - Task exited with return code 0
[2023-12-15T09:15:02.909-0300] {taskinstance.py:2778} INFO - 0 downstream tasks scheduled from follow-on schedule check
