[2023-12-15T08:47:54.644-0300] {taskinstance.py:1159} INFO - Dependencies all met for dep_context=non-requeueable deps ti=<TaskInstance: ArmazenaPastaMongoDBDAG.store_folder scheduled__2023-01-04T00:00:00+00:00 [queued]>
[2023-12-15T08:47:54.654-0300] {taskinstance.py:1159} INFO - Dependencies all met for dep_context=requeueable deps ti=<TaskInstance: ArmazenaPastaMongoDBDAG.store_folder scheduled__2023-01-04T00:00:00+00:00 [queued]>
[2023-12-15T08:47:54.654-0300] {taskinstance.py:1361} INFO - Starting attempt 1 of 1
[2023-12-15T08:47:54.673-0300] {taskinstance.py:1382} INFO - Executing <Task(PythonOperator): store_folder> on 2023-01-04 00:00:00+00:00
[2023-12-15T08:47:54.677-0300] {standard_task_runner.py:57} INFO - Started process 5850 to run task
[2023-12-15T08:47:54.681-0300] {standard_task_runner.py:84} INFO - Running: ['airflow', 'tasks', 'run', 'ArmazenaPastaMongoDBDAG', 'store_folder', 'scheduled__2023-01-04T00:00:00+00:00', '--job-id', '370', '--raw', '--subdir', 'DAGS_FOLDER/upload_mongo.py', '--cfg-path', '/tmp/tmp02wj9afj']
[2023-12-15T08:47:54.682-0300] {standard_task_runner.py:85} INFO - Job 370: Subtask store_folder
[2023-12-15T08:47:54.722-0300] {task_command.py:416} INFO - Running <TaskInstance: ArmazenaPastaMongoDBDAG.store_folder scheduled__2023-01-04T00:00:00+00:00 [running]> on host JulioPC.
[2023-12-15T08:47:54.804-0300] {taskinstance.py:1662} INFO - Exporting env vars: AIRFLOW_CTX_DAG_OWNER='airflow' AIRFLOW_CTX_DAG_ID='ArmazenaPastaMongoDBDAG' AIRFLOW_CTX_TASK_ID='store_folder' AIRFLOW_CTX_EXECUTION_DATE='2023-01-04T00:00:00+00:00' AIRFLOW_CTX_TRY_NUMBER='1' AIRFLOW_CTX_DAG_RUN_ID='scheduled__2023-01-04T00:00:00+00:00'
[2023-12-15T08:47:55.933-0300] {python.py:194} INFO - Done. Returned value was: None
[2023-12-15T08:47:55.938-0300] {taskinstance.py:1400} INFO - Marking task as SUCCESS. dag_id=ArmazenaPastaMongoDBDAG, task_id=store_folder, execution_date=20230104T000000, start_date=20231215T114754, end_date=20231215T114755
[2023-12-15T08:47:55.979-0300] {local_task_job_runner.py:228} INFO - Task exited with return code 0
[2023-12-15T08:47:55.989-0300] {taskinstance.py:2778} INFO - 0 downstream tasks scheduled from follow-on schedule check
[2023-12-15T09:26:07.804-0300] {taskinstance.py:1159} INFO - Dependencies all met for dep_context=non-requeueable deps ti=<TaskInstance: ArmazenaPastaMongoDBDAG.store_folder scheduled__2023-01-04T00:00:00+00:00 [queued]>
[2023-12-15T09:26:07.812-0300] {taskinstance.py:1159} INFO - Dependencies all met for dep_context=requeueable deps ti=<TaskInstance: ArmazenaPastaMongoDBDAG.store_folder scheduled__2023-01-04T00:00:00+00:00 [queued]>
[2023-12-15T09:26:07.812-0300] {taskinstance.py:1361} INFO - Starting attempt 1 of 1
[2023-12-15T09:26:07.829-0300] {taskinstance.py:1382} INFO - Executing <Task(PythonOperator): store_folder> on 2023-01-04 00:00:00+00:00
[2023-12-15T09:26:07.833-0300] {standard_task_runner.py:57} INFO - Started process 25930 to run task
[2023-12-15T09:26:07.835-0300] {standard_task_runner.py:84} INFO - Running: ['airflow', 'tasks', 'run', 'ArmazenaPastaMongoDBDAG', 'store_folder', 'scheduled__2023-01-04T00:00:00+00:00', '--job-id', '370', '--raw', '--subdir', 'DAGS_FOLDER/upload_mongo.py', '--cfg-path', '/tmp/tmp1rcnqqgc']
[2023-12-15T09:26:07.836-0300] {standard_task_runner.py:85} INFO - Job 370: Subtask store_folder
[2023-12-15T09:26:07.878-0300] {task_command.py:416} INFO - Running <TaskInstance: ArmazenaPastaMongoDBDAG.store_folder scheduled__2023-01-04T00:00:00+00:00 [running]> on host JulioPC.
[2023-12-15T09:26:07.941-0300] {taskinstance.py:1662} INFO - Exporting env vars: AIRFLOW_CTX_DAG_OWNER='airflow' AIRFLOW_CTX_DAG_ID='ArmazenaPastaMongoDBDAG' AIRFLOW_CTX_TASK_ID='store_folder' AIRFLOW_CTX_EXECUTION_DATE='2023-01-04T00:00:00+00:00' AIRFLOW_CTX_TRY_NUMBER='1' AIRFLOW_CTX_DAG_RUN_ID='scheduled__2023-01-04T00:00:00+00:00'
[2023-12-15T09:26:07.959-0300] {upload_mongo.py:37} INFO - Inserindo dados do arquivo part-00000-a6e8f18b-a573-4b60-9d3a-6cc0cd21b30f-c000.json no MongoDB
[2023-12-15T09:26:07.959-0300] {upload_mongo.py:38} INFO - json_data: {"created_date":"2023-12-10","n_tweets":10,"n_like":571,"n_quote":510,"n_reply":408,"n_retweet":535,"weekday":"Sun"}
{"created_date":"2023-12-11","n_tweets":42,"n_like":2393,"n_quote":2357,"n_reply":2964,"n_retweet":2415,"weekday":"Mon"}
{"created_date":"2023-12-12","n_tweets":10,"n_like":512,"n_quote":399,"n_reply":435,"n_retweet":420,"weekday":"Tue"}
{"created_date":"2023-12-14","n_tweets":10,"n_like":708,"n_quote":554,"n_reply":520,"n_retweet":376,"weekday":"Thu"}
{"created_date":"2023-12-09","n_tweets":19,"n_like":1131,"n_quote":1109,"n_reply":1150,"n_retweet":912,"weekday":"Sat"}
{"created_date":"2023-12-13","n_tweets":9,"n_like":376,"n_quote":475,"n_reply":636,"n_retweet":510,"weekday":"Wed"}

[2023-12-15T09:26:07.959-0300] {upload_mongo.py:39} INFO - medalha: Gold
[2023-12-15T09:26:07.959-0300] {upload_mongo.py:40} INFO - api_nome: process_date=2023-12-14
[2023-12-15T09:26:07.959-0300] {upload_mongo.py:41} INFO - extracao_nome: twitter_datascience
[2023-12-15T09:26:07.960-0300] {upload_mongo.py:37} INFO - Inserindo dados do arquivo part-00000-ec5d6908-635a-4179-9076-f331c745d448-c000.json no MongoDB
[2023-12-15T09:26:07.960-0300] {upload_mongo.py:38} INFO - json_data: {"created_date":"2023-12-10","n_tweets":10,"n_like":571,"n_quote":510,"n_reply":408,"n_retweet":535,"weekday":"Sun"}
{"created_date":"2023-12-11","n_tweets":42,"n_like":2393,"n_quote":2357,"n_reply":2964,"n_retweet":2415,"weekday":"Mon"}
{"created_date":"2023-12-09","n_tweets":19,"n_like":1131,"n_quote":1109,"n_reply":1150,"n_retweet":912,"weekday":"Sat"}

[2023-12-15T09:26:07.960-0300] {upload_mongo.py:39} INFO - medalha: Gold
[2023-12-15T09:26:07.960-0300] {upload_mongo.py:40} INFO - api_nome: process_date=2023-12-10
[2023-12-15T09:26:07.960-0300] {upload_mongo.py:41} INFO - extracao_nome: twitter_datascience
[2023-12-15T09:26:07.960-0300] {upload_mongo.py:37} INFO - Inserindo dados do arquivo part-00000-9d5698a9-cb21-47a8-8456-c735cc268e32-c000.json no MongoDB
[2023-12-15T09:26:07.960-0300] {upload_mongo.py:38} INFO - json_data: {"created_date":"2023-12-10","n_tweets":10,"n_like":571,"n_quote":510,"n_reply":408,"n_retweet":535,"weekday":"Sun"}
{"created_date":"2023-12-11","n_tweets":42,"n_like":2393,"n_quote":2357,"n_reply":2964,"n_retweet":2415,"weekday":"Mon"}
{"created_date":"2023-12-12","n_tweets":10,"n_like":512,"n_quote":399,"n_reply":435,"n_retweet":420,"weekday":"Tue"}
{"created_date":"2023-12-09","n_tweets":19,"n_like":1131,"n_quote":1109,"n_reply":1150,"n_retweet":912,"weekday":"Sat"}

[2023-12-15T09:26:07.960-0300] {upload_mongo.py:39} INFO - medalha: Gold
[2023-12-15T09:26:07.960-0300] {upload_mongo.py:40} INFO - api_nome: process_date=2023-12-11
[2023-12-15T09:26:07.960-0300] {upload_mongo.py:41} INFO - extracao_nome: twitter_datascience
[2023-12-15T09:26:07.960-0300] {upload_mongo.py:37} INFO - Inserindo dados do arquivo part-00000-6a855ed2-76b4-47b6-a221-5acb58438d3a-c000.json no MongoDB
[2023-12-15T09:26:07.960-0300] {upload_mongo.py:38} INFO - json_data: {"created_date":"2023-12-10","n_tweets":10,"n_like":571,"n_quote":510,"n_reply":408,"n_retweet":535,"weekday":"Sun"}
{"created_date":"2023-12-09","n_tweets":19,"n_like":1131,"n_quote":1109,"n_reply":1150,"n_retweet":912,"weekday":"Sat"}

[2023-12-15T09:26:07.960-0300] {upload_mongo.py:39} INFO - medalha: Gold
[2023-12-15T09:26:07.960-0300] {upload_mongo.py:40} INFO - api_nome: process_date=2023-12-09
[2023-12-15T09:26:07.960-0300] {upload_mongo.py:41} INFO - extracao_nome: twitter_datascience
[2023-12-15T09:26:07.960-0300] {upload_mongo.py:37} INFO - Inserindo dados do arquivo part-00000-3b25e8b8-cf37-4a3d-ab00-bba819518e32-c000.json no MongoDB
[2023-12-15T09:26:07.961-0300] {upload_mongo.py:38} INFO - json_data: {"created_date":"2023-12-10","n_tweets":10,"n_like":571,"n_quote":510,"n_reply":408,"n_retweet":535,"weekday":"Sun"}
{"created_date":"2023-12-11","n_tweets":42,"n_like":2393,"n_quote":2357,"n_reply":2964,"n_retweet":2415,"weekday":"Mon"}
{"created_date":"2023-12-12","n_tweets":10,"n_like":512,"n_quote":399,"n_reply":435,"n_retweet":420,"weekday":"Tue"}
{"created_date":"2023-12-14","n_tweets":10,"n_like":708,"n_quote":554,"n_reply":520,"n_retweet":376,"weekday":"Thu"}
{"created_date":"2023-12-09","n_tweets":19,"n_like":1131,"n_quote":1109,"n_reply":1150,"n_retweet":912,"weekday":"Sat"}
{"created_date":"2023-12-13","n_tweets":9,"n_like":376,"n_quote":475,"n_reply":636,"n_retweet":510,"weekday":"Wed"}

[2023-12-15T09:26:07.961-0300] {upload_mongo.py:39} INFO - medalha: Gold
[2023-12-15T09:26:07.961-0300] {upload_mongo.py:40} INFO - api_nome: process_date=2023-12-13
[2023-12-15T09:26:07.961-0300] {upload_mongo.py:41} INFO - extracao_nome: twitter_datascience
[2023-12-15T09:26:07.961-0300] {upload_mongo.py:37} INFO - Inserindo dados do arquivo part-00000-49e969fc-b8c2-4688-a3c5-5e803f927e50-c000.json no MongoDB
[2023-12-15T09:26:07.961-0300] {upload_mongo.py:38} INFO - json_data: {"created_date":"2023-12-10","n_tweets":10,"n_like":571,"n_quote":510,"n_reply":408,"n_retweet":535,"weekday":"Sun"}
{"created_date":"2023-12-11","n_tweets":42,"n_like":2393,"n_quote":2357,"n_reply":2964,"n_retweet":2415,"weekday":"Mon"}
{"created_date":"2023-12-12","n_tweets":10,"n_like":512,"n_quote":399,"n_reply":435,"n_retweet":420,"weekday":"Tue"}
{"created_date":"2023-12-09","n_tweets":19,"n_like":1131,"n_quote":1109,"n_reply":1150,"n_retweet":912,"weekday":"Sat"}

[2023-12-15T09:26:07.961-0300] {upload_mongo.py:39} INFO - medalha: Gold
[2023-12-15T09:26:07.961-0300] {upload_mongo.py:40} INFO - api_nome: process_date=2023-12-12
[2023-12-15T09:26:07.961-0300] {upload_mongo.py:41} INFO - extracao_nome: twitter_datascience
[2023-12-15T09:26:07.961-0300] {python.py:194} INFO - Done. Returned value was: None
[2023-12-15T09:26:07.967-0300] {taskinstance.py:1400} INFO - Marking task as SUCCESS. dag_id=ArmazenaPastaMongoDBDAG, task_id=store_folder, execution_date=20230104T000000, start_date=20231215T122607, end_date=20231215T122607
[2023-12-15T09:26:08.009-0300] {local_task_job_runner.py:228} INFO - Task exited with return code 0
[2023-12-15T09:26:08.017-0300] {taskinstance.py:2778} INFO - 0 downstream tasks scheduled from follow-on schedule check
[2023-12-15T09:28:05.432-0300] {taskinstance.py:1159} INFO - Dependencies all met for dep_context=non-requeueable deps ti=<TaskInstance: ArmazenaPastaMongoDBDAG.store_folder scheduled__2023-01-04T00:00:00+00:00 [queued]>
[2023-12-15T09:28:05.441-0300] {taskinstance.py:1159} INFO - Dependencies all met for dep_context=requeueable deps ti=<TaskInstance: ArmazenaPastaMongoDBDAG.store_folder scheduled__2023-01-04T00:00:00+00:00 [queued]>
[2023-12-15T09:28:05.442-0300] {taskinstance.py:1361} INFO - Starting attempt 1 of 1
[2023-12-15T09:28:05.460-0300] {taskinstance.py:1382} INFO - Executing <Task(PythonOperator): store_folder> on 2023-01-04 00:00:00+00:00
[2023-12-15T09:28:05.463-0300] {standard_task_runner.py:57} INFO - Started process 27738 to run task
[2023-12-15T09:28:05.467-0300] {standard_task_runner.py:84} INFO - Running: ['airflow', 'tasks', 'run', 'ArmazenaPastaMongoDBDAG', 'store_folder', 'scheduled__2023-01-04T00:00:00+00:00', '--job-id', '370', '--raw', '--subdir', 'DAGS_FOLDER/upload_mongo.py', '--cfg-path', '/tmp/tmpeugzcy16']
[2023-12-15T09:28:05.469-0300] {standard_task_runner.py:85} INFO - Job 370: Subtask store_folder
[2023-12-15T09:28:05.511-0300] {task_command.py:416} INFO - Running <TaskInstance: ArmazenaPastaMongoDBDAG.store_folder scheduled__2023-01-04T00:00:00+00:00 [running]> on host JulioPC.
[2023-12-15T09:28:05.576-0300] {taskinstance.py:1662} INFO - Exporting env vars: AIRFLOW_CTX_DAG_OWNER='airflow' AIRFLOW_CTX_DAG_ID='ArmazenaPastaMongoDBDAG' AIRFLOW_CTX_TASK_ID='store_folder' AIRFLOW_CTX_EXECUTION_DATE='2023-01-04T00:00:00+00:00' AIRFLOW_CTX_TRY_NUMBER='1' AIRFLOW_CTX_DAG_RUN_ID='scheduled__2023-01-04T00:00:00+00:00'
[2023-12-15T09:28:05.597-0300] {upload_mongo.py:37} INFO - Inserindo dados do arquivo part-00000-a6e8f18b-a573-4b60-9d3a-6cc0cd21b30f-c000.json no MongoDB
[2023-12-15T09:28:05.597-0300] {upload_mongo.py:38} INFO - json_data: {"created_date":"2023-12-10","n_tweets":10,"n_like":571,"n_quote":510,"n_reply":408,"n_retweet":535,"weekday":"Sun"}
{"created_date":"2023-12-11","n_tweets":42,"n_like":2393,"n_quote":2357,"n_reply":2964,"n_retweet":2415,"weekday":"Mon"}
{"created_date":"2023-12-12","n_tweets":10,"n_like":512,"n_quote":399,"n_reply":435,"n_retweet":420,"weekday":"Tue"}
{"created_date":"2023-12-14","n_tweets":10,"n_like":708,"n_quote":554,"n_reply":520,"n_retweet":376,"weekday":"Thu"}
{"created_date":"2023-12-09","n_tweets":19,"n_like":1131,"n_quote":1109,"n_reply":1150,"n_retweet":912,"weekday":"Sat"}
{"created_date":"2023-12-13","n_tweets":9,"n_like":376,"n_quote":475,"n_reply":636,"n_retweet":510,"weekday":"Wed"}

[2023-12-15T09:28:05.597-0300] {upload_mongo.py:39} INFO - medalha: Gold
[2023-12-15T09:28:05.597-0300] {upload_mongo.py:40} INFO - api_nome: twitter_datascience
[2023-12-15T09:28:05.597-0300] {upload_mongo.py:41} INFO - extracao_nome: process_date=2023-12-14
[2023-12-15T09:28:05.597-0300] {upload_mongo.py:37} INFO - Inserindo dados do arquivo part-00000-ec5d6908-635a-4179-9076-f331c745d448-c000.json no MongoDB
[2023-12-15T09:28:05.598-0300] {upload_mongo.py:38} INFO - json_data: {"created_date":"2023-12-10","n_tweets":10,"n_like":571,"n_quote":510,"n_reply":408,"n_retweet":535,"weekday":"Sun"}
{"created_date":"2023-12-11","n_tweets":42,"n_like":2393,"n_quote":2357,"n_reply":2964,"n_retweet":2415,"weekday":"Mon"}
{"created_date":"2023-12-09","n_tweets":19,"n_like":1131,"n_quote":1109,"n_reply":1150,"n_retweet":912,"weekday":"Sat"}

[2023-12-15T09:28:05.598-0300] {upload_mongo.py:39} INFO - medalha: Gold
[2023-12-15T09:28:05.598-0300] {upload_mongo.py:40} INFO - api_nome: twitter_datascience
[2023-12-15T09:28:05.598-0300] {upload_mongo.py:41} INFO - extracao_nome: process_date=2023-12-10
[2023-12-15T09:28:05.598-0300] {upload_mongo.py:37} INFO - Inserindo dados do arquivo part-00000-9d5698a9-cb21-47a8-8456-c735cc268e32-c000.json no MongoDB
[2023-12-15T09:28:05.598-0300] {upload_mongo.py:38} INFO - json_data: {"created_date":"2023-12-10","n_tweets":10,"n_like":571,"n_quote":510,"n_reply":408,"n_retweet":535,"weekday":"Sun"}
{"created_date":"2023-12-11","n_tweets":42,"n_like":2393,"n_quote":2357,"n_reply":2964,"n_retweet":2415,"weekday":"Mon"}
{"created_date":"2023-12-12","n_tweets":10,"n_like":512,"n_quote":399,"n_reply":435,"n_retweet":420,"weekday":"Tue"}
{"created_date":"2023-12-09","n_tweets":19,"n_like":1131,"n_quote":1109,"n_reply":1150,"n_retweet":912,"weekday":"Sat"}

[2023-12-15T09:28:05.598-0300] {upload_mongo.py:39} INFO - medalha: Gold
[2023-12-15T09:28:05.598-0300] {upload_mongo.py:40} INFO - api_nome: twitter_datascience
[2023-12-15T09:28:05.598-0300] {upload_mongo.py:41} INFO - extracao_nome: process_date=2023-12-11
[2023-12-15T09:28:05.598-0300] {upload_mongo.py:37} INFO - Inserindo dados do arquivo part-00000-6a855ed2-76b4-47b6-a221-5acb58438d3a-c000.json no MongoDB
[2023-12-15T09:28:05.598-0300] {upload_mongo.py:38} INFO - json_data: {"created_date":"2023-12-10","n_tweets":10,"n_like":571,"n_quote":510,"n_reply":408,"n_retweet":535,"weekday":"Sun"}
{"created_date":"2023-12-09","n_tweets":19,"n_like":1131,"n_quote":1109,"n_reply":1150,"n_retweet":912,"weekday":"Sat"}

[2023-12-15T09:28:05.598-0300] {upload_mongo.py:39} INFO - medalha: Gold
[2023-12-15T09:28:05.598-0300] {upload_mongo.py:40} INFO - api_nome: twitter_datascience
[2023-12-15T09:28:05.598-0300] {upload_mongo.py:41} INFO - extracao_nome: process_date=2023-12-09
[2023-12-15T09:28:05.599-0300] {upload_mongo.py:37} INFO - Inserindo dados do arquivo part-00000-3b25e8b8-cf37-4a3d-ab00-bba819518e32-c000.json no MongoDB
[2023-12-15T09:28:05.599-0300] {upload_mongo.py:38} INFO - json_data: {"created_date":"2023-12-10","n_tweets":10,"n_like":571,"n_quote":510,"n_reply":408,"n_retweet":535,"weekday":"Sun"}
{"created_date":"2023-12-11","n_tweets":42,"n_like":2393,"n_quote":2357,"n_reply":2964,"n_retweet":2415,"weekday":"Mon"}
{"created_date":"2023-12-12","n_tweets":10,"n_like":512,"n_quote":399,"n_reply":435,"n_retweet":420,"weekday":"Tue"}
{"created_date":"2023-12-14","n_tweets":10,"n_like":708,"n_quote":554,"n_reply":520,"n_retweet":376,"weekday":"Thu"}
{"created_date":"2023-12-09","n_tweets":19,"n_like":1131,"n_quote":1109,"n_reply":1150,"n_retweet":912,"weekday":"Sat"}
{"created_date":"2023-12-13","n_tweets":9,"n_like":376,"n_quote":475,"n_reply":636,"n_retweet":510,"weekday":"Wed"}

[2023-12-15T09:28:05.599-0300] {upload_mongo.py:39} INFO - medalha: Gold
[2023-12-15T09:28:05.599-0300] {upload_mongo.py:40} INFO - api_nome: twitter_datascience
[2023-12-15T09:28:05.599-0300] {upload_mongo.py:41} INFO - extracao_nome: process_date=2023-12-13
[2023-12-15T09:28:05.599-0300] {upload_mongo.py:37} INFO - Inserindo dados do arquivo part-00000-49e969fc-b8c2-4688-a3c5-5e803f927e50-c000.json no MongoDB
[2023-12-15T09:28:05.599-0300] {upload_mongo.py:38} INFO - json_data: {"created_date":"2023-12-10","n_tweets":10,"n_like":571,"n_quote":510,"n_reply":408,"n_retweet":535,"weekday":"Sun"}
{"created_date":"2023-12-11","n_tweets":42,"n_like":2393,"n_quote":2357,"n_reply":2964,"n_retweet":2415,"weekday":"Mon"}
{"created_date":"2023-12-12","n_tweets":10,"n_like":512,"n_quote":399,"n_reply":435,"n_retweet":420,"weekday":"Tue"}
{"created_date":"2023-12-09","n_tweets":19,"n_like":1131,"n_quote":1109,"n_reply":1150,"n_retweet":912,"weekday":"Sat"}

[2023-12-15T09:28:05.599-0300] {upload_mongo.py:39} INFO - medalha: Gold
[2023-12-15T09:28:05.599-0300] {upload_mongo.py:40} INFO - api_nome: twitter_datascience
[2023-12-15T09:28:05.599-0300] {upload_mongo.py:41} INFO - extracao_nome: process_date=2023-12-12
[2023-12-15T09:28:05.600-0300] {python.py:194} INFO - Done. Returned value was: None
[2023-12-15T09:28:05.607-0300] {taskinstance.py:1400} INFO - Marking task as SUCCESS. dag_id=ArmazenaPastaMongoDBDAG, task_id=store_folder, execution_date=20230104T000000, start_date=20231215T122805, end_date=20231215T122805
[2023-12-15T09:28:05.640-0300] {local_task_job_runner.py:228} INFO - Task exited with return code 0
[2023-12-15T09:28:05.649-0300] {taskinstance.py:2778} INFO - 0 downstream tasks scheduled from follow-on schedule check
[2023-12-15T09:31:27.530-0300] {taskinstance.py:1159} INFO - Dependencies all met for dep_context=non-requeueable deps ti=<TaskInstance: ArmazenaPastaMongoDBDAG.store_folder scheduled__2023-01-04T00:00:00+00:00 [queued]>
[2023-12-15T09:31:27.539-0300] {taskinstance.py:1159} INFO - Dependencies all met for dep_context=requeueable deps ti=<TaskInstance: ArmazenaPastaMongoDBDAG.store_folder scheduled__2023-01-04T00:00:00+00:00 [queued]>
[2023-12-15T09:31:27.539-0300] {taskinstance.py:1361} INFO - Starting attempt 1 of 1
[2023-12-15T09:31:27.555-0300] {taskinstance.py:1382} INFO - Executing <Task(PythonOperator): store_folder> on 2023-01-04 00:00:00+00:00
[2023-12-15T09:31:27.558-0300] {standard_task_runner.py:57} INFO - Started process 31113 to run task
[2023-12-15T09:31:27.570-0300] {standard_task_runner.py:84} INFO - Running: ['airflow', 'tasks', 'run', 'ArmazenaPastaMongoDBDAG', 'store_folder', 'scheduled__2023-01-04T00:00:00+00:00', '--job-id', '370', '--raw', '--subdir', 'DAGS_FOLDER/upload_mongo.py', '--cfg-path', '/tmp/tmp9dq5or_x']
[2023-12-15T09:31:27.571-0300] {standard_task_runner.py:85} INFO - Job 370: Subtask store_folder
[2023-12-15T09:31:27.617-0300] {task_command.py:416} INFO - Running <TaskInstance: ArmazenaPastaMongoDBDAG.store_folder scheduled__2023-01-04T00:00:00+00:00 [running]> on host JulioPC.
[2023-12-15T09:31:27.687-0300] {taskinstance.py:1662} INFO - Exporting env vars: AIRFLOW_CTX_DAG_OWNER='airflow' AIRFLOW_CTX_DAG_ID='ArmazenaPastaMongoDBDAG' AIRFLOW_CTX_TASK_ID='store_folder' AIRFLOW_CTX_EXECUTION_DATE='2023-01-04T00:00:00+00:00' AIRFLOW_CTX_TRY_NUMBER='1' AIRFLOW_CTX_DAG_RUN_ID='scheduled__2023-01-04T00:00:00+00:00'
[2023-12-15T09:31:28.729-0300] {python.py:194} INFO - Done. Returned value was: None
[2023-12-15T09:31:28.762-0300] {taskinstance.py:1400} INFO - Marking task as SUCCESS. dag_id=ArmazenaPastaMongoDBDAG, task_id=store_folder, execution_date=20230104T000000, start_date=20231215T123127, end_date=20231215T123128
[2023-12-15T09:31:28.821-0300] {local_task_job_runner.py:228} INFO - Task exited with return code 0
[2023-12-15T09:31:28.830-0300] {taskinstance.py:2778} INFO - 0 downstream tasks scheduled from follow-on schedule check
