[2023-12-15T09:08:11.085-0300] {taskinstance.py:1159} INFO - Dependencies all met for dep_context=non-requeueable deps ti=<TaskInstance: ArmazenaPastaMongoDBDAG.store_gold_folder scheduled__2023-01-16T00:00:00+00:00 [queued]>
[2023-12-15T09:08:11.093-0300] {taskinstance.py:1159} INFO - Dependencies all met for dep_context=requeueable deps ti=<TaskInstance: ArmazenaPastaMongoDBDAG.store_gold_folder scheduled__2023-01-16T00:00:00+00:00 [queued]>
[2023-12-15T09:08:11.093-0300] {taskinstance.py:1361} INFO - Starting attempt 1 of 1
[2023-12-15T09:08:11.109-0300] {taskinstance.py:1382} INFO - Executing <Task(PythonOperator): store_gold_folder> on 2023-01-16 00:00:00+00:00
[2023-12-15T09:08:11.112-0300] {standard_task_runner.py:57} INFO - Started process 18602 to run task
[2023-12-15T09:08:11.115-0300] {standard_task_runner.py:84} INFO - Running: ['airflow', 'tasks', 'run', 'ArmazenaPastaMongoDBDAG', 'store_gold_folder', 'scheduled__2023-01-16T00:00:00+00:00', '--job-id', '382', '--raw', '--subdir', 'DAGS_FOLDER/upload_mongo.py', '--cfg-path', '/tmp/tmp1hquo831']
[2023-12-15T09:08:11.116-0300] {standard_task_runner.py:85} INFO - Job 382: Subtask store_gold_folder
[2023-12-15T09:08:11.153-0300] {task_command.py:416} INFO - Running <TaskInstance: ArmazenaPastaMongoDBDAG.store_gold_folder scheduled__2023-01-16T00:00:00+00:00 [running]> on host JulioPC.
[2023-12-15T09:08:11.216-0300] {taskinstance.py:1662} INFO - Exporting env vars: AIRFLOW_CTX_DAG_OWNER='airflow' AIRFLOW_CTX_DAG_ID='ArmazenaPastaMongoDBDAG' AIRFLOW_CTX_TASK_ID='store_gold_folder' AIRFLOW_CTX_EXECUTION_DATE='2023-01-16T00:00:00+00:00' AIRFLOW_CTX_TRY_NUMBER='1' AIRFLOW_CTX_DAG_RUN_ID='scheduled__2023-01-16T00:00:00+00:00'
[2023-12-15T09:08:11.237-0300] {python.py:194} INFO - Done. Returned value was: None
[2023-12-15T09:08:11.246-0300] {taskinstance.py:1400} INFO - Marking task as SUCCESS. dag_id=ArmazenaPastaMongoDBDAG, task_id=store_gold_folder, execution_date=20230116T000000, start_date=20231215T120811, end_date=20231215T120811
[2023-12-15T09:08:11.288-0300] {local_task_job_runner.py:228} INFO - Task exited with return code 0
[2023-12-15T09:08:11.298-0300] {taskinstance.py:2778} INFO - 0 downstream tasks scheduled from follow-on schedule check
[2023-12-15T09:14:22.186-0300] {taskinstance.py:1159} INFO - Dependencies all met for dep_context=non-requeueable deps ti=<TaskInstance: ArmazenaPastaMongoDBDAG.store_gold_folder scheduled__2023-01-16T00:00:00+00:00 [queued]>
[2023-12-15T09:14:22.195-0300] {taskinstance.py:1159} INFO - Dependencies all met for dep_context=requeueable deps ti=<TaskInstance: ArmazenaPastaMongoDBDAG.store_gold_folder scheduled__2023-01-16T00:00:00+00:00 [queued]>
[2023-12-15T09:14:22.196-0300] {taskinstance.py:1361} INFO - Starting attempt 1 of 1
[2023-12-15T09:14:22.214-0300] {taskinstance.py:1382} INFO - Executing <Task(PythonOperator): store_gold_folder> on 2023-01-16 00:00:00+00:00
[2023-12-15T09:14:22.219-0300] {standard_task_runner.py:57} INFO - Started process 22585 to run task
[2023-12-15T09:14:22.222-0300] {standard_task_runner.py:84} INFO - Running: ['airflow', 'tasks', 'run', 'ArmazenaPastaMongoDBDAG', 'store_gold_folder', 'scheduled__2023-01-16T00:00:00+00:00', '--job-id', '382', '--raw', '--subdir', 'DAGS_FOLDER/upload_mongo.py', '--cfg-path', '/tmp/tmp3z48imu5']
[2023-12-15T09:14:22.224-0300] {standard_task_runner.py:85} INFO - Job 382: Subtask store_gold_folder
[2023-12-15T09:14:22.270-0300] {task_command.py:416} INFO - Running <TaskInstance: ArmazenaPastaMongoDBDAG.store_gold_folder scheduled__2023-01-16T00:00:00+00:00 [running]> on host JulioPC.
[2023-12-15T09:14:22.332-0300] {taskinstance.py:1662} INFO - Exporting env vars: AIRFLOW_CTX_DAG_OWNER='airflow' AIRFLOW_CTX_DAG_ID='ArmazenaPastaMongoDBDAG' AIRFLOW_CTX_TASK_ID='store_gold_folder' AIRFLOW_CTX_EXECUTION_DATE='2023-01-16T00:00:00+00:00' AIRFLOW_CTX_TRY_NUMBER='1' AIRFLOW_CTX_DAG_RUN_ID='scheduled__2023-01-16T00:00:00+00:00'
[2023-12-15T09:14:22.350-0300] {python.py:194} INFO - Done. Returned value was: None
[2023-12-15T09:14:22.356-0300] {taskinstance.py:1400} INFO - Marking task as SUCCESS. dag_id=ArmazenaPastaMongoDBDAG, task_id=store_gold_folder, execution_date=20230116T000000, start_date=20231215T121422, end_date=20231215T121422
[2023-12-15T09:14:22.396-0300] {local_task_job_runner.py:228} INFO - Task exited with return code 0
[2023-12-15T09:14:22.404-0300] {taskinstance.py:2778} INFO - 0 downstream tasks scheduled from follow-on schedule check
