[2023-12-15T08:49:46.284-0300] {taskinstance.py:1159} INFO - Dependencies all met for dep_context=non-requeueable deps ti=<TaskInstance: ArmazenaPastaMongoDBDAG.store_folder scheduled__2023-01-30T00:00:00+00:00 [queued]>
[2023-12-15T08:49:46.291-0300] {taskinstance.py:1159} INFO - Dependencies all met for dep_context=requeueable deps ti=<TaskInstance: ArmazenaPastaMongoDBDAG.store_folder scheduled__2023-01-30T00:00:00+00:00 [queued]>
[2023-12-15T08:49:46.291-0300] {taskinstance.py:1361} INFO - Starting attempt 1 of 1
[2023-12-15T08:49:46.307-0300] {taskinstance.py:1382} INFO - Executing <Task(PythonOperator): store_folder> on 2023-01-30 00:00:00+00:00
[2023-12-15T08:49:46.311-0300] {standard_task_runner.py:57} INFO - Started process 7452 to run task
[2023-12-15T08:49:46.314-0300] {standard_task_runner.py:84} INFO - Running: ['airflow', 'tasks', 'run', 'ArmazenaPastaMongoDBDAG', 'store_folder', 'scheduled__2023-01-30T00:00:00+00:00', '--job-id', '396', '--raw', '--subdir', 'DAGS_FOLDER/upload_mongo.py', '--cfg-path', '/tmp/tmpq0ml4igd']
[2023-12-15T08:49:46.315-0300] {standard_task_runner.py:85} INFO - Job 396: Subtask store_folder
[2023-12-15T08:49:46.353-0300] {task_command.py:416} INFO - Running <TaskInstance: ArmazenaPastaMongoDBDAG.store_folder scheduled__2023-01-30T00:00:00+00:00 [running]> on host JulioPC.
[2023-12-15T08:49:46.412-0300] {taskinstance.py:1662} INFO - Exporting env vars: AIRFLOW_CTX_DAG_OWNER='airflow' AIRFLOW_CTX_DAG_ID='ArmazenaPastaMongoDBDAG' AIRFLOW_CTX_TASK_ID='store_folder' AIRFLOW_CTX_EXECUTION_DATE='2023-01-30T00:00:00+00:00' AIRFLOW_CTX_TRY_NUMBER='1' AIRFLOW_CTX_DAG_RUN_ID='scheduled__2023-01-30T00:00:00+00:00'
[2023-12-15T08:49:47.739-0300] {python.py:194} INFO - Done. Returned value was: None
[2023-12-15T08:49:47.748-0300] {taskinstance.py:1400} INFO - Marking task as SUCCESS. dag_id=ArmazenaPastaMongoDBDAG, task_id=store_folder, execution_date=20230130T000000, start_date=20231215T114946, end_date=20231215T114947
[2023-12-15T08:49:47.816-0300] {local_task_job_runner.py:228} INFO - Task exited with return code 0
[2023-12-15T08:49:47.839-0300] {taskinstance.py:2778} INFO - 0 downstream tasks scheduled from follow-on schedule check
[2023-12-15T09:33:16.634-0300] {taskinstance.py:1159} INFO - Dependencies all met for dep_context=non-requeueable deps ti=<TaskInstance: ArmazenaPastaMongoDBDAG.store_folder scheduled__2023-01-30T00:00:00+00:00 [queued]>
[2023-12-15T09:33:16.641-0300] {taskinstance.py:1159} INFO - Dependencies all met for dep_context=requeueable deps ti=<TaskInstance: ArmazenaPastaMongoDBDAG.store_folder scheduled__2023-01-30T00:00:00+00:00 [queued]>
[2023-12-15T09:33:16.642-0300] {taskinstance.py:1361} INFO - Starting attempt 1 of 1
[2023-12-15T09:33:16.663-0300] {taskinstance.py:1382} INFO - Executing <Task(PythonOperator): store_folder> on 2023-01-30 00:00:00+00:00
[2023-12-15T09:33:16.667-0300] {standard_task_runner.py:57} INFO - Started process 32614 to run task
[2023-12-15T09:33:16.670-0300] {standard_task_runner.py:84} INFO - Running: ['airflow', 'tasks', 'run', 'ArmazenaPastaMongoDBDAG', 'store_folder', 'scheduled__2023-01-30T00:00:00+00:00', '--job-id', '396', '--raw', '--subdir', 'DAGS_FOLDER/upload_mongo.py', '--cfg-path', '/tmp/tmpsg1x18w6']
[2023-12-15T09:33:16.671-0300] {standard_task_runner.py:85} INFO - Job 396: Subtask store_folder
[2023-12-15T09:33:16.706-0300] {task_command.py:416} INFO - Running <TaskInstance: ArmazenaPastaMongoDBDAG.store_folder scheduled__2023-01-30T00:00:00+00:00 [running]> on host JulioPC.
[2023-12-15T09:33:16.782-0300] {taskinstance.py:1662} INFO - Exporting env vars: AIRFLOW_CTX_DAG_OWNER='airflow' AIRFLOW_CTX_DAG_ID='ArmazenaPastaMongoDBDAG' AIRFLOW_CTX_TASK_ID='store_folder' AIRFLOW_CTX_EXECUTION_DATE='2023-01-30T00:00:00+00:00' AIRFLOW_CTX_TRY_NUMBER='1' AIRFLOW_CTX_DAG_RUN_ID='scheduled__2023-01-30T00:00:00+00:00'
[2023-12-15T09:33:18.007-0300] {python.py:194} INFO - Done. Returned value was: None
[2023-12-15T09:33:18.012-0300] {taskinstance.py:1400} INFO - Marking task as SUCCESS. dag_id=ArmazenaPastaMongoDBDAG, task_id=store_folder, execution_date=20230130T000000, start_date=20231215T123316, end_date=20231215T123318
[2023-12-15T09:33:18.051-0300] {local_task_job_runner.py:228} INFO - Task exited with return code 0
[2023-12-15T09:33:18.062-0300] {taskinstance.py:2778} INFO - 0 downstream tasks scheduled from follow-on schedule check
