[2023-12-15T08:48:54.133-0300] {taskinstance.py:1159} INFO - Dependencies all met for dep_context=non-requeueable deps ti=<TaskInstance: ArmazenaPastaMongoDBDAG.store_folder scheduled__2023-01-18T00:00:00+00:00 [queued]>
[2023-12-15T08:48:54.139-0300] {taskinstance.py:1159} INFO - Dependencies all met for dep_context=requeueable deps ti=<TaskInstance: ArmazenaPastaMongoDBDAG.store_folder scheduled__2023-01-18T00:00:00+00:00 [queued]>
[2023-12-15T08:48:54.139-0300] {taskinstance.py:1361} INFO - Starting attempt 1 of 1
[2023-12-15T08:48:54.157-0300] {taskinstance.py:1382} INFO - Executing <Task(PythonOperator): store_folder> on 2023-01-18 00:00:00+00:00
[2023-12-15T08:48:54.161-0300] {standard_task_runner.py:57} INFO - Started process 6106 to run task
[2023-12-15T08:48:54.164-0300] {standard_task_runner.py:84} INFO - Running: ['airflow', 'tasks', 'run', 'ArmazenaPastaMongoDBDAG', 'store_folder', 'scheduled__2023-01-18T00:00:00+00:00', '--job-id', '384', '--raw', '--subdir', 'DAGS_FOLDER/upload_mongo.py', '--cfg-path', '/tmp/tmpg3dgs4m2']
[2023-12-15T08:48:54.165-0300] {standard_task_runner.py:85} INFO - Job 384: Subtask store_folder
[2023-12-15T08:48:54.204-0300] {task_command.py:416} INFO - Running <TaskInstance: ArmazenaPastaMongoDBDAG.store_folder scheduled__2023-01-18T00:00:00+00:00 [running]> on host JulioPC.
[2023-12-15T08:48:54.263-0300] {taskinstance.py:1662} INFO - Exporting env vars: AIRFLOW_CTX_DAG_OWNER='airflow' AIRFLOW_CTX_DAG_ID='ArmazenaPastaMongoDBDAG' AIRFLOW_CTX_TASK_ID='store_folder' AIRFLOW_CTX_EXECUTION_DATE='2023-01-18T00:00:00+00:00' AIRFLOW_CTX_TRY_NUMBER='1' AIRFLOW_CTX_DAG_RUN_ID='scheduled__2023-01-18T00:00:00+00:00'
[2023-12-15T08:48:55.386-0300] {python.py:194} INFO - Done. Returned value was: None
[2023-12-15T08:48:55.391-0300] {taskinstance.py:1400} INFO - Marking task as SUCCESS. dag_id=ArmazenaPastaMongoDBDAG, task_id=store_folder, execution_date=20230118T000000, start_date=20231215T114854, end_date=20231215T114855
[2023-12-15T08:48:55.427-0300] {local_task_job_runner.py:228} INFO - Task exited with return code 0
[2023-12-15T08:48:55.435-0300] {taskinstance.py:2778} INFO - 0 downstream tasks scheduled from follow-on schedule check
[2023-12-15T09:26:50.053-0300] {taskinstance.py:1159} INFO - Dependencies all met for dep_context=non-requeueable deps ti=<TaskInstance: ArmazenaPastaMongoDBDAG.store_folder scheduled__2023-01-18T00:00:00+00:00 [queued]>
[2023-12-15T09:26:50.060-0300] {taskinstance.py:1159} INFO - Dependencies all met for dep_context=requeueable deps ti=<TaskInstance: ArmazenaPastaMongoDBDAG.store_folder scheduled__2023-01-18T00:00:00+00:00 [queued]>
[2023-12-15T09:26:50.060-0300] {taskinstance.py:1361} INFO - Starting attempt 1 of 1
[2023-12-15T09:26:50.077-0300] {taskinstance.py:1382} INFO - Executing <Task(PythonOperator): store_folder> on 2023-01-18 00:00:00+00:00
[2023-12-15T09:26:50.081-0300] {standard_task_runner.py:57} INFO - Started process 27185 to run task
[2023-12-15T09:26:50.083-0300] {standard_task_runner.py:84} INFO - Running: ['airflow', 'tasks', 'run', 'ArmazenaPastaMongoDBDAG', 'store_folder', 'scheduled__2023-01-18T00:00:00+00:00', '--job-id', '384', '--raw', '--subdir', 'DAGS_FOLDER/upload_mongo.py', '--cfg-path', '/tmp/tmpqnl8d2ll']
[2023-12-15T09:26:50.084-0300] {standard_task_runner.py:85} INFO - Job 384: Subtask store_folder
[2023-12-15T09:26:50.121-0300] {task_command.py:416} INFO - Running <TaskInstance: ArmazenaPastaMongoDBDAG.store_folder scheduled__2023-01-18T00:00:00+00:00 [running]> on host JulioPC.
[2023-12-15T09:26:50.182-0300] {taskinstance.py:1662} INFO - Exporting env vars: AIRFLOW_CTX_DAG_OWNER='airflow' AIRFLOW_CTX_DAG_ID='ArmazenaPastaMongoDBDAG' AIRFLOW_CTX_TASK_ID='store_folder' AIRFLOW_CTX_EXECUTION_DATE='2023-01-18T00:00:00+00:00' AIRFLOW_CTX_TRY_NUMBER='1' AIRFLOW_CTX_DAG_RUN_ID='scheduled__2023-01-18T00:00:00+00:00'
[2023-12-15T09:26:50.197-0300] {upload_mongo.py:37} INFO - Inserindo dados do arquivo part-00000-a6e8f18b-a573-4b60-9d3a-6cc0cd21b30f-c000.json no MongoDB
[2023-12-15T09:26:50.197-0300] {upload_mongo.py:38} INFO - json_data: {"created_date":"2023-12-10","n_tweets":10,"n_like":571,"n_quote":510,"n_reply":408,"n_retweet":535,"weekday":"Sun"}
{"created_date":"2023-12-11","n_tweets":42,"n_like":2393,"n_quote":2357,"n_reply":2964,"n_retweet":2415,"weekday":"Mon"}
{"created_date":"2023-12-12","n_tweets":10,"n_like":512,"n_quote":399,"n_reply":435,"n_retweet":420,"weekday":"Tue"}
{"created_date":"2023-12-14","n_tweets":10,"n_like":708,"n_quote":554,"n_reply":520,"n_retweet":376,"weekday":"Thu"}
{"created_date":"2023-12-09","n_tweets":19,"n_like":1131,"n_quote":1109,"n_reply":1150,"n_retweet":912,"weekday":"Sat"}
{"created_date":"2023-12-13","n_tweets":9,"n_like":376,"n_quote":475,"n_reply":636,"n_retweet":510,"weekday":"Wed"}

[2023-12-15T09:26:50.198-0300] {upload_mongo.py:39} INFO - medalha: Gold
[2023-12-15T09:26:50.198-0300] {upload_mongo.py:40} INFO - api_nome: process_date=2023-12-14
[2023-12-15T09:26:50.198-0300] {upload_mongo.py:41} INFO - extracao_nome: twitter_datascience
[2023-12-15T09:26:50.198-0300] {upload_mongo.py:37} INFO - Inserindo dados do arquivo part-00000-ec5d6908-635a-4179-9076-f331c745d448-c000.json no MongoDB
[2023-12-15T09:26:50.198-0300] {upload_mongo.py:38} INFO - json_data: {"created_date":"2023-12-10","n_tweets":10,"n_like":571,"n_quote":510,"n_reply":408,"n_retweet":535,"weekday":"Sun"}
{"created_date":"2023-12-11","n_tweets":42,"n_like":2393,"n_quote":2357,"n_reply":2964,"n_retweet":2415,"weekday":"Mon"}
{"created_date":"2023-12-09","n_tweets":19,"n_like":1131,"n_quote":1109,"n_reply":1150,"n_retweet":912,"weekday":"Sat"}

[2023-12-15T09:26:50.198-0300] {upload_mongo.py:39} INFO - medalha: Gold
[2023-12-15T09:26:50.198-0300] {upload_mongo.py:40} INFO - api_nome: process_date=2023-12-10
[2023-12-15T09:26:50.198-0300] {upload_mongo.py:41} INFO - extracao_nome: twitter_datascience
[2023-12-15T09:26:50.198-0300] {upload_mongo.py:37} INFO - Inserindo dados do arquivo part-00000-9d5698a9-cb21-47a8-8456-c735cc268e32-c000.json no MongoDB
[2023-12-15T09:26:50.198-0300] {upload_mongo.py:38} INFO - json_data: {"created_date":"2023-12-10","n_tweets":10,"n_like":571,"n_quote":510,"n_reply":408,"n_retweet":535,"weekday":"Sun"}
{"created_date":"2023-12-11","n_tweets":42,"n_like":2393,"n_quote":2357,"n_reply":2964,"n_retweet":2415,"weekday":"Mon"}
{"created_date":"2023-12-12","n_tweets":10,"n_like":512,"n_quote":399,"n_reply":435,"n_retweet":420,"weekday":"Tue"}
{"created_date":"2023-12-09","n_tweets":19,"n_like":1131,"n_quote":1109,"n_reply":1150,"n_retweet":912,"weekday":"Sat"}

[2023-12-15T09:26:50.198-0300] {upload_mongo.py:39} INFO - medalha: Gold
[2023-12-15T09:26:50.198-0300] {upload_mongo.py:40} INFO - api_nome: process_date=2023-12-11
[2023-12-15T09:26:50.198-0300] {upload_mongo.py:41} INFO - extracao_nome: twitter_datascience
[2023-12-15T09:26:50.198-0300] {upload_mongo.py:37} INFO - Inserindo dados do arquivo part-00000-6a855ed2-76b4-47b6-a221-5acb58438d3a-c000.json no MongoDB
[2023-12-15T09:26:50.199-0300] {upload_mongo.py:38} INFO - json_data: {"created_date":"2023-12-10","n_tweets":10,"n_like":571,"n_quote":510,"n_reply":408,"n_retweet":535,"weekday":"Sun"}
{"created_date":"2023-12-09","n_tweets":19,"n_like":1131,"n_quote":1109,"n_reply":1150,"n_retweet":912,"weekday":"Sat"}

[2023-12-15T09:26:50.199-0300] {upload_mongo.py:39} INFO - medalha: Gold
[2023-12-15T09:26:50.199-0300] {upload_mongo.py:40} INFO - api_nome: process_date=2023-12-09
[2023-12-15T09:26:50.199-0300] {upload_mongo.py:41} INFO - extracao_nome: twitter_datascience
[2023-12-15T09:26:50.199-0300] {upload_mongo.py:37} INFO - Inserindo dados do arquivo part-00000-3b25e8b8-cf37-4a3d-ab00-bba819518e32-c000.json no MongoDB
[2023-12-15T09:26:50.199-0300] {upload_mongo.py:38} INFO - json_data: {"created_date":"2023-12-10","n_tweets":10,"n_like":571,"n_quote":510,"n_reply":408,"n_retweet":535,"weekday":"Sun"}
{"created_date":"2023-12-11","n_tweets":42,"n_like":2393,"n_quote":2357,"n_reply":2964,"n_retweet":2415,"weekday":"Mon"}
{"created_date":"2023-12-12","n_tweets":10,"n_like":512,"n_quote":399,"n_reply":435,"n_retweet":420,"weekday":"Tue"}
{"created_date":"2023-12-14","n_tweets":10,"n_like":708,"n_quote":554,"n_reply":520,"n_retweet":376,"weekday":"Thu"}
{"created_date":"2023-12-09","n_tweets":19,"n_like":1131,"n_quote":1109,"n_reply":1150,"n_retweet":912,"weekday":"Sat"}
{"created_date":"2023-12-13","n_tweets":9,"n_like":376,"n_quote":475,"n_reply":636,"n_retweet":510,"weekday":"Wed"}

[2023-12-15T09:26:50.199-0300] {upload_mongo.py:39} INFO - medalha: Gold
[2023-12-15T09:26:50.199-0300] {upload_mongo.py:40} INFO - api_nome: process_date=2023-12-13
[2023-12-15T09:26:50.199-0300] {upload_mongo.py:41} INFO - extracao_nome: twitter_datascience
[2023-12-15T09:26:50.199-0300] {upload_mongo.py:37} INFO - Inserindo dados do arquivo part-00000-49e969fc-b8c2-4688-a3c5-5e803f927e50-c000.json no MongoDB
[2023-12-15T09:26:50.199-0300] {upload_mongo.py:38} INFO - json_data: {"created_date":"2023-12-10","n_tweets":10,"n_like":571,"n_quote":510,"n_reply":408,"n_retweet":535,"weekday":"Sun"}
{"created_date":"2023-12-11","n_tweets":42,"n_like":2393,"n_quote":2357,"n_reply":2964,"n_retweet":2415,"weekday":"Mon"}
{"created_date":"2023-12-12","n_tweets":10,"n_like":512,"n_quote":399,"n_reply":435,"n_retweet":420,"weekday":"Tue"}
{"created_date":"2023-12-09","n_tweets":19,"n_like":1131,"n_quote":1109,"n_reply":1150,"n_retweet":912,"weekday":"Sat"}

[2023-12-15T09:26:50.199-0300] {upload_mongo.py:39} INFO - medalha: Gold
[2023-12-15T09:26:50.199-0300] {upload_mongo.py:40} INFO - api_nome: process_date=2023-12-12
[2023-12-15T09:26:50.199-0300] {upload_mongo.py:41} INFO - extracao_nome: twitter_datascience
[2023-12-15T09:26:50.200-0300] {python.py:194} INFO - Done. Returned value was: None
[2023-12-15T09:26:50.205-0300] {taskinstance.py:1400} INFO - Marking task as SUCCESS. dag_id=ArmazenaPastaMongoDBDAG, task_id=store_folder, execution_date=20230118T000000, start_date=20231215T122650, end_date=20231215T122650
[2023-12-15T09:26:50.257-0300] {local_task_job_runner.py:228} INFO - Task exited with return code 0
[2023-12-15T09:26:50.265-0300] {taskinstance.py:2778} INFO - 0 downstream tasks scheduled from follow-on schedule check
[2023-12-15T09:28:47.300-0300] {taskinstance.py:1159} INFO - Dependencies all met for dep_context=non-requeueable deps ti=<TaskInstance: ArmazenaPastaMongoDBDAG.store_folder scheduled__2023-01-18T00:00:00+00:00 [queued]>
[2023-12-15T09:28:47.308-0300] {taskinstance.py:1159} INFO - Dependencies all met for dep_context=requeueable deps ti=<TaskInstance: ArmazenaPastaMongoDBDAG.store_folder scheduled__2023-01-18T00:00:00+00:00 [queued]>
[2023-12-15T09:28:47.308-0300] {taskinstance.py:1361} INFO - Starting attempt 1 of 1
[2023-12-15T09:28:47.325-0300] {taskinstance.py:1382} INFO - Executing <Task(PythonOperator): store_folder> on 2023-01-18 00:00:00+00:00
[2023-12-15T09:28:47.328-0300] {standard_task_runner.py:57} INFO - Started process 27946 to run task
[2023-12-15T09:28:47.331-0300] {standard_task_runner.py:84} INFO - Running: ['airflow', 'tasks', 'run', 'ArmazenaPastaMongoDBDAG', 'store_folder', 'scheduled__2023-01-18T00:00:00+00:00', '--job-id', '384', '--raw', '--subdir', 'DAGS_FOLDER/upload_mongo.py', '--cfg-path', '/tmp/tmpt57mxlos']
[2023-12-15T09:28:47.332-0300] {standard_task_runner.py:85} INFO - Job 384: Subtask store_folder
[2023-12-15T09:28:47.370-0300] {task_command.py:416} INFO - Running <TaskInstance: ArmazenaPastaMongoDBDAG.store_folder scheduled__2023-01-18T00:00:00+00:00 [running]> on host JulioPC.
[2023-12-15T09:28:47.430-0300] {taskinstance.py:1662} INFO - Exporting env vars: AIRFLOW_CTX_DAG_OWNER='airflow' AIRFLOW_CTX_DAG_ID='ArmazenaPastaMongoDBDAG' AIRFLOW_CTX_TASK_ID='store_folder' AIRFLOW_CTX_EXECUTION_DATE='2023-01-18T00:00:00+00:00' AIRFLOW_CTX_TRY_NUMBER='1' AIRFLOW_CTX_DAG_RUN_ID='scheduled__2023-01-18T00:00:00+00:00'
[2023-12-15T09:28:47.447-0300] {upload_mongo.py:37} INFO - Inserindo dados do arquivo part-00000-a6e8f18b-a573-4b60-9d3a-6cc0cd21b30f-c000.json no MongoDB
[2023-12-15T09:28:47.448-0300] {upload_mongo.py:38} INFO - json_data: {"created_date":"2023-12-10","n_tweets":10,"n_like":571,"n_quote":510,"n_reply":408,"n_retweet":535,"weekday":"Sun"}
{"created_date":"2023-12-11","n_tweets":42,"n_like":2393,"n_quote":2357,"n_reply":2964,"n_retweet":2415,"weekday":"Mon"}
{"created_date":"2023-12-12","n_tweets":10,"n_like":512,"n_quote":399,"n_reply":435,"n_retweet":420,"weekday":"Tue"}
{"created_date":"2023-12-14","n_tweets":10,"n_like":708,"n_quote":554,"n_reply":520,"n_retweet":376,"weekday":"Thu"}
{"created_date":"2023-12-09","n_tweets":19,"n_like":1131,"n_quote":1109,"n_reply":1150,"n_retweet":912,"weekday":"Sat"}
{"created_date":"2023-12-13","n_tweets":9,"n_like":376,"n_quote":475,"n_reply":636,"n_retweet":510,"weekday":"Wed"}

[2023-12-15T09:28:47.448-0300] {upload_mongo.py:39} INFO - medalha: Gold
[2023-12-15T09:28:47.448-0300] {upload_mongo.py:40} INFO - api_nome: twitter_datascience
[2023-12-15T09:28:47.448-0300] {upload_mongo.py:41} INFO - extracao_nome: process_date=2023-12-14
[2023-12-15T09:28:47.448-0300] {upload_mongo.py:37} INFO - Inserindo dados do arquivo part-00000-ec5d6908-635a-4179-9076-f331c745d448-c000.json no MongoDB
[2023-12-15T09:28:47.448-0300] {upload_mongo.py:38} INFO - json_data: {"created_date":"2023-12-10","n_tweets":10,"n_like":571,"n_quote":510,"n_reply":408,"n_retweet":535,"weekday":"Sun"}
{"created_date":"2023-12-11","n_tweets":42,"n_like":2393,"n_quote":2357,"n_reply":2964,"n_retweet":2415,"weekday":"Mon"}
{"created_date":"2023-12-09","n_tweets":19,"n_like":1131,"n_quote":1109,"n_reply":1150,"n_retweet":912,"weekday":"Sat"}

[2023-12-15T09:28:47.448-0300] {upload_mongo.py:39} INFO - medalha: Gold
[2023-12-15T09:28:47.448-0300] {upload_mongo.py:40} INFO - api_nome: twitter_datascience
[2023-12-15T09:28:47.448-0300] {upload_mongo.py:41} INFO - extracao_nome: process_date=2023-12-10
[2023-12-15T09:28:47.448-0300] {upload_mongo.py:37} INFO - Inserindo dados do arquivo part-00000-9d5698a9-cb21-47a8-8456-c735cc268e32-c000.json no MongoDB
[2023-12-15T09:28:47.448-0300] {upload_mongo.py:38} INFO - json_data: {"created_date":"2023-12-10","n_tweets":10,"n_like":571,"n_quote":510,"n_reply":408,"n_retweet":535,"weekday":"Sun"}
{"created_date":"2023-12-11","n_tweets":42,"n_like":2393,"n_quote":2357,"n_reply":2964,"n_retweet":2415,"weekday":"Mon"}
{"created_date":"2023-12-12","n_tweets":10,"n_like":512,"n_quote":399,"n_reply":435,"n_retweet":420,"weekday":"Tue"}
{"created_date":"2023-12-09","n_tweets":19,"n_like":1131,"n_quote":1109,"n_reply":1150,"n_retweet":912,"weekday":"Sat"}

[2023-12-15T09:28:47.448-0300] {upload_mongo.py:39} INFO - medalha: Gold
[2023-12-15T09:28:47.448-0300] {upload_mongo.py:40} INFO - api_nome: twitter_datascience
[2023-12-15T09:28:47.449-0300] {upload_mongo.py:41} INFO - extracao_nome: process_date=2023-12-11
[2023-12-15T09:28:47.449-0300] {upload_mongo.py:37} INFO - Inserindo dados do arquivo part-00000-6a855ed2-76b4-47b6-a221-5acb58438d3a-c000.json no MongoDB
[2023-12-15T09:28:47.449-0300] {upload_mongo.py:38} INFO - json_data: {"created_date":"2023-12-10","n_tweets":10,"n_like":571,"n_quote":510,"n_reply":408,"n_retweet":535,"weekday":"Sun"}
{"created_date":"2023-12-09","n_tweets":19,"n_like":1131,"n_quote":1109,"n_reply":1150,"n_retweet":912,"weekday":"Sat"}

[2023-12-15T09:28:47.449-0300] {upload_mongo.py:39} INFO - medalha: Gold
[2023-12-15T09:28:47.449-0300] {upload_mongo.py:40} INFO - api_nome: twitter_datascience
[2023-12-15T09:28:47.449-0300] {upload_mongo.py:41} INFO - extracao_nome: process_date=2023-12-09
[2023-12-15T09:28:47.449-0300] {upload_mongo.py:37} INFO - Inserindo dados do arquivo part-00000-3b25e8b8-cf37-4a3d-ab00-bba819518e32-c000.json no MongoDB
[2023-12-15T09:28:47.449-0300] {upload_mongo.py:38} INFO - json_data: {"created_date":"2023-12-10","n_tweets":10,"n_like":571,"n_quote":510,"n_reply":408,"n_retweet":535,"weekday":"Sun"}
{"created_date":"2023-12-11","n_tweets":42,"n_like":2393,"n_quote":2357,"n_reply":2964,"n_retweet":2415,"weekday":"Mon"}
{"created_date":"2023-12-12","n_tweets":10,"n_like":512,"n_quote":399,"n_reply":435,"n_retweet":420,"weekday":"Tue"}
{"created_date":"2023-12-14","n_tweets":10,"n_like":708,"n_quote":554,"n_reply":520,"n_retweet":376,"weekday":"Thu"}
{"created_date":"2023-12-09","n_tweets":19,"n_like":1131,"n_quote":1109,"n_reply":1150,"n_retweet":912,"weekday":"Sat"}
{"created_date":"2023-12-13","n_tweets":9,"n_like":376,"n_quote":475,"n_reply":636,"n_retweet":510,"weekday":"Wed"}

[2023-12-15T09:28:47.449-0300] {upload_mongo.py:39} INFO - medalha: Gold
[2023-12-15T09:28:47.449-0300] {upload_mongo.py:40} INFO - api_nome: twitter_datascience
[2023-12-15T09:28:47.449-0300] {upload_mongo.py:41} INFO - extracao_nome: process_date=2023-12-13
[2023-12-15T09:28:47.449-0300] {upload_mongo.py:37} INFO - Inserindo dados do arquivo part-00000-49e969fc-b8c2-4688-a3c5-5e803f927e50-c000.json no MongoDB
[2023-12-15T09:28:47.449-0300] {upload_mongo.py:38} INFO - json_data: {"created_date":"2023-12-10","n_tweets":10,"n_like":571,"n_quote":510,"n_reply":408,"n_retweet":535,"weekday":"Sun"}
{"created_date":"2023-12-11","n_tweets":42,"n_like":2393,"n_quote":2357,"n_reply":2964,"n_retweet":2415,"weekday":"Mon"}
{"created_date":"2023-12-12","n_tweets":10,"n_like":512,"n_quote":399,"n_reply":435,"n_retweet":420,"weekday":"Tue"}
{"created_date":"2023-12-09","n_tweets":19,"n_like":1131,"n_quote":1109,"n_reply":1150,"n_retweet":912,"weekday":"Sat"}

[2023-12-15T09:28:47.449-0300] {upload_mongo.py:39} INFO - medalha: Gold
[2023-12-15T09:28:47.449-0300] {upload_mongo.py:40} INFO - api_nome: twitter_datascience
[2023-12-15T09:28:47.450-0300] {upload_mongo.py:41} INFO - extracao_nome: process_date=2023-12-12
[2023-12-15T09:28:47.450-0300] {python.py:194} INFO - Done. Returned value was: None
[2023-12-15T09:28:47.456-0300] {taskinstance.py:1400} INFO - Marking task as SUCCESS. dag_id=ArmazenaPastaMongoDBDAG, task_id=store_folder, execution_date=20230118T000000, start_date=20231215T122847, end_date=20231215T122847
[2023-12-15T09:28:47.505-0300] {local_task_job_runner.py:228} INFO - Task exited with return code 0
[2023-12-15T09:28:47.514-0300] {taskinstance.py:2778} INFO - 0 downstream tasks scheduled from follow-on schedule check
[2023-12-15T09:32:25.507-0300] {taskinstance.py:1159} INFO - Dependencies all met for dep_context=non-requeueable deps ti=<TaskInstance: ArmazenaPastaMongoDBDAG.store_folder scheduled__2023-01-18T00:00:00+00:00 [queued]>
[2023-12-15T09:32:25.514-0300] {taskinstance.py:1159} INFO - Dependencies all met for dep_context=requeueable deps ti=<TaskInstance: ArmazenaPastaMongoDBDAG.store_folder scheduled__2023-01-18T00:00:00+00:00 [queued]>
[2023-12-15T09:32:25.514-0300] {taskinstance.py:1361} INFO - Starting attempt 1 of 1
[2023-12-15T09:32:25.531-0300] {taskinstance.py:1382} INFO - Executing <Task(PythonOperator): store_folder> on 2023-01-18 00:00:00+00:00
[2023-12-15T09:32:25.536-0300] {standard_task_runner.py:57} INFO - Started process 31361 to run task
[2023-12-15T09:32:25.539-0300] {standard_task_runner.py:84} INFO - Running: ['airflow', 'tasks', 'run', 'ArmazenaPastaMongoDBDAG', 'store_folder', 'scheduled__2023-01-18T00:00:00+00:00', '--job-id', '384', '--raw', '--subdir', 'DAGS_FOLDER/upload_mongo.py', '--cfg-path', '/tmp/tmp8sbpjxwp']
[2023-12-15T09:32:25.540-0300] {standard_task_runner.py:85} INFO - Job 384: Subtask store_folder
[2023-12-15T09:32:25.574-0300] {task_command.py:416} INFO - Running <TaskInstance: ArmazenaPastaMongoDBDAG.store_folder scheduled__2023-01-18T00:00:00+00:00 [running]> on host JulioPC.
[2023-12-15T09:32:25.636-0300] {taskinstance.py:1662} INFO - Exporting env vars: AIRFLOW_CTX_DAG_OWNER='airflow' AIRFLOW_CTX_DAG_ID='ArmazenaPastaMongoDBDAG' AIRFLOW_CTX_TASK_ID='store_folder' AIRFLOW_CTX_EXECUTION_DATE='2023-01-18T00:00:00+00:00' AIRFLOW_CTX_TRY_NUMBER='1' AIRFLOW_CTX_DAG_RUN_ID='scheduled__2023-01-18T00:00:00+00:00'
[2023-12-15T09:32:26.724-0300] {python.py:194} INFO - Done. Returned value was: None
[2023-12-15T09:32:26.729-0300] {taskinstance.py:1400} INFO - Marking task as SUCCESS. dag_id=ArmazenaPastaMongoDBDAG, task_id=store_folder, execution_date=20230118T000000, start_date=20231215T123225, end_date=20231215T123226
[2023-12-15T09:32:26.759-0300] {local_task_job_runner.py:228} INFO - Task exited with return code 0
[2023-12-15T09:32:26.768-0300] {taskinstance.py:2778} INFO - 0 downstream tasks scheduled from follow-on schedule check
