[2023-12-15T08:51:23.384-0300] {taskinstance.py:1159} INFO - Dependencies all met for dep_context=non-requeueable deps ti=<TaskInstance: ArmazenaPastaMongoDBDAG.store_folder scheduled__2023-02-22T00:00:00+00:00 [queued]>
[2023-12-15T08:51:23.392-0300] {taskinstance.py:1159} INFO - Dependencies all met for dep_context=requeueable deps ti=<TaskInstance: ArmazenaPastaMongoDBDAG.store_folder scheduled__2023-02-22T00:00:00+00:00 [queued]>
[2023-12-15T08:51:23.392-0300] {taskinstance.py:1361} INFO - Starting attempt 1 of 1
[2023-12-15T08:51:23.411-0300] {taskinstance.py:1382} INFO - Executing <Task(PythonOperator): store_folder> on 2023-02-22 00:00:00+00:00
[2023-12-15T08:51:23.415-0300] {standard_task_runner.py:57} INFO - Started process 8611 to run task
[2023-12-15T08:51:23.418-0300] {standard_task_runner.py:84} INFO - Running: ['airflow', 'tasks', 'run', 'ArmazenaPastaMongoDBDAG', 'store_folder', 'scheduled__2023-02-22T00:00:00+00:00', '--job-id', '419', '--raw', '--subdir', 'DAGS_FOLDER/upload_mongo.py', '--cfg-path', '/tmp/tmpvttht46y']
[2023-12-15T08:51:23.420-0300] {standard_task_runner.py:85} INFO - Job 419: Subtask store_folder
[2023-12-15T08:51:23.464-0300] {task_command.py:416} INFO - Running <TaskInstance: ArmazenaPastaMongoDBDAG.store_folder scheduled__2023-02-22T00:00:00+00:00 [running]> on host JulioPC.
[2023-12-15T08:51:23.541-0300] {taskinstance.py:1662} INFO - Exporting env vars: AIRFLOW_CTX_DAG_OWNER='airflow' AIRFLOW_CTX_DAG_ID='ArmazenaPastaMongoDBDAG' AIRFLOW_CTX_TASK_ID='store_folder' AIRFLOW_CTX_EXECUTION_DATE='2023-02-22T00:00:00+00:00' AIRFLOW_CTX_TRY_NUMBER='1' AIRFLOW_CTX_DAG_RUN_ID='scheduled__2023-02-22T00:00:00+00:00'
[2023-12-15T08:51:24.675-0300] {python.py:194} INFO - Done. Returned value was: None
[2023-12-15T08:51:24.680-0300] {taskinstance.py:1400} INFO - Marking task as SUCCESS. dag_id=ArmazenaPastaMongoDBDAG, task_id=store_folder, execution_date=20230222T000000, start_date=20231215T115123, end_date=20231215T115124
[2023-12-15T08:51:24.720-0300] {local_task_job_runner.py:228} INFO - Task exited with return code 0
[2023-12-15T08:51:24.734-0300] {taskinstance.py:2778} INFO - 0 downstream tasks scheduled from follow-on schedule check
[2023-12-15T09:34:52.910-0300] {taskinstance.py:1159} INFO - Dependencies all met for dep_context=non-requeueable deps ti=<TaskInstance: ArmazenaPastaMongoDBDAG.store_folder scheduled__2023-02-22T00:00:00+00:00 [queued]>
[2023-12-15T09:34:52.920-0300] {taskinstance.py:1159} INFO - Dependencies all met for dep_context=requeueable deps ti=<TaskInstance: ArmazenaPastaMongoDBDAG.store_folder scheduled__2023-02-22T00:00:00+00:00 [queued]>
[2023-12-15T09:34:52.920-0300] {taskinstance.py:1361} INFO - Starting attempt 1 of 1
[2023-12-15T09:34:52.943-0300] {taskinstance.py:1382} INFO - Executing <Task(PythonOperator): store_folder> on 2023-02-22 00:00:00+00:00
[2023-12-15T09:34:52.948-0300] {standard_task_runner.py:57} INFO - Started process 33537 to run task
[2023-12-15T09:34:52.952-0300] {standard_task_runner.py:84} INFO - Running: ['airflow', 'tasks', 'run', 'ArmazenaPastaMongoDBDAG', 'store_folder', 'scheduled__2023-02-22T00:00:00+00:00', '--job-id', '419', '--raw', '--subdir', 'DAGS_FOLDER/upload_mongo.py', '--cfg-path', '/tmp/tmpmlj4v52l']
[2023-12-15T09:34:52.953-0300] {standard_task_runner.py:85} INFO - Job 419: Subtask store_folder
[2023-12-15T09:34:52.999-0300] {task_command.py:416} INFO - Running <TaskInstance: ArmazenaPastaMongoDBDAG.store_folder scheduled__2023-02-22T00:00:00+00:00 [running]> on host JulioPC.
[2023-12-15T09:34:53.084-0300] {taskinstance.py:1662} INFO - Exporting env vars: AIRFLOW_CTX_DAG_OWNER='airflow' AIRFLOW_CTX_DAG_ID='ArmazenaPastaMongoDBDAG' AIRFLOW_CTX_TASK_ID='store_folder' AIRFLOW_CTX_EXECUTION_DATE='2023-02-22T00:00:00+00:00' AIRFLOW_CTX_TRY_NUMBER='1' AIRFLOW_CTX_DAG_RUN_ID='scheduled__2023-02-22T00:00:00+00:00'
[2023-12-15T09:34:54.176-0300] {python.py:194} INFO - Done. Returned value was: None
[2023-12-15T09:34:54.181-0300] {taskinstance.py:1400} INFO - Marking task as SUCCESS. dag_id=ArmazenaPastaMongoDBDAG, task_id=store_folder, execution_date=20230222T000000, start_date=20231215T123452, end_date=20231215T123454
[2023-12-15T09:34:54.213-0300] {local_task_job_runner.py:228} INFO - Task exited with return code 0
[2023-12-15T09:34:54.222-0300] {taskinstance.py:2778} INFO - 0 downstream tasks scheduled from follow-on schedule check
