[2023-12-15T08:50:54.070-0300] {taskinstance.py:1159} INFO - Dependencies all met for dep_context=non-requeueable deps ti=<TaskInstance: ArmazenaPastaMongoDBDAG.store_folder scheduled__2023-02-15T00:00:00+00:00 [queued]>
[2023-12-15T08:50:54.076-0300] {taskinstance.py:1159} INFO - Dependencies all met for dep_context=requeueable deps ti=<TaskInstance: ArmazenaPastaMongoDBDAG.store_folder scheduled__2023-02-15T00:00:00+00:00 [queued]>
[2023-12-15T08:50:54.076-0300] {taskinstance.py:1361} INFO - Starting attempt 1 of 1
[2023-12-15T08:50:54.091-0300] {taskinstance.py:1382} INFO - Executing <Task(PythonOperator): store_folder> on 2023-02-15 00:00:00+00:00
[2023-12-15T08:50:54.094-0300] {standard_task_runner.py:57} INFO - Started process 7743 to run task
[2023-12-15T08:50:54.097-0300] {standard_task_runner.py:84} INFO - Running: ['airflow', 'tasks', 'run', 'ArmazenaPastaMongoDBDAG', 'store_folder', 'scheduled__2023-02-15T00:00:00+00:00', '--job-id', '412', '--raw', '--subdir', 'DAGS_FOLDER/upload_mongo.py', '--cfg-path', '/tmp/tmpf4h_8qh5']
[2023-12-15T08:50:54.098-0300] {standard_task_runner.py:85} INFO - Job 412: Subtask store_folder
[2023-12-15T08:50:54.133-0300] {task_command.py:416} INFO - Running <TaskInstance: ArmazenaPastaMongoDBDAG.store_folder scheduled__2023-02-15T00:00:00+00:00 [running]> on host JulioPC.
[2023-12-15T08:50:54.198-0300] {taskinstance.py:1662} INFO - Exporting env vars: AIRFLOW_CTX_DAG_OWNER='airflow' AIRFLOW_CTX_DAG_ID='ArmazenaPastaMongoDBDAG' AIRFLOW_CTX_TASK_ID='store_folder' AIRFLOW_CTX_EXECUTION_DATE='2023-02-15T00:00:00+00:00' AIRFLOW_CTX_TRY_NUMBER='1' AIRFLOW_CTX_DAG_RUN_ID='scheduled__2023-02-15T00:00:00+00:00'
[2023-12-15T08:50:55.321-0300] {python.py:194} INFO - Done. Returned value was: None
[2023-12-15T08:50:55.325-0300] {taskinstance.py:1400} INFO - Marking task as SUCCESS. dag_id=ArmazenaPastaMongoDBDAG, task_id=store_folder, execution_date=20230215T000000, start_date=20231215T115054, end_date=20231215T115055
[2023-12-15T08:50:55.360-0300] {local_task_job_runner.py:228} INFO - Task exited with return code 0
[2023-12-15T08:50:55.369-0300] {taskinstance.py:2778} INFO - 0 downstream tasks scheduled from follow-on schedule check
[2023-12-15T09:34:24.387-0300] {taskinstance.py:1159} INFO - Dependencies all met for dep_context=non-requeueable deps ti=<TaskInstance: ArmazenaPastaMongoDBDAG.store_folder scheduled__2023-02-15T00:00:00+00:00 [queued]>
[2023-12-15T09:34:24.395-0300] {taskinstance.py:1159} INFO - Dependencies all met for dep_context=requeueable deps ti=<TaskInstance: ArmazenaPastaMongoDBDAG.store_folder scheduled__2023-02-15T00:00:00+00:00 [queued]>
[2023-12-15T09:34:24.395-0300] {taskinstance.py:1361} INFO - Starting attempt 1 of 1
[2023-12-15T09:34:24.411-0300] {taskinstance.py:1382} INFO - Executing <Task(PythonOperator): store_folder> on 2023-02-15 00:00:00+00:00
[2023-12-15T09:34:24.416-0300] {standard_task_runner.py:57} INFO - Started process 33407 to run task
[2023-12-15T09:34:24.419-0300] {standard_task_runner.py:84} INFO - Running: ['airflow', 'tasks', 'run', 'ArmazenaPastaMongoDBDAG', 'store_folder', 'scheduled__2023-02-15T00:00:00+00:00', '--job-id', '412', '--raw', '--subdir', 'DAGS_FOLDER/upload_mongo.py', '--cfg-path', '/tmp/tmpf8tfa2g3']
[2023-12-15T09:34:24.420-0300] {standard_task_runner.py:85} INFO - Job 412: Subtask store_folder
[2023-12-15T09:34:24.460-0300] {task_command.py:416} INFO - Running <TaskInstance: ArmazenaPastaMongoDBDAG.store_folder scheduled__2023-02-15T00:00:00+00:00 [running]> on host JulioPC.
[2023-12-15T09:34:24.536-0300] {taskinstance.py:1662} INFO - Exporting env vars: AIRFLOW_CTX_DAG_OWNER='airflow' AIRFLOW_CTX_DAG_ID='ArmazenaPastaMongoDBDAG' AIRFLOW_CTX_TASK_ID='store_folder' AIRFLOW_CTX_EXECUTION_DATE='2023-02-15T00:00:00+00:00' AIRFLOW_CTX_TRY_NUMBER='1' AIRFLOW_CTX_DAG_RUN_ID='scheduled__2023-02-15T00:00:00+00:00'
[2023-12-15T09:34:25.757-0300] {python.py:194} INFO - Done. Returned value was: None
[2023-12-15T09:34:25.762-0300] {taskinstance.py:1400} INFO - Marking task as SUCCESS. dag_id=ArmazenaPastaMongoDBDAG, task_id=store_folder, execution_date=20230215T000000, start_date=20231215T123424, end_date=20231215T123425
[2023-12-15T09:34:25.802-0300] {local_task_job_runner.py:228} INFO - Task exited with return code 0
[2023-12-15T09:34:25.813-0300] {taskinstance.py:2778} INFO - 0 downstream tasks scheduled from follow-on schedule check
