[2023-12-15T08:51:31.481-0300] {taskinstance.py:1159} INFO - Dependencies all met for dep_context=non-requeueable deps ti=<TaskInstance: ArmazenaPastaMongoDBDAG.store_folder scheduled__2023-02-24T00:00:00+00:00 [queued]>
[2023-12-15T08:51:31.487-0300] {taskinstance.py:1159} INFO - Dependencies all met for dep_context=requeueable deps ti=<TaskInstance: ArmazenaPastaMongoDBDAG.store_folder scheduled__2023-02-24T00:00:00+00:00 [queued]>
[2023-12-15T08:51:31.487-0300] {taskinstance.py:1361} INFO - Starting attempt 1 of 1
[2023-12-15T08:51:31.505-0300] {taskinstance.py:1382} INFO - Executing <Task(PythonOperator): store_folder> on 2023-02-24 00:00:00+00:00
[2023-12-15T08:51:31.508-0300] {standard_task_runner.py:57} INFO - Started process 8648 to run task
[2023-12-15T08:51:31.511-0300] {standard_task_runner.py:84} INFO - Running: ['airflow', 'tasks', 'run', 'ArmazenaPastaMongoDBDAG', 'store_folder', 'scheduled__2023-02-24T00:00:00+00:00', '--job-id', '421', '--raw', '--subdir', 'DAGS_FOLDER/upload_mongo.py', '--cfg-path', '/tmp/tmpd027xzme']
[2023-12-15T08:51:31.513-0300] {standard_task_runner.py:85} INFO - Job 421: Subtask store_folder
[2023-12-15T08:51:31.552-0300] {task_command.py:416} INFO - Running <TaskInstance: ArmazenaPastaMongoDBDAG.store_folder scheduled__2023-02-24T00:00:00+00:00 [running]> on host JulioPC.
[2023-12-15T08:51:31.623-0300] {taskinstance.py:1662} INFO - Exporting env vars: AIRFLOW_CTX_DAG_OWNER='airflow' AIRFLOW_CTX_DAG_ID='ArmazenaPastaMongoDBDAG' AIRFLOW_CTX_TASK_ID='store_folder' AIRFLOW_CTX_EXECUTION_DATE='2023-02-24T00:00:00+00:00' AIRFLOW_CTX_TRY_NUMBER='1' AIRFLOW_CTX_DAG_RUN_ID='scheduled__2023-02-24T00:00:00+00:00'
[2023-12-15T08:51:32.706-0300] {python.py:194} INFO - Done. Returned value was: None
[2023-12-15T08:51:32.711-0300] {taskinstance.py:1400} INFO - Marking task as SUCCESS. dag_id=ArmazenaPastaMongoDBDAG, task_id=store_folder, execution_date=20230224T000000, start_date=20231215T115131, end_date=20231215T115132
[2023-12-15T08:51:32.772-0300] {local_task_job_runner.py:228} INFO - Task exited with return code 0
[2023-12-15T08:51:32.782-0300] {taskinstance.py:2778} INFO - 0 downstream tasks scheduled from follow-on schedule check
[2023-12-15T09:35:00.955-0300] {taskinstance.py:1159} INFO - Dependencies all met for dep_context=non-requeueable deps ti=<TaskInstance: ArmazenaPastaMongoDBDAG.store_folder scheduled__2023-02-24T00:00:00+00:00 [queued]>
[2023-12-15T09:35:00.964-0300] {taskinstance.py:1159} INFO - Dependencies all met for dep_context=requeueable deps ti=<TaskInstance: ArmazenaPastaMongoDBDAG.store_folder scheduled__2023-02-24T00:00:00+00:00 [queued]>
[2023-12-15T09:35:00.964-0300] {taskinstance.py:1361} INFO - Starting attempt 1 of 1
[2023-12-15T09:35:00.980-0300] {taskinstance.py:1382} INFO - Executing <Task(PythonOperator): store_folder> on 2023-02-24 00:00:00+00:00
[2023-12-15T09:35:00.984-0300] {standard_task_runner.py:57} INFO - Started process 33572 to run task
[2023-12-15T09:35:00.987-0300] {standard_task_runner.py:84} INFO - Running: ['airflow', 'tasks', 'run', 'ArmazenaPastaMongoDBDAG', 'store_folder', 'scheduled__2023-02-24T00:00:00+00:00', '--job-id', '421', '--raw', '--subdir', 'DAGS_FOLDER/upload_mongo.py', '--cfg-path', '/tmp/tmpo4_ha392']
[2023-12-15T09:35:00.988-0300] {standard_task_runner.py:85} INFO - Job 421: Subtask store_folder
[2023-12-15T09:35:01.028-0300] {task_command.py:416} INFO - Running <TaskInstance: ArmazenaPastaMongoDBDAG.store_folder scheduled__2023-02-24T00:00:00+00:00 [running]> on host JulioPC.
[2023-12-15T09:35:01.096-0300] {taskinstance.py:1662} INFO - Exporting env vars: AIRFLOW_CTX_DAG_OWNER='airflow' AIRFLOW_CTX_DAG_ID='ArmazenaPastaMongoDBDAG' AIRFLOW_CTX_TASK_ID='store_folder' AIRFLOW_CTX_EXECUTION_DATE='2023-02-24T00:00:00+00:00' AIRFLOW_CTX_TRY_NUMBER='1' AIRFLOW_CTX_DAG_RUN_ID='scheduled__2023-02-24T00:00:00+00:00'
[2023-12-15T09:35:02.102-0300] {python.py:194} INFO - Done. Returned value was: None
[2023-12-15T09:35:02.107-0300] {taskinstance.py:1400} INFO - Marking task as SUCCESS. dag_id=ArmazenaPastaMongoDBDAG, task_id=store_folder, execution_date=20230224T000000, start_date=20231215T123500, end_date=20231215T123502
[2023-12-15T09:35:02.167-0300] {local_task_job_runner.py:228} INFO - Task exited with return code 0
[2023-12-15T09:35:02.178-0300] {taskinstance.py:2778} INFO - 0 downstream tasks scheduled from follow-on schedule check
