[2023-12-15T08:50:01.712-0300] {taskinstance.py:1159} INFO - Dependencies all met for dep_context=non-requeueable deps ti=<TaskInstance: ArmazenaPastaMongoDBDAG.store_folder scheduled__2023-02-02T00:00:00+00:00 [queued]>
[2023-12-15T08:50:01.718-0300] {taskinstance.py:1159} INFO - Dependencies all met for dep_context=requeueable deps ti=<TaskInstance: ArmazenaPastaMongoDBDAG.store_folder scheduled__2023-02-02T00:00:00+00:00 [queued]>
[2023-12-15T08:50:01.718-0300] {taskinstance.py:1361} INFO - Starting attempt 1 of 1
[2023-12-15T08:50:01.734-0300] {taskinstance.py:1382} INFO - Executing <Task(PythonOperator): store_folder> on 2023-02-02 00:00:00+00:00
[2023-12-15T08:50:01.737-0300] {standard_task_runner.py:57} INFO - Started process 7508 to run task
[2023-12-15T08:50:01.740-0300] {standard_task_runner.py:84} INFO - Running: ['airflow', 'tasks', 'run', 'ArmazenaPastaMongoDBDAG', 'store_folder', 'scheduled__2023-02-02T00:00:00+00:00', '--job-id', '399', '--raw', '--subdir', 'DAGS_FOLDER/upload_mongo.py', '--cfg-path', '/tmp/tmprm2kzh9m']
[2023-12-15T08:50:01.741-0300] {standard_task_runner.py:85} INFO - Job 399: Subtask store_folder
[2023-12-15T08:50:01.774-0300] {task_command.py:416} INFO - Running <TaskInstance: ArmazenaPastaMongoDBDAG.store_folder scheduled__2023-02-02T00:00:00+00:00 [running]> on host JulioPC.
[2023-12-15T08:50:01.842-0300] {taskinstance.py:1662} INFO - Exporting env vars: AIRFLOW_CTX_DAG_OWNER='airflow' AIRFLOW_CTX_DAG_ID='ArmazenaPastaMongoDBDAG' AIRFLOW_CTX_TASK_ID='store_folder' AIRFLOW_CTX_EXECUTION_DATE='2023-02-02T00:00:00+00:00' AIRFLOW_CTX_TRY_NUMBER='1' AIRFLOW_CTX_DAG_RUN_ID='scheduled__2023-02-02T00:00:00+00:00'
[2023-12-15T08:50:02.953-0300] {python.py:194} INFO - Done. Returned value was: None
[2023-12-15T08:50:02.958-0300] {taskinstance.py:1400} INFO - Marking task as SUCCESS. dag_id=ArmazenaPastaMongoDBDAG, task_id=store_folder, execution_date=20230202T000000, start_date=20231215T115001, end_date=20231215T115002
[2023-12-15T08:50:03.003-0300] {local_task_job_runner.py:228} INFO - Task exited with return code 0
[2023-12-15T08:50:03.011-0300] {taskinstance.py:2778} INFO - 0 downstream tasks scheduled from follow-on schedule check
[2023-12-15T09:33:30.985-0300] {taskinstance.py:1159} INFO - Dependencies all met for dep_context=non-requeueable deps ti=<TaskInstance: ArmazenaPastaMongoDBDAG.store_folder scheduled__2023-02-02T00:00:00+00:00 [queued]>
[2023-12-15T09:33:30.995-0300] {taskinstance.py:1159} INFO - Dependencies all met for dep_context=requeueable deps ti=<TaskInstance: ArmazenaPastaMongoDBDAG.store_folder scheduled__2023-02-02T00:00:00+00:00 [queued]>
[2023-12-15T09:33:30.995-0300] {taskinstance.py:1361} INFO - Starting attempt 1 of 1
[2023-12-15T09:33:31.012-0300] {taskinstance.py:1382} INFO - Executing <Task(PythonOperator): store_folder> on 2023-02-02 00:00:00+00:00
[2023-12-15T09:33:31.016-0300] {standard_task_runner.py:57} INFO - Started process 32669 to run task
[2023-12-15T09:33:31.019-0300] {standard_task_runner.py:84} INFO - Running: ['airflow', 'tasks', 'run', 'ArmazenaPastaMongoDBDAG', 'store_folder', 'scheduled__2023-02-02T00:00:00+00:00', '--job-id', '399', '--raw', '--subdir', 'DAGS_FOLDER/upload_mongo.py', '--cfg-path', '/tmp/tmp3jy8mw5w']
[2023-12-15T09:33:31.020-0300] {standard_task_runner.py:85} INFO - Job 399: Subtask store_folder
[2023-12-15T09:33:31.060-0300] {task_command.py:416} INFO - Running <TaskInstance: ArmazenaPastaMongoDBDAG.store_folder scheduled__2023-02-02T00:00:00+00:00 [running]> on host JulioPC.
[2023-12-15T09:33:31.134-0300] {taskinstance.py:1662} INFO - Exporting env vars: AIRFLOW_CTX_DAG_OWNER='airflow' AIRFLOW_CTX_DAG_ID='ArmazenaPastaMongoDBDAG' AIRFLOW_CTX_TASK_ID='store_folder' AIRFLOW_CTX_EXECUTION_DATE='2023-02-02T00:00:00+00:00' AIRFLOW_CTX_TRY_NUMBER='1' AIRFLOW_CTX_DAG_RUN_ID='scheduled__2023-02-02T00:00:00+00:00'
[2023-12-15T09:33:32.184-0300] {python.py:194} INFO - Done. Returned value was: None
[2023-12-15T09:33:32.189-0300] {taskinstance.py:1400} INFO - Marking task as SUCCESS. dag_id=ArmazenaPastaMongoDBDAG, task_id=store_folder, execution_date=20230202T000000, start_date=20231215T123330, end_date=20231215T123332
[2023-12-15T09:33:32.244-0300] {local_task_job_runner.py:228} INFO - Task exited with return code 0
[2023-12-15T09:33:32.251-0300] {taskinstance.py:2778} INFO - 0 downstream tasks scheduled from follow-on schedule check
