[2023-12-15T08:51:13.454-0300] {taskinstance.py:1159} INFO - Dependencies all met for dep_context=non-requeueable deps ti=<TaskInstance: ArmazenaPastaMongoDBDAG.store_folder scheduled__2023-02-20T00:00:00+00:00 [queued]>
[2023-12-15T08:51:13.460-0300] {taskinstance.py:1159} INFO - Dependencies all met for dep_context=requeueable deps ti=<TaskInstance: ArmazenaPastaMongoDBDAG.store_folder scheduled__2023-02-20T00:00:00+00:00 [queued]>
[2023-12-15T08:51:13.460-0300] {taskinstance.py:1361} INFO - Starting attempt 1 of 1
[2023-12-15T08:51:13.476-0300] {taskinstance.py:1382} INFO - Executing <Task(PythonOperator): store_folder> on 2023-02-20 00:00:00+00:00
[2023-12-15T08:51:13.480-0300] {standard_task_runner.py:57} INFO - Started process 7830 to run task
[2023-12-15T08:51:13.483-0300] {standard_task_runner.py:84} INFO - Running: ['airflow', 'tasks', 'run', 'ArmazenaPastaMongoDBDAG', 'store_folder', 'scheduled__2023-02-20T00:00:00+00:00', '--job-id', '417', '--raw', '--subdir', 'DAGS_FOLDER/upload_mongo.py', '--cfg-path', '/tmp/tmp941kqp93']
[2023-12-15T08:51:13.485-0300] {standard_task_runner.py:85} INFO - Job 417: Subtask store_folder
[2023-12-15T08:51:13.522-0300] {task_command.py:416} INFO - Running <TaskInstance: ArmazenaPastaMongoDBDAG.store_folder scheduled__2023-02-20T00:00:00+00:00 [running]> on host JulioPC.
[2023-12-15T08:51:13.592-0300] {taskinstance.py:1662} INFO - Exporting env vars: AIRFLOW_CTX_DAG_OWNER='airflow' AIRFLOW_CTX_DAG_ID='ArmazenaPastaMongoDBDAG' AIRFLOW_CTX_TASK_ID='store_folder' AIRFLOW_CTX_EXECUTION_DATE='2023-02-20T00:00:00+00:00' AIRFLOW_CTX_TRY_NUMBER='1' AIRFLOW_CTX_DAG_RUN_ID='scheduled__2023-02-20T00:00:00+00:00'
[2023-12-15T08:51:14.595-0300] {python.py:194} INFO - Done. Returned value was: None
[2023-12-15T08:51:14.601-0300] {taskinstance.py:1400} INFO - Marking task as SUCCESS. dag_id=ArmazenaPastaMongoDBDAG, task_id=store_folder, execution_date=20230220T000000, start_date=20231215T115113, end_date=20231215T115114
[2023-12-15T08:51:14.626-0300] {local_task_job_runner.py:228} INFO - Task exited with return code 0
[2023-12-15T08:51:14.633-0300] {taskinstance.py:2778} INFO - 0 downstream tasks scheduled from follow-on schedule check
[2023-12-15T09:34:44.799-0300] {taskinstance.py:1159} INFO - Dependencies all met for dep_context=non-requeueable deps ti=<TaskInstance: ArmazenaPastaMongoDBDAG.store_folder scheduled__2023-02-20T00:00:00+00:00 [queued]>
[2023-12-15T09:34:44.806-0300] {taskinstance.py:1159} INFO - Dependencies all met for dep_context=requeueable deps ti=<TaskInstance: ArmazenaPastaMongoDBDAG.store_folder scheduled__2023-02-20T00:00:00+00:00 [queued]>
[2023-12-15T09:34:44.806-0300] {taskinstance.py:1361} INFO - Starting attempt 1 of 1
[2023-12-15T09:34:44.822-0300] {taskinstance.py:1382} INFO - Executing <Task(PythonOperator): store_folder> on 2023-02-20 00:00:00+00:00
[2023-12-15T09:34:44.827-0300] {standard_task_runner.py:57} INFO - Started process 33502 to run task
[2023-12-15T09:34:44.830-0300] {standard_task_runner.py:84} INFO - Running: ['airflow', 'tasks', 'run', 'ArmazenaPastaMongoDBDAG', 'store_folder', 'scheduled__2023-02-20T00:00:00+00:00', '--job-id', '417', '--raw', '--subdir', 'DAGS_FOLDER/upload_mongo.py', '--cfg-path', '/tmp/tmpo9cj72x7']
[2023-12-15T09:34:44.831-0300] {standard_task_runner.py:85} INFO - Job 417: Subtask store_folder
[2023-12-15T09:34:44.866-0300] {task_command.py:416} INFO - Running <TaskInstance: ArmazenaPastaMongoDBDAG.store_folder scheduled__2023-02-20T00:00:00+00:00 [running]> on host JulioPC.
[2023-12-15T09:34:44.931-0300] {taskinstance.py:1662} INFO - Exporting env vars: AIRFLOW_CTX_DAG_OWNER='airflow' AIRFLOW_CTX_DAG_ID='ArmazenaPastaMongoDBDAG' AIRFLOW_CTX_TASK_ID='store_folder' AIRFLOW_CTX_EXECUTION_DATE='2023-02-20T00:00:00+00:00' AIRFLOW_CTX_TRY_NUMBER='1' AIRFLOW_CTX_DAG_RUN_ID='scheduled__2023-02-20T00:00:00+00:00'
[2023-12-15T09:34:45.948-0300] {python.py:194} INFO - Done. Returned value was: None
[2023-12-15T09:34:45.953-0300] {taskinstance.py:1400} INFO - Marking task as SUCCESS. dag_id=ArmazenaPastaMongoDBDAG, task_id=store_folder, execution_date=20230220T000000, start_date=20231215T123444, end_date=20231215T123445
[2023-12-15T09:34:46.011-0300] {local_task_job_runner.py:228} INFO - Task exited with return code 0
[2023-12-15T09:34:46.021-0300] {taskinstance.py:2778} INFO - 0 downstream tasks scheduled from follow-on schedule check
