[2023-12-15T01:04:29.469-0300] {taskinstance.py:1159} INFO - Dependencies all met for dep_context=non-requeueable deps ti=<TaskInstance: TwitterDAG.twitter_datascience scheduled__2023-12-09T00:00:00+00:00 [queued]>
[2023-12-15T01:04:29.473-0300] {taskinstance.py:1159} INFO - Dependencies all met for dep_context=requeueable deps ti=<TaskInstance: TwitterDAG.twitter_datascience scheduled__2023-12-09T00:00:00+00:00 [queued]>
[2023-12-15T01:04:29.473-0300] {taskinstance.py:1361} INFO - Starting attempt 1 of 1
[2023-12-15T01:04:29.490-0300] {taskinstance.py:1382} INFO - Executing <Task(TwitterOperator): twitter_datascience> on 2023-12-09 00:00:00+00:00
[2023-12-15T01:04:29.493-0300] {standard_task_runner.py:57} INFO - Started process 15302 to run task
[2023-12-15T01:04:29.496-0300] {standard_task_runner.py:84} INFO - Running: ['airflow', 'tasks', 'run', 'TwitterDAG', 'twitter_datascience', 'scheduled__2023-12-09T00:00:00+00:00', '--job-id', '51', '--raw', '--subdir', 'DAGS_FOLDER/twitter_dag.py', '--cfg-path', '/tmp/tmptf6y3d9b']
[2023-12-15T01:04:29.497-0300] {standard_task_runner.py:85} INFO - Job 51: Subtask twitter_datascience
[2023-12-15T01:04:29.534-0300] {task_command.py:416} INFO - Running <TaskInstance: TwitterDAG.twitter_datascience scheduled__2023-12-09T00:00:00+00:00 [running]> on host JulioPC.
[2023-12-15T01:04:29.590-0300] {taskinstance.py:1662} INFO - Exporting env vars: AIRFLOW_CTX_DAG_OWNER='airflow' AIRFLOW_CTX_DAG_ID='TwitterDAG' AIRFLOW_CTX_TASK_ID='twitter_datascience' AIRFLOW_CTX_EXECUTION_DATE='2023-12-09T00:00:00+00:00' AIRFLOW_CTX_TRY_NUMBER='1' AIRFLOW_CTX_DAG_RUN_ID='scheduled__2023-12-09T00:00:00+00:00'
[2023-12-15T01:04:29.598-0300] {base.py:73} INFO - Using connection ID 'twitter_default' for task execution.
[2023-12-15T01:04:29.600-0300] {twitter_hook.py:34} INFO - URL: https://labdados.com/2/tweets/search/recent?query=datascience&tweet.fields=author_id,conversation_id,created_at,id,in_reply_to_user_id,public_metrics,lang,text&expansions=author_id&user.fields=id,name,username,created_at&start_time=2023-12-09T00:00:00.00Z&end_time=2023-12-10T00:00:00.00Z
[2023-12-15T01:04:30.359-0300] {taskinstance.py:1400} INFO - Marking task as SUCCESS. dag_id=TwitterDAG, task_id=twitter_datascience, execution_date=20231209T000000, start_date=20231215T040429, end_date=20231215T040430
[2023-12-15T01:04:30.395-0300] {local_task_job_runner.py:228} INFO - Task exited with return code 0
[2023-12-15T01:04:30.408-0300] {taskinstance.py:2778} INFO - 1 downstream tasks scheduled from follow-on schedule check
[2023-12-15T01:09:39.605-0300] {taskinstance.py:1159} INFO - Dependencies all met for dep_context=non-requeueable deps ti=<TaskInstance: TwitterDAG.twitter_datascience scheduled__2023-12-09T00:00:00+00:00 [queued]>
[2023-12-15T01:09:39.611-0300] {taskinstance.py:1159} INFO - Dependencies all met for dep_context=requeueable deps ti=<TaskInstance: TwitterDAG.twitter_datascience scheduled__2023-12-09T00:00:00+00:00 [queued]>
[2023-12-15T01:09:39.611-0300] {taskinstance.py:1361} INFO - Starting attempt 1 of 1
[2023-12-15T01:09:39.627-0300] {taskinstance.py:1382} INFO - Executing <Task(TwitterOperator): twitter_datascience> on 2023-12-09 00:00:00+00:00
[2023-12-15T01:09:39.630-0300] {standard_task_runner.py:57} INFO - Started process 19153 to run task
[2023-12-15T01:09:39.636-0300] {standard_task_runner.py:84} INFO - Running: ['airflow', 'tasks', 'run', 'TwitterDAG', 'twitter_datascience', 'scheduled__2023-12-09T00:00:00+00:00', '--job-id', '51', '--raw', '--subdir', 'DAGS_FOLDER/twitter_dag.py', '--cfg-path', '/tmp/tmph98c6u90']
[2023-12-15T01:09:39.638-0300] {standard_task_runner.py:85} INFO - Job 51: Subtask twitter_datascience
[2023-12-15T01:09:39.748-0300] {task_command.py:416} INFO - Running <TaskInstance: TwitterDAG.twitter_datascience scheduled__2023-12-09T00:00:00+00:00 [running]> on host JulioPC.
[2023-12-15T01:09:39.876-0300] {taskinstance.py:1662} INFO - Exporting env vars: AIRFLOW_CTX_DAG_OWNER='airflow' AIRFLOW_CTX_DAG_ID='TwitterDAG' AIRFLOW_CTX_TASK_ID='twitter_datascience' AIRFLOW_CTX_EXECUTION_DATE='2023-12-09T00:00:00+00:00' AIRFLOW_CTX_TRY_NUMBER='1' AIRFLOW_CTX_DAG_RUN_ID='scheduled__2023-12-09T00:00:00+00:00'
[2023-12-15T01:09:39.893-0300] {base.py:73} INFO - Using connection ID 'twitter_default' for task execution.
[2023-12-15T01:09:39.895-0300] {twitter_hook.py:34} INFO - URL: https://labdados.com/2/tweets/search/recent?query=datascience&tweet.fields=author_id,conversation_id,created_at,id,in_reply_to_user_id,public_metrics,lang,text&expansions=author_id&user.fields=id,name,username,created_at&start_time=2023-12-09T00:00:00.00Z&end_time=2023-12-10T00:00:00.00Z
[2023-12-15T01:09:41.281-0300] {taskinstance.py:1400} INFO - Marking task as SUCCESS. dag_id=TwitterDAG, task_id=twitter_datascience, execution_date=20231209T000000, start_date=20231215T040939, end_date=20231215T040941
[2023-12-15T01:09:41.333-0300] {local_task_job_runner.py:228} INFO - Task exited with return code 0
[2023-12-15T01:09:41.360-0300] {taskinstance.py:2778} INFO - 1 downstream tasks scheduled from follow-on schedule check
[2023-12-15T01:19:28.671-0300] {taskinstance.py:1159} INFO - Dependencies all met for dep_context=non-requeueable deps ti=<TaskInstance: TwitterDAG.twitter_datascience scheduled__2023-12-09T00:00:00+00:00 [queued]>
[2023-12-15T01:19:28.679-0300] {taskinstance.py:1159} INFO - Dependencies all met for dep_context=requeueable deps ti=<TaskInstance: TwitterDAG.twitter_datascience scheduled__2023-12-09T00:00:00+00:00 [queued]>
[2023-12-15T01:19:28.679-0300] {taskinstance.py:1361} INFO - Starting attempt 1 of 1
[2023-12-15T01:19:28.696-0300] {taskinstance.py:1382} INFO - Executing <Task(TwitterOperator): twitter_datascience> on 2023-12-09 00:00:00+00:00
[2023-12-15T01:19:28.701-0300] {standard_task_runner.py:57} INFO - Started process 30458 to run task
[2023-12-15T01:19:28.703-0300] {standard_task_runner.py:84} INFO - Running: ['airflow', 'tasks', 'run', 'TwitterDAG', 'twitter_datascience', 'scheduled__2023-12-09T00:00:00+00:00', '--job-id', '51', '--raw', '--subdir', 'DAGS_FOLDER/twitter_dag.py', '--cfg-path', '/tmp/tmpa4_ttw1q']
[2023-12-15T01:19:28.705-0300] {standard_task_runner.py:85} INFO - Job 51: Subtask twitter_datascience
[2023-12-15T01:19:28.804-0300] {task_command.py:416} INFO - Running <TaskInstance: TwitterDAG.twitter_datascience scheduled__2023-12-09T00:00:00+00:00 [running]> on host JulioPC.
[2023-12-15T01:19:28.940-0300] {taskinstance.py:1662} INFO - Exporting env vars: AIRFLOW_CTX_DAG_OWNER='airflow' AIRFLOW_CTX_DAG_ID='TwitterDAG' AIRFLOW_CTX_TASK_ID='twitter_datascience' AIRFLOW_CTX_EXECUTION_DATE='2023-12-09T00:00:00+00:00' AIRFLOW_CTX_TRY_NUMBER='1' AIRFLOW_CTX_DAG_RUN_ID='scheduled__2023-12-09T00:00:00+00:00'
[2023-12-15T01:19:28.952-0300] {base.py:73} INFO - Using connection ID 'twitter_default' for task execution.
[2023-12-15T01:19:28.954-0300] {twitter_hook.py:34} INFO - URL: https://labdados.com/2/tweets/search/recent?query=datascience&tweet.fields=author_id,conversation_id,created_at,id,in_reply_to_user_id,public_metrics,lang,text&expansions=author_id&user.fields=id,name,username,created_at&start_time=2023-12-09T00:00:00.00Z&end_time=2023-12-10T00:00:00.00Z
[2023-12-15T01:19:29.569-0300] {twitter_hook.py:34} INFO - URL: https://labdados.com/2/tweets/search/recent?query=datascience&tweet.fields=author_id,conversation_id,created_at,id,in_reply_to_user_id,public_metrics,lang,text&expansions=author_id&user.fields=id,name,username,created_at&start_time=2023-12-09T00:00:00.00Z&end_time=2023-12-10T00:00:00.00Z&next_token=1234567890abcdef
[2023-12-15T01:19:29.687-0300] {taskinstance.py:1400} INFO - Marking task as SUCCESS. dag_id=TwitterDAG, task_id=twitter_datascience, execution_date=20231209T000000, start_date=20231215T041928, end_date=20231215T041929
[2023-12-15T01:19:29.727-0300] {local_task_job_runner.py:228} INFO - Task exited with return code 0
[2023-12-15T01:19:29.752-0300] {taskinstance.py:2778} INFO - 1 downstream tasks scheduled from follow-on schedule check
