[2023-12-15T09:07:58.263-0300] {taskinstance.py:1159} INFO - Dependencies all met for dep_context=non-requeueable deps ti=<TaskInstance: ArmazenaPastaMongoDBDAG.store_gold_folder scheduled__2023-01-12T00:00:00+00:00 [queued]>
[2023-12-15T09:07:58.270-0300] {taskinstance.py:1159} INFO - Dependencies all met for dep_context=requeueable deps ti=<TaskInstance: ArmazenaPastaMongoDBDAG.store_gold_folder scheduled__2023-01-12T00:00:00+00:00 [queued]>
[2023-12-15T09:07:58.270-0300] {taskinstance.py:1361} INFO - Starting attempt 1 of 1
[2023-12-15T09:07:58.287-0300] {taskinstance.py:1382} INFO - Executing <Task(PythonOperator): store_gold_folder> on 2023-01-12 00:00:00+00:00
[2023-12-15T09:07:58.291-0300] {standard_task_runner.py:57} INFO - Started process 18544 to run task
[2023-12-15T09:07:58.295-0300] {standard_task_runner.py:84} INFO - Running: ['airflow', 'tasks', 'run', 'ArmazenaPastaMongoDBDAG', 'store_gold_folder', 'scheduled__2023-01-12T00:00:00+00:00', '--job-id', '378', '--raw', '--subdir', 'DAGS_FOLDER/upload_mongo.py', '--cfg-path', '/tmp/tmpq87lev8o']
[2023-12-15T09:07:58.297-0300] {standard_task_runner.py:85} INFO - Job 378: Subtask store_gold_folder
[2023-12-15T09:07:58.340-0300] {task_command.py:416} INFO - Running <TaskInstance: ArmazenaPastaMongoDBDAG.store_gold_folder scheduled__2023-01-12T00:00:00+00:00 [running]> on host JulioPC.
[2023-12-15T09:07:58.412-0300] {taskinstance.py:1662} INFO - Exporting env vars: AIRFLOW_CTX_DAG_OWNER='airflow' AIRFLOW_CTX_DAG_ID='ArmazenaPastaMongoDBDAG' AIRFLOW_CTX_TASK_ID='store_gold_folder' AIRFLOW_CTX_EXECUTION_DATE='2023-01-12T00:00:00+00:00' AIRFLOW_CTX_TRY_NUMBER='1' AIRFLOW_CTX_DAG_RUN_ID='scheduled__2023-01-12T00:00:00+00:00'
[2023-12-15T09:07:58.432-0300] {python.py:194} INFO - Done. Returned value was: None
[2023-12-15T09:07:58.439-0300] {taskinstance.py:1400} INFO - Marking task as SUCCESS. dag_id=ArmazenaPastaMongoDBDAG, task_id=store_gold_folder, execution_date=20230112T000000, start_date=20231215T120758, end_date=20231215T120758
[2023-12-15T09:07:58.468-0300] {local_task_job_runner.py:228} INFO - Task exited with return code 0
[2023-12-15T09:07:58.479-0300] {taskinstance.py:2778} INFO - 0 downstream tasks scheduled from follow-on schedule check
[2023-12-15T09:14:11.297-0300] {taskinstance.py:1159} INFO - Dependencies all met for dep_context=non-requeueable deps ti=<TaskInstance: ArmazenaPastaMongoDBDAG.store_gold_folder scheduled__2023-01-12T00:00:00+00:00 [queued]>
[2023-12-15T09:14:11.305-0300] {taskinstance.py:1159} INFO - Dependencies all met for dep_context=requeueable deps ti=<TaskInstance: ArmazenaPastaMongoDBDAG.store_gold_folder scheduled__2023-01-12T00:00:00+00:00 [queued]>
[2023-12-15T09:14:11.305-0300] {taskinstance.py:1361} INFO - Starting attempt 1 of 1
[2023-12-15T09:14:11.321-0300] {taskinstance.py:1382} INFO - Executing <Task(PythonOperator): store_gold_folder> on 2023-01-12 00:00:00+00:00
[2023-12-15T09:14:11.324-0300] {standard_task_runner.py:57} INFO - Started process 22526 to run task
[2023-12-15T09:14:11.327-0300] {standard_task_runner.py:84} INFO - Running: ['airflow', 'tasks', 'run', 'ArmazenaPastaMongoDBDAG', 'store_gold_folder', 'scheduled__2023-01-12T00:00:00+00:00', '--job-id', '378', '--raw', '--subdir', 'DAGS_FOLDER/upload_mongo.py', '--cfg-path', '/tmp/tmp5e3neswb']
[2023-12-15T09:14:11.328-0300] {standard_task_runner.py:85} INFO - Job 378: Subtask store_gold_folder
[2023-12-15T09:14:11.366-0300] {task_command.py:416} INFO - Running <TaskInstance: ArmazenaPastaMongoDBDAG.store_gold_folder scheduled__2023-01-12T00:00:00+00:00 [running]> on host JulioPC.
[2023-12-15T09:14:11.432-0300] {taskinstance.py:1662} INFO - Exporting env vars: AIRFLOW_CTX_DAG_OWNER='airflow' AIRFLOW_CTX_DAG_ID='ArmazenaPastaMongoDBDAG' AIRFLOW_CTX_TASK_ID='store_gold_folder' AIRFLOW_CTX_EXECUTION_DATE='2023-01-12T00:00:00+00:00' AIRFLOW_CTX_TRY_NUMBER='1' AIRFLOW_CTX_DAG_RUN_ID='scheduled__2023-01-12T00:00:00+00:00'
[2023-12-15T09:14:11.449-0300] {python.py:194} INFO - Done. Returned value was: None
[2023-12-15T09:14:11.455-0300] {taskinstance.py:1400} INFO - Marking task as SUCCESS. dag_id=ArmazenaPastaMongoDBDAG, task_id=store_gold_folder, execution_date=20230112T000000, start_date=20231215T121411, end_date=20231215T121411
[2023-12-15T09:14:11.500-0300] {local_task_job_runner.py:228} INFO - Task exited with return code 0
[2023-12-15T09:14:11.509-0300] {taskinstance.py:2778} INFO - 0 downstream tasks scheduled from follow-on schedule check
