[2023-12-15T08:49:32.631-0300] {taskinstance.py:1159} INFO - Dependencies all met for dep_context=non-requeueable deps ti=<TaskInstance: ArmazenaPastaMongoDBDAG.store_folder scheduled__2023-01-27T00:00:00+00:00 [queued]>
[2023-12-15T08:49:32.638-0300] {taskinstance.py:1159} INFO - Dependencies all met for dep_context=requeueable deps ti=<TaskInstance: ArmazenaPastaMongoDBDAG.store_folder scheduled__2023-01-27T00:00:00+00:00 [queued]>
[2023-12-15T08:49:32.638-0300] {taskinstance.py:1361} INFO - Starting attempt 1 of 1
[2023-12-15T08:49:32.654-0300] {taskinstance.py:1382} INFO - Executing <Task(PythonOperator): store_folder> on 2023-01-27 00:00:00+00:00
[2023-12-15T08:49:32.658-0300] {standard_task_runner.py:57} INFO - Started process 6270 to run task
[2023-12-15T08:49:32.661-0300] {standard_task_runner.py:84} INFO - Running: ['airflow', 'tasks', 'run', 'ArmazenaPastaMongoDBDAG', 'store_folder', 'scheduled__2023-01-27T00:00:00+00:00', '--job-id', '393', '--raw', '--subdir', 'DAGS_FOLDER/upload_mongo.py', '--cfg-path', '/tmp/tmpcsw_91hh']
[2023-12-15T08:49:32.662-0300] {standard_task_runner.py:85} INFO - Job 393: Subtask store_folder
[2023-12-15T08:49:32.705-0300] {task_command.py:416} INFO - Running <TaskInstance: ArmazenaPastaMongoDBDAG.store_folder scheduled__2023-01-27T00:00:00+00:00 [running]> on host JulioPC.
[2023-12-15T08:49:32.765-0300] {taskinstance.py:1662} INFO - Exporting env vars: AIRFLOW_CTX_DAG_OWNER='airflow' AIRFLOW_CTX_DAG_ID='ArmazenaPastaMongoDBDAG' AIRFLOW_CTX_TASK_ID='store_folder' AIRFLOW_CTX_EXECUTION_DATE='2023-01-27T00:00:00+00:00' AIRFLOW_CTX_TRY_NUMBER='1' AIRFLOW_CTX_DAG_RUN_ID='scheduled__2023-01-27T00:00:00+00:00'
[2023-12-15T08:49:33.908-0300] {python.py:194} INFO - Done. Returned value was: None
[2023-12-15T08:49:33.913-0300] {taskinstance.py:1400} INFO - Marking task as SUCCESS. dag_id=ArmazenaPastaMongoDBDAG, task_id=store_folder, execution_date=20230127T000000, start_date=20231215T114932, end_date=20231215T114933
[2023-12-15T08:49:33.964-0300] {local_task_job_runner.py:228} INFO - Task exited with return code 0
[2023-12-15T08:49:33.974-0300] {taskinstance.py:2778} INFO - 0 downstream tasks scheduled from follow-on schedule check
[2023-12-15T09:33:03.646-0300] {taskinstance.py:1159} INFO - Dependencies all met for dep_context=non-requeueable deps ti=<TaskInstance: ArmazenaPastaMongoDBDAG.store_folder scheduled__2023-01-27T00:00:00+00:00 [queued]>
[2023-12-15T09:33:03.654-0300] {taskinstance.py:1159} INFO - Dependencies all met for dep_context=requeueable deps ti=<TaskInstance: ArmazenaPastaMongoDBDAG.store_folder scheduled__2023-01-27T00:00:00+00:00 [queued]>
[2023-12-15T09:33:03.654-0300] {taskinstance.py:1361} INFO - Starting attempt 1 of 1
[2023-12-15T09:33:03.670-0300] {taskinstance.py:1382} INFO - Executing <Task(PythonOperator): store_folder> on 2023-01-27 00:00:00+00:00
[2023-12-15T09:33:03.675-0300] {standard_task_runner.py:57} INFO - Started process 32561 to run task
[2023-12-15T09:33:03.678-0300] {standard_task_runner.py:84} INFO - Running: ['airflow', 'tasks', 'run', 'ArmazenaPastaMongoDBDAG', 'store_folder', 'scheduled__2023-01-27T00:00:00+00:00', '--job-id', '393', '--raw', '--subdir', 'DAGS_FOLDER/upload_mongo.py', '--cfg-path', '/tmp/tmp7b9ciji0']
[2023-12-15T09:33:03.679-0300] {standard_task_runner.py:85} INFO - Job 393: Subtask store_folder
[2023-12-15T09:33:03.719-0300] {task_command.py:416} INFO - Running <TaskInstance: ArmazenaPastaMongoDBDAG.store_folder scheduled__2023-01-27T00:00:00+00:00 [running]> on host JulioPC.
[2023-12-15T09:33:03.803-0300] {taskinstance.py:1662} INFO - Exporting env vars: AIRFLOW_CTX_DAG_OWNER='airflow' AIRFLOW_CTX_DAG_ID='ArmazenaPastaMongoDBDAG' AIRFLOW_CTX_TASK_ID='store_folder' AIRFLOW_CTX_EXECUTION_DATE='2023-01-27T00:00:00+00:00' AIRFLOW_CTX_TRY_NUMBER='1' AIRFLOW_CTX_DAG_RUN_ID='scheduled__2023-01-27T00:00:00+00:00'
[2023-12-15T09:33:04.951-0300] {python.py:194} INFO - Done. Returned value was: None
[2023-12-15T09:33:04.956-0300] {taskinstance.py:1400} INFO - Marking task as SUCCESS. dag_id=ArmazenaPastaMongoDBDAG, task_id=store_folder, execution_date=20230127T000000, start_date=20231215T123303, end_date=20231215T123304
[2023-12-15T09:33:04.983-0300] {local_task_job_runner.py:228} INFO - Task exited with return code 0
[2023-12-15T09:33:04.991-0300] {taskinstance.py:2778} INFO - 0 downstream tasks scheduled from follow-on schedule check
