[2023-12-15T08:50:16.211-0300] {taskinstance.py:1159} INFO - Dependencies all met for dep_context=non-requeueable deps ti=<TaskInstance: ArmazenaPastaMongoDBDAG.store_folder scheduled__2023-02-06T00:00:00+00:00 [queued]>
[2023-12-15T08:50:16.218-0300] {taskinstance.py:1159} INFO - Dependencies all met for dep_context=requeueable deps ti=<TaskInstance: ArmazenaPastaMongoDBDAG.store_folder scheduled__2023-02-06T00:00:00+00:00 [queued]>
[2023-12-15T08:50:16.218-0300] {taskinstance.py:1361} INFO - Starting attempt 1 of 1
[2023-12-15T08:50:16.235-0300] {taskinstance.py:1382} INFO - Executing <Task(PythonOperator): store_folder> on 2023-02-06 00:00:00+00:00
[2023-12-15T08:50:16.239-0300] {standard_task_runner.py:57} INFO - Started process 7577 to run task
[2023-12-15T08:50:16.242-0300] {standard_task_runner.py:84} INFO - Running: ['airflow', 'tasks', 'run', 'ArmazenaPastaMongoDBDAG', 'store_folder', 'scheduled__2023-02-06T00:00:00+00:00', '--job-id', '403', '--raw', '--subdir', 'DAGS_FOLDER/upload_mongo.py', '--cfg-path', '/tmp/tmp3pp7mo7j']
[2023-12-15T08:50:16.244-0300] {standard_task_runner.py:85} INFO - Job 403: Subtask store_folder
[2023-12-15T08:50:16.277-0300] {task_command.py:416} INFO - Running <TaskInstance: ArmazenaPastaMongoDBDAG.store_folder scheduled__2023-02-06T00:00:00+00:00 [running]> on host JulioPC.
[2023-12-15T08:50:16.340-0300] {taskinstance.py:1662} INFO - Exporting env vars: AIRFLOW_CTX_DAG_OWNER='airflow' AIRFLOW_CTX_DAG_ID='ArmazenaPastaMongoDBDAG' AIRFLOW_CTX_TASK_ID='store_folder' AIRFLOW_CTX_EXECUTION_DATE='2023-02-06T00:00:00+00:00' AIRFLOW_CTX_TRY_NUMBER='1' AIRFLOW_CTX_DAG_RUN_ID='scheduled__2023-02-06T00:00:00+00:00'
[2023-12-15T08:50:17.532-0300] {python.py:194} INFO - Done. Returned value was: None
[2023-12-15T08:50:17.536-0300] {taskinstance.py:1400} INFO - Marking task as SUCCESS. dag_id=ArmazenaPastaMongoDBDAG, task_id=store_folder, execution_date=20230206T000000, start_date=20231215T115016, end_date=20231215T115017
[2023-12-15T08:50:17.586-0300] {local_task_job_runner.py:228} INFO - Task exited with return code 0
[2023-12-15T08:50:17.595-0300] {taskinstance.py:2778} INFO - 0 downstream tasks scheduled from follow-on schedule check
[2023-12-15T09:33:48.991-0300] {taskinstance.py:1159} INFO - Dependencies all met for dep_context=non-requeueable deps ti=<TaskInstance: ArmazenaPastaMongoDBDAG.store_folder scheduled__2023-02-06T00:00:00+00:00 [queued]>
[2023-12-15T09:33:49.000-0300] {taskinstance.py:1159} INFO - Dependencies all met for dep_context=requeueable deps ti=<TaskInstance: ArmazenaPastaMongoDBDAG.store_folder scheduled__2023-02-06T00:00:00+00:00 [queued]>
[2023-12-15T09:33:49.000-0300] {taskinstance.py:1361} INFO - Starting attempt 1 of 1
[2023-12-15T09:33:49.016-0300] {taskinstance.py:1382} INFO - Executing <Task(PythonOperator): store_folder> on 2023-02-06 00:00:00+00:00
[2023-12-15T09:33:49.021-0300] {standard_task_runner.py:57} INFO - Started process 33240 to run task
[2023-12-15T09:33:49.025-0300] {standard_task_runner.py:84} INFO - Running: ['airflow', 'tasks', 'run', 'ArmazenaPastaMongoDBDAG', 'store_folder', 'scheduled__2023-02-06T00:00:00+00:00', '--job-id', '403', '--raw', '--subdir', 'DAGS_FOLDER/upload_mongo.py', '--cfg-path', '/tmp/tmpbh_clhhd']
[2023-12-15T09:33:49.026-0300] {standard_task_runner.py:85} INFO - Job 403: Subtask store_folder
[2023-12-15T09:33:49.069-0300] {task_command.py:416} INFO - Running <TaskInstance: ArmazenaPastaMongoDBDAG.store_folder scheduled__2023-02-06T00:00:00+00:00 [running]> on host JulioPC.
[2023-12-15T09:33:49.141-0300] {taskinstance.py:1662} INFO - Exporting env vars: AIRFLOW_CTX_DAG_OWNER='airflow' AIRFLOW_CTX_DAG_ID='ArmazenaPastaMongoDBDAG' AIRFLOW_CTX_TASK_ID='store_folder' AIRFLOW_CTX_EXECUTION_DATE='2023-02-06T00:00:00+00:00' AIRFLOW_CTX_TRY_NUMBER='1' AIRFLOW_CTX_DAG_RUN_ID='scheduled__2023-02-06T00:00:00+00:00'
[2023-12-15T09:33:50.169-0300] {python.py:194} INFO - Done. Returned value was: None
[2023-12-15T09:33:50.174-0300] {taskinstance.py:1400} INFO - Marking task as SUCCESS. dag_id=ArmazenaPastaMongoDBDAG, task_id=store_folder, execution_date=20230206T000000, start_date=20231215T123348, end_date=20231215T123350
[2023-12-15T09:33:50.208-0300] {local_task_job_runner.py:228} INFO - Task exited with return code 0
[2023-12-15T09:33:50.217-0300] {taskinstance.py:2778} INFO - 0 downstream tasks scheduled from follow-on schedule check
