[2023-12-15T08:49:36.157-0300] {taskinstance.py:1159} INFO - Dependencies all met for dep_context=non-requeueable deps ti=<TaskInstance: ArmazenaPastaMongoDBDAG.store_folder scheduled__2023-01-28T00:00:00+00:00 [queued]>
[2023-12-15T08:49:36.163-0300] {taskinstance.py:1159} INFO - Dependencies all met for dep_context=requeueable deps ti=<TaskInstance: ArmazenaPastaMongoDBDAG.store_folder scheduled__2023-01-28T00:00:00+00:00 [queued]>
[2023-12-15T08:49:36.163-0300] {taskinstance.py:1361} INFO - Starting attempt 1 of 1
[2023-12-15T08:49:36.182-0300] {taskinstance.py:1382} INFO - Executing <Task(PythonOperator): store_folder> on 2023-01-28 00:00:00+00:00
[2023-12-15T08:49:36.185-0300] {standard_task_runner.py:57} INFO - Started process 6287 to run task
[2023-12-15T08:49:36.189-0300] {standard_task_runner.py:84} INFO - Running: ['airflow', 'tasks', 'run', 'ArmazenaPastaMongoDBDAG', 'store_folder', 'scheduled__2023-01-28T00:00:00+00:00', '--job-id', '394', '--raw', '--subdir', 'DAGS_FOLDER/upload_mongo.py', '--cfg-path', '/tmp/tmpkcgsjg5h']
[2023-12-15T08:49:36.190-0300] {standard_task_runner.py:85} INFO - Job 394: Subtask store_folder
[2023-12-15T08:49:36.229-0300] {task_command.py:416} INFO - Running <TaskInstance: ArmazenaPastaMongoDBDAG.store_folder scheduled__2023-01-28T00:00:00+00:00 [running]> on host JulioPC.
[2023-12-15T08:49:36.293-0300] {taskinstance.py:1662} INFO - Exporting env vars: AIRFLOW_CTX_DAG_OWNER='airflow' AIRFLOW_CTX_DAG_ID='ArmazenaPastaMongoDBDAG' AIRFLOW_CTX_TASK_ID='store_folder' AIRFLOW_CTX_EXECUTION_DATE='2023-01-28T00:00:00+00:00' AIRFLOW_CTX_TRY_NUMBER='1' AIRFLOW_CTX_DAG_RUN_ID='scheduled__2023-01-28T00:00:00+00:00'
[2023-12-15T08:49:37.391-0300] {python.py:194} INFO - Done. Returned value was: None
[2023-12-15T08:49:37.395-0300] {taskinstance.py:1400} INFO - Marking task as SUCCESS. dag_id=ArmazenaPastaMongoDBDAG, task_id=store_folder, execution_date=20230128T000000, start_date=20231215T114936, end_date=20231215T114937
[2023-12-15T08:49:37.450-0300] {local_task_job_runner.py:228} INFO - Task exited with return code 0
[2023-12-15T08:49:37.457-0300] {taskinstance.py:2778} INFO - 0 downstream tasks scheduled from follow-on schedule check
[2023-12-15T09:33:08.434-0300] {taskinstance.py:1159} INFO - Dependencies all met for dep_context=non-requeueable deps ti=<TaskInstance: ArmazenaPastaMongoDBDAG.store_folder scheduled__2023-01-28T00:00:00+00:00 [queued]>
[2023-12-15T09:33:08.440-0300] {taskinstance.py:1159} INFO - Dependencies all met for dep_context=requeueable deps ti=<TaskInstance: ArmazenaPastaMongoDBDAG.store_folder scheduled__2023-01-28T00:00:00+00:00 [queued]>
[2023-12-15T09:33:08.441-0300] {taskinstance.py:1361} INFO - Starting attempt 1 of 1
[2023-12-15T09:33:08.457-0300] {taskinstance.py:1382} INFO - Executing <Task(PythonOperator): store_folder> on 2023-01-28 00:00:00+00:00
[2023-12-15T09:33:08.462-0300] {standard_task_runner.py:57} INFO - Started process 32579 to run task
[2023-12-15T09:33:08.464-0300] {standard_task_runner.py:84} INFO - Running: ['airflow', 'tasks', 'run', 'ArmazenaPastaMongoDBDAG', 'store_folder', 'scheduled__2023-01-28T00:00:00+00:00', '--job-id', '394', '--raw', '--subdir', 'DAGS_FOLDER/upload_mongo.py', '--cfg-path', '/tmp/tmpg63pt9us']
[2023-12-15T09:33:08.466-0300] {standard_task_runner.py:85} INFO - Job 394: Subtask store_folder
[2023-12-15T09:33:08.501-0300] {task_command.py:416} INFO - Running <TaskInstance: ArmazenaPastaMongoDBDAG.store_folder scheduled__2023-01-28T00:00:00+00:00 [running]> on host JulioPC.
[2023-12-15T09:33:08.564-0300] {taskinstance.py:1662} INFO - Exporting env vars: AIRFLOW_CTX_DAG_OWNER='airflow' AIRFLOW_CTX_DAG_ID='ArmazenaPastaMongoDBDAG' AIRFLOW_CTX_TASK_ID='store_folder' AIRFLOW_CTX_EXECUTION_DATE='2023-01-28T00:00:00+00:00' AIRFLOW_CTX_TRY_NUMBER='1' AIRFLOW_CTX_DAG_RUN_ID='scheduled__2023-01-28T00:00:00+00:00'
[2023-12-15T09:33:09.650-0300] {python.py:194} INFO - Done. Returned value was: None
[2023-12-15T09:33:09.656-0300] {taskinstance.py:1400} INFO - Marking task as SUCCESS. dag_id=ArmazenaPastaMongoDBDAG, task_id=store_folder, execution_date=20230128T000000, start_date=20231215T123308, end_date=20231215T123309
[2023-12-15T09:33:09.686-0300] {local_task_job_runner.py:228} INFO - Task exited with return code 0
[2023-12-15T09:33:09.698-0300] {taskinstance.py:2778} INFO - 0 downstream tasks scheduled from follow-on schedule check
