[2023-12-15T09:07:24.036-0300] {taskinstance.py:1159} INFO - Dependencies all met for dep_context=non-requeueable deps ti=<TaskInstance: ArmazenaPastaMongoDBDAG.store_gold_folder scheduled__2023-01-03T00:00:00+00:00 [queued]>
[2023-12-15T09:07:24.043-0300] {taskinstance.py:1159} INFO - Dependencies all met for dep_context=requeueable deps ti=<TaskInstance: ArmazenaPastaMongoDBDAG.store_gold_folder scheduled__2023-01-03T00:00:00+00:00 [queued]>
[2023-12-15T09:07:24.043-0300] {taskinstance.py:1361} INFO - Starting attempt 1 of 1
[2023-12-15T09:07:24.058-0300] {taskinstance.py:1382} INFO - Executing <Task(PythonOperator): store_gold_folder> on 2023-01-03 00:00:00+00:00
[2023-12-15T09:07:24.060-0300] {standard_task_runner.py:57} INFO - Started process 17389 to run task
[2023-12-15T09:07:24.063-0300] {standard_task_runner.py:84} INFO - Running: ['airflow', 'tasks', 'run', 'ArmazenaPastaMongoDBDAG', 'store_gold_folder', 'scheduled__2023-01-03T00:00:00+00:00', '--job-id', '369', '--raw', '--subdir', 'DAGS_FOLDER/upload_mongo.py', '--cfg-path', '/tmp/tmpb_wg544y']
[2023-12-15T09:07:24.064-0300] {standard_task_runner.py:85} INFO - Job 369: Subtask store_gold_folder
[2023-12-15T09:07:24.099-0300] {task_command.py:416} INFO - Running <TaskInstance: ArmazenaPastaMongoDBDAG.store_gold_folder scheduled__2023-01-03T00:00:00+00:00 [running]> on host JulioPC.
[2023-12-15T09:07:24.162-0300] {taskinstance.py:1662} INFO - Exporting env vars: AIRFLOW_CTX_DAG_OWNER='airflow' AIRFLOW_CTX_DAG_ID='ArmazenaPastaMongoDBDAG' AIRFLOW_CTX_TASK_ID='store_gold_folder' AIRFLOW_CTX_EXECUTION_DATE='2023-01-03T00:00:00+00:00' AIRFLOW_CTX_TRY_NUMBER='1' AIRFLOW_CTX_DAG_RUN_ID='scheduled__2023-01-03T00:00:00+00:00'
[2023-12-15T09:07:24.181-0300] {python.py:194} INFO - Done. Returned value was: None
[2023-12-15T09:07:24.187-0300] {taskinstance.py:1400} INFO - Marking task as SUCCESS. dag_id=ArmazenaPastaMongoDBDAG, task_id=store_gold_folder, execution_date=20230103T000000, start_date=20231215T120724, end_date=20231215T120724
[2023-12-15T09:07:24.236-0300] {local_task_job_runner.py:228} INFO - Task exited with return code 0
[2023-12-15T09:07:24.245-0300] {taskinstance.py:2778} INFO - 0 downstream tasks scheduled from follow-on schedule check
[2023-12-15T09:13:45.303-0300] {taskinstance.py:1159} INFO - Dependencies all met for dep_context=non-requeueable deps ti=<TaskInstance: ArmazenaPastaMongoDBDAG.store_gold_folder scheduled__2023-01-03T00:00:00+00:00 [queued]>
[2023-12-15T09:13:45.310-0300] {taskinstance.py:1159} INFO - Dependencies all met for dep_context=requeueable deps ti=<TaskInstance: ArmazenaPastaMongoDBDAG.store_gold_folder scheduled__2023-01-03T00:00:00+00:00 [queued]>
[2023-12-15T09:13:45.310-0300] {taskinstance.py:1361} INFO - Starting attempt 1 of 1
[2023-12-15T09:13:45.327-0300] {taskinstance.py:1382} INFO - Executing <Task(PythonOperator): store_gold_folder> on 2023-01-03 00:00:00+00:00
[2023-12-15T09:13:45.329-0300] {standard_task_runner.py:57} INFO - Started process 22394 to run task
[2023-12-15T09:13:45.332-0300] {standard_task_runner.py:84} INFO - Running: ['airflow', 'tasks', 'run', 'ArmazenaPastaMongoDBDAG', 'store_gold_folder', 'scheduled__2023-01-03T00:00:00+00:00', '--job-id', '369', '--raw', '--subdir', 'DAGS_FOLDER/upload_mongo.py', '--cfg-path', '/tmp/tmpw5d62vof']
[2023-12-15T09:13:45.334-0300] {standard_task_runner.py:85} INFO - Job 369: Subtask store_gold_folder
[2023-12-15T09:13:45.368-0300] {task_command.py:416} INFO - Running <TaskInstance: ArmazenaPastaMongoDBDAG.store_gold_folder scheduled__2023-01-03T00:00:00+00:00 [running]> on host JulioPC.
[2023-12-15T09:13:45.426-0300] {taskinstance.py:1662} INFO - Exporting env vars: AIRFLOW_CTX_DAG_OWNER='airflow' AIRFLOW_CTX_DAG_ID='ArmazenaPastaMongoDBDAG' AIRFLOW_CTX_TASK_ID='store_gold_folder' AIRFLOW_CTX_EXECUTION_DATE='2023-01-03T00:00:00+00:00' AIRFLOW_CTX_TRY_NUMBER='1' AIRFLOW_CTX_DAG_RUN_ID='scheduled__2023-01-03T00:00:00+00:00'
[2023-12-15T09:13:45.442-0300] {python.py:194} INFO - Done. Returned value was: None
[2023-12-15T09:13:45.448-0300] {taskinstance.py:1400} INFO - Marking task as SUCCESS. dag_id=ArmazenaPastaMongoDBDAG, task_id=store_gold_folder, execution_date=20230103T000000, start_date=20231215T121345, end_date=20231215T121345
[2023-12-15T09:13:45.505-0300] {local_task_job_runner.py:228} INFO - Task exited with return code 0
[2023-12-15T09:13:45.515-0300] {taskinstance.py:2778} INFO - 0 downstream tasks scheduled from follow-on schedule check
