[2023-12-15T09:07:49.680-0300] {taskinstance.py:1159} INFO - Dependencies all met for dep_context=non-requeueable deps ti=<TaskInstance: ArmazenaPastaMongoDBDAG.store_gold_folder scheduled__2023-01-10T00:00:00+00:00 [queued]>
[2023-12-15T09:07:49.687-0300] {taskinstance.py:1159} INFO - Dependencies all met for dep_context=requeueable deps ti=<TaskInstance: ArmazenaPastaMongoDBDAG.store_gold_folder scheduled__2023-01-10T00:00:00+00:00 [queued]>
[2023-12-15T09:07:49.687-0300] {taskinstance.py:1361} INFO - Starting attempt 1 of 1
[2023-12-15T09:07:49.708-0300] {taskinstance.py:1382} INFO - Executing <Task(PythonOperator): store_gold_folder> on 2023-01-10 00:00:00+00:00
[2023-12-15T09:07:49.711-0300] {standard_task_runner.py:57} INFO - Started process 17492 to run task
[2023-12-15T09:07:49.715-0300] {standard_task_runner.py:84} INFO - Running: ['airflow', 'tasks', 'run', 'ArmazenaPastaMongoDBDAG', 'store_gold_folder', 'scheduled__2023-01-10T00:00:00+00:00', '--job-id', '376', '--raw', '--subdir', 'DAGS_FOLDER/upload_mongo.py', '--cfg-path', '/tmp/tmpth60xwj_']
[2023-12-15T09:07:49.716-0300] {standard_task_runner.py:85} INFO - Job 376: Subtask store_gold_folder
[2023-12-15T09:07:49.758-0300] {task_command.py:416} INFO - Running <TaskInstance: ArmazenaPastaMongoDBDAG.store_gold_folder scheduled__2023-01-10T00:00:00+00:00 [running]> on host JulioPC.
[2023-12-15T09:07:49.828-0300] {taskinstance.py:1662} INFO - Exporting env vars: AIRFLOW_CTX_DAG_OWNER='airflow' AIRFLOW_CTX_DAG_ID='ArmazenaPastaMongoDBDAG' AIRFLOW_CTX_TASK_ID='store_gold_folder' AIRFLOW_CTX_EXECUTION_DATE='2023-01-10T00:00:00+00:00' AIRFLOW_CTX_TRY_NUMBER='1' AIRFLOW_CTX_DAG_RUN_ID='scheduled__2023-01-10T00:00:00+00:00'
[2023-12-15T09:07:49.853-0300] {python.py:194} INFO - Done. Returned value was: None
[2023-12-15T09:07:49.860-0300] {taskinstance.py:1400} INFO - Marking task as SUCCESS. dag_id=ArmazenaPastaMongoDBDAG, task_id=store_gold_folder, execution_date=20230110T000000, start_date=20231215T120749, end_date=20231215T120749
[2023-12-15T09:07:49.889-0300] {local_task_job_runner.py:228} INFO - Task exited with return code 0
[2023-12-15T09:07:49.899-0300] {taskinstance.py:2778} INFO - 0 downstream tasks scheduled from follow-on schedule check
[2023-12-15T09:14:05.332-0300] {taskinstance.py:1159} INFO - Dependencies all met for dep_context=non-requeueable deps ti=<TaskInstance: ArmazenaPastaMongoDBDAG.store_gold_folder scheduled__2023-01-10T00:00:00+00:00 [queued]>
[2023-12-15T09:14:05.339-0300] {taskinstance.py:1159} INFO - Dependencies all met for dep_context=requeueable deps ti=<TaskInstance: ArmazenaPastaMongoDBDAG.store_gold_folder scheduled__2023-01-10T00:00:00+00:00 [queued]>
[2023-12-15T09:14:05.340-0300] {taskinstance.py:1361} INFO - Starting attempt 1 of 1
[2023-12-15T09:14:05.356-0300] {taskinstance.py:1382} INFO - Executing <Task(PythonOperator): store_gold_folder> on 2023-01-10 00:00:00+00:00
[2023-12-15T09:14:05.359-0300] {standard_task_runner.py:57} INFO - Started process 22497 to run task
[2023-12-15T09:14:05.362-0300] {standard_task_runner.py:84} INFO - Running: ['airflow', 'tasks', 'run', 'ArmazenaPastaMongoDBDAG', 'store_gold_folder', 'scheduled__2023-01-10T00:00:00+00:00', '--job-id', '376', '--raw', '--subdir', 'DAGS_FOLDER/upload_mongo.py', '--cfg-path', '/tmp/tmpoxr_wtmp']
[2023-12-15T09:14:05.363-0300] {standard_task_runner.py:85} INFO - Job 376: Subtask store_gold_folder
[2023-12-15T09:14:05.399-0300] {task_command.py:416} INFO - Running <TaskInstance: ArmazenaPastaMongoDBDAG.store_gold_folder scheduled__2023-01-10T00:00:00+00:00 [running]> on host JulioPC.
[2023-12-15T09:14:05.460-0300] {taskinstance.py:1662} INFO - Exporting env vars: AIRFLOW_CTX_DAG_OWNER='airflow' AIRFLOW_CTX_DAG_ID='ArmazenaPastaMongoDBDAG' AIRFLOW_CTX_TASK_ID='store_gold_folder' AIRFLOW_CTX_EXECUTION_DATE='2023-01-10T00:00:00+00:00' AIRFLOW_CTX_TRY_NUMBER='1' AIRFLOW_CTX_DAG_RUN_ID='scheduled__2023-01-10T00:00:00+00:00'
[2023-12-15T09:14:05.478-0300] {python.py:194} INFO - Done. Returned value was: None
[2023-12-15T09:14:05.483-0300] {taskinstance.py:1400} INFO - Marking task as SUCCESS. dag_id=ArmazenaPastaMongoDBDAG, task_id=store_gold_folder, execution_date=20230110T000000, start_date=20231215T121405, end_date=20231215T121405
[2023-12-15T09:14:05.535-0300] {local_task_job_runner.py:228} INFO - Task exited with return code 0
[2023-12-15T09:14:05.543-0300] {taskinstance.py:2778} INFO - 0 downstream tasks scheduled from follow-on schedule check
