[2023-12-14T20:39:26.477-0300] {processor.py:157} INFO - Started process (PID=227116) to work on /home/julioubuntu/Projects/EGD/airflow-trabalho-final/airflow_pipeline/dags/drop_table_dag.py
[2023-12-14T20:39:26.478-0300] {processor.py:829} INFO - Processing file /home/julioubuntu/Projects/EGD/airflow-trabalho-final/airflow_pipeline/dags/drop_table_dag.py for tasks to queue
[2023-12-14T20:39:26.479-0300] {logging_mixin.py:154} INFO - [2023-12-14T20:39:26.479-0300] {dagbag.py:536} INFO - Filling up the DagBag from /home/julioubuntu/Projects/EGD/airflow-trabalho-final/airflow_pipeline/dags/drop_table_dag.py
[2023-12-14T20:39:26.487-0300] {processor.py:839} INFO - DAG(s) dict_keys(['DropGoldLayerDAG']) retrieved from /home/julioubuntu/Projects/EGD/airflow-trabalho-final/airflow_pipeline/dags/drop_table_dag.py
[2023-12-14T20:39:26.568-0300] {logging_mixin.py:154} INFO - [2023-12-14T20:39:26.568-0300] {manager.py:499} INFO - Created Permission View: %s
[2023-12-14T20:39:26.582-0300] {logging_mixin.py:154} INFO - [2023-12-14T20:39:26.582-0300] {manager.py:499} INFO - Created Permission View: %s
[2023-12-14T20:39:26.593-0300] {logging_mixin.py:154} INFO - [2023-12-14T20:39:26.593-0300] {manager.py:499} INFO - Created Permission View: %s
[2023-12-14T20:39:26.593-0300] {logging_mixin.py:154} INFO - [2023-12-14T20:39:26.593-0300] {dag.py:2941} INFO - Sync 1 DAGs
[2023-12-14T20:39:26.604-0300] {logging_mixin.py:154} INFO - [2023-12-14T20:39:26.603-0300] {dag.py:2963} INFO - Creating ORM DAG for DropGoldLayerDAG
[2023-12-14T20:39:26.610-0300] {logging_mixin.py:154} INFO - [2023-12-14T20:39:26.610-0300] {dag.py:3722} INFO - Setting next_dagrun for DropGoldLayerDAG to 2023-12-14T00:00:00+00:00, run_after=2023-12-14T00:00:00+00:00
[2023-12-14T20:39:26.638-0300] {processor.py:179} INFO - Processing /home/julioubuntu/Projects/EGD/airflow-trabalho-final/airflow_pipeline/dags/drop_table_dag.py took 0.164 seconds
[2023-12-14T20:40:01.372-0300] {processor.py:157} INFO - Started process (PID=227195) to work on /home/julioubuntu/Projects/EGD/airflow-trabalho-final/airflow_pipeline/dags/drop_table_dag.py
[2023-12-14T20:40:01.373-0300] {processor.py:829} INFO - Processing file /home/julioubuntu/Projects/EGD/airflow-trabalho-final/airflow_pipeline/dags/drop_table_dag.py for tasks to queue
[2023-12-14T20:40:01.374-0300] {logging_mixin.py:154} INFO - [2023-12-14T20:40:01.374-0300] {dagbag.py:536} INFO - Filling up the DagBag from /home/julioubuntu/Projects/EGD/airflow-trabalho-final/airflow_pipeline/dags/drop_table_dag.py
[2023-12-14T20:40:01.380-0300] {processor.py:839} INFO - DAG(s) dict_keys(['DropGoldLayerDAG']) retrieved from /home/julioubuntu/Projects/EGD/airflow-trabalho-final/airflow_pipeline/dags/drop_table_dag.py
[2023-12-14T20:40:01.394-0300] {logging_mixin.py:154} INFO - [2023-12-14T20:40:01.394-0300] {dag.py:2941} INFO - Sync 1 DAGs
[2023-12-14T20:40:01.412-0300] {logging_mixin.py:154} INFO - [2023-12-14T20:40:01.412-0300] {dag.py:3722} INFO - Setting next_dagrun for DropGoldLayerDAG to None, run_after=None
[2023-12-14T20:40:01.435-0300] {processor.py:179} INFO - Processing /home/julioubuntu/Projects/EGD/airflow-trabalho-final/airflow_pipeline/dags/drop_table_dag.py took 0.066 seconds
[2023-12-14T20:40:51.478-0300] {processor.py:157} INFO - Started process (PID=227266) to work on /home/julioubuntu/Projects/EGD/airflow-trabalho-final/airflow_pipeline/dags/drop_table_dag.py
[2023-12-14T20:40:51.479-0300] {processor.py:829} INFO - Processing file /home/julioubuntu/Projects/EGD/airflow-trabalho-final/airflow_pipeline/dags/drop_table_dag.py for tasks to queue
[2023-12-14T20:40:51.479-0300] {logging_mixin.py:154} INFO - [2023-12-14T20:40:51.479-0300] {dagbag.py:536} INFO - Filling up the DagBag from /home/julioubuntu/Projects/EGD/airflow-trabalho-final/airflow_pipeline/dags/drop_table_dag.py
[2023-12-14T20:40:51.485-0300] {processor.py:839} INFO - DAG(s) dict_keys(['DropGoldLayerDAG']) retrieved from /home/julioubuntu/Projects/EGD/airflow-trabalho-final/airflow_pipeline/dags/drop_table_dag.py
[2023-12-14T20:40:51.498-0300] {logging_mixin.py:154} INFO - [2023-12-14T20:40:51.497-0300] {dag.py:2941} INFO - Sync 1 DAGs
[2023-12-14T20:40:51.520-0300] {logging_mixin.py:154} INFO - [2023-12-14T20:40:51.520-0300] {dag.py:3722} INFO - Setting next_dagrun for DropGoldLayerDAG to None, run_after=None
[2023-12-14T20:40:51.542-0300] {processor.py:179} INFO - Processing /home/julioubuntu/Projects/EGD/airflow-trabalho-final/airflow_pipeline/dags/drop_table_dag.py took 0.067 seconds
[2023-12-14T20:41:29.916-0300] {processor.py:157} INFO - Started process (PID=227317) to work on /home/julioubuntu/Projects/EGD/airflow-trabalho-final/airflow_pipeline/dags/drop_table_dag.py
[2023-12-14T20:41:29.917-0300] {processor.py:829} INFO - Processing file /home/julioubuntu/Projects/EGD/airflow-trabalho-final/airflow_pipeline/dags/drop_table_dag.py for tasks to queue
[2023-12-14T20:41:29.918-0300] {logging_mixin.py:154} INFO - [2023-12-14T20:41:29.918-0300] {dagbag.py:536} INFO - Filling up the DagBag from /home/julioubuntu/Projects/EGD/airflow-trabalho-final/airflow_pipeline/dags/drop_table_dag.py
[2023-12-14T20:41:29.923-0300] {processor.py:839} INFO - DAG(s) dict_keys(['DropGoldLayerDAG']) retrieved from /home/julioubuntu/Projects/EGD/airflow-trabalho-final/airflow_pipeline/dags/drop_table_dag.py
[2023-12-14T20:41:29.936-0300] {logging_mixin.py:154} INFO - [2023-12-14T20:41:29.936-0300] {dag.py:2941} INFO - Sync 1 DAGs
[2023-12-14T20:41:29.953-0300] {logging_mixin.py:154} INFO - [2023-12-14T20:41:29.953-0300] {dag.py:3722} INFO - Setting next_dagrun for DropGoldLayerDAG to None, run_after=None
[2023-12-14T20:41:29.974-0300] {processor.py:179} INFO - Processing /home/julioubuntu/Projects/EGD/airflow-trabalho-final/airflow_pipeline/dags/drop_table_dag.py took 0.061 seconds
[2023-12-14T20:42:07.731-0300] {processor.py:157} INFO - Started process (PID=228839) to work on /home/julioubuntu/Projects/EGD/airflow-trabalho-final/airflow_pipeline/dags/drop_table_dag.py
[2023-12-14T20:42:07.732-0300] {processor.py:829} INFO - Processing file /home/julioubuntu/Projects/EGD/airflow-trabalho-final/airflow_pipeline/dags/drop_table_dag.py for tasks to queue
[2023-12-14T20:42:07.734-0300] {logging_mixin.py:154} INFO - [2023-12-14T20:42:07.733-0300] {dagbag.py:536} INFO - Filling up the DagBag from /home/julioubuntu/Projects/EGD/airflow-trabalho-final/airflow_pipeline/dags/drop_table_dag.py
[2023-12-14T20:42:07.740-0300] {processor.py:839} INFO - DAG(s) dict_keys(['DropGoldLayerDAG']) retrieved from /home/julioubuntu/Projects/EGD/airflow-trabalho-final/airflow_pipeline/dags/drop_table_dag.py
[2023-12-14T20:42:07.755-0300] {logging_mixin.py:154} INFO - [2023-12-14T20:42:07.755-0300] {dag.py:2941} INFO - Sync 1 DAGs
[2023-12-14T20:42:07.773-0300] {logging_mixin.py:154} INFO - [2023-12-14T20:42:07.773-0300] {dag.py:3722} INFO - Setting next_dagrun for DropGoldLayerDAG to None, run_after=None
[2023-12-14T20:42:07.798-0300] {processor.py:179} INFO - Processing /home/julioubuntu/Projects/EGD/airflow-trabalho-final/airflow_pipeline/dags/drop_table_dag.py took 0.071 seconds
[2023-12-14T20:42:54.096-0300] {processor.py:157} INFO - Started process (PID=230356) to work on /home/julioubuntu/Projects/EGD/airflow-trabalho-final/airflow_pipeline/dags/drop_table_dag.py
[2023-12-14T20:42:54.100-0300] {processor.py:829} INFO - Processing file /home/julioubuntu/Projects/EGD/airflow-trabalho-final/airflow_pipeline/dags/drop_table_dag.py for tasks to queue
[2023-12-14T20:42:54.101-0300] {logging_mixin.py:154} INFO - [2023-12-14T20:42:54.101-0300] {dagbag.py:536} INFO - Filling up the DagBag from /home/julioubuntu/Projects/EGD/airflow-trabalho-final/airflow_pipeline/dags/drop_table_dag.py
[2023-12-14T20:42:54.106-0300] {processor.py:839} INFO - DAG(s) dict_keys(['DropGoldLayerDAG']) retrieved from /home/julioubuntu/Projects/EGD/airflow-trabalho-final/airflow_pipeline/dags/drop_table_dag.py
[2023-12-14T20:42:54.119-0300] {logging_mixin.py:154} INFO - [2023-12-14T20:42:54.119-0300] {dag.py:2941} INFO - Sync 1 DAGs
[2023-12-14T20:42:54.139-0300] {logging_mixin.py:154} INFO - [2023-12-14T20:42:54.139-0300] {dag.py:3722} INFO - Setting next_dagrun for DropGoldLayerDAG to None, run_after=None
[2023-12-14T20:42:54.175-0300] {processor.py:179} INFO - Processing /home/julioubuntu/Projects/EGD/airflow-trabalho-final/airflow_pipeline/dags/drop_table_dag.py took 0.082 seconds
[2023-12-14T20:43:40.378-0300] {processor.py:157} INFO - Started process (PID=230415) to work on /home/julioubuntu/Projects/EGD/airflow-trabalho-final/airflow_pipeline/dags/drop_table_dag.py
[2023-12-14T20:43:40.382-0300] {processor.py:829} INFO - Processing file /home/julioubuntu/Projects/EGD/airflow-trabalho-final/airflow_pipeline/dags/drop_table_dag.py for tasks to queue
[2023-12-14T20:43:40.383-0300] {logging_mixin.py:154} INFO - [2023-12-14T20:43:40.383-0300] {dagbag.py:536} INFO - Filling up the DagBag from /home/julioubuntu/Projects/EGD/airflow-trabalho-final/airflow_pipeline/dags/drop_table_dag.py
[2023-12-14T20:43:40.391-0300] {processor.py:839} INFO - DAG(s) dict_keys(['DropGoldLayerDAG']) retrieved from /home/julioubuntu/Projects/EGD/airflow-trabalho-final/airflow_pipeline/dags/drop_table_dag.py
[2023-12-14T20:43:40.405-0300] {logging_mixin.py:154} INFO - [2023-12-14T20:43:40.404-0300] {dag.py:2941} INFO - Sync 1 DAGs
[2023-12-14T20:43:40.425-0300] {logging_mixin.py:154} INFO - [2023-12-14T20:43:40.425-0300] {dag.py:3722} INFO - Setting next_dagrun for DropGoldLayerDAG to None, run_after=None
[2023-12-14T20:43:40.455-0300] {processor.py:179} INFO - Processing /home/julioubuntu/Projects/EGD/airflow-trabalho-final/airflow_pipeline/dags/drop_table_dag.py took 0.080 seconds
[2023-12-14T20:44:22.827-0300] {processor.py:157} INFO - Started process (PID=230476) to work on /home/julioubuntu/Projects/EGD/airflow-trabalho-final/airflow_pipeline/dags/drop_table_dag.py
[2023-12-14T20:44:22.831-0300] {processor.py:829} INFO - Processing file /home/julioubuntu/Projects/EGD/airflow-trabalho-final/airflow_pipeline/dags/drop_table_dag.py for tasks to queue
[2023-12-14T20:44:22.832-0300] {logging_mixin.py:154} INFO - [2023-12-14T20:44:22.831-0300] {dagbag.py:536} INFO - Filling up the DagBag from /home/julioubuntu/Projects/EGD/airflow-trabalho-final/airflow_pipeline/dags/drop_table_dag.py
[2023-12-14T20:44:22.837-0300] {processor.py:839} INFO - DAG(s) dict_keys(['DropGoldLayerDAG']) retrieved from /home/julioubuntu/Projects/EGD/airflow-trabalho-final/airflow_pipeline/dags/drop_table_dag.py
[2023-12-14T20:44:22.850-0300] {logging_mixin.py:154} INFO - [2023-12-14T20:44:22.849-0300] {dag.py:2941} INFO - Sync 1 DAGs
[2023-12-14T20:44:22.865-0300] {logging_mixin.py:154} INFO - [2023-12-14T20:44:22.865-0300] {dag.py:3722} INFO - Setting next_dagrun for DropGoldLayerDAG to None, run_after=None
[2023-12-14T20:44:22.888-0300] {processor.py:179} INFO - Processing /home/julioubuntu/Projects/EGD/airflow-trabalho-final/airflow_pipeline/dags/drop_table_dag.py took 0.063 seconds
[2023-12-14T20:45:08.012-0300] {processor.py:157} INFO - Started process (PID=230541) to work on /home/julioubuntu/Projects/EGD/airflow-trabalho-final/airflow_pipeline/dags/drop_table_dag.py
[2023-12-14T20:45:08.017-0300] {processor.py:829} INFO - Processing file /home/julioubuntu/Projects/EGD/airflow-trabalho-final/airflow_pipeline/dags/drop_table_dag.py for tasks to queue
[2023-12-14T20:45:08.017-0300] {logging_mixin.py:154} INFO - [2023-12-14T20:45:08.017-0300] {dagbag.py:536} INFO - Filling up the DagBag from /home/julioubuntu/Projects/EGD/airflow-trabalho-final/airflow_pipeline/dags/drop_table_dag.py
[2023-12-14T20:45:08.023-0300] {processor.py:839} INFO - DAG(s) dict_keys(['DropGoldLayerDAG']) retrieved from /home/julioubuntu/Projects/EGD/airflow-trabalho-final/airflow_pipeline/dags/drop_table_dag.py
[2023-12-14T20:45:08.035-0300] {logging_mixin.py:154} INFO - [2023-12-14T20:45:08.035-0300] {dag.py:2941} INFO - Sync 1 DAGs
[2023-12-14T20:45:08.051-0300] {logging_mixin.py:154} INFO - [2023-12-14T20:45:08.051-0300] {dag.py:3722} INFO - Setting next_dagrun for DropGoldLayerDAG to None, run_after=None
[2023-12-14T20:45:08.076-0300] {processor.py:179} INFO - Processing /home/julioubuntu/Projects/EGD/airflow-trabalho-final/airflow_pipeline/dags/drop_table_dag.py took 0.066 seconds
[2023-12-14T20:45:47.724-0300] {processor.py:157} INFO - Started process (PID=230594) to work on /home/julioubuntu/Projects/EGD/airflow-trabalho-final/airflow_pipeline/dags/drop_table_dag.py
[2023-12-14T20:45:47.725-0300] {processor.py:829} INFO - Processing file /home/julioubuntu/Projects/EGD/airflow-trabalho-final/airflow_pipeline/dags/drop_table_dag.py for tasks to queue
[2023-12-14T20:45:47.726-0300] {logging_mixin.py:154} INFO - [2023-12-14T20:45:47.725-0300] {dagbag.py:536} INFO - Filling up the DagBag from /home/julioubuntu/Projects/EGD/airflow-trabalho-final/airflow_pipeline/dags/drop_table_dag.py
[2023-12-14T20:45:47.731-0300] {processor.py:839} INFO - DAG(s) dict_keys(['DropGoldLayerDAG']) retrieved from /home/julioubuntu/Projects/EGD/airflow-trabalho-final/airflow_pipeline/dags/drop_table_dag.py
[2023-12-14T20:45:47.746-0300] {logging_mixin.py:154} INFO - [2023-12-14T20:45:47.745-0300] {dag.py:2941} INFO - Sync 1 DAGs
[2023-12-14T20:45:47.766-0300] {logging_mixin.py:154} INFO - [2023-12-14T20:45:47.766-0300] {dag.py:3722} INFO - Setting next_dagrun for DropGoldLayerDAG to None, run_after=None
[2023-12-14T20:45:47.796-0300] {processor.py:179} INFO - Processing /home/julioubuntu/Projects/EGD/airflow-trabalho-final/airflow_pipeline/dags/drop_table_dag.py took 0.075 seconds
[2023-12-14T20:46:27.973-0300] {processor.py:157} INFO - Started process (PID=230653) to work on /home/julioubuntu/Projects/EGD/airflow-trabalho-final/airflow_pipeline/dags/drop_table_dag.py
[2023-12-14T20:46:27.974-0300] {processor.py:829} INFO - Processing file /home/julioubuntu/Projects/EGD/airflow-trabalho-final/airflow_pipeline/dags/drop_table_dag.py for tasks to queue
[2023-12-14T20:46:27.975-0300] {logging_mixin.py:154} INFO - [2023-12-14T20:46:27.975-0300] {dagbag.py:536} INFO - Filling up the DagBag from /home/julioubuntu/Projects/EGD/airflow-trabalho-final/airflow_pipeline/dags/drop_table_dag.py
[2023-12-14T20:46:27.982-0300] {processor.py:839} INFO - DAG(s) dict_keys(['DropGoldLayerDAG']) retrieved from /home/julioubuntu/Projects/EGD/airflow-trabalho-final/airflow_pipeline/dags/drop_table_dag.py
[2023-12-14T20:46:27.998-0300] {logging_mixin.py:154} INFO - [2023-12-14T20:46:27.998-0300] {dag.py:2941} INFO - Sync 1 DAGs
[2023-12-14T20:46:28.021-0300] {logging_mixin.py:154} INFO - [2023-12-14T20:46:28.020-0300] {dag.py:3722} INFO - Setting next_dagrun for DropGoldLayerDAG to None, run_after=None
[2023-12-14T20:46:28.050-0300] {processor.py:179} INFO - Processing /home/julioubuntu/Projects/EGD/airflow-trabalho-final/airflow_pipeline/dags/drop_table_dag.py took 0.081 seconds
[2023-12-14T20:47:10.405-0300] {processor.py:157} INFO - Started process (PID=232169) to work on /home/julioubuntu/Projects/EGD/airflow-trabalho-final/airflow_pipeline/dags/drop_table_dag.py
[2023-12-14T20:47:10.406-0300] {processor.py:829} INFO - Processing file /home/julioubuntu/Projects/EGD/airflow-trabalho-final/airflow_pipeline/dags/drop_table_dag.py for tasks to queue
[2023-12-14T20:47:10.407-0300] {logging_mixin.py:154} INFO - [2023-12-14T20:47:10.407-0300] {dagbag.py:536} INFO - Filling up the DagBag from /home/julioubuntu/Projects/EGD/airflow-trabalho-final/airflow_pipeline/dags/drop_table_dag.py
[2023-12-14T20:47:10.412-0300] {processor.py:839} INFO - DAG(s) dict_keys(['DropGoldLayerDAG']) retrieved from /home/julioubuntu/Projects/EGD/airflow-trabalho-final/airflow_pipeline/dags/drop_table_dag.py
[2023-12-14T20:47:10.425-0300] {logging_mixin.py:154} INFO - [2023-12-14T20:47:10.424-0300] {dag.py:2941} INFO - Sync 1 DAGs
[2023-12-14T20:47:10.441-0300] {logging_mixin.py:154} INFO - [2023-12-14T20:47:10.441-0300] {dag.py:3722} INFO - Setting next_dagrun for DropGoldLayerDAG to None, run_after=None
[2023-12-14T20:47:10.463-0300] {processor.py:179} INFO - Processing /home/julioubuntu/Projects/EGD/airflow-trabalho-final/airflow_pipeline/dags/drop_table_dag.py took 0.060 seconds
[2023-12-14T20:47:51.781-0300] {processor.py:157} INFO - Started process (PID=233241) to work on /home/julioubuntu/Projects/EGD/airflow-trabalho-final/airflow_pipeline/dags/drop_table_dag.py
[2023-12-14T20:47:51.785-0300] {processor.py:829} INFO - Processing file /home/julioubuntu/Projects/EGD/airflow-trabalho-final/airflow_pipeline/dags/drop_table_dag.py for tasks to queue
[2023-12-14T20:47:51.786-0300] {logging_mixin.py:154} INFO - [2023-12-14T20:47:51.785-0300] {dagbag.py:536} INFO - Filling up the DagBag from /home/julioubuntu/Projects/EGD/airflow-trabalho-final/airflow_pipeline/dags/drop_table_dag.py
[2023-12-14T20:47:51.791-0300] {processor.py:839} INFO - DAG(s) dict_keys(['DropGoldLayerDAG']) retrieved from /home/julioubuntu/Projects/EGD/airflow-trabalho-final/airflow_pipeline/dags/drop_table_dag.py
[2023-12-14T20:47:51.803-0300] {logging_mixin.py:154} INFO - [2023-12-14T20:47:51.803-0300] {dag.py:2941} INFO - Sync 1 DAGs
[2023-12-14T20:47:51.819-0300] {logging_mixin.py:154} INFO - [2023-12-14T20:47:51.818-0300] {dag.py:3722} INFO - Setting next_dagrun for DropGoldLayerDAG to None, run_after=None
[2023-12-14T20:47:51.844-0300] {processor.py:179} INFO - Processing /home/julioubuntu/Projects/EGD/airflow-trabalho-final/airflow_pipeline/dags/drop_table_dag.py took 0.066 seconds
[2023-12-14T20:48:37.617-0300] {processor.py:157} INFO - Started process (PID=233310) to work on /home/julioubuntu/Projects/EGD/airflow-trabalho-final/airflow_pipeline/dags/drop_table_dag.py
[2023-12-14T20:48:37.636-0300] {processor.py:829} INFO - Processing file /home/julioubuntu/Projects/EGD/airflow-trabalho-final/airflow_pipeline/dags/drop_table_dag.py for tasks to queue
[2023-12-14T20:48:37.638-0300] {logging_mixin.py:154} INFO - [2023-12-14T20:48:37.637-0300] {dagbag.py:536} INFO - Filling up the DagBag from /home/julioubuntu/Projects/EGD/airflow-trabalho-final/airflow_pipeline/dags/drop_table_dag.py
[2023-12-14T20:48:37.645-0300] {processor.py:839} INFO - DAG(s) dict_keys(['DropGoldLayerDAG']) retrieved from /home/julioubuntu/Projects/EGD/airflow-trabalho-final/airflow_pipeline/dags/drop_table_dag.py
[2023-12-14T20:48:37.662-0300] {logging_mixin.py:154} INFO - [2023-12-14T20:48:37.662-0300] {dag.py:2941} INFO - Sync 1 DAGs
[2023-12-14T20:48:37.685-0300] {logging_mixin.py:154} INFO - [2023-12-14T20:48:37.685-0300] {dag.py:3722} INFO - Setting next_dagrun for DropGoldLayerDAG to None, run_after=None
[2023-12-14T20:48:37.714-0300] {processor.py:179} INFO - Processing /home/julioubuntu/Projects/EGD/airflow-trabalho-final/airflow_pipeline/dags/drop_table_dag.py took 0.099 seconds
[2023-12-14T20:49:23.485-0300] {processor.py:157} INFO - Started process (PID=233377) to work on /home/julioubuntu/Projects/EGD/airflow-trabalho-final/airflow_pipeline/dags/drop_table_dag.py
[2023-12-14T20:49:23.487-0300] {processor.py:829} INFO - Processing file /home/julioubuntu/Projects/EGD/airflow-trabalho-final/airflow_pipeline/dags/drop_table_dag.py for tasks to queue
[2023-12-14T20:49:23.487-0300] {logging_mixin.py:154} INFO - [2023-12-14T20:49:23.487-0300] {dagbag.py:536} INFO - Filling up the DagBag from /home/julioubuntu/Projects/EGD/airflow-trabalho-final/airflow_pipeline/dags/drop_table_dag.py
[2023-12-14T20:49:23.492-0300] {processor.py:839} INFO - DAG(s) dict_keys(['DropGoldLayerDAG']) retrieved from /home/julioubuntu/Projects/EGD/airflow-trabalho-final/airflow_pipeline/dags/drop_table_dag.py
[2023-12-14T20:49:23.505-0300] {logging_mixin.py:154} INFO - [2023-12-14T20:49:23.504-0300] {dag.py:2941} INFO - Sync 1 DAGs
[2023-12-14T20:49:23.520-0300] {logging_mixin.py:154} INFO - [2023-12-14T20:49:23.520-0300] {dag.py:3722} INFO - Setting next_dagrun for DropGoldLayerDAG to None, run_after=None
[2023-12-14T20:49:23.543-0300] {processor.py:179} INFO - Processing /home/julioubuntu/Projects/EGD/airflow-trabalho-final/airflow_pipeline/dags/drop_table_dag.py took 0.060 seconds
[2023-12-14T20:50:06.814-0300] {processor.py:157} INFO - Started process (PID=233437) to work on /home/julioubuntu/Projects/EGD/airflow-trabalho-final/airflow_pipeline/dags/drop_table_dag.py
[2023-12-14T20:50:06.818-0300] {processor.py:829} INFO - Processing file /home/julioubuntu/Projects/EGD/airflow-trabalho-final/airflow_pipeline/dags/drop_table_dag.py for tasks to queue
[2023-12-14T20:50:06.818-0300] {logging_mixin.py:154} INFO - [2023-12-14T20:50:06.818-0300] {dagbag.py:536} INFO - Filling up the DagBag from /home/julioubuntu/Projects/EGD/airflow-trabalho-final/airflow_pipeline/dags/drop_table_dag.py
[2023-12-14T20:50:06.824-0300] {processor.py:839} INFO - DAG(s) dict_keys(['DropGoldLayerDAG']) retrieved from /home/julioubuntu/Projects/EGD/airflow-trabalho-final/airflow_pipeline/dags/drop_table_dag.py
[2023-12-14T20:50:06.836-0300] {logging_mixin.py:154} INFO - [2023-12-14T20:50:06.836-0300] {dag.py:2941} INFO - Sync 1 DAGs
[2023-12-14T20:50:06.852-0300] {logging_mixin.py:154} INFO - [2023-12-14T20:50:06.852-0300] {dag.py:3722} INFO - Setting next_dagrun for DropGoldLayerDAG to None, run_after=None
[2023-12-14T20:50:06.877-0300] {processor.py:179} INFO - Processing /home/julioubuntu/Projects/EGD/airflow-trabalho-final/airflow_pipeline/dags/drop_table_dag.py took 0.067 seconds
[2023-12-14T20:50:46.834-0300] {processor.py:157} INFO - Started process (PID=233498) to work on /home/julioubuntu/Projects/EGD/airflow-trabalho-final/airflow_pipeline/dags/drop_table_dag.py
[2023-12-14T20:50:46.835-0300] {processor.py:829} INFO - Processing file /home/julioubuntu/Projects/EGD/airflow-trabalho-final/airflow_pipeline/dags/drop_table_dag.py for tasks to queue
[2023-12-14T20:50:46.836-0300] {logging_mixin.py:154} INFO - [2023-12-14T20:50:46.836-0300] {dagbag.py:536} INFO - Filling up the DagBag from /home/julioubuntu/Projects/EGD/airflow-trabalho-final/airflow_pipeline/dags/drop_table_dag.py
[2023-12-14T20:50:46.844-0300] {processor.py:839} INFO - DAG(s) dict_keys(['DropGoldLayerDAG']) retrieved from /home/julioubuntu/Projects/EGD/airflow-trabalho-final/airflow_pipeline/dags/drop_table_dag.py
[2023-12-14T20:50:46.863-0300] {logging_mixin.py:154} INFO - [2023-12-14T20:50:46.863-0300] {dag.py:2941} INFO - Sync 1 DAGs
[2023-12-14T20:50:46.888-0300] {logging_mixin.py:154} INFO - [2023-12-14T20:50:46.888-0300] {dag.py:3722} INFO - Setting next_dagrun for DropGoldLayerDAG to None, run_after=None
[2023-12-14T20:50:46.919-0300] {processor.py:179} INFO - Processing /home/julioubuntu/Projects/EGD/airflow-trabalho-final/airflow_pipeline/dags/drop_table_dag.py took 0.088 seconds
[2023-12-14T20:51:27.885-0300] {processor.py:157} INFO - Started process (PID=233561) to work on /home/julioubuntu/Projects/EGD/airflow-trabalho-final/airflow_pipeline/dags/drop_table_dag.py
[2023-12-14T20:51:27.887-0300] {processor.py:829} INFO - Processing file /home/julioubuntu/Projects/EGD/airflow-trabalho-final/airflow_pipeline/dags/drop_table_dag.py for tasks to queue
[2023-12-14T20:51:27.887-0300] {logging_mixin.py:154} INFO - [2023-12-14T20:51:27.887-0300] {dagbag.py:536} INFO - Filling up the DagBag from /home/julioubuntu/Projects/EGD/airflow-trabalho-final/airflow_pipeline/dags/drop_table_dag.py
[2023-12-14T20:51:27.892-0300] {processor.py:839} INFO - DAG(s) dict_keys(['DropGoldLayerDAG']) retrieved from /home/julioubuntu/Projects/EGD/airflow-trabalho-final/airflow_pipeline/dags/drop_table_dag.py
[2023-12-14T20:51:27.906-0300] {logging_mixin.py:154} INFO - [2023-12-14T20:51:27.905-0300] {dag.py:2941} INFO - Sync 1 DAGs
[2023-12-14T20:51:27.923-0300] {logging_mixin.py:154} INFO - [2023-12-14T20:51:27.922-0300] {dag.py:3722} INFO - Setting next_dagrun for DropGoldLayerDAG to None, run_after=None
[2023-12-14T20:51:27.945-0300] {processor.py:179} INFO - Processing /home/julioubuntu/Projects/EGD/airflow-trabalho-final/airflow_pipeline/dags/drop_table_dag.py took 0.062 seconds
[2023-12-14T20:52:06.844-0300] {processor.py:157} INFO - Started process (PID=233612) to work on /home/julioubuntu/Projects/EGD/airflow-trabalho-final/airflow_pipeline/dags/drop_table_dag.py
[2023-12-14T20:52:06.848-0300] {processor.py:829} INFO - Processing file /home/julioubuntu/Projects/EGD/airflow-trabalho-final/airflow_pipeline/dags/drop_table_dag.py for tasks to queue
[2023-12-14T20:52:06.849-0300] {logging_mixin.py:154} INFO - [2023-12-14T20:52:06.848-0300] {dagbag.py:536} INFO - Filling up the DagBag from /home/julioubuntu/Projects/EGD/airflow-trabalho-final/airflow_pipeline/dags/drop_table_dag.py
[2023-12-14T20:52:06.854-0300] {processor.py:839} INFO - DAG(s) dict_keys(['DropGoldLayerDAG']) retrieved from /home/julioubuntu/Projects/EGD/airflow-trabalho-final/airflow_pipeline/dags/drop_table_dag.py
[2023-12-14T20:52:06.866-0300] {logging_mixin.py:154} INFO - [2023-12-14T20:52:06.866-0300] {dag.py:2941} INFO - Sync 1 DAGs
[2023-12-14T20:52:06.883-0300] {logging_mixin.py:154} INFO - [2023-12-14T20:52:06.883-0300] {dag.py:3722} INFO - Setting next_dagrun for DropGoldLayerDAG to None, run_after=None
[2023-12-14T20:52:06.906-0300] {processor.py:179} INFO - Processing /home/julioubuntu/Projects/EGD/airflow-trabalho-final/airflow_pipeline/dags/drop_table_dag.py took 0.064 seconds
[2023-12-14T20:52:49.096-0300] {processor.py:157} INFO - Started process (PID=233690) to work on /home/julioubuntu/Projects/EGD/airflow-trabalho-final/airflow_pipeline/dags/drop_table_dag.py
[2023-12-14T20:52:49.098-0300] {processor.py:829} INFO - Processing file /home/julioubuntu/Projects/EGD/airflow-trabalho-final/airflow_pipeline/dags/drop_table_dag.py for tasks to queue
[2023-12-14T20:52:49.099-0300] {logging_mixin.py:154} INFO - [2023-12-14T20:52:49.098-0300] {dagbag.py:536} INFO - Filling up the DagBag from /home/julioubuntu/Projects/EGD/airflow-trabalho-final/airflow_pipeline/dags/drop_table_dag.py
[2023-12-14T20:52:49.106-0300] {processor.py:839} INFO - DAG(s) dict_keys(['DropGoldLayerDAG']) retrieved from /home/julioubuntu/Projects/EGD/airflow-trabalho-final/airflow_pipeline/dags/drop_table_dag.py
[2023-12-14T20:52:49.124-0300] {logging_mixin.py:154} INFO - [2023-12-14T20:52:49.124-0300] {dag.py:2941} INFO - Sync 1 DAGs
[2023-12-14T20:52:49.151-0300] {logging_mixin.py:154} INFO - [2023-12-14T20:52:49.150-0300] {dag.py:3722} INFO - Setting next_dagrun for DropGoldLayerDAG to None, run_after=None
[2023-12-14T20:52:49.184-0300] {processor.py:179} INFO - Processing /home/julioubuntu/Projects/EGD/airflow-trabalho-final/airflow_pipeline/dags/drop_table_dag.py took 0.094 seconds
[2023-12-14T20:53:32.010-0300] {processor.py:157} INFO - Started process (PID=235215) to work on /home/julioubuntu/Projects/EGD/airflow-trabalho-final/airflow_pipeline/dags/drop_table_dag.py
[2023-12-14T20:53:32.014-0300] {processor.py:829} INFO - Processing file /home/julioubuntu/Projects/EGD/airflow-trabalho-final/airflow_pipeline/dags/drop_table_dag.py for tasks to queue
[2023-12-14T20:53:32.014-0300] {logging_mixin.py:154} INFO - [2023-12-14T20:53:32.014-0300] {dagbag.py:536} INFO - Filling up the DagBag from /home/julioubuntu/Projects/EGD/airflow-trabalho-final/airflow_pipeline/dags/drop_table_dag.py
[2023-12-14T20:53:32.019-0300] {processor.py:839} INFO - DAG(s) dict_keys(['DropGoldLayerDAG']) retrieved from /home/julioubuntu/Projects/EGD/airflow-trabalho-final/airflow_pipeline/dags/drop_table_dag.py
[2023-12-14T20:53:32.031-0300] {logging_mixin.py:154} INFO - [2023-12-14T20:53:32.031-0300] {dag.py:2941} INFO - Sync 1 DAGs
[2023-12-14T20:53:32.047-0300] {logging_mixin.py:154} INFO - [2023-12-14T20:53:32.047-0300] {dag.py:3722} INFO - Setting next_dagrun for DropGoldLayerDAG to None, run_after=None
[2023-12-14T20:53:32.070-0300] {processor.py:179} INFO - Processing /home/julioubuntu/Projects/EGD/airflow-trabalho-final/airflow_pipeline/dags/drop_table_dag.py took 0.062 seconds
[2023-12-14T20:54:11.849-0300] {processor.py:157} INFO - Started process (PID=235268) to work on /home/julioubuntu/Projects/EGD/airflow-trabalho-final/airflow_pipeline/dags/drop_table_dag.py
[2023-12-14T20:54:11.853-0300] {processor.py:829} INFO - Processing file /home/julioubuntu/Projects/EGD/airflow-trabalho-final/airflow_pipeline/dags/drop_table_dag.py for tasks to queue
[2023-12-14T20:54:11.854-0300] {logging_mixin.py:154} INFO - [2023-12-14T20:54:11.854-0300] {dagbag.py:536} INFO - Filling up the DagBag from /home/julioubuntu/Projects/EGD/airflow-trabalho-final/airflow_pipeline/dags/drop_table_dag.py
[2023-12-14T20:54:11.859-0300] {processor.py:839} INFO - DAG(s) dict_keys(['DropGoldLayerDAG']) retrieved from /home/julioubuntu/Projects/EGD/airflow-trabalho-final/airflow_pipeline/dags/drop_table_dag.py
[2023-12-14T20:54:11.872-0300] {logging_mixin.py:154} INFO - [2023-12-14T20:54:11.872-0300] {dag.py:2941} INFO - Sync 1 DAGs
[2023-12-14T20:54:11.889-0300] {logging_mixin.py:154} INFO - [2023-12-14T20:54:11.889-0300] {dag.py:3722} INFO - Setting next_dagrun for DropGoldLayerDAG to None, run_after=None
[2023-12-14T20:54:11.915-0300] {processor.py:179} INFO - Processing /home/julioubuntu/Projects/EGD/airflow-trabalho-final/airflow_pipeline/dags/drop_table_dag.py took 0.068 seconds
[2023-12-14T20:54:52.985-0300] {processor.py:157} INFO - Started process (PID=235329) to work on /home/julioubuntu/Projects/EGD/airflow-trabalho-final/airflow_pipeline/dags/drop_table_dag.py
[2023-12-14T20:54:52.989-0300] {processor.py:829} INFO - Processing file /home/julioubuntu/Projects/EGD/airflow-trabalho-final/airflow_pipeline/dags/drop_table_dag.py for tasks to queue
[2023-12-14T20:54:52.990-0300] {logging_mixin.py:154} INFO - [2023-12-14T20:54:52.989-0300] {dagbag.py:536} INFO - Filling up the DagBag from /home/julioubuntu/Projects/EGD/airflow-trabalho-final/airflow_pipeline/dags/drop_table_dag.py
[2023-12-14T20:54:52.995-0300] {processor.py:839} INFO - DAG(s) dict_keys(['DropGoldLayerDAG']) retrieved from /home/julioubuntu/Projects/EGD/airflow-trabalho-final/airflow_pipeline/dags/drop_table_dag.py
[2023-12-14T20:54:53.010-0300] {logging_mixin.py:154} INFO - [2023-12-14T20:54:53.010-0300] {dag.py:2941} INFO - Sync 1 DAGs
[2023-12-14T20:54:53.028-0300] {logging_mixin.py:154} INFO - [2023-12-14T20:54:53.028-0300] {dag.py:3722} INFO - Setting next_dagrun for DropGoldLayerDAG to None, run_after=None
[2023-12-14T20:54:53.052-0300] {processor.py:179} INFO - Processing /home/julioubuntu/Projects/EGD/airflow-trabalho-final/airflow_pipeline/dags/drop_table_dag.py took 0.069 seconds
[2023-12-14T20:55:31.616-0300] {processor.py:157} INFO - Started process (PID=235399) to work on /home/julioubuntu/Projects/EGD/airflow-trabalho-final/airflow_pipeline/dags/drop_table_dag.py
[2023-12-14T20:55:31.618-0300] {processor.py:829} INFO - Processing file /home/julioubuntu/Projects/EGD/airflow-trabalho-final/airflow_pipeline/dags/drop_table_dag.py for tasks to queue
[2023-12-14T20:55:31.619-0300] {logging_mixin.py:154} INFO - [2023-12-14T20:55:31.619-0300] {dagbag.py:536} INFO - Filling up the DagBag from /home/julioubuntu/Projects/EGD/airflow-trabalho-final/airflow_pipeline/dags/drop_table_dag.py
[2023-12-14T20:55:31.628-0300] {processor.py:839} INFO - DAG(s) dict_keys(['DropGoldLayerDAG']) retrieved from /home/julioubuntu/Projects/EGD/airflow-trabalho-final/airflow_pipeline/dags/drop_table_dag.py
[2023-12-14T20:55:31.646-0300] {logging_mixin.py:154} INFO - [2023-12-14T20:55:31.646-0300] {dag.py:2941} INFO - Sync 1 DAGs
[2023-12-14T20:55:31.672-0300] {logging_mixin.py:154} INFO - [2023-12-14T20:55:31.672-0300] {dag.py:3722} INFO - Setting next_dagrun for DropGoldLayerDAG to None, run_after=None
[2023-12-14T20:55:31.701-0300] {processor.py:179} INFO - Processing /home/julioubuntu/Projects/EGD/airflow-trabalho-final/airflow_pipeline/dags/drop_table_dag.py took 0.090 seconds
[2023-12-14T20:56:21.935-0300] {processor.py:157} INFO - Started process (PID=237900) to work on /home/julioubuntu/Projects/EGD/airflow-trabalho-final/airflow_pipeline/dags/drop_table_dag.py
[2023-12-14T20:56:21.936-0300] {processor.py:829} INFO - Processing file /home/julioubuntu/Projects/EGD/airflow-trabalho-final/airflow_pipeline/dags/drop_table_dag.py for tasks to queue
[2023-12-14T20:56:21.937-0300] {logging_mixin.py:154} INFO - [2023-12-14T20:56:21.936-0300] {dagbag.py:536} INFO - Filling up the DagBag from /home/julioubuntu/Projects/EGD/airflow-trabalho-final/airflow_pipeline/dags/drop_table_dag.py
[2023-12-14T20:56:21.942-0300] {processor.py:839} INFO - DAG(s) dict_keys(['DropGoldLayerDAG']) retrieved from /home/julioubuntu/Projects/EGD/airflow-trabalho-final/airflow_pipeline/dags/drop_table_dag.py
[2023-12-14T20:56:21.955-0300] {logging_mixin.py:154} INFO - [2023-12-14T20:56:21.955-0300] {dag.py:2941} INFO - Sync 1 DAGs
[2023-12-14T20:56:21.974-0300] {logging_mixin.py:154} INFO - [2023-12-14T20:56:21.973-0300] {dag.py:3722} INFO - Setting next_dagrun for DropGoldLayerDAG to None, run_after=None
[2023-12-14T20:56:22.003-0300] {processor.py:179} INFO - Processing /home/julioubuntu/Projects/EGD/airflow-trabalho-final/airflow_pipeline/dags/drop_table_dag.py took 0.071 seconds
[2023-12-14T20:57:11.753-0300] {processor.py:157} INFO - Started process (PID=239378) to work on /home/julioubuntu/Projects/EGD/airflow-trabalho-final/airflow_pipeline/dags/drop_table_dag.py
[2023-12-14T20:57:11.755-0300] {processor.py:829} INFO - Processing file /home/julioubuntu/Projects/EGD/airflow-trabalho-final/airflow_pipeline/dags/drop_table_dag.py for tasks to queue
[2023-12-14T20:57:11.755-0300] {logging_mixin.py:154} INFO - [2023-12-14T20:57:11.755-0300] {dagbag.py:536} INFO - Filling up the DagBag from /home/julioubuntu/Projects/EGD/airflow-trabalho-final/airflow_pipeline/dags/drop_table_dag.py
[2023-12-14T20:57:11.762-0300] {processor.py:839} INFO - DAG(s) dict_keys(['DropGoldLayerDAG']) retrieved from /home/julioubuntu/Projects/EGD/airflow-trabalho-final/airflow_pipeline/dags/drop_table_dag.py
[2023-12-14T20:57:11.775-0300] {logging_mixin.py:154} INFO - [2023-12-14T20:57:11.775-0300] {dag.py:2941} INFO - Sync 1 DAGs
[2023-12-14T20:57:11.793-0300] {logging_mixin.py:154} INFO - [2023-12-14T20:57:11.793-0300] {dag.py:3722} INFO - Setting next_dagrun for DropGoldLayerDAG to None, run_after=None
[2023-12-14T20:57:11.817-0300] {processor.py:179} INFO - Processing /home/julioubuntu/Projects/EGD/airflow-trabalho-final/airflow_pipeline/dags/drop_table_dag.py took 0.067 seconds
[2023-12-14T20:57:52.340-0300] {processor.py:157} INFO - Started process (PID=239448) to work on /home/julioubuntu/Projects/EGD/airflow-trabalho-final/airflow_pipeline/dags/drop_table_dag.py
[2023-12-14T20:57:52.343-0300] {processor.py:829} INFO - Processing file /home/julioubuntu/Projects/EGD/airflow-trabalho-final/airflow_pipeline/dags/drop_table_dag.py for tasks to queue
[2023-12-14T20:57:52.344-0300] {logging_mixin.py:154} INFO - [2023-12-14T20:57:52.344-0300] {dagbag.py:536} INFO - Filling up the DagBag from /home/julioubuntu/Projects/EGD/airflow-trabalho-final/airflow_pipeline/dags/drop_table_dag.py
[2023-12-14T20:57:52.353-0300] {processor.py:839} INFO - DAG(s) dict_keys(['DropGoldLayerDAG']) retrieved from /home/julioubuntu/Projects/EGD/airflow-trabalho-final/airflow_pipeline/dags/drop_table_dag.py
[2023-12-14T20:57:52.367-0300] {logging_mixin.py:154} INFO - [2023-12-14T20:57:52.366-0300] {dag.py:2941} INFO - Sync 1 DAGs
[2023-12-14T20:57:52.386-0300] {logging_mixin.py:154} INFO - [2023-12-14T20:57:52.386-0300] {dag.py:3722} INFO - Setting next_dagrun for DropGoldLayerDAG to None, run_after=None
[2023-12-14T20:57:52.408-0300] {processor.py:179} INFO - Processing /home/julioubuntu/Projects/EGD/airflow-trabalho-final/airflow_pipeline/dags/drop_table_dag.py took 0.077 seconds
[2023-12-14T20:58:46.588-0300] {processor.py:157} INFO - Started process (PID=241014) to work on /home/julioubuntu/Projects/EGD/airflow-trabalho-final/airflow_pipeline/dags/drop_table_dag.py
[2023-12-14T20:58:46.589-0300] {processor.py:829} INFO - Processing file /home/julioubuntu/Projects/EGD/airflow-trabalho-final/airflow_pipeline/dags/drop_table_dag.py for tasks to queue
[2023-12-14T20:58:46.590-0300] {logging_mixin.py:154} INFO - [2023-12-14T20:58:46.590-0300] {dagbag.py:536} INFO - Filling up the DagBag from /home/julioubuntu/Projects/EGD/airflow-trabalho-final/airflow_pipeline/dags/drop_table_dag.py
[2023-12-14T20:58:46.595-0300] {processor.py:839} INFO - DAG(s) dict_keys(['DropGoldLayerDAG']) retrieved from /home/julioubuntu/Projects/EGD/airflow-trabalho-final/airflow_pipeline/dags/drop_table_dag.py
[2023-12-14T20:58:46.607-0300] {logging_mixin.py:154} INFO - [2023-12-14T20:58:46.607-0300] {dag.py:2941} INFO - Sync 1 DAGs
[2023-12-14T20:58:46.623-0300] {logging_mixin.py:154} INFO - [2023-12-14T20:58:46.623-0300] {dag.py:3722} INFO - Setting next_dagrun for DropGoldLayerDAG to None, run_after=None
[2023-12-14T20:58:46.650-0300] {processor.py:179} INFO - Processing /home/julioubuntu/Projects/EGD/airflow-trabalho-final/airflow_pipeline/dags/drop_table_dag.py took 0.065 seconds
[2023-12-14T20:59:37.193-0300] {processor.py:157} INFO - Started process (PID=241086) to work on /home/julioubuntu/Projects/EGD/airflow-trabalho-final/airflow_pipeline/dags/drop_table_dag.py
[2023-12-14T20:59:37.195-0300] {processor.py:829} INFO - Processing file /home/julioubuntu/Projects/EGD/airflow-trabalho-final/airflow_pipeline/dags/drop_table_dag.py for tasks to queue
[2023-12-14T20:59:37.195-0300] {logging_mixin.py:154} INFO - [2023-12-14T20:59:37.195-0300] {dagbag.py:536} INFO - Filling up the DagBag from /home/julioubuntu/Projects/EGD/airflow-trabalho-final/airflow_pipeline/dags/drop_table_dag.py
[2023-12-14T20:59:37.202-0300] {processor.py:839} INFO - DAG(s) dict_keys(['DropGoldLayerDAG']) retrieved from /home/julioubuntu/Projects/EGD/airflow-trabalho-final/airflow_pipeline/dags/drop_table_dag.py
[2023-12-14T20:59:37.219-0300] {logging_mixin.py:154} INFO - [2023-12-14T20:59:37.219-0300] {dag.py:2941} INFO - Sync 1 DAGs
[2023-12-14T20:59:37.249-0300] {logging_mixin.py:154} INFO - [2023-12-14T20:59:37.249-0300] {dag.py:3722} INFO - Setting next_dagrun for DropGoldLayerDAG to None, run_after=None
[2023-12-14T20:59:37.293-0300] {processor.py:179} INFO - Processing /home/julioubuntu/Projects/EGD/airflow-trabalho-final/airflow_pipeline/dags/drop_table_dag.py took 0.103 seconds
