[2023-12-15T08:49:02.532-0300] {taskinstance.py:1159} INFO - Dependencies all met for dep_context=non-requeueable deps ti=<TaskInstance: ArmazenaPastaMongoDBDAG.store_folder scheduled__2023-01-20T00:00:00+00:00 [queued]>
[2023-12-15T08:49:02.539-0300] {taskinstance.py:1159} INFO - Dependencies all met for dep_context=requeueable deps ti=<TaskInstance: ArmazenaPastaMongoDBDAG.store_folder scheduled__2023-01-20T00:00:00+00:00 [queued]>
[2023-12-15T08:49:02.539-0300] {taskinstance.py:1361} INFO - Starting attempt 1 of 1
[2023-12-15T08:49:02.557-0300] {taskinstance.py:1382} INFO - Executing <Task(PythonOperator): store_folder> on 2023-01-20 00:00:00+00:00
[2023-12-15T08:49:02.560-0300] {standard_task_runner.py:57} INFO - Started process 6141 to run task
[2023-12-15T08:49:02.563-0300] {standard_task_runner.py:84} INFO - Running: ['airflow', 'tasks', 'run', 'ArmazenaPastaMongoDBDAG', 'store_folder', 'scheduled__2023-01-20T00:00:00+00:00', '--job-id', '386', '--raw', '--subdir', 'DAGS_FOLDER/upload_mongo.py', '--cfg-path', '/tmp/tmpo6jxqgeu']
[2023-12-15T08:49:02.564-0300] {standard_task_runner.py:85} INFO - Job 386: Subtask store_folder
[2023-12-15T08:49:02.600-0300] {task_command.py:416} INFO - Running <TaskInstance: ArmazenaPastaMongoDBDAG.store_folder scheduled__2023-01-20T00:00:00+00:00 [running]> on host JulioPC.
[2023-12-15T08:49:02.660-0300] {taskinstance.py:1662} INFO - Exporting env vars: AIRFLOW_CTX_DAG_OWNER='airflow' AIRFLOW_CTX_DAG_ID='ArmazenaPastaMongoDBDAG' AIRFLOW_CTX_TASK_ID='store_folder' AIRFLOW_CTX_EXECUTION_DATE='2023-01-20T00:00:00+00:00' AIRFLOW_CTX_TRY_NUMBER='1' AIRFLOW_CTX_DAG_RUN_ID='scheduled__2023-01-20T00:00:00+00:00'
[2023-12-15T08:49:03.727-0300] {python.py:194} INFO - Done. Returned value was: None
[2023-12-15T08:49:03.732-0300] {taskinstance.py:1400} INFO - Marking task as SUCCESS. dag_id=ArmazenaPastaMongoDBDAG, task_id=store_folder, execution_date=20230120T000000, start_date=20231215T114902, end_date=20231215T114903
[2023-12-15T08:49:03.783-0300] {local_task_job_runner.py:228} INFO - Task exited with return code 0
[2023-12-15T08:49:03.791-0300] {taskinstance.py:2778} INFO - 0 downstream tasks scheduled from follow-on schedule check
[2023-12-15T09:26:56.023-0300] {taskinstance.py:1159} INFO - Dependencies all met for dep_context=non-requeueable deps ti=<TaskInstance: ArmazenaPastaMongoDBDAG.store_folder scheduled__2023-01-20T00:00:00+00:00 [queued]>
[2023-12-15T09:26:56.030-0300] {taskinstance.py:1159} INFO - Dependencies all met for dep_context=requeueable deps ti=<TaskInstance: ArmazenaPastaMongoDBDAG.store_folder scheduled__2023-01-20T00:00:00+00:00 [queued]>
[2023-12-15T09:26:56.030-0300] {taskinstance.py:1361} INFO - Starting attempt 1 of 1
[2023-12-15T09:26:56.047-0300] {taskinstance.py:1382} INFO - Executing <Task(PythonOperator): store_folder> on 2023-01-20 00:00:00+00:00
[2023-12-15T09:26:56.051-0300] {standard_task_runner.py:57} INFO - Started process 27214 to run task
[2023-12-15T09:26:56.054-0300] {standard_task_runner.py:84} INFO - Running: ['airflow', 'tasks', 'run', 'ArmazenaPastaMongoDBDAG', 'store_folder', 'scheduled__2023-01-20T00:00:00+00:00', '--job-id', '386', '--raw', '--subdir', 'DAGS_FOLDER/upload_mongo.py', '--cfg-path', '/tmp/tmp4jr3u8hv']
[2023-12-15T09:26:56.055-0300] {standard_task_runner.py:85} INFO - Job 386: Subtask store_folder
[2023-12-15T09:26:56.092-0300] {task_command.py:416} INFO - Running <TaskInstance: ArmazenaPastaMongoDBDAG.store_folder scheduled__2023-01-20T00:00:00+00:00 [running]> on host JulioPC.
[2023-12-15T09:26:56.154-0300] {taskinstance.py:1662} INFO - Exporting env vars: AIRFLOW_CTX_DAG_OWNER='airflow' AIRFLOW_CTX_DAG_ID='ArmazenaPastaMongoDBDAG' AIRFLOW_CTX_TASK_ID='store_folder' AIRFLOW_CTX_EXECUTION_DATE='2023-01-20T00:00:00+00:00' AIRFLOW_CTX_TRY_NUMBER='1' AIRFLOW_CTX_DAG_RUN_ID='scheduled__2023-01-20T00:00:00+00:00'
[2023-12-15T09:26:56.180-0300] {upload_mongo.py:37} INFO - Inserindo dados do arquivo part-00000-a6e8f18b-a573-4b60-9d3a-6cc0cd21b30f-c000.json no MongoDB
[2023-12-15T09:26:56.181-0300] {upload_mongo.py:38} INFO - json_data: {"created_date":"2023-12-10","n_tweets":10,"n_like":571,"n_quote":510,"n_reply":408,"n_retweet":535,"weekday":"Sun"}
{"created_date":"2023-12-11","n_tweets":42,"n_like":2393,"n_quote":2357,"n_reply":2964,"n_retweet":2415,"weekday":"Mon"}
{"created_date":"2023-12-12","n_tweets":10,"n_like":512,"n_quote":399,"n_reply":435,"n_retweet":420,"weekday":"Tue"}
{"created_date":"2023-12-14","n_tweets":10,"n_like":708,"n_quote":554,"n_reply":520,"n_retweet":376,"weekday":"Thu"}
{"created_date":"2023-12-09","n_tweets":19,"n_like":1131,"n_quote":1109,"n_reply":1150,"n_retweet":912,"weekday":"Sat"}
{"created_date":"2023-12-13","n_tweets":9,"n_like":376,"n_quote":475,"n_reply":636,"n_retweet":510,"weekday":"Wed"}

[2023-12-15T09:26:56.181-0300] {upload_mongo.py:39} INFO - medalha: Gold
[2023-12-15T09:26:56.181-0300] {upload_mongo.py:40} INFO - api_nome: process_date=2023-12-14
[2023-12-15T09:26:56.181-0300] {upload_mongo.py:41} INFO - extracao_nome: twitter_datascience
[2023-12-15T09:26:56.181-0300] {upload_mongo.py:37} INFO - Inserindo dados do arquivo part-00000-ec5d6908-635a-4179-9076-f331c745d448-c000.json no MongoDB
[2023-12-15T09:26:56.181-0300] {upload_mongo.py:38} INFO - json_data: {"created_date":"2023-12-10","n_tweets":10,"n_like":571,"n_quote":510,"n_reply":408,"n_retweet":535,"weekday":"Sun"}
{"created_date":"2023-12-11","n_tweets":42,"n_like":2393,"n_quote":2357,"n_reply":2964,"n_retweet":2415,"weekday":"Mon"}
{"created_date":"2023-12-09","n_tweets":19,"n_like":1131,"n_quote":1109,"n_reply":1150,"n_retweet":912,"weekday":"Sat"}

[2023-12-15T09:26:56.181-0300] {upload_mongo.py:39} INFO - medalha: Gold
[2023-12-15T09:26:56.181-0300] {upload_mongo.py:40} INFO - api_nome: process_date=2023-12-10
[2023-12-15T09:26:56.182-0300] {upload_mongo.py:41} INFO - extracao_nome: twitter_datascience
[2023-12-15T09:26:56.182-0300] {upload_mongo.py:37} INFO - Inserindo dados do arquivo part-00000-9d5698a9-cb21-47a8-8456-c735cc268e32-c000.json no MongoDB
[2023-12-15T09:26:56.182-0300] {upload_mongo.py:38} INFO - json_data: {"created_date":"2023-12-10","n_tweets":10,"n_like":571,"n_quote":510,"n_reply":408,"n_retweet":535,"weekday":"Sun"}
{"created_date":"2023-12-11","n_tweets":42,"n_like":2393,"n_quote":2357,"n_reply":2964,"n_retweet":2415,"weekday":"Mon"}
{"created_date":"2023-12-12","n_tweets":10,"n_like":512,"n_quote":399,"n_reply":435,"n_retweet":420,"weekday":"Tue"}
{"created_date":"2023-12-09","n_tweets":19,"n_like":1131,"n_quote":1109,"n_reply":1150,"n_retweet":912,"weekday":"Sat"}

[2023-12-15T09:26:56.182-0300] {upload_mongo.py:39} INFO - medalha: Gold
[2023-12-15T09:26:56.182-0300] {upload_mongo.py:40} INFO - api_nome: process_date=2023-12-11
[2023-12-15T09:26:56.182-0300] {upload_mongo.py:41} INFO - extracao_nome: twitter_datascience
[2023-12-15T09:26:56.182-0300] {upload_mongo.py:37} INFO - Inserindo dados do arquivo part-00000-6a855ed2-76b4-47b6-a221-5acb58438d3a-c000.json no MongoDB
[2023-12-15T09:26:56.182-0300] {upload_mongo.py:38} INFO - json_data: {"created_date":"2023-12-10","n_tweets":10,"n_like":571,"n_quote":510,"n_reply":408,"n_retweet":535,"weekday":"Sun"}
{"created_date":"2023-12-09","n_tweets":19,"n_like":1131,"n_quote":1109,"n_reply":1150,"n_retweet":912,"weekday":"Sat"}

[2023-12-15T09:26:56.182-0300] {upload_mongo.py:39} INFO - medalha: Gold
[2023-12-15T09:26:56.182-0300] {upload_mongo.py:40} INFO - api_nome: process_date=2023-12-09
[2023-12-15T09:26:56.182-0300] {upload_mongo.py:41} INFO - extracao_nome: twitter_datascience
[2023-12-15T09:26:56.182-0300] {upload_mongo.py:37} INFO - Inserindo dados do arquivo part-00000-3b25e8b8-cf37-4a3d-ab00-bba819518e32-c000.json no MongoDB
[2023-12-15T09:26:56.182-0300] {upload_mongo.py:38} INFO - json_data: {"created_date":"2023-12-10","n_tweets":10,"n_like":571,"n_quote":510,"n_reply":408,"n_retweet":535,"weekday":"Sun"}
{"created_date":"2023-12-11","n_tweets":42,"n_like":2393,"n_quote":2357,"n_reply":2964,"n_retweet":2415,"weekday":"Mon"}
{"created_date":"2023-12-12","n_tweets":10,"n_like":512,"n_quote":399,"n_reply":435,"n_retweet":420,"weekday":"Tue"}
{"created_date":"2023-12-14","n_tweets":10,"n_like":708,"n_quote":554,"n_reply":520,"n_retweet":376,"weekday":"Thu"}
{"created_date":"2023-12-09","n_tweets":19,"n_like":1131,"n_quote":1109,"n_reply":1150,"n_retweet":912,"weekday":"Sat"}
{"created_date":"2023-12-13","n_tweets":9,"n_like":376,"n_quote":475,"n_reply":636,"n_retweet":510,"weekday":"Wed"}

[2023-12-15T09:26:56.184-0300] {upload_mongo.py:39} INFO - medalha: Gold
[2023-12-15T09:26:56.184-0300] {upload_mongo.py:40} INFO - api_nome: process_date=2023-12-13
[2023-12-15T09:26:56.184-0300] {upload_mongo.py:41} INFO - extracao_nome: twitter_datascience
[2023-12-15T09:26:56.184-0300] {upload_mongo.py:37} INFO - Inserindo dados do arquivo part-00000-49e969fc-b8c2-4688-a3c5-5e803f927e50-c000.json no MongoDB
[2023-12-15T09:26:56.184-0300] {upload_mongo.py:38} INFO - json_data: {"created_date":"2023-12-10","n_tweets":10,"n_like":571,"n_quote":510,"n_reply":408,"n_retweet":535,"weekday":"Sun"}
{"created_date":"2023-12-11","n_tweets":42,"n_like":2393,"n_quote":2357,"n_reply":2964,"n_retweet":2415,"weekday":"Mon"}
{"created_date":"2023-12-12","n_tweets":10,"n_like":512,"n_quote":399,"n_reply":435,"n_retweet":420,"weekday":"Tue"}
{"created_date":"2023-12-09","n_tweets":19,"n_like":1131,"n_quote":1109,"n_reply":1150,"n_retweet":912,"weekday":"Sat"}

[2023-12-15T09:26:56.185-0300] {upload_mongo.py:39} INFO - medalha: Gold
[2023-12-15T09:26:56.185-0300] {upload_mongo.py:40} INFO - api_nome: process_date=2023-12-12
[2023-12-15T09:26:56.185-0300] {upload_mongo.py:41} INFO - extracao_nome: twitter_datascience
[2023-12-15T09:26:56.185-0300] {python.py:194} INFO - Done. Returned value was: None
[2023-12-15T09:26:56.198-0300] {taskinstance.py:1400} INFO - Marking task as SUCCESS. dag_id=ArmazenaPastaMongoDBDAG, task_id=store_folder, execution_date=20230120T000000, start_date=20231215T122656, end_date=20231215T122656
[2023-12-15T09:26:56.227-0300] {local_task_job_runner.py:228} INFO - Task exited with return code 0
[2023-12-15T09:26:56.237-0300] {taskinstance.py:2778} INFO - 0 downstream tasks scheduled from follow-on schedule check
[2023-12-15T09:28:52.920-0300] {taskinstance.py:1159} INFO - Dependencies all met for dep_context=non-requeueable deps ti=<TaskInstance: ArmazenaPastaMongoDBDAG.store_folder scheduled__2023-01-20T00:00:00+00:00 [queued]>
[2023-12-15T09:28:52.927-0300] {taskinstance.py:1159} INFO - Dependencies all met for dep_context=requeueable deps ti=<TaskInstance: ArmazenaPastaMongoDBDAG.store_folder scheduled__2023-01-20T00:00:00+00:00 [queued]>
[2023-12-15T09:28:52.927-0300] {taskinstance.py:1361} INFO - Starting attempt 1 of 1
[2023-12-15T09:28:52.942-0300] {taskinstance.py:1382} INFO - Executing <Task(PythonOperator): store_folder> on 2023-01-20 00:00:00+00:00
[2023-12-15T09:28:52.945-0300] {standard_task_runner.py:57} INFO - Started process 27977 to run task
[2023-12-15T09:28:52.948-0300] {standard_task_runner.py:84} INFO - Running: ['airflow', 'tasks', 'run', 'ArmazenaPastaMongoDBDAG', 'store_folder', 'scheduled__2023-01-20T00:00:00+00:00', '--job-id', '386', '--raw', '--subdir', 'DAGS_FOLDER/upload_mongo.py', '--cfg-path', '/tmp/tmppb0w739g']
[2023-12-15T09:28:52.949-0300] {standard_task_runner.py:85} INFO - Job 386: Subtask store_folder
[2023-12-15T09:28:52.983-0300] {task_command.py:416} INFO - Running <TaskInstance: ArmazenaPastaMongoDBDAG.store_folder scheduled__2023-01-20T00:00:00+00:00 [running]> on host JulioPC.
[2023-12-15T09:28:53.046-0300] {taskinstance.py:1662} INFO - Exporting env vars: AIRFLOW_CTX_DAG_OWNER='airflow' AIRFLOW_CTX_DAG_ID='ArmazenaPastaMongoDBDAG' AIRFLOW_CTX_TASK_ID='store_folder' AIRFLOW_CTX_EXECUTION_DATE='2023-01-20T00:00:00+00:00' AIRFLOW_CTX_TRY_NUMBER='1' AIRFLOW_CTX_DAG_RUN_ID='scheduled__2023-01-20T00:00:00+00:00'
[2023-12-15T09:28:53.065-0300] {upload_mongo.py:37} INFO - Inserindo dados do arquivo part-00000-a6e8f18b-a573-4b60-9d3a-6cc0cd21b30f-c000.json no MongoDB
[2023-12-15T09:28:53.065-0300] {upload_mongo.py:38} INFO - json_data: {"created_date":"2023-12-10","n_tweets":10,"n_like":571,"n_quote":510,"n_reply":408,"n_retweet":535,"weekday":"Sun"}
{"created_date":"2023-12-11","n_tweets":42,"n_like":2393,"n_quote":2357,"n_reply":2964,"n_retweet":2415,"weekday":"Mon"}
{"created_date":"2023-12-12","n_tweets":10,"n_like":512,"n_quote":399,"n_reply":435,"n_retweet":420,"weekday":"Tue"}
{"created_date":"2023-12-14","n_tweets":10,"n_like":708,"n_quote":554,"n_reply":520,"n_retweet":376,"weekday":"Thu"}
{"created_date":"2023-12-09","n_tweets":19,"n_like":1131,"n_quote":1109,"n_reply":1150,"n_retweet":912,"weekday":"Sat"}
{"created_date":"2023-12-13","n_tweets":9,"n_like":376,"n_quote":475,"n_reply":636,"n_retweet":510,"weekday":"Wed"}

[2023-12-15T09:28:53.066-0300] {upload_mongo.py:39} INFO - medalha: Gold
[2023-12-15T09:28:53.066-0300] {upload_mongo.py:40} INFO - api_nome: twitter_datascience
[2023-12-15T09:28:53.066-0300] {upload_mongo.py:41} INFO - extracao_nome: process_date=2023-12-14
[2023-12-15T09:28:53.066-0300] {upload_mongo.py:37} INFO - Inserindo dados do arquivo part-00000-ec5d6908-635a-4179-9076-f331c745d448-c000.json no MongoDB
[2023-12-15T09:28:53.066-0300] {upload_mongo.py:38} INFO - json_data: {"created_date":"2023-12-10","n_tweets":10,"n_like":571,"n_quote":510,"n_reply":408,"n_retweet":535,"weekday":"Sun"}
{"created_date":"2023-12-11","n_tweets":42,"n_like":2393,"n_quote":2357,"n_reply":2964,"n_retweet":2415,"weekday":"Mon"}
{"created_date":"2023-12-09","n_tweets":19,"n_like":1131,"n_quote":1109,"n_reply":1150,"n_retweet":912,"weekday":"Sat"}

[2023-12-15T09:28:53.066-0300] {upload_mongo.py:39} INFO - medalha: Gold
[2023-12-15T09:28:53.066-0300] {upload_mongo.py:40} INFO - api_nome: twitter_datascience
[2023-12-15T09:28:53.066-0300] {upload_mongo.py:41} INFO - extracao_nome: process_date=2023-12-10
[2023-12-15T09:28:53.066-0300] {upload_mongo.py:37} INFO - Inserindo dados do arquivo part-00000-9d5698a9-cb21-47a8-8456-c735cc268e32-c000.json no MongoDB
[2023-12-15T09:28:53.066-0300] {upload_mongo.py:38} INFO - json_data: {"created_date":"2023-12-10","n_tweets":10,"n_like":571,"n_quote":510,"n_reply":408,"n_retweet":535,"weekday":"Sun"}
{"created_date":"2023-12-11","n_tweets":42,"n_like":2393,"n_quote":2357,"n_reply":2964,"n_retweet":2415,"weekday":"Mon"}
{"created_date":"2023-12-12","n_tweets":10,"n_like":512,"n_quote":399,"n_reply":435,"n_retweet":420,"weekday":"Tue"}
{"created_date":"2023-12-09","n_tweets":19,"n_like":1131,"n_quote":1109,"n_reply":1150,"n_retweet":912,"weekday":"Sat"}

[2023-12-15T09:28:53.066-0300] {upload_mongo.py:39} INFO - medalha: Gold
[2023-12-15T09:28:53.066-0300] {upload_mongo.py:40} INFO - api_nome: twitter_datascience
[2023-12-15T09:28:53.066-0300] {upload_mongo.py:41} INFO - extracao_nome: process_date=2023-12-11
[2023-12-15T09:28:53.066-0300] {upload_mongo.py:37} INFO - Inserindo dados do arquivo part-00000-6a855ed2-76b4-47b6-a221-5acb58438d3a-c000.json no MongoDB
[2023-12-15T09:28:53.067-0300] {upload_mongo.py:38} INFO - json_data: {"created_date":"2023-12-10","n_tweets":10,"n_like":571,"n_quote":510,"n_reply":408,"n_retweet":535,"weekday":"Sun"}
{"created_date":"2023-12-09","n_tweets":19,"n_like":1131,"n_quote":1109,"n_reply":1150,"n_retweet":912,"weekday":"Sat"}

[2023-12-15T09:28:53.067-0300] {upload_mongo.py:39} INFO - medalha: Gold
[2023-12-15T09:28:53.067-0300] {upload_mongo.py:40} INFO - api_nome: twitter_datascience
[2023-12-15T09:28:53.067-0300] {upload_mongo.py:41} INFO - extracao_nome: process_date=2023-12-09
[2023-12-15T09:28:53.067-0300] {upload_mongo.py:37} INFO - Inserindo dados do arquivo part-00000-3b25e8b8-cf37-4a3d-ab00-bba819518e32-c000.json no MongoDB
[2023-12-15T09:28:53.067-0300] {upload_mongo.py:38} INFO - json_data: {"created_date":"2023-12-10","n_tweets":10,"n_like":571,"n_quote":510,"n_reply":408,"n_retweet":535,"weekday":"Sun"}
{"created_date":"2023-12-11","n_tweets":42,"n_like":2393,"n_quote":2357,"n_reply":2964,"n_retweet":2415,"weekday":"Mon"}
{"created_date":"2023-12-12","n_tweets":10,"n_like":512,"n_quote":399,"n_reply":435,"n_retweet":420,"weekday":"Tue"}
{"created_date":"2023-12-14","n_tweets":10,"n_like":708,"n_quote":554,"n_reply":520,"n_retweet":376,"weekday":"Thu"}
{"created_date":"2023-12-09","n_tweets":19,"n_like":1131,"n_quote":1109,"n_reply":1150,"n_retweet":912,"weekday":"Sat"}
{"created_date":"2023-12-13","n_tweets":9,"n_like":376,"n_quote":475,"n_reply":636,"n_retweet":510,"weekday":"Wed"}

[2023-12-15T09:28:53.067-0300] {upload_mongo.py:39} INFO - medalha: Gold
[2023-12-15T09:28:53.067-0300] {upload_mongo.py:40} INFO - api_nome: twitter_datascience
[2023-12-15T09:28:53.067-0300] {upload_mongo.py:41} INFO - extracao_nome: process_date=2023-12-13
[2023-12-15T09:28:53.067-0300] {upload_mongo.py:37} INFO - Inserindo dados do arquivo part-00000-49e969fc-b8c2-4688-a3c5-5e803f927e50-c000.json no MongoDB
[2023-12-15T09:28:53.067-0300] {upload_mongo.py:38} INFO - json_data: {"created_date":"2023-12-10","n_tweets":10,"n_like":571,"n_quote":510,"n_reply":408,"n_retweet":535,"weekday":"Sun"}
{"created_date":"2023-12-11","n_tweets":42,"n_like":2393,"n_quote":2357,"n_reply":2964,"n_retweet":2415,"weekday":"Mon"}
{"created_date":"2023-12-12","n_tweets":10,"n_like":512,"n_quote":399,"n_reply":435,"n_retweet":420,"weekday":"Tue"}
{"created_date":"2023-12-09","n_tweets":19,"n_like":1131,"n_quote":1109,"n_reply":1150,"n_retweet":912,"weekday":"Sat"}

[2023-12-15T09:28:53.067-0300] {upload_mongo.py:39} INFO - medalha: Gold
[2023-12-15T09:28:53.067-0300] {upload_mongo.py:40} INFO - api_nome: twitter_datascience
[2023-12-15T09:28:53.067-0300] {upload_mongo.py:41} INFO - extracao_nome: process_date=2023-12-12
[2023-12-15T09:28:53.068-0300] {python.py:194} INFO - Done. Returned value was: None
[2023-12-15T09:28:53.074-0300] {taskinstance.py:1400} INFO - Marking task as SUCCESS. dag_id=ArmazenaPastaMongoDBDAG, task_id=store_folder, execution_date=20230120T000000, start_date=20231215T122852, end_date=20231215T122853
[2023-12-15T09:28:53.121-0300] {local_task_job_runner.py:228} INFO - Task exited with return code 0
[2023-12-15T09:28:53.129-0300] {taskinstance.py:2778} INFO - 0 downstream tasks scheduled from follow-on schedule check
[2023-12-15T09:32:33.361-0300] {taskinstance.py:1159} INFO - Dependencies all met for dep_context=non-requeueable deps ti=<TaskInstance: ArmazenaPastaMongoDBDAG.store_folder scheduled__2023-01-20T00:00:00+00:00 [queued]>
[2023-12-15T09:32:33.367-0300] {taskinstance.py:1159} INFO - Dependencies all met for dep_context=requeueable deps ti=<TaskInstance: ArmazenaPastaMongoDBDAG.store_folder scheduled__2023-01-20T00:00:00+00:00 [queued]>
[2023-12-15T09:32:33.368-0300] {taskinstance.py:1361} INFO - Starting attempt 1 of 1
[2023-12-15T09:32:33.384-0300] {taskinstance.py:1382} INFO - Executing <Task(PythonOperator): store_folder> on 2023-01-20 00:00:00+00:00
[2023-12-15T09:32:33.389-0300] {standard_task_runner.py:57} INFO - Started process 31396 to run task
[2023-12-15T09:32:33.391-0300] {standard_task_runner.py:84} INFO - Running: ['airflow', 'tasks', 'run', 'ArmazenaPastaMongoDBDAG', 'store_folder', 'scheduled__2023-01-20T00:00:00+00:00', '--job-id', '386', '--raw', '--subdir', 'DAGS_FOLDER/upload_mongo.py', '--cfg-path', '/tmp/tmpxcqz1xr5']
[2023-12-15T09:32:33.392-0300] {standard_task_runner.py:85} INFO - Job 386: Subtask store_folder
[2023-12-15T09:32:33.428-0300] {task_command.py:416} INFO - Running <TaskInstance: ArmazenaPastaMongoDBDAG.store_folder scheduled__2023-01-20T00:00:00+00:00 [running]> on host JulioPC.
[2023-12-15T09:32:33.487-0300] {taskinstance.py:1662} INFO - Exporting env vars: AIRFLOW_CTX_DAG_OWNER='airflow' AIRFLOW_CTX_DAG_ID='ArmazenaPastaMongoDBDAG' AIRFLOW_CTX_TASK_ID='store_folder' AIRFLOW_CTX_EXECUTION_DATE='2023-01-20T00:00:00+00:00' AIRFLOW_CTX_TRY_NUMBER='1' AIRFLOW_CTX_DAG_RUN_ID='scheduled__2023-01-20T00:00:00+00:00'
[2023-12-15T09:32:34.576-0300] {python.py:194} INFO - Done. Returned value was: None
[2023-12-15T09:32:34.581-0300] {taskinstance.py:1400} INFO - Marking task as SUCCESS. dag_id=ArmazenaPastaMongoDBDAG, task_id=store_folder, execution_date=20230120T000000, start_date=20231215T123233, end_date=20231215T123234
[2023-12-15T09:32:34.612-0300] {local_task_job_runner.py:228} INFO - Task exited with return code 0
[2023-12-15T09:32:34.622-0300] {taskinstance.py:2778} INFO - 0 downstream tasks scheduled from follow-on schedule check
