[2023-12-15T01:04:35.014-0300] {taskinstance.py:1159} INFO - Dependencies all met for dep_context=non-requeueable deps ti=<TaskInstance: TwitterDAG.transform_twitter_datascience scheduled__2023-12-09T00:00:00+00:00 [queued]>
[2023-12-15T01:04:35.020-0300] {taskinstance.py:1159} INFO - Dependencies all met for dep_context=requeueable deps ti=<TaskInstance: TwitterDAG.transform_twitter_datascience scheduled__2023-12-09T00:00:00+00:00 [queued]>
[2023-12-15T01:04:35.020-0300] {taskinstance.py:1361} INFO - Starting attempt 1 of 1
[2023-12-15T01:04:35.042-0300] {taskinstance.py:1382} INFO - Executing <Task(SparkSubmitOperator): transform_twitter_datascience> on 2023-12-09 00:00:00+00:00
[2023-12-15T01:04:35.045-0300] {standard_task_runner.py:57} INFO - Started process 15323 to run task
[2023-12-15T01:04:35.047-0300] {standard_task_runner.py:84} INFO - Running: ['airflow', 'tasks', 'run', 'TwitterDAG', 'transform_twitter_datascience', 'scheduled__2023-12-09T00:00:00+00:00', '--job-id', '53', '--raw', '--subdir', 'DAGS_FOLDER/twitter_dag.py', '--cfg-path', '/tmp/tmp4__s_06m']
[2023-12-15T01:04:35.048-0300] {standard_task_runner.py:85} INFO - Job 53: Subtask transform_twitter_datascience
[2023-12-15T01:04:35.083-0300] {task_command.py:416} INFO - Running <TaskInstance: TwitterDAG.transform_twitter_datascience scheduled__2023-12-09T00:00:00+00:00 [running]> on host JulioPC.
[2023-12-15T01:04:35.140-0300] {taskinstance.py:1662} INFO - Exporting env vars: AIRFLOW_CTX_DAG_OWNER='airflow' AIRFLOW_CTX_DAG_ID='TwitterDAG' AIRFLOW_CTX_TASK_ID='transform_twitter_datascience' AIRFLOW_CTX_EXECUTION_DATE='2023-12-09T00:00:00+00:00' AIRFLOW_CTX_TRY_NUMBER='1' AIRFLOW_CTX_DAG_RUN_ID='scheduled__2023-12-09T00:00:00+00:00'
[2023-12-15T01:04:35.144-0300] {base.py:73} INFO - Using connection ID 'spark_default' for task execution.
[2023-12-15T01:04:35.145-0300] {spark_submit.py:351} INFO - Spark-Submit cmd: spark-submit --master local --name twitter_transformation /home/julioubuntu/Projects/EGD/airflow-trabalho-final/src/spark/transformation.py --src /home/julioubuntu/Projects/EGD/airflow-trabalho-final/datalake/Bronze/twitter_datascience/extract_date=2023-12-09 --dest /home/julioubuntu/Projects/EGD/airflow-trabalho-final/datalake/Silver/twitter_datascience/ --process-date 2023-12-09
[2023-12-15T01:04:35.156-0300] {spark_submit.py:521} INFO - /home/julioubuntu/Projects/EGD/airflow-trabalho-final/venv/bin/spark-submit: line 27: /home/julioubuntu/Projects/EGD/airflow-trabalho-final/spark-3.1.3-bin-hadoop3.2/bin/spark-class: No such file or directory
[2023-12-15T01:04:35.162-0300] {taskinstance.py:1937} ERROR - Task failed with exception
Traceback (most recent call last):
  File "/home/julioubuntu/Projects/EGD/airflow-trabalho-final/venv/lib/python3.9/site-packages/airflow/providers/apache/spark/operators/spark_submit.py", line 160, in execute
    self._hook.submit(self._application)
  File "/home/julioubuntu/Projects/EGD/airflow-trabalho-final/venv/lib/python3.9/site-packages/airflow/providers/apache/spark/hooks/spark_submit.py", line 452, in submit
    raise AirflowException(
airflow.exceptions.AirflowException: Cannot execute: spark-submit --master local --name twitter_transformation /home/julioubuntu/Projects/EGD/airflow-trabalho-final/src/spark/transformation.py --src /home/julioubuntu/Projects/EGD/airflow-trabalho-final/datalake/Bronze/twitter_datascience/extract_date=2023-12-09 --dest /home/julioubuntu/Projects/EGD/airflow-trabalho-final/datalake/Silver/twitter_datascience/ --process-date 2023-12-09. Error code is: 127.
[2023-12-15T01:04:35.165-0300] {taskinstance.py:1400} INFO - Marking task as FAILED. dag_id=TwitterDAG, task_id=transform_twitter_datascience, execution_date=20231209T000000, start_date=20231215T040435, end_date=20231215T040435
[2023-12-15T01:04:35.179-0300] {standard_task_runner.py:104} ERROR - Failed to execute job 53 for task transform_twitter_datascience (Cannot execute: spark-submit --master local --name twitter_transformation /home/julioubuntu/Projects/EGD/airflow-trabalho-final/src/spark/transformation.py --src /home/julioubuntu/Projects/EGD/airflow-trabalho-final/datalake/Bronze/twitter_datascience/extract_date=2023-12-09 --dest /home/julioubuntu/Projects/EGD/airflow-trabalho-final/datalake/Silver/twitter_datascience/ --process-date 2023-12-09. Error code is: 127.; 15323)
[2023-12-15T01:04:35.220-0300] {local_task_job_runner.py:228} INFO - Task exited with return code 1
[2023-12-15T01:04:35.232-0300] {taskinstance.py:2778} INFO - 0 downstream tasks scheduled from follow-on schedule check
[2023-12-15T01:09:46.144-0300] {taskinstance.py:1159} INFO - Dependencies all met for dep_context=non-requeueable deps ti=<TaskInstance: TwitterDAG.transform_twitter_datascience scheduled__2023-12-09T00:00:00+00:00 [queued]>
[2023-12-15T01:09:46.153-0300] {taskinstance.py:1159} INFO - Dependencies all met for dep_context=requeueable deps ti=<TaskInstance: TwitterDAG.transform_twitter_datascience scheduled__2023-12-09T00:00:00+00:00 [queued]>
[2023-12-15T01:09:46.153-0300] {taskinstance.py:1361} INFO - Starting attempt 1 of 1
[2023-12-15T01:09:46.172-0300] {taskinstance.py:1382} INFO - Executing <Task(SparkSubmitOperator): transform_twitter_datascience> on 2023-12-09 00:00:00+00:00
[2023-12-15T01:09:46.175-0300] {standard_task_runner.py:57} INFO - Started process 19175 to run task
[2023-12-15T01:09:46.178-0300] {standard_task_runner.py:84} INFO - Running: ['airflow', 'tasks', 'run', 'TwitterDAG', 'transform_twitter_datascience', 'scheduled__2023-12-09T00:00:00+00:00', '--job-id', '53', '--raw', '--subdir', 'DAGS_FOLDER/twitter_dag.py', '--cfg-path', '/tmp/tmpatiutqqn']
[2023-12-15T01:09:46.179-0300] {standard_task_runner.py:85} INFO - Job 53: Subtask transform_twitter_datascience
[2023-12-15T01:09:46.216-0300] {task_command.py:416} INFO - Running <TaskInstance: TwitterDAG.transform_twitter_datascience scheduled__2023-12-09T00:00:00+00:00 [running]> on host JulioPC.
[2023-12-15T01:09:46.276-0300] {taskinstance.py:1662} INFO - Exporting env vars: AIRFLOW_CTX_DAG_OWNER='airflow' AIRFLOW_CTX_DAG_ID='TwitterDAG' AIRFLOW_CTX_TASK_ID='transform_twitter_datascience' AIRFLOW_CTX_EXECUTION_DATE='2023-12-09T00:00:00+00:00' AIRFLOW_CTX_TRY_NUMBER='1' AIRFLOW_CTX_DAG_RUN_ID='scheduled__2023-12-09T00:00:00+00:00'
[2023-12-15T01:09:46.280-0300] {base.py:73} INFO - Using connection ID 'spark_default' for task execution.
[2023-12-15T01:09:46.282-0300] {spark_submit.py:351} INFO - Spark-Submit cmd: spark-submit --master local --name twitter_transformation /home/julioubuntu/Projects/EGD/airflow-trabalho-final/src/spark/transformation.py --src /home/julioubuntu/Projects/EGD/airflow-trabalho-final/datalake/Bronze/twitter_datascience/extract_date=2023-12-09 --dest /home/julioubuntu/Projects/EGD/airflow-trabalho-final/datalake/Silver/twitter_datascience/ --process-date 2023-12-09
[2023-12-15T01:09:46.290-0300] {spark_submit.py:521} INFO - /home/julioubuntu/Projects/EGD/airflow-trabalho-final/venv/bin/spark-submit: line 27: /home/julioubuntu/Projects/EGD/airflow-trabalho-final/spark-3.1.3-bin-hadoop3.2/bin/spark-class: No such file or directory
[2023-12-15T01:09:46.296-0300] {taskinstance.py:1937} ERROR - Task failed with exception
Traceback (most recent call last):
  File "/home/julioubuntu/Projects/EGD/airflow-trabalho-final/venv/lib/python3.9/site-packages/airflow/providers/apache/spark/operators/spark_submit.py", line 160, in execute
    self._hook.submit(self._application)
  File "/home/julioubuntu/Projects/EGD/airflow-trabalho-final/venv/lib/python3.9/site-packages/airflow/providers/apache/spark/hooks/spark_submit.py", line 452, in submit
    raise AirflowException(
airflow.exceptions.AirflowException: Cannot execute: spark-submit --master local --name twitter_transformation /home/julioubuntu/Projects/EGD/airflow-trabalho-final/src/spark/transformation.py --src /home/julioubuntu/Projects/EGD/airflow-trabalho-final/datalake/Bronze/twitter_datascience/extract_date=2023-12-09 --dest /home/julioubuntu/Projects/EGD/airflow-trabalho-final/datalake/Silver/twitter_datascience/ --process-date 2023-12-09. Error code is: 127.
[2023-12-15T01:09:46.299-0300] {taskinstance.py:1400} INFO - Marking task as FAILED. dag_id=TwitterDAG, task_id=transform_twitter_datascience, execution_date=20231209T000000, start_date=20231215T040946, end_date=20231215T040946
[2023-12-15T01:09:46.312-0300] {standard_task_runner.py:104} ERROR - Failed to execute job 53 for task transform_twitter_datascience (Cannot execute: spark-submit --master local --name twitter_transformation /home/julioubuntu/Projects/EGD/airflow-trabalho-final/src/spark/transformation.py --src /home/julioubuntu/Projects/EGD/airflow-trabalho-final/datalake/Bronze/twitter_datascience/extract_date=2023-12-09 --dest /home/julioubuntu/Projects/EGD/airflow-trabalho-final/datalake/Silver/twitter_datascience/ --process-date 2023-12-09. Error code is: 127.; 19175)
[2023-12-15T01:09:46.351-0300] {local_task_job_runner.py:228} INFO - Task exited with return code 1
[2023-12-15T01:09:46.363-0300] {taskinstance.py:2778} INFO - 0 downstream tasks scheduled from follow-on schedule check
[2023-12-15T01:19:34.741-0300] {taskinstance.py:1159} INFO - Dependencies all met for dep_context=non-requeueable deps ti=<TaskInstance: TwitterDAG.transform_twitter_datascience scheduled__2023-12-09T00:00:00+00:00 [queued]>
[2023-12-15T01:19:34.748-0300] {taskinstance.py:1159} INFO - Dependencies all met for dep_context=requeueable deps ti=<TaskInstance: TwitterDAG.transform_twitter_datascience scheduled__2023-12-09T00:00:00+00:00 [queued]>
[2023-12-15T01:19:34.748-0300] {taskinstance.py:1361} INFO - Starting attempt 1 of 1
[2023-12-15T01:19:34.765-0300] {taskinstance.py:1382} INFO - Executing <Task(SparkSubmitOperator): transform_twitter_datascience> on 2023-12-09 00:00:00+00:00
[2023-12-15T01:19:34.768-0300] {standard_task_runner.py:57} INFO - Started process 30479 to run task
[2023-12-15T01:19:34.771-0300] {standard_task_runner.py:84} INFO - Running: ['airflow', 'tasks', 'run', 'TwitterDAG', 'transform_twitter_datascience', 'scheduled__2023-12-09T00:00:00+00:00', '--job-id', '53', '--raw', '--subdir', 'DAGS_FOLDER/twitter_dag.py', '--cfg-path', '/tmp/tmp4w3p0g2i']
[2023-12-15T01:19:34.772-0300] {standard_task_runner.py:85} INFO - Job 53: Subtask transform_twitter_datascience
[2023-12-15T01:19:34.811-0300] {task_command.py:416} INFO - Running <TaskInstance: TwitterDAG.transform_twitter_datascience scheduled__2023-12-09T00:00:00+00:00 [running]> on host JulioPC.
[2023-12-15T01:19:34.873-0300] {taskinstance.py:1662} INFO - Exporting env vars: AIRFLOW_CTX_DAG_OWNER='airflow' AIRFLOW_CTX_DAG_ID='TwitterDAG' AIRFLOW_CTX_TASK_ID='transform_twitter_datascience' AIRFLOW_CTX_EXECUTION_DATE='2023-12-09T00:00:00+00:00' AIRFLOW_CTX_TRY_NUMBER='1' AIRFLOW_CTX_DAG_RUN_ID='scheduled__2023-12-09T00:00:00+00:00'
[2023-12-15T01:19:34.877-0300] {base.py:73} INFO - Using connection ID 'spark_default' for task execution.
[2023-12-15T01:19:34.879-0300] {spark_submit.py:351} INFO - Spark-Submit cmd: spark-submit --master local --name twitter_transformation /home/julioubuntu/Projects/EGD/airflow-trabalho-final/src/spark/transformation.py --src /home/julioubuntu/Projects/EGD/airflow-trabalho-final/datalake/Bronze/twitter_datascience/extract_date=2023-12-09 --dest /home/julioubuntu/Projects/EGD/airflow-trabalho-final/datalake/Silver/twitter_datascience/ --process-date 2023-12-09
[2023-12-15T01:19:36.855-0300] {spark_submit.py:521} INFO - 23/12/15 01:19:36 WARN Utils: Your hostname, JulioPC resolves to a loopback address: 127.0.1.1; using 172.27.58.37 instead (on interface eth0)
[2023-12-15T01:19:36.855-0300] {spark_submit.py:521} INFO - 23/12/15 01:19:36 WARN Utils: Set SPARK_LOCAL_IP if you need to bind to another address
[2023-12-15T01:19:38.515-0300] {spark_submit.py:521} INFO - 23/12/15 01:19:38 WARN NativeCodeLoader: Unable to load native-hadoop library for your platform... using builtin-java classes where applicable
[2023-12-15T01:19:39.711-0300] {spark_submit.py:521} INFO - Using Spark's default log4j profile: org/apache/spark/log4j-defaults.properties
[2023-12-15T01:19:39.725-0300] {spark_submit.py:521} INFO - 23/12/15 01:19:39 INFO SparkContext: Running Spark version 3.1.3
[2023-12-15T01:19:39.792-0300] {spark_submit.py:521} INFO - 23/12/15 01:19:39 INFO ResourceUtils: ==============================================================
[2023-12-15T01:19:39.793-0300] {spark_submit.py:521} INFO - 23/12/15 01:19:39 INFO ResourceUtils: No custom resources configured for spark.driver.
[2023-12-15T01:19:39.794-0300] {spark_submit.py:521} INFO - 23/12/15 01:19:39 INFO ResourceUtils: ==============================================================
[2023-12-15T01:19:39.795-0300] {spark_submit.py:521} INFO - 23/12/15 01:19:39 INFO SparkContext: Submitted application: twitter_transformation
[2023-12-15T01:19:39.889-0300] {spark_submit.py:521} INFO - 23/12/15 01:19:39 INFO ResourceProfile: Default ResourceProfile created, executor resources: Map(cores -> name: cores, amount: 1, script: , vendor: , memory -> name: memory, amount: 1024, script: , vendor: , offHeap -> name: offHeap, amount: 0, script: , vendor: ), task resources: Map(cpus -> name: cpus, amount: 1.0)
[2023-12-15T01:19:39.914-0300] {spark_submit.py:521} INFO - 23/12/15 01:19:39 INFO ResourceProfile: Limiting resource is cpu
[2023-12-15T01:19:39.916-0300] {spark_submit.py:521} INFO - 23/12/15 01:19:39 INFO ResourceProfileManager: Added ResourceProfile id: 0
[2023-12-15T01:19:40.017-0300] {spark_submit.py:521} INFO - 23/12/15 01:19:40 INFO SecurityManager: Changing view acls to: julioubuntu
[2023-12-15T01:19:40.017-0300] {spark_submit.py:521} INFO - 23/12/15 01:19:40 INFO SecurityManager: Changing modify acls to: julioubuntu
[2023-12-15T01:19:40.017-0300] {spark_submit.py:521} INFO - 23/12/15 01:19:40 INFO SecurityManager: Changing view acls groups to:
[2023-12-15T01:19:40.017-0300] {spark_submit.py:521} INFO - 23/12/15 01:19:40 INFO SecurityManager: Changing modify acls groups to:
[2023-12-15T01:19:40.018-0300] {spark_submit.py:521} INFO - 23/12/15 01:19:40 INFO SecurityManager: SecurityManager: authentication disabled; ui acls disabled; users  with view permissions: Set(julioubuntu); groups with view permissions: Set(); users  with modify permissions: Set(julioubuntu); groups with modify permissions: Set()
[2023-12-15T01:19:40.374-0300] {spark_submit.py:521} INFO - 23/12/15 01:19:40 INFO Utils: Successfully started service 'sparkDriver' on port 37553.
[2023-12-15T01:19:40.428-0300] {spark_submit.py:521} INFO - 23/12/15 01:19:40 INFO SparkEnv: Registering MapOutputTracker
[2023-12-15T01:19:40.496-0300] {spark_submit.py:521} INFO - 23/12/15 01:19:40 INFO SparkEnv: Registering BlockManagerMaster
[2023-12-15T01:19:40.529-0300] {spark_submit.py:521} INFO - 23/12/15 01:19:40 INFO BlockManagerMasterEndpoint: Using org.apache.spark.storage.DefaultTopologyMapper for getting topology information
[2023-12-15T01:19:40.530-0300] {spark_submit.py:521} INFO - 23/12/15 01:19:40 INFO BlockManagerMasterEndpoint: BlockManagerMasterEndpoint up
[2023-12-15T01:19:40.536-0300] {spark_submit.py:521} INFO - 23/12/15 01:19:40 INFO SparkEnv: Registering BlockManagerMasterHeartbeat
[2023-12-15T01:19:40.563-0300] {spark_submit.py:521} INFO - 23/12/15 01:19:40 INFO DiskBlockManager: Created local directory at /tmp/blockmgr-d967931c-3dc4-40ba-8168-86df54198529
[2023-12-15T01:19:40.696-0300] {spark_submit.py:521} INFO - 23/12/15 01:19:40 INFO MemoryStore: MemoryStore started with capacity 366.3 MiB
[2023-12-15T01:19:40.722-0300] {spark_submit.py:521} INFO - 23/12/15 01:19:40 INFO SparkEnv: Registering OutputCommitCoordinator
[2023-12-15T01:19:41.056-0300] {spark_submit.py:521} INFO - 23/12/15 01:19:41 INFO Utils: Successfully started service 'SparkUI' on port 4040.
[2023-12-15T01:19:41.140-0300] {spark_submit.py:521} INFO - 23/12/15 01:19:41 INFO SparkUI: Bound SparkUI to 0.0.0.0, and started at http://172.27.58.37:4040
[2023-12-15T01:19:41.433-0300] {spark_submit.py:521} INFO - 23/12/15 01:19:41 INFO Executor: Starting executor ID driver on host 172.27.58.37
[2023-12-15T01:19:41.467-0300] {spark_submit.py:521} INFO - 23/12/15 01:19:41 INFO Utils: Successfully started service 'org.apache.spark.network.netty.NettyBlockTransferService' on port 46353.
[2023-12-15T01:19:41.467-0300] {spark_submit.py:521} INFO - 23/12/15 01:19:41 INFO NettyBlockTransferService: Server created on 172.27.58.37:46353
[2023-12-15T01:19:41.469-0300] {spark_submit.py:521} INFO - 23/12/15 01:19:41 INFO BlockManager: Using org.apache.spark.storage.RandomBlockReplicationPolicy for block replication policy
[2023-12-15T01:19:41.477-0300] {spark_submit.py:521} INFO - 23/12/15 01:19:41 INFO BlockManagerMaster: Registering BlockManager BlockManagerId(driver, 172.27.58.37, 46353, None)
[2023-12-15T01:19:41.483-0300] {spark_submit.py:521} INFO - 23/12/15 01:19:41 INFO BlockManagerMasterEndpoint: Registering block manager 172.27.58.37:46353 with 366.3 MiB RAM, BlockManagerId(driver, 172.27.58.37, 46353, None)
[2023-12-15T01:19:41.486-0300] {spark_submit.py:521} INFO - 23/12/15 01:19:41 INFO BlockManagerMaster: Registered BlockManager BlockManagerId(driver, 172.27.58.37, 46353, None)
[2023-12-15T01:19:41.488-0300] {spark_submit.py:521} INFO - 23/12/15 01:19:41 INFO BlockManager: Initialized BlockManager: BlockManagerId(driver, 172.27.58.37, 46353, None)
[2023-12-15T01:19:43.214-0300] {spark_submit.py:521} INFO - 23/12/15 01:19:43 INFO SharedState: Setting hive.metastore.warehouse.dir ('null') to the value of spark.sql.warehouse.dir ('file:/home/julioubuntu/Projects/EGD/airflow-trabalho-final/spark-warehouse').
[2023-12-15T01:19:43.214-0300] {spark_submit.py:521} INFO - 23/12/15 01:19:43 INFO SharedState: Warehouse path is 'file:/home/julioubuntu/Projects/EGD/airflow-trabalho-final/spark-warehouse'.
[2023-12-15T01:19:45.523-0300] {spark_submit.py:521} INFO - 23/12/15 01:19:45 INFO InMemoryFileIndex: It took 73 ms to list leaf files for 1 paths.
[2023-12-15T01:19:45.636-0300] {spark_submit.py:521} INFO - 23/12/15 01:19:45 INFO InMemoryFileIndex: It took 3 ms to list leaf files for 1 paths.
[2023-12-15T01:19:49.598-0300] {spark_submit.py:521} INFO - 23/12/15 01:19:49 INFO FileSourceStrategy: Pushed Filters:
[2023-12-15T01:19:49.603-0300] {spark_submit.py:521} INFO - 23/12/15 01:19:49 INFO FileSourceStrategy: Post-Scan Filters:
[2023-12-15T01:19:49.608-0300] {spark_submit.py:521} INFO - 23/12/15 01:19:49 INFO FileSourceStrategy: Output Data Schema: struct<value: string>
[2023-12-15T01:19:50.315-0300] {spark_submit.py:521} INFO - 23/12/15 01:19:50 INFO MemoryStore: Block broadcast_0 stored as values in memory (estimated size 303.1 KiB, free 366.0 MiB)
[2023-12-15T01:19:50.463-0300] {spark_submit.py:521} INFO - 23/12/15 01:19:50 INFO MemoryStore: Block broadcast_0_piece0 stored as bytes in memory (estimated size 27.5 KiB, free 366.0 MiB)
[2023-12-15T01:19:50.468-0300] {spark_submit.py:521} INFO - 23/12/15 01:19:50 INFO BlockManagerInfo: Added broadcast_0_piece0 in memory on 172.27.58.37:46353 (size: 27.5 KiB, free: 366.3 MiB)
[2023-12-15T01:19:50.477-0300] {spark_submit.py:521} INFO - 23/12/15 01:19:50 INFO SparkContext: Created broadcast 0 from json at NativeMethodAccessorImpl.java:0
[2023-12-15T01:19:50.496-0300] {spark_submit.py:521} INFO - 23/12/15 01:19:50 INFO FileSourceScanExec: Planning scan with bin packing, max size: 4203303 bytes, open cost is considered as scanning 4194304 bytes.
[2023-12-15T01:19:50.780-0300] {spark_submit.py:521} INFO - 23/12/15 01:19:50 INFO SparkContext: Starting job: json at NativeMethodAccessorImpl.java:0
[2023-12-15T01:19:50.809-0300] {spark_submit.py:521} INFO - 23/12/15 01:19:50 INFO DAGScheduler: Got job 0 (json at NativeMethodAccessorImpl.java:0) with 1 output partitions
[2023-12-15T01:19:50.810-0300] {spark_submit.py:521} INFO - 23/12/15 01:19:50 INFO DAGScheduler: Final stage: ResultStage 0 (json at NativeMethodAccessorImpl.java:0)
[2023-12-15T01:19:50.811-0300] {spark_submit.py:521} INFO - 23/12/15 01:19:50 INFO DAGScheduler: Parents of final stage: List()
[2023-12-15T01:19:50.813-0300] {spark_submit.py:521} INFO - 23/12/15 01:19:50 INFO DAGScheduler: Missing parents: List()
[2023-12-15T01:19:50.822-0300] {spark_submit.py:521} INFO - 23/12/15 01:19:50 INFO DAGScheduler: Submitting ResultStage 0 (MapPartitionsRDD[3] at json at NativeMethodAccessorImpl.java:0), which has no missing parents
[2023-12-15T01:19:51.012-0300] {spark_submit.py:521} INFO - 23/12/15 01:19:51 INFO MemoryStore: Block broadcast_1 stored as values in memory (estimated size 12.1 KiB, free 366.0 MiB)
[2023-12-15T01:19:51.016-0300] {spark_submit.py:521} INFO - 23/12/15 01:19:51 INFO MemoryStore: Block broadcast_1_piece0 stored as bytes in memory (estimated size 6.3 KiB, free 366.0 MiB)
[2023-12-15T01:19:51.017-0300] {spark_submit.py:521} INFO - 23/12/15 01:19:51 INFO BlockManagerInfo: Added broadcast_1_piece0 in memory on 172.27.58.37:46353 (size: 6.3 KiB, free: 366.3 MiB)
[2023-12-15T01:19:51.018-0300] {spark_submit.py:521} INFO - 23/12/15 01:19:51 INFO SparkContext: Created broadcast 1 from broadcast at DAGScheduler.scala:1433
[2023-12-15T01:19:51.036-0300] {spark_submit.py:521} INFO - 23/12/15 01:19:51 INFO DAGScheduler: Submitting 1 missing tasks from ResultStage 0 (MapPartitionsRDD[3] at json at NativeMethodAccessorImpl.java:0) (first 15 tasks are for partitions Vector(0))
[2023-12-15T01:19:51.038-0300] {spark_submit.py:521} INFO - 23/12/15 01:19:51 INFO TaskSchedulerImpl: Adding task set 0.0 with 1 tasks resource profile 0
[2023-12-15T01:19:51.123-0300] {spark_submit.py:521} INFO - 23/12/15 01:19:51 INFO TaskSetManager: Starting task 0.0 in stage 0.0 (TID 0) (172.27.58.37, executor driver, partition 0, PROCESS_LOCAL, 4971 bytes) taskResourceAssignments Map()
[2023-12-15T01:19:51.150-0300] {spark_submit.py:521} INFO - 23/12/15 01:19:51 INFO Executor: Running task 0.0 in stage 0.0 (TID 0)
[2023-12-15T01:19:52.208-0300] {spark_submit.py:521} INFO - 23/12/15 01:19:52 INFO FileScanRDD: Reading File path: file:///home/julioubuntu/Projects/EGD/airflow-trabalho-final/datalake/Bronze/twitter_datascience/extract_date=2023-12-09/datascience_20231209.json, range: 0-8999, partition values: [empty row]
[2023-12-15T01:19:52.624-0300] {spark_submit.py:521} INFO - 23/12/15 01:19:52 INFO CodeGenerator: Code generated in 232.923006 ms
[2023-12-15T01:19:52.714-0300] {spark_submit.py:521} INFO - 23/12/15 01:19:52 INFO Executor: Finished task 0.0 in stage 0.0 (TID 0). 2841 bytes result sent to driver
[2023-12-15T01:19:52.726-0300] {spark_submit.py:521} INFO - 23/12/15 01:19:52 INFO TaskSetManager: Finished task 0.0 in stage 0.0 (TID 0) in 1618 ms on 172.27.58.37 (executor driver) (1/1)
[2023-12-15T01:19:52.729-0300] {spark_submit.py:521} INFO - 23/12/15 01:19:52 INFO TaskSchedulerImpl: Removed TaskSet 0.0, whose tasks have all completed, from pool
[2023-12-15T01:19:52.853-0300] {spark_submit.py:521} INFO - 23/12/15 01:19:52 INFO DAGScheduler: ResultStage 0 (json at NativeMethodAccessorImpl.java:0) finished in 1.963 s
[2023-12-15T01:19:52.857-0300] {spark_submit.py:521} INFO - 23/12/15 01:19:52 INFO DAGScheduler: Job 0 is finished. Cancelling potential speculative or zombie tasks for this job
[2023-12-15T01:19:52.858-0300] {spark_submit.py:521} INFO - 23/12/15 01:19:52 INFO TaskSchedulerImpl: Killing all running tasks in stage 0: Stage finished
[2023-12-15T01:19:52.861-0300] {spark_submit.py:521} INFO - 23/12/15 01:19:52 INFO DAGScheduler: Job 0 finished: json at NativeMethodAccessorImpl.java:0, took 2.080408 s
[2023-12-15T01:19:53.719-0300] {spark_submit.py:521} INFO - 23/12/15 01:19:53 INFO FileSourceStrategy: Pushed Filters: IsNotNull(data)
[2023-12-15T01:19:53.721-0300] {spark_submit.py:521} INFO - 23/12/15 01:19:53 INFO FileSourceStrategy: Post-Scan Filters: (size(data#7, true) > 0),isnotnull(data#7)
[2023-12-15T01:19:53.721-0300] {spark_submit.py:521} INFO - 23/12/15 01:19:53 INFO FileSourceStrategy: Output Data Schema: struct<data: array<struct<author_id:string,conversation_id:string,created_at:string,edit_history_tweet_ids:array<bigint>,id:string,in_reply_to_user_id:string,lang:string,public_metrics:struct<like_count:bigint,quote_count:bigint,reply_count:bigint,retweet_count:bigint>,text:string>>>
[2023-12-15T01:19:53.818-0300] {spark_submit.py:521} INFO - 23/12/15 01:19:53 INFO FileOutputCommitter: File Output Committer Algorithm version is 1
[2023-12-15T01:19:53.818-0300] {spark_submit.py:521} INFO - 23/12/15 01:19:53 INFO FileOutputCommitter: FileOutputCommitter skip cleanup _temporary folders under output directory:false, ignore cleanup failures: false
[2023-12-15T01:19:53.819-0300] {spark_submit.py:521} INFO - 23/12/15 01:19:53 INFO SQLHadoopMapReduceCommitProtocol: Using output committer class org.apache.hadoop.mapreduce.lib.output.FileOutputCommitter
[2023-12-15T01:19:53.937-0300] {spark_submit.py:521} INFO - 23/12/15 01:19:53 INFO CodeGenerator: Code generated in 35.899301 ms
[2023-12-15T01:19:54.006-0300] {spark_submit.py:521} INFO - 23/12/15 01:19:54 INFO CodeGenerator: Code generated in 44.965601 ms
[2023-12-15T01:19:54.016-0300] {spark_submit.py:521} INFO - 23/12/15 01:19:54 INFO MemoryStore: Block broadcast_2 stored as values in memory (estimated size 303.0 KiB, free 365.7 MiB)
[2023-12-15T01:19:54.031-0300] {spark_submit.py:521} INFO - 23/12/15 01:19:54 INFO MemoryStore: Block broadcast_2_piece0 stored as bytes in memory (estimated size 27.5 KiB, free 365.6 MiB)
[2023-12-15T01:19:54.033-0300] {spark_submit.py:521} INFO - 23/12/15 01:19:54 INFO BlockManagerInfo: Added broadcast_2_piece0 in memory on 172.27.58.37:46353 (size: 27.5 KiB, free: 366.2 MiB)
[2023-12-15T01:19:54.035-0300] {spark_submit.py:521} INFO - 23/12/15 01:19:54 INFO SparkContext: Created broadcast 2 from json at NativeMethodAccessorImpl.java:0
[2023-12-15T01:19:54.039-0300] {spark_submit.py:521} INFO - 23/12/15 01:19:54 INFO FileSourceScanExec: Planning scan with bin packing, max size: 4203303 bytes, open cost is considered as scanning 4194304 bytes.
[2023-12-15T01:19:54.151-0300] {spark_submit.py:521} INFO - 23/12/15 01:19:54 INFO SparkContext: Starting job: json at NativeMethodAccessorImpl.java:0
[2023-12-15T01:19:54.154-0300] {spark_submit.py:521} INFO - 23/12/15 01:19:54 INFO DAGScheduler: Got job 1 (json at NativeMethodAccessorImpl.java:0) with 1 output partitions
[2023-12-15T01:19:54.154-0300] {spark_submit.py:521} INFO - 23/12/15 01:19:54 INFO DAGScheduler: Final stage: ResultStage 1 (json at NativeMethodAccessorImpl.java:0)
[2023-12-15T01:19:54.154-0300] {spark_submit.py:521} INFO - 23/12/15 01:19:54 INFO DAGScheduler: Parents of final stage: List()
[2023-12-15T01:19:54.155-0300] {spark_submit.py:521} INFO - 23/12/15 01:19:54 INFO DAGScheduler: Missing parents: List()
[2023-12-15T01:19:54.157-0300] {spark_submit.py:521} INFO - 23/12/15 01:19:54 INFO DAGScheduler: Submitting ResultStage 1 (CoalescedRDD[9] at json at NativeMethodAccessorImpl.java:0), which has no missing parents
[2023-12-15T01:19:54.223-0300] {spark_submit.py:521} INFO - 23/12/15 01:19:54 INFO MemoryStore: Block broadcast_3 stored as values in memory (estimated size 190.0 KiB, free 365.5 MiB)
[2023-12-15T01:19:54.227-0300] {spark_submit.py:521} INFO - 23/12/15 01:19:54 INFO MemoryStore: Block broadcast_3_piece0 stored as bytes in memory (estimated size 66.6 KiB, free 365.4 MiB)
[2023-12-15T01:19:54.228-0300] {spark_submit.py:521} INFO - 23/12/15 01:19:54 INFO BlockManagerInfo: Added broadcast_3_piece0 in memory on 172.27.58.37:46353 (size: 66.6 KiB, free: 366.2 MiB)
[2023-12-15T01:19:54.229-0300] {spark_submit.py:521} INFO - 23/12/15 01:19:54 INFO SparkContext: Created broadcast 3 from broadcast at DAGScheduler.scala:1433
[2023-12-15T01:19:54.230-0300] {spark_submit.py:521} INFO - 23/12/15 01:19:54 INFO DAGScheduler: Submitting 1 missing tasks from ResultStage 1 (CoalescedRDD[9] at json at NativeMethodAccessorImpl.java:0) (first 15 tasks are for partitions Vector(0))
[2023-12-15T01:19:54.230-0300] {spark_submit.py:521} INFO - 23/12/15 01:19:54 INFO TaskSchedulerImpl: Adding task set 1.0 with 1 tasks resource profile 0
[2023-12-15T01:19:54.234-0300] {spark_submit.py:521} INFO - 23/12/15 01:19:54 INFO TaskSetManager: Starting task 0.0 in stage 1.0 (TID 1) (172.27.58.37, executor driver, partition 0, PROCESS_LOCAL, 5200 bytes) taskResourceAssignments Map()
[2023-12-15T01:19:54.235-0300] {spark_submit.py:521} INFO - 23/12/15 01:19:54 INFO Executor: Running task 0.0 in stage 1.0 (TID 1)
[2023-12-15T01:19:54.318-0300] {spark_submit.py:521} INFO - 23/12/15 01:19:54 INFO FileOutputCommitter: File Output Committer Algorithm version is 1
[2023-12-15T01:19:54.318-0300] {spark_submit.py:521} INFO - 23/12/15 01:19:54 INFO FileOutputCommitter: FileOutputCommitter skip cleanup _temporary folders under output directory:false, ignore cleanup failures: false
[2023-12-15T01:19:54.319-0300] {spark_submit.py:521} INFO - 23/12/15 01:19:54 INFO SQLHadoopMapReduceCommitProtocol: Using output committer class org.apache.hadoop.mapreduce.lib.output.FileOutputCommitter
[2023-12-15T01:19:54.470-0300] {spark_submit.py:521} INFO - 23/12/15 01:19:54 INFO CodeGenerator: Code generated in 38.920901 ms
[2023-12-15T01:19:54.475-0300] {spark_submit.py:521} INFO - 23/12/15 01:19:54 INFO FileScanRDD: Reading File path: file:///home/julioubuntu/Projects/EGD/airflow-trabalho-final/datalake/Bronze/twitter_datascience/extract_date=2023-12-09/datascience_20231209.json, range: 0-8999, partition values: [empty row]
[2023-12-15T01:19:54.512-0300] {spark_submit.py:521} INFO - 23/12/15 01:19:54 INFO CodeGenerator: Code generated in 33.640701 ms
[2023-12-15T01:19:54.548-0300] {spark_submit.py:521} INFO - 23/12/15 01:19:54 INFO CodeGenerator: Code generated in 8.2544 ms
[2023-12-15T01:19:54.612-0300] {spark_submit.py:521} INFO - 23/12/15 01:19:54 INFO FileOutputCommitter: Saved output of task 'attempt_202312150119546395001830327642328_0001_m_000000_1' to file:/home/julioubuntu/Projects/EGD/airflow-trabalho-final/datalake/Silver/twitter_datascience/tweet/process_date=2023-12-09/_temporary/0/task_202312150119546395001830327642328_0001_m_000000
[2023-12-15T01:19:54.613-0300] {spark_submit.py:521} INFO - 23/12/15 01:19:54 INFO SparkHadoopMapRedUtil: attempt_202312150119546395001830327642328_0001_m_000000_1: Committed
[2023-12-15T01:19:54.619-0300] {spark_submit.py:521} INFO - 23/12/15 01:19:54 INFO Executor: Finished task 0.0 in stage 1.0 (TID 1). 2901 bytes result sent to driver
[2023-12-15T01:19:54.624-0300] {spark_submit.py:521} INFO - 23/12/15 01:19:54 INFO TaskSetManager: Finished task 0.0 in stage 1.0 (TID 1) in 393 ms on 172.27.58.37 (executor driver) (1/1)
[2023-12-15T01:19:54.625-0300] {spark_submit.py:521} INFO - 23/12/15 01:19:54 INFO TaskSchedulerImpl: Removed TaskSet 1.0, whose tasks have all completed, from pool
[2023-12-15T01:19:54.627-0300] {spark_submit.py:521} INFO - 23/12/15 01:19:54 INFO DAGScheduler: ResultStage 1 (json at NativeMethodAccessorImpl.java:0) finished in 0.468 s
[2023-12-15T01:19:54.627-0300] {spark_submit.py:521} INFO - 23/12/15 01:19:54 INFO DAGScheduler: Job 1 is finished. Cancelling potential speculative or zombie tasks for this job
[2023-12-15T01:19:54.627-0300] {spark_submit.py:521} INFO - 23/12/15 01:19:54 INFO TaskSchedulerImpl: Killing all running tasks in stage 1: Stage finished
[2023-12-15T01:19:54.629-0300] {spark_submit.py:521} INFO - 23/12/15 01:19:54 INFO DAGScheduler: Job 1 finished: json at NativeMethodAccessorImpl.java:0, took 0.477424 s
[2023-12-15T01:19:54.653-0300] {spark_submit.py:521} INFO - 23/12/15 01:19:54 INFO FileFormatWriter: Write Job cc79101c-d77b-415e-84b3-b5c73ea34be1 committed.
[2023-12-15T01:19:54.659-0300] {spark_submit.py:521} INFO - 23/12/15 01:19:54 INFO FileFormatWriter: Finished processing stats for write job cc79101c-d77b-415e-84b3-b5c73ea34be1.
[2023-12-15T01:19:54.717-0300] {spark_submit.py:521} INFO - 23/12/15 01:19:54 INFO FileSourceStrategy: Pushed Filters:
[2023-12-15T01:19:54.718-0300] {spark_submit.py:521} INFO - 23/12/15 01:19:54 INFO FileSourceStrategy: Post-Scan Filters:
[2023-12-15T01:19:54.718-0300] {spark_submit.py:521} INFO - 23/12/15 01:19:54 INFO FileSourceStrategy: Output Data Schema: struct<includes: struct<users: array<struct<created_at:string,id:string,name:string,username:string>>>>
[2023-12-15T01:19:54.732-0300] {spark_submit.py:521} INFO - 23/12/15 01:19:54 INFO FileOutputCommitter: File Output Committer Algorithm version is 1
[2023-12-15T01:19:54.733-0300] {spark_submit.py:521} INFO - 23/12/15 01:19:54 INFO FileOutputCommitter: FileOutputCommitter skip cleanup _temporary folders under output directory:false, ignore cleanup failures: false
[2023-12-15T01:19:54.733-0300] {spark_submit.py:521} INFO - 23/12/15 01:19:54 INFO SQLHadoopMapReduceCommitProtocol: Using output committer class org.apache.hadoop.mapreduce.lib.output.FileOutputCommitter
[2023-12-15T01:19:54.789-0300] {spark_submit.py:521} INFO - 23/12/15 01:19:54 INFO CodeGenerator: Code generated in 13.8039 ms
[2023-12-15T01:19:54.795-0300] {spark_submit.py:521} INFO - 23/12/15 01:19:54 INFO MemoryStore: Block broadcast_4 stored as values in memory (estimated size 303.0 KiB, free 365.1 MiB)
[2023-12-15T01:19:54.807-0300] {spark_submit.py:521} INFO - 23/12/15 01:19:54 INFO MemoryStore: Block broadcast_4_piece0 stored as bytes in memory (estimated size 27.5 KiB, free 365.1 MiB)
[2023-12-15T01:19:54.809-0300] {spark_submit.py:521} INFO - 23/12/15 01:19:54 INFO BlockManagerInfo: Added broadcast_4_piece0 in memory on 172.27.58.37:46353 (size: 27.5 KiB, free: 366.1 MiB)
[2023-12-15T01:19:54.810-0300] {spark_submit.py:521} INFO - 23/12/15 01:19:54 INFO SparkContext: Created broadcast 4 from json at NativeMethodAccessorImpl.java:0
[2023-12-15T01:19:54.811-0300] {spark_submit.py:521} INFO - 23/12/15 01:19:54 INFO FileSourceScanExec: Planning scan with bin packing, max size: 4203303 bytes, open cost is considered as scanning 4194304 bytes.
[2023-12-15T01:19:54.836-0300] {spark_submit.py:521} INFO - 23/12/15 01:19:54 INFO SparkContext: Starting job: json at NativeMethodAccessorImpl.java:0
[2023-12-15T01:19:54.838-0300] {spark_submit.py:521} INFO - 23/12/15 01:19:54 INFO DAGScheduler: Got job 2 (json at NativeMethodAccessorImpl.java:0) with 1 output partitions
[2023-12-15T01:19:54.839-0300] {spark_submit.py:521} INFO - 23/12/15 01:19:54 INFO DAGScheduler: Final stage: ResultStage 2 (json at NativeMethodAccessorImpl.java:0)
[2023-12-15T01:19:54.839-0300] {spark_submit.py:521} INFO - 23/12/15 01:19:54 INFO DAGScheduler: Parents of final stage: List()
[2023-12-15T01:19:54.839-0300] {spark_submit.py:521} INFO - 23/12/15 01:19:54 INFO DAGScheduler: Missing parents: List()
[2023-12-15T01:19:54.841-0300] {spark_submit.py:521} INFO - 23/12/15 01:19:54 INFO DAGScheduler: Submitting ResultStage 2 (CoalescedRDD[16] at json at NativeMethodAccessorImpl.java:0), which has no missing parents
[2023-12-15T01:19:54.871-0300] {spark_submit.py:521} INFO - 23/12/15 01:19:54 INFO MemoryStore: Block broadcast_5 stored as values in memory (estimated size 178.3 KiB, free 364.9 MiB)
[2023-12-15T01:19:54.875-0300] {spark_submit.py:521} INFO - 23/12/15 01:19:54 INFO MemoryStore: Block broadcast_5_piece0 stored as bytes in memory (estimated size 64.0 KiB, free 364.8 MiB)
[2023-12-15T01:19:54.876-0300] {spark_submit.py:521} INFO - 23/12/15 01:19:54 INFO BlockManagerInfo: Added broadcast_5_piece0 in memory on 172.27.58.37:46353 (size: 64.0 KiB, free: 366.1 MiB)
[2023-12-15T01:19:54.877-0300] {spark_submit.py:521} INFO - 23/12/15 01:19:54 INFO SparkContext: Created broadcast 5 from broadcast at DAGScheduler.scala:1433
[2023-12-15T01:19:54.878-0300] {spark_submit.py:521} INFO - 23/12/15 01:19:54 INFO DAGScheduler: Submitting 1 missing tasks from ResultStage 2 (CoalescedRDD[16] at json at NativeMethodAccessorImpl.java:0) (first 15 tasks are for partitions Vector(0))
[2023-12-15T01:19:54.879-0300] {spark_submit.py:521} INFO - 23/12/15 01:19:54 INFO TaskSchedulerImpl: Adding task set 2.0 with 1 tasks resource profile 0
[2023-12-15T01:19:54.881-0300] {spark_submit.py:521} INFO - 23/12/15 01:19:54 INFO TaskSetManager: Starting task 0.0 in stage 2.0 (TID 2) (172.27.58.37, executor driver, partition 0, PROCESS_LOCAL, 5200 bytes) taskResourceAssignments Map()
[2023-12-15T01:19:54.882-0300] {spark_submit.py:521} INFO - 23/12/15 01:19:54 INFO Executor: Running task 0.0 in stage 2.0 (TID 2)
[2023-12-15T01:19:54.907-0300] {spark_submit.py:521} INFO - 23/12/15 01:19:54 INFO FileOutputCommitter: File Output Committer Algorithm version is 1
[2023-12-15T01:19:54.908-0300] {spark_submit.py:521} INFO - 23/12/15 01:19:54 INFO FileOutputCommitter: FileOutputCommitter skip cleanup _temporary folders under output directory:false, ignore cleanup failures: false
[2023-12-15T01:19:54.908-0300] {spark_submit.py:521} INFO - 23/12/15 01:19:54 INFO SQLHadoopMapReduceCommitProtocol: Using output committer class org.apache.hadoop.mapreduce.lib.output.FileOutputCommitter
[2023-12-15T01:19:54.956-0300] {spark_submit.py:521} INFO - 23/12/15 01:19:54 INFO CodeGenerator: Code generated in 16.1758 ms
[2023-12-15T01:19:54.959-0300] {spark_submit.py:521} INFO - 23/12/15 01:19:54 INFO FileScanRDD: Reading File path: file:///home/julioubuntu/Projects/EGD/airflow-trabalho-final/datalake/Bronze/twitter_datascience/extract_date=2023-12-09/datascience_20231209.json, range: 0-8999, partition values: [empty row]
[2023-12-15T01:19:54.980-0300] {spark_submit.py:521} INFO - 23/12/15 01:19:54 INFO CodeGenerator: Code generated in 17.727901 ms
[2023-12-15T01:19:55.001-0300] {spark_submit.py:521} INFO - 23/12/15 01:19:55 INFO FileOutputCommitter: Saved output of task 'attempt_202312150119541211138781688168766_0002_m_000000_2' to file:/home/julioubuntu/Projects/EGD/airflow-trabalho-final/datalake/Silver/twitter_datascience/user/process_date=2023-12-09/_temporary/0/task_202312150119541211138781688168766_0002_m_000000
[2023-12-15T01:19:55.001-0300] {spark_submit.py:521} INFO - 23/12/15 01:19:55 INFO SparkHadoopMapRedUtil: attempt_202312150119541211138781688168766_0002_m_000000_2: Committed
[2023-12-15T01:19:55.004-0300] {spark_submit.py:521} INFO - 23/12/15 01:19:55 INFO Executor: Finished task 0.0 in stage 2.0 (TID 2). 2734 bytes result sent to driver
[2023-12-15T01:19:55.007-0300] {spark_submit.py:521} INFO - 23/12/15 01:19:55 INFO TaskSetManager: Finished task 0.0 in stage 2.0 (TID 2) in 126 ms on 172.27.58.37 (executor driver) (1/1)
[2023-12-15T01:19:55.007-0300] {spark_submit.py:521} INFO - 23/12/15 01:19:55 INFO TaskSchedulerImpl: Removed TaskSet 2.0, whose tasks have all completed, from pool
[2023-12-15T01:19:55.008-0300] {spark_submit.py:521} INFO - 23/12/15 01:19:55 INFO DAGScheduler: ResultStage 2 (json at NativeMethodAccessorImpl.java:0) finished in 0.166 s
[2023-12-15T01:19:55.009-0300] {spark_submit.py:521} INFO - 23/12/15 01:19:55 INFO DAGScheduler: Job 2 is finished. Cancelling potential speculative or zombie tasks for this job
[2023-12-15T01:19:55.009-0300] {spark_submit.py:521} INFO - 23/12/15 01:19:55 INFO TaskSchedulerImpl: Killing all running tasks in stage 2: Stage finished
[2023-12-15T01:19:55.009-0300] {spark_submit.py:521} INFO - 23/12/15 01:19:55 INFO DAGScheduler: Job 2 finished: json at NativeMethodAccessorImpl.java:0, took 0.173011 s
[2023-12-15T01:19:55.030-0300] {spark_submit.py:521} INFO - 23/12/15 01:19:55 INFO FileFormatWriter: Write Job ad3687b4-d965-42a2-8fdb-acb605ad0138 committed.
[2023-12-15T01:19:55.030-0300] {spark_submit.py:521} INFO - 23/12/15 01:19:55 INFO FileFormatWriter: Finished processing stats for write job ad3687b4-d965-42a2-8fdb-acb605ad0138.
[2023-12-15T01:19:55.130-0300] {spark_submit.py:521} INFO - 23/12/15 01:19:55 INFO SparkContext: Invoking stop() from shutdown hook
[2023-12-15T01:19:55.150-0300] {spark_submit.py:521} INFO - 23/12/15 01:19:55 INFO SparkUI: Stopped Spark web UI at http://172.27.58.37:4040
[2023-12-15T01:19:55.178-0300] {spark_submit.py:521} INFO - 23/12/15 01:19:55 INFO MapOutputTrackerMasterEndpoint: MapOutputTrackerMasterEndpoint stopped!
[2023-12-15T01:19:55.191-0300] {spark_submit.py:521} INFO - 23/12/15 01:19:55 INFO MemoryStore: MemoryStore cleared
[2023-12-15T01:19:55.191-0300] {spark_submit.py:521} INFO - 23/12/15 01:19:55 INFO BlockManager: BlockManager stopped
[2023-12-15T01:19:55.206-0300] {spark_submit.py:521} INFO - 23/12/15 01:19:55 INFO BlockManagerMaster: BlockManagerMaster stopped
[2023-12-15T01:19:55.210-0300] {spark_submit.py:521} INFO - 23/12/15 01:19:55 INFO OutputCommitCoordinator$OutputCommitCoordinatorEndpoint: OutputCommitCoordinator stopped!
[2023-12-15T01:19:55.215-0300] {spark_submit.py:521} INFO - 23/12/15 01:19:55 INFO SparkContext: Successfully stopped SparkContext
[2023-12-15T01:19:55.215-0300] {spark_submit.py:521} INFO - 23/12/15 01:19:55 INFO ShutdownHookManager: Shutdown hook called
[2023-12-15T01:19:55.216-0300] {spark_submit.py:521} INFO - 23/12/15 01:19:55 INFO ShutdownHookManager: Deleting directory /tmp/spark-63acc8ab-f67b-4502-b67c-71e402b45644
[2023-12-15T01:19:55.219-0300] {spark_submit.py:521} INFO - 23/12/15 01:19:55 INFO ShutdownHookManager: Deleting directory /tmp/spark-12b89455-f481-4262-a29c-a6a5a010d60c/pyspark-e709f1f9-b702-4402-8045-7d60e2bdbe20
[2023-12-15T01:19:55.223-0300] {spark_submit.py:521} INFO - 23/12/15 01:19:55 INFO ShutdownHookManager: Deleting directory /tmp/spark-12b89455-f481-4262-a29c-a6a5a010d60c
[2023-12-15T01:19:55.282-0300] {taskinstance.py:1400} INFO - Marking task as SUCCESS. dag_id=TwitterDAG, task_id=transform_twitter_datascience, execution_date=20231209T000000, start_date=20231215T041934, end_date=20231215T041955
[2023-12-15T01:19:55.314-0300] {local_task_job_runner.py:228} INFO - Task exited with return code 0
[2023-12-15T01:19:55.330-0300] {taskinstance.py:2778} INFO - 1 downstream tasks scheduled from follow-on schedule check
