[2023-12-15T01:04:54.739-0300] {taskinstance.py:1159} INFO - Dependencies all met for dep_context=non-requeueable deps ti=<TaskInstance: TwitterDAG.twitter_datascience scheduled__2023-12-14T00:00:00+00:00 [queued]>
[2023-12-15T01:04:54.744-0300] {taskinstance.py:1159} INFO - Dependencies all met for dep_context=requeueable deps ti=<TaskInstance: TwitterDAG.twitter_datascience scheduled__2023-12-14T00:00:00+00:00 [queued]>
[2023-12-15T01:04:54.744-0300] {taskinstance.py:1361} INFO - Starting attempt 1 of 1
[2023-12-15T01:04:54.761-0300] {taskinstance.py:1382} INFO - Executing <Task(TwitterOperator): twitter_datascience> on 2023-12-14 00:00:00+00:00
[2023-12-15T01:04:54.764-0300] {standard_task_runner.py:57} INFO - Started process 15399 to run task
[2023-12-15T01:04:54.768-0300] {standard_task_runner.py:84} INFO - Running: ['airflow', 'tasks', 'run', 'TwitterDAG', 'twitter_datascience', 'scheduled__2023-12-14T00:00:00+00:00', '--job-id', '60', '--raw', '--subdir', 'DAGS_FOLDER/twitter_dag.py', '--cfg-path', '/tmp/tmp8d6w0da_']
[2023-12-15T01:04:54.769-0300] {standard_task_runner.py:85} INFO - Job 60: Subtask twitter_datascience
[2023-12-15T01:04:54.811-0300] {task_command.py:416} INFO - Running <TaskInstance: TwitterDAG.twitter_datascience scheduled__2023-12-14T00:00:00+00:00 [running]> on host JulioPC.
[2023-12-15T01:04:54.874-0300] {taskinstance.py:1662} INFO - Exporting env vars: AIRFLOW_CTX_DAG_OWNER='airflow' AIRFLOW_CTX_DAG_ID='TwitterDAG' AIRFLOW_CTX_TASK_ID='twitter_datascience' AIRFLOW_CTX_EXECUTION_DATE='2023-12-14T00:00:00+00:00' AIRFLOW_CTX_TRY_NUMBER='1' AIRFLOW_CTX_DAG_RUN_ID='scheduled__2023-12-14T00:00:00+00:00'
[2023-12-15T01:04:54.881-0300] {base.py:73} INFO - Using connection ID 'twitter_default' for task execution.
[2023-12-15T01:04:54.882-0300] {twitter_hook.py:34} INFO - URL: https://labdados.com/2/tweets/search/recent?query=datascience&tweet.fields=author_id,conversation_id,created_at,id,in_reply_to_user_id,public_metrics,lang,text&expansions=author_id&user.fields=id,name,username,created_at&start_time=2023-12-14T00:00:00.00Z&end_time=2023-12-15T00:00:00.00Z
[2023-12-15T01:04:55.369-0300] {twitter_hook.py:34} INFO - URL: https://labdados.com/2/tweets/search/recent?query=datascience&tweet.fields=author_id,conversation_id,created_at,id,in_reply_to_user_id,public_metrics,lang,text&expansions=author_id&user.fields=id,name,username,created_at&start_time=2023-12-14T00:00:00.00Z&end_time=2023-12-15T00:00:00.00Z&next_token=1234567890abcdef
[2023-12-15T01:04:55.487-0300] {taskinstance.py:1400} INFO - Marking task as SUCCESS. dag_id=TwitterDAG, task_id=twitter_datascience, execution_date=20231214T000000, start_date=20231215T040454, end_date=20231215T040455
[2023-12-15T01:04:55.546-0300] {local_task_job_runner.py:228} INFO - Task exited with return code 0
[2023-12-15T01:04:55.560-0300] {taskinstance.py:2778} INFO - 1 downstream tasks scheduled from follow-on schedule check
[2023-12-15T01:10:08.199-0300] {taskinstance.py:1159} INFO - Dependencies all met for dep_context=non-requeueable deps ti=<TaskInstance: TwitterDAG.twitter_datascience scheduled__2023-12-14T00:00:00+00:00 [queued]>
[2023-12-15T01:10:08.206-0300] {taskinstance.py:1159} INFO - Dependencies all met for dep_context=requeueable deps ti=<TaskInstance: TwitterDAG.twitter_datascience scheduled__2023-12-14T00:00:00+00:00 [queued]>
[2023-12-15T01:10:08.206-0300] {taskinstance.py:1361} INFO - Starting attempt 1 of 1
[2023-12-15T01:10:08.224-0300] {taskinstance.py:1382} INFO - Executing <Task(TwitterOperator): twitter_datascience> on 2023-12-14 00:00:00+00:00
[2023-12-15T01:10:08.227-0300] {standard_task_runner.py:57} INFO - Started process 19254 to run task
[2023-12-15T01:10:08.229-0300] {standard_task_runner.py:84} INFO - Running: ['airflow', 'tasks', 'run', 'TwitterDAG', 'twitter_datascience', 'scheduled__2023-12-14T00:00:00+00:00', '--job-id', '60', '--raw', '--subdir', 'DAGS_FOLDER/twitter_dag.py', '--cfg-path', '/tmp/tmpul9zl1jq']
[2023-12-15T01:10:08.230-0300] {standard_task_runner.py:85} INFO - Job 60: Subtask twitter_datascience
[2023-12-15T01:10:08.266-0300] {task_command.py:416} INFO - Running <TaskInstance: TwitterDAG.twitter_datascience scheduled__2023-12-14T00:00:00+00:00 [running]> on host JulioPC.
[2023-12-15T01:10:08.322-0300] {taskinstance.py:1662} INFO - Exporting env vars: AIRFLOW_CTX_DAG_OWNER='airflow' AIRFLOW_CTX_DAG_ID='TwitterDAG' AIRFLOW_CTX_TASK_ID='twitter_datascience' AIRFLOW_CTX_EXECUTION_DATE='2023-12-14T00:00:00+00:00' AIRFLOW_CTX_TRY_NUMBER='1' AIRFLOW_CTX_DAG_RUN_ID='scheduled__2023-12-14T00:00:00+00:00'
[2023-12-15T01:10:08.328-0300] {base.py:73} INFO - Using connection ID 'twitter_default' for task execution.
[2023-12-15T01:10:08.329-0300] {twitter_hook.py:34} INFO - URL: https://labdados.com/2/tweets/search/recent?query=datascience&tweet.fields=author_id,conversation_id,created_at,id,in_reply_to_user_id,public_metrics,lang,text&expansions=author_id&user.fields=id,name,username,created_at&start_time=2023-12-14T00:00:00.00Z&end_time=2023-12-15T00:00:00.00Z
[2023-12-15T01:10:08.792-0300] {twitter_hook.py:34} INFO - URL: https://labdados.com/2/tweets/search/recent?query=datascience&tweet.fields=author_id,conversation_id,created_at,id,in_reply_to_user_id,public_metrics,lang,text&expansions=author_id&user.fields=id,name,username,created_at&start_time=2023-12-14T00:00:00.00Z&end_time=2023-12-15T00:00:00.00Z&next_token=1234567890abcdef
[2023-12-15T01:10:08.904-0300] {twitter_hook.py:34} INFO - URL: https://labdados.com/2/tweets/search/recent?query=datascience&tweet.fields=author_id,conversation_id,created_at,id,in_reply_to_user_id,public_metrics,lang,text&expansions=author_id&user.fields=id,name,username,created_at&start_time=2023-12-14T00:00:00.00Z&end_time=2023-12-15T00:00:00.00Z&next_token=1234567890abcdef
[2023-12-15T01:10:09.029-0300] {taskinstance.py:1400} INFO - Marking task as SUCCESS. dag_id=TwitterDAG, task_id=twitter_datascience, execution_date=20231214T000000, start_date=20231215T041008, end_date=20231215T041009
[2023-12-15T01:10:09.048-0300] {local_task_job_runner.py:228} INFO - Task exited with return code 0
[2023-12-15T01:10:09.061-0300] {taskinstance.py:2778} INFO - 1 downstream tasks scheduled from follow-on schedule check
[2023-12-15T01:22:23.634-0300] {taskinstance.py:1159} INFO - Dependencies all met for dep_context=non-requeueable deps ti=<TaskInstance: TwitterDAG.twitter_datascience scheduled__2023-12-14T00:00:00+00:00 [queued]>
[2023-12-15T01:22:23.640-0300] {taskinstance.py:1159} INFO - Dependencies all met for dep_context=requeueable deps ti=<TaskInstance: TwitterDAG.twitter_datascience scheduled__2023-12-14T00:00:00+00:00 [queued]>
[2023-12-15T01:22:23.641-0300] {taskinstance.py:1361} INFO - Starting attempt 1 of 1
[2023-12-15T01:22:23.657-0300] {taskinstance.py:1382} INFO - Executing <Task(TwitterOperator): twitter_datascience> on 2023-12-14 00:00:00+00:00
[2023-12-15T01:22:23.660-0300] {standard_task_runner.py:57} INFO - Started process 31825 to run task
[2023-12-15T01:22:23.663-0300] {standard_task_runner.py:84} INFO - Running: ['airflow', 'tasks', 'run', 'TwitterDAG', 'twitter_datascience', 'scheduled__2023-12-14T00:00:00+00:00', '--job-id', '64', '--raw', '--subdir', 'DAGS_FOLDER/twitter_dag.py', '--cfg-path', '/tmp/tmpvrpq5vz_']
[2023-12-15T01:22:23.664-0300] {standard_task_runner.py:85} INFO - Job 64: Subtask twitter_datascience
[2023-12-15T01:22:23.702-0300] {task_command.py:416} INFO - Running <TaskInstance: TwitterDAG.twitter_datascience scheduled__2023-12-14T00:00:00+00:00 [running]> on host JulioPC.
[2023-12-15T01:22:23.765-0300] {taskinstance.py:1662} INFO - Exporting env vars: AIRFLOW_CTX_DAG_OWNER='airflow' AIRFLOW_CTX_DAG_ID='TwitterDAG' AIRFLOW_CTX_TASK_ID='twitter_datascience' AIRFLOW_CTX_EXECUTION_DATE='2023-12-14T00:00:00+00:00' AIRFLOW_CTX_TRY_NUMBER='1' AIRFLOW_CTX_DAG_RUN_ID='scheduled__2023-12-14T00:00:00+00:00'
[2023-12-15T01:22:23.771-0300] {base.py:73} INFO - Using connection ID 'twitter_default' for task execution.
[2023-12-15T01:22:23.772-0300] {twitter_hook.py:34} INFO - URL: https://labdados.com/2/tweets/search/recent?query=datascience&tweet.fields=author_id,conversation_id,created_at,id,in_reply_to_user_id,public_metrics,lang,text&expansions=author_id&user.fields=id,name,username,created_at&start_time=2023-12-14T00:00:00.00Z&end_time=2023-12-15T00:00:00.00Z
[2023-12-15T01:22:24.201-0300] {taskinstance.py:1400} INFO - Marking task as SUCCESS. dag_id=TwitterDAG, task_id=twitter_datascience, execution_date=20231214T000000, start_date=20231215T042223, end_date=20231215T042224
[2023-12-15T01:22:24.239-0300] {local_task_job_runner.py:228} INFO - Task exited with return code 0
[2023-12-15T01:22:24.254-0300] {taskinstance.py:2778} INFO - 1 downstream tasks scheduled from follow-on schedule check
