[2023-12-15T09:09:00.074-0300] {taskinstance.py:1159} INFO - Dependencies all met for dep_context=non-requeueable deps ti=<TaskInstance: ArmazenaPastaMongoDBDAG.store_gold_folder scheduled__2023-01-31T00:00:00+00:00 [queued]>
[2023-12-15T09:09:00.080-0300] {taskinstance.py:1159} INFO - Dependencies all met for dep_context=requeueable deps ti=<TaskInstance: ArmazenaPastaMongoDBDAG.store_gold_folder scheduled__2023-01-31T00:00:00+00:00 [queued]>
[2023-12-15T09:09:00.080-0300] {taskinstance.py:1361} INFO - Starting attempt 1 of 1
[2023-12-15T09:09:00.098-0300] {taskinstance.py:1382} INFO - Executing <Task(PythonOperator): store_gold_folder> on 2023-01-31 00:00:00+00:00
[2023-12-15T09:09:00.101-0300] {standard_task_runner.py:57} INFO - Started process 18830 to run task
[2023-12-15T09:09:00.104-0300] {standard_task_runner.py:84} INFO - Running: ['airflow', 'tasks', 'run', 'ArmazenaPastaMongoDBDAG', 'store_gold_folder', 'scheduled__2023-01-31T00:00:00+00:00', '--job-id', '397', '--raw', '--subdir', 'DAGS_FOLDER/upload_mongo.py', '--cfg-path', '/tmp/tmpsyw1y6hv']
[2023-12-15T09:09:00.105-0300] {standard_task_runner.py:85} INFO - Job 397: Subtask store_gold_folder
[2023-12-15T09:09:00.143-0300] {task_command.py:416} INFO - Running <TaskInstance: ArmazenaPastaMongoDBDAG.store_gold_folder scheduled__2023-01-31T00:00:00+00:00 [running]> on host JulioPC.
[2023-12-15T09:09:00.217-0300] {taskinstance.py:1662} INFO - Exporting env vars: AIRFLOW_CTX_DAG_OWNER='airflow' AIRFLOW_CTX_DAG_ID='ArmazenaPastaMongoDBDAG' AIRFLOW_CTX_TASK_ID='store_gold_folder' AIRFLOW_CTX_EXECUTION_DATE='2023-01-31T00:00:00+00:00' AIRFLOW_CTX_TRY_NUMBER='1' AIRFLOW_CTX_DAG_RUN_ID='scheduled__2023-01-31T00:00:00+00:00'
[2023-12-15T09:09:00.238-0300] {python.py:194} INFO - Done. Returned value was: None
[2023-12-15T09:09:00.248-0300] {taskinstance.py:1400} INFO - Marking task as SUCCESS. dag_id=ArmazenaPastaMongoDBDAG, task_id=store_gold_folder, execution_date=20230131T000000, start_date=20231215T120900, end_date=20231215T120900
[2023-12-15T09:09:00.278-0300] {local_task_job_runner.py:228} INFO - Task exited with return code 0
[2023-12-15T09:09:00.290-0300] {taskinstance.py:2778} INFO - 0 downstream tasks scheduled from follow-on schedule check
[2023-12-15T09:15:09.141-0300] {taskinstance.py:1159} INFO - Dependencies all met for dep_context=non-requeueable deps ti=<TaskInstance: ArmazenaPastaMongoDBDAG.store_gold_folder scheduled__2023-01-31T00:00:00+00:00 [queued]>
[2023-12-15T09:15:09.149-0300] {taskinstance.py:1159} INFO - Dependencies all met for dep_context=requeueable deps ti=<TaskInstance: ArmazenaPastaMongoDBDAG.store_gold_folder scheduled__2023-01-31T00:00:00+00:00 [queued]>
[2023-12-15T09:15:09.149-0300] {taskinstance.py:1361} INFO - Starting attempt 1 of 1
[2023-12-15T09:15:09.164-0300] {taskinstance.py:1382} INFO - Executing <Task(PythonOperator): store_gold_folder> on 2023-01-31 00:00:00+00:00
[2023-12-15T09:15:09.168-0300] {standard_task_runner.py:57} INFO - Started process 22813 to run task
[2023-12-15T09:15:09.171-0300] {standard_task_runner.py:84} INFO - Running: ['airflow', 'tasks', 'run', 'ArmazenaPastaMongoDBDAG', 'store_gold_folder', 'scheduled__2023-01-31T00:00:00+00:00', '--job-id', '397', '--raw', '--subdir', 'DAGS_FOLDER/upload_mongo.py', '--cfg-path', '/tmp/tmptgk3ykbo']
[2023-12-15T09:15:09.172-0300] {standard_task_runner.py:85} INFO - Job 397: Subtask store_gold_folder
[2023-12-15T09:15:09.207-0300] {task_command.py:416} INFO - Running <TaskInstance: ArmazenaPastaMongoDBDAG.store_gold_folder scheduled__2023-01-31T00:00:00+00:00 [running]> on host JulioPC.
[2023-12-15T09:15:09.274-0300] {taskinstance.py:1662} INFO - Exporting env vars: AIRFLOW_CTX_DAG_OWNER='airflow' AIRFLOW_CTX_DAG_ID='ArmazenaPastaMongoDBDAG' AIRFLOW_CTX_TASK_ID='store_gold_folder' AIRFLOW_CTX_EXECUTION_DATE='2023-01-31T00:00:00+00:00' AIRFLOW_CTX_TRY_NUMBER='1' AIRFLOW_CTX_DAG_RUN_ID='scheduled__2023-01-31T00:00:00+00:00'
[2023-12-15T09:15:09.291-0300] {python.py:194} INFO - Done. Returned value was: None
[2023-12-15T09:15:09.297-0300] {taskinstance.py:1400} INFO - Marking task as SUCCESS. dag_id=ArmazenaPastaMongoDBDAG, task_id=store_gold_folder, execution_date=20230131T000000, start_date=20231215T121509, end_date=20231215T121509
[2023-12-15T09:15:09.344-0300] {local_task_job_runner.py:228} INFO - Task exited with return code 0
[2023-12-15T09:15:09.353-0300] {taskinstance.py:2778} INFO - 0 downstream tasks scheduled from follow-on schedule check
