[2023-12-15T09:09:08.670-0300] {taskinstance.py:1159} INFO - Dependencies all met for dep_context=non-requeueable deps ti=<TaskInstance: ArmazenaPastaMongoDBDAG.store_gold_folder scheduled__2023-02-03T00:00:00+00:00 [queued]>
[2023-12-15T09:09:08.679-0300] {taskinstance.py:1159} INFO - Dependencies all met for dep_context=requeueable deps ti=<TaskInstance: ArmazenaPastaMongoDBDAG.store_gold_folder scheduled__2023-02-03T00:00:00+00:00 [queued]>
[2023-12-15T09:09:08.679-0300] {taskinstance.py:1361} INFO - Starting attempt 1 of 1
[2023-12-15T09:09:08.696-0300] {taskinstance.py:1382} INFO - Executing <Task(PythonOperator): store_gold_folder> on 2023-02-03 00:00:00+00:00
[2023-12-15T09:09:08.700-0300] {standard_task_runner.py:57} INFO - Started process 18873 to run task
[2023-12-15T09:09:08.703-0300] {standard_task_runner.py:84} INFO - Running: ['airflow', 'tasks', 'run', 'ArmazenaPastaMongoDBDAG', 'store_gold_folder', 'scheduled__2023-02-03T00:00:00+00:00', '--job-id', '400', '--raw', '--subdir', 'DAGS_FOLDER/upload_mongo.py', '--cfg-path', '/tmp/tmpe1i3u0wl']
[2023-12-15T09:09:08.704-0300] {standard_task_runner.py:85} INFO - Job 400: Subtask store_gold_folder
[2023-12-15T09:09:08.744-0300] {task_command.py:416} INFO - Running <TaskInstance: ArmazenaPastaMongoDBDAG.store_gold_folder scheduled__2023-02-03T00:00:00+00:00 [running]> on host JulioPC.
[2023-12-15T09:09:08.812-0300] {taskinstance.py:1662} INFO - Exporting env vars: AIRFLOW_CTX_DAG_OWNER='airflow' AIRFLOW_CTX_DAG_ID='ArmazenaPastaMongoDBDAG' AIRFLOW_CTX_TASK_ID='store_gold_folder' AIRFLOW_CTX_EXECUTION_DATE='2023-02-03T00:00:00+00:00' AIRFLOW_CTX_TRY_NUMBER='1' AIRFLOW_CTX_DAG_RUN_ID='scheduled__2023-02-03T00:00:00+00:00'
[2023-12-15T09:09:08.834-0300] {python.py:194} INFO - Done. Returned value was: None
[2023-12-15T09:09:08.840-0300] {taskinstance.py:1400} INFO - Marking task as SUCCESS. dag_id=ArmazenaPastaMongoDBDAG, task_id=store_gold_folder, execution_date=20230203T000000, start_date=20231215T120908, end_date=20231215T120908
[2023-12-15T09:09:08.876-0300] {local_task_job_runner.py:228} INFO - Task exited with return code 0
[2023-12-15T09:09:08.885-0300] {taskinstance.py:2778} INFO - 0 downstream tasks scheduled from follow-on schedule check
[2023-12-15T09:15:17.586-0300] {taskinstance.py:1159} INFO - Dependencies all met for dep_context=non-requeueable deps ti=<TaskInstance: ArmazenaPastaMongoDBDAG.store_gold_folder scheduled__2023-02-03T00:00:00+00:00 [queued]>
[2023-12-15T09:15:17.594-0300] {taskinstance.py:1159} INFO - Dependencies all met for dep_context=requeueable deps ti=<TaskInstance: ArmazenaPastaMongoDBDAG.store_gold_folder scheduled__2023-02-03T00:00:00+00:00 [queued]>
[2023-12-15T09:15:17.594-0300] {taskinstance.py:1361} INFO - Starting attempt 1 of 1
[2023-12-15T09:15:17.610-0300] {taskinstance.py:1382} INFO - Executing <Task(PythonOperator): store_gold_folder> on 2023-02-03 00:00:00+00:00
[2023-12-15T09:15:17.614-0300] {standard_task_runner.py:57} INFO - Started process 22856 to run task
[2023-12-15T09:15:17.616-0300] {standard_task_runner.py:84} INFO - Running: ['airflow', 'tasks', 'run', 'ArmazenaPastaMongoDBDAG', 'store_gold_folder', 'scheduled__2023-02-03T00:00:00+00:00', '--job-id', '400', '--raw', '--subdir', 'DAGS_FOLDER/upload_mongo.py', '--cfg-path', '/tmp/tmpdvjqut55']
[2023-12-15T09:15:17.618-0300] {standard_task_runner.py:85} INFO - Job 400: Subtask store_gold_folder
[2023-12-15T09:15:17.652-0300] {task_command.py:416} INFO - Running <TaskInstance: ArmazenaPastaMongoDBDAG.store_gold_folder scheduled__2023-02-03T00:00:00+00:00 [running]> on host JulioPC.
[2023-12-15T09:15:17.716-0300] {taskinstance.py:1662} INFO - Exporting env vars: AIRFLOW_CTX_DAG_OWNER='airflow' AIRFLOW_CTX_DAG_ID='ArmazenaPastaMongoDBDAG' AIRFLOW_CTX_TASK_ID='store_gold_folder' AIRFLOW_CTX_EXECUTION_DATE='2023-02-03T00:00:00+00:00' AIRFLOW_CTX_TRY_NUMBER='1' AIRFLOW_CTX_DAG_RUN_ID='scheduled__2023-02-03T00:00:00+00:00'
[2023-12-15T09:15:17.732-0300] {python.py:194} INFO - Done. Returned value was: None
[2023-12-15T09:15:17.738-0300] {taskinstance.py:1400} INFO - Marking task as SUCCESS. dag_id=ArmazenaPastaMongoDBDAG, task_id=store_gold_folder, execution_date=20230203T000000, start_date=20231215T121517, end_date=20231215T121517
[2023-12-15T09:15:17.791-0300] {local_task_job_runner.py:228} INFO - Task exited with return code 0
[2023-12-15T09:15:17.799-0300] {taskinstance.py:2778} INFO - 0 downstream tasks scheduled from follow-on schedule check
