[2023-12-15T08:50:20.919-0300] {taskinstance.py:1159} INFO - Dependencies all met for dep_context=non-requeueable deps ti=<TaskInstance: ArmazenaPastaMongoDBDAG.store_folder scheduled__2023-02-07T00:00:00+00:00 [queued]>
[2023-12-15T08:50:20.929-0300] {taskinstance.py:1159} INFO - Dependencies all met for dep_context=requeueable deps ti=<TaskInstance: ArmazenaPastaMongoDBDAG.store_folder scheduled__2023-02-07T00:00:00+00:00 [queued]>
[2023-12-15T08:50:20.929-0300] {taskinstance.py:1361} INFO - Starting attempt 1 of 1
[2023-12-15T08:50:20.945-0300] {taskinstance.py:1382} INFO - Executing <Task(PythonOperator): store_folder> on 2023-02-07 00:00:00+00:00
[2023-12-15T08:50:20.948-0300] {standard_task_runner.py:57} INFO - Started process 7596 to run task
[2023-12-15T08:50:20.952-0300] {standard_task_runner.py:84} INFO - Running: ['airflow', 'tasks', 'run', 'ArmazenaPastaMongoDBDAG', 'store_folder', 'scheduled__2023-02-07T00:00:00+00:00', '--job-id', '404', '--raw', '--subdir', 'DAGS_FOLDER/upload_mongo.py', '--cfg-path', '/tmp/tmplgx6duih']
[2023-12-15T08:50:20.953-0300] {standard_task_runner.py:85} INFO - Job 404: Subtask store_folder
[2023-12-15T08:50:20.996-0300] {task_command.py:416} INFO - Running <TaskInstance: ArmazenaPastaMongoDBDAG.store_folder scheduled__2023-02-07T00:00:00+00:00 [running]> on host JulioPC.
[2023-12-15T08:50:21.065-0300] {taskinstance.py:1662} INFO - Exporting env vars: AIRFLOW_CTX_DAG_OWNER='airflow' AIRFLOW_CTX_DAG_ID='ArmazenaPastaMongoDBDAG' AIRFLOW_CTX_TASK_ID='store_folder' AIRFLOW_CTX_EXECUTION_DATE='2023-02-07T00:00:00+00:00' AIRFLOW_CTX_TRY_NUMBER='1' AIRFLOW_CTX_DAG_RUN_ID='scheduled__2023-02-07T00:00:00+00:00'
[2023-12-15T08:50:22.197-0300] {python.py:194} INFO - Done. Returned value was: None
[2023-12-15T08:50:22.202-0300] {taskinstance.py:1400} INFO - Marking task as SUCCESS. dag_id=ArmazenaPastaMongoDBDAG, task_id=store_folder, execution_date=20230207T000000, start_date=20231215T115020, end_date=20231215T115022
[2023-12-15T08:50:22.255-0300] {local_task_job_runner.py:228} INFO - Task exited with return code 0
[2023-12-15T08:50:22.263-0300] {taskinstance.py:2778} INFO - 0 downstream tasks scheduled from follow-on schedule check
[2023-12-15T09:33:52.409-0300] {taskinstance.py:1159} INFO - Dependencies all met for dep_context=non-requeueable deps ti=<TaskInstance: ArmazenaPastaMongoDBDAG.store_folder scheduled__2023-02-07T00:00:00+00:00 [queued]>
[2023-12-15T09:33:52.416-0300] {taskinstance.py:1159} INFO - Dependencies all met for dep_context=requeueable deps ti=<TaskInstance: ArmazenaPastaMongoDBDAG.store_folder scheduled__2023-02-07T00:00:00+00:00 [queued]>
[2023-12-15T09:33:52.416-0300] {taskinstance.py:1361} INFO - Starting attempt 1 of 1
[2023-12-15T09:33:52.433-0300] {taskinstance.py:1382} INFO - Executing <Task(PythonOperator): store_folder> on 2023-02-07 00:00:00+00:00
[2023-12-15T09:33:52.437-0300] {standard_task_runner.py:57} INFO - Started process 33258 to run task
[2023-12-15T09:33:52.439-0300] {standard_task_runner.py:84} INFO - Running: ['airflow', 'tasks', 'run', 'ArmazenaPastaMongoDBDAG', 'store_folder', 'scheduled__2023-02-07T00:00:00+00:00', '--job-id', '404', '--raw', '--subdir', 'DAGS_FOLDER/upload_mongo.py', '--cfg-path', '/tmp/tmp3asq5h8d']
[2023-12-15T09:33:52.441-0300] {standard_task_runner.py:85} INFO - Job 404: Subtask store_folder
[2023-12-15T09:33:52.475-0300] {task_command.py:416} INFO - Running <TaskInstance: ArmazenaPastaMongoDBDAG.store_folder scheduled__2023-02-07T00:00:00+00:00 [running]> on host JulioPC.
[2023-12-15T09:33:52.539-0300] {taskinstance.py:1662} INFO - Exporting env vars: AIRFLOW_CTX_DAG_OWNER='airflow' AIRFLOW_CTX_DAG_ID='ArmazenaPastaMongoDBDAG' AIRFLOW_CTX_TASK_ID='store_folder' AIRFLOW_CTX_EXECUTION_DATE='2023-02-07T00:00:00+00:00' AIRFLOW_CTX_TRY_NUMBER='1' AIRFLOW_CTX_DAG_RUN_ID='scheduled__2023-02-07T00:00:00+00:00'
[2023-12-15T09:33:53.635-0300] {python.py:194} INFO - Done. Returned value was: None
[2023-12-15T09:33:53.640-0300] {taskinstance.py:1400} INFO - Marking task as SUCCESS. dag_id=ArmazenaPastaMongoDBDAG, task_id=store_folder, execution_date=20230207T000000, start_date=20231215T123352, end_date=20231215T123353
[2023-12-15T09:33:53.662-0300] {local_task_job_runner.py:228} INFO - Task exited with return code 0
[2023-12-15T09:33:53.670-0300] {taskinstance.py:2778} INFO - 0 downstream tasks scheduled from follow-on schedule check
