[2023-12-15T09:08:47.868-0300] {taskinstance.py:1159} INFO - Dependencies all met for dep_context=non-requeueable deps ti=<TaskInstance: ArmazenaPastaMongoDBDAG.store_gold_folder scheduled__2023-01-27T00:00:00+00:00 [queued]>
[2023-12-15T09:08:47.875-0300] {taskinstance.py:1159} INFO - Dependencies all met for dep_context=requeueable deps ti=<TaskInstance: ArmazenaPastaMongoDBDAG.store_gold_folder scheduled__2023-01-27T00:00:00+00:00 [queued]>
[2023-12-15T09:08:47.875-0300] {taskinstance.py:1361} INFO - Starting attempt 1 of 1
[2023-12-15T09:08:47.892-0300] {taskinstance.py:1382} INFO - Executing <Task(PythonOperator): store_gold_folder> on 2023-01-27 00:00:00+00:00
[2023-12-15T09:08:47.895-0300] {standard_task_runner.py:57} INFO - Started process 18772 to run task
[2023-12-15T09:08:47.898-0300] {standard_task_runner.py:84} INFO - Running: ['airflow', 'tasks', 'run', 'ArmazenaPastaMongoDBDAG', 'store_gold_folder', 'scheduled__2023-01-27T00:00:00+00:00', '--job-id', '393', '--raw', '--subdir', 'DAGS_FOLDER/upload_mongo.py', '--cfg-path', '/tmp/tmplomhkn1h']
[2023-12-15T09:08:47.899-0300] {standard_task_runner.py:85} INFO - Job 393: Subtask store_gold_folder
[2023-12-15T09:08:47.942-0300] {task_command.py:416} INFO - Running <TaskInstance: ArmazenaPastaMongoDBDAG.store_gold_folder scheduled__2023-01-27T00:00:00+00:00 [running]> on host JulioPC.
[2023-12-15T09:08:48.004-0300] {taskinstance.py:1662} INFO - Exporting env vars: AIRFLOW_CTX_DAG_OWNER='airflow' AIRFLOW_CTX_DAG_ID='ArmazenaPastaMongoDBDAG' AIRFLOW_CTX_TASK_ID='store_gold_folder' AIRFLOW_CTX_EXECUTION_DATE='2023-01-27T00:00:00+00:00' AIRFLOW_CTX_TRY_NUMBER='1' AIRFLOW_CTX_DAG_RUN_ID='scheduled__2023-01-27T00:00:00+00:00'
[2023-12-15T09:08:48.020-0300] {python.py:194} INFO - Done. Returned value was: None
[2023-12-15T09:08:48.026-0300] {taskinstance.py:1400} INFO - Marking task as SUCCESS. dag_id=ArmazenaPastaMongoDBDAG, task_id=store_gold_folder, execution_date=20230127T000000, start_date=20231215T120847, end_date=20231215T120848
[2023-12-15T09:08:48.071-0300] {local_task_job_runner.py:228} INFO - Task exited with return code 0
[2023-12-15T09:08:48.080-0300] {taskinstance.py:2778} INFO - 0 downstream tasks scheduled from follow-on schedule check
[2023-12-15T09:14:56.647-0300] {taskinstance.py:1159} INFO - Dependencies all met for dep_context=non-requeueable deps ti=<TaskInstance: ArmazenaPastaMongoDBDAG.store_gold_folder scheduled__2023-01-27T00:00:00+00:00 [queued]>
[2023-12-15T09:14:56.654-0300] {taskinstance.py:1159} INFO - Dependencies all met for dep_context=requeueable deps ti=<TaskInstance: ArmazenaPastaMongoDBDAG.store_gold_folder scheduled__2023-01-27T00:00:00+00:00 [queued]>
[2023-12-15T09:14:56.654-0300] {taskinstance.py:1361} INFO - Starting attempt 1 of 1
[2023-12-15T09:14:56.672-0300] {taskinstance.py:1382} INFO - Executing <Task(PythonOperator): store_gold_folder> on 2023-01-27 00:00:00+00:00
[2023-12-15T09:14:56.675-0300] {standard_task_runner.py:57} INFO - Started process 22752 to run task
[2023-12-15T09:14:56.678-0300] {standard_task_runner.py:84} INFO - Running: ['airflow', 'tasks', 'run', 'ArmazenaPastaMongoDBDAG', 'store_gold_folder', 'scheduled__2023-01-27T00:00:00+00:00', '--job-id', '393', '--raw', '--subdir', 'DAGS_FOLDER/upload_mongo.py', '--cfg-path', '/tmp/tmp9kqme93j']
[2023-12-15T09:14:56.680-0300] {standard_task_runner.py:85} INFO - Job 393: Subtask store_gold_folder
[2023-12-15T09:14:56.717-0300] {task_command.py:416} INFO - Running <TaskInstance: ArmazenaPastaMongoDBDAG.store_gold_folder scheduled__2023-01-27T00:00:00+00:00 [running]> on host JulioPC.
[2023-12-15T09:14:56.777-0300] {taskinstance.py:1662} INFO - Exporting env vars: AIRFLOW_CTX_DAG_OWNER='airflow' AIRFLOW_CTX_DAG_ID='ArmazenaPastaMongoDBDAG' AIRFLOW_CTX_TASK_ID='store_gold_folder' AIRFLOW_CTX_EXECUTION_DATE='2023-01-27T00:00:00+00:00' AIRFLOW_CTX_TRY_NUMBER='1' AIRFLOW_CTX_DAG_RUN_ID='scheduled__2023-01-27T00:00:00+00:00'
[2023-12-15T09:14:56.798-0300] {python.py:194} INFO - Done. Returned value was: None
[2023-12-15T09:14:56.804-0300] {taskinstance.py:1400} INFO - Marking task as SUCCESS. dag_id=ArmazenaPastaMongoDBDAG, task_id=store_gold_folder, execution_date=20230127T000000, start_date=20231215T121456, end_date=20231215T121456
[2023-12-15T09:14:56.851-0300] {local_task_job_runner.py:228} INFO - Task exited with return code 0
[2023-12-15T09:14:56.860-0300] {taskinstance.py:2778} INFO - 0 downstream tasks scheduled from follow-on schedule check
