[2023-12-15T08:49:41.138-0300] {taskinstance.py:1159} INFO - Dependencies all met for dep_context=non-requeueable deps ti=<TaskInstance: ArmazenaPastaMongoDBDAG.store_folder scheduled__2023-01-29T00:00:00+00:00 [queued]>
[2023-12-15T08:49:41.147-0300] {taskinstance.py:1159} INFO - Dependencies all met for dep_context=requeueable deps ti=<TaskInstance: ArmazenaPastaMongoDBDAG.store_folder scheduled__2023-01-29T00:00:00+00:00 [queued]>
[2023-12-15T08:49:41.147-0300] {taskinstance.py:1361} INFO - Starting attempt 1 of 1
[2023-12-15T08:49:41.166-0300] {taskinstance.py:1382} INFO - Executing <Task(PythonOperator): store_folder> on 2023-01-29 00:00:00+00:00
[2023-12-15T08:49:41.170-0300] {standard_task_runner.py:57} INFO - Started process 6507 to run task
[2023-12-15T08:49:41.174-0300] {standard_task_runner.py:84} INFO - Running: ['airflow', 'tasks', 'run', 'ArmazenaPastaMongoDBDAG', 'store_folder', 'scheduled__2023-01-29T00:00:00+00:00', '--job-id', '395', '--raw', '--subdir', 'DAGS_FOLDER/upload_mongo.py', '--cfg-path', '/tmp/tmp9syzem36']
[2023-12-15T08:49:41.176-0300] {standard_task_runner.py:85} INFO - Job 395: Subtask store_folder
[2023-12-15T08:49:41.218-0300] {task_command.py:416} INFO - Running <TaskInstance: ArmazenaPastaMongoDBDAG.store_folder scheduled__2023-01-29T00:00:00+00:00 [running]> on host JulioPC.
[2023-12-15T08:49:41.294-0300] {taskinstance.py:1662} INFO - Exporting env vars: AIRFLOW_CTX_DAG_OWNER='airflow' AIRFLOW_CTX_DAG_ID='ArmazenaPastaMongoDBDAG' AIRFLOW_CTX_TASK_ID='store_folder' AIRFLOW_CTX_EXECUTION_DATE='2023-01-29T00:00:00+00:00' AIRFLOW_CTX_TRY_NUMBER='1' AIRFLOW_CTX_DAG_RUN_ID='scheduled__2023-01-29T00:00:00+00:00'
[2023-12-15T08:49:42.733-0300] {python.py:194} INFO - Done. Returned value was: None
[2023-12-15T08:49:42.752-0300] {taskinstance.py:1400} INFO - Marking task as SUCCESS. dag_id=ArmazenaPastaMongoDBDAG, task_id=store_folder, execution_date=20230129T000000, start_date=20231215T114941, end_date=20231215T114942
[2023-12-15T08:49:42.859-0300] {local_task_job_runner.py:228} INFO - Task exited with return code 0
[2023-12-15T08:49:42.894-0300] {taskinstance.py:2778} INFO - 0 downstream tasks scheduled from follow-on schedule check
[2023-12-15T09:33:12.164-0300] {taskinstance.py:1159} INFO - Dependencies all met for dep_context=non-requeueable deps ti=<TaskInstance: ArmazenaPastaMongoDBDAG.store_folder scheduled__2023-01-29T00:00:00+00:00 [queued]>
[2023-12-15T09:33:12.173-0300] {taskinstance.py:1159} INFO - Dependencies all met for dep_context=requeueable deps ti=<TaskInstance: ArmazenaPastaMongoDBDAG.store_folder scheduled__2023-01-29T00:00:00+00:00 [queued]>
[2023-12-15T09:33:12.174-0300] {taskinstance.py:1361} INFO - Starting attempt 1 of 1
[2023-12-15T09:33:12.189-0300] {taskinstance.py:1382} INFO - Executing <Task(PythonOperator): store_folder> on 2023-01-29 00:00:00+00:00
[2023-12-15T09:33:12.194-0300] {standard_task_runner.py:57} INFO - Started process 32596 to run task
[2023-12-15T09:33:12.197-0300] {standard_task_runner.py:84} INFO - Running: ['airflow', 'tasks', 'run', 'ArmazenaPastaMongoDBDAG', 'store_folder', 'scheduled__2023-01-29T00:00:00+00:00', '--job-id', '395', '--raw', '--subdir', 'DAGS_FOLDER/upload_mongo.py', '--cfg-path', '/tmp/tmpq549qt3s']
[2023-12-15T09:33:12.199-0300] {standard_task_runner.py:85} INFO - Job 395: Subtask store_folder
[2023-12-15T09:33:12.242-0300] {task_command.py:416} INFO - Running <TaskInstance: ArmazenaPastaMongoDBDAG.store_folder scheduled__2023-01-29T00:00:00+00:00 [running]> on host JulioPC.
[2023-12-15T09:33:12.313-0300] {taskinstance.py:1662} INFO - Exporting env vars: AIRFLOW_CTX_DAG_OWNER='airflow' AIRFLOW_CTX_DAG_ID='ArmazenaPastaMongoDBDAG' AIRFLOW_CTX_TASK_ID='store_folder' AIRFLOW_CTX_EXECUTION_DATE='2023-01-29T00:00:00+00:00' AIRFLOW_CTX_TRY_NUMBER='1' AIRFLOW_CTX_DAG_RUN_ID='scheduled__2023-01-29T00:00:00+00:00'
[2023-12-15T09:33:13.360-0300] {python.py:194} INFO - Done. Returned value was: None
[2023-12-15T09:33:13.366-0300] {taskinstance.py:1400} INFO - Marking task as SUCCESS. dag_id=ArmazenaPastaMongoDBDAG, task_id=store_folder, execution_date=20230129T000000, start_date=20231215T123312, end_date=20231215T123313
[2023-12-15T09:33:13.418-0300] {local_task_job_runner.py:228} INFO - Task exited with return code 0
[2023-12-15T09:33:13.428-0300] {taskinstance.py:2778} INFO - 0 downstream tasks scheduled from follow-on schedule check
