[2023-12-15T09:09:21.799-0300] {taskinstance.py:1159} INFO - Dependencies all met for dep_context=non-requeueable deps ti=<TaskInstance: ArmazenaPastaMongoDBDAG.store_gold_folder scheduled__2023-02-07T00:00:00+00:00 [queued]>
[2023-12-15T09:09:21.806-0300] {taskinstance.py:1159} INFO - Dependencies all met for dep_context=requeueable deps ti=<TaskInstance: ArmazenaPastaMongoDBDAG.store_gold_folder scheduled__2023-02-07T00:00:00+00:00 [queued]>
[2023-12-15T09:09:21.807-0300] {taskinstance.py:1361} INFO - Starting attempt 1 of 1
[2023-12-15T09:09:21.829-0300] {taskinstance.py:1382} INFO - Executing <Task(PythonOperator): store_gold_folder> on 2023-02-07 00:00:00+00:00
[2023-12-15T09:09:21.832-0300] {standard_task_runner.py:57} INFO - Started process 18932 to run task
[2023-12-15T09:09:21.836-0300] {standard_task_runner.py:84} INFO - Running: ['airflow', 'tasks', 'run', 'ArmazenaPastaMongoDBDAG', 'store_gold_folder', 'scheduled__2023-02-07T00:00:00+00:00', '--job-id', '404', '--raw', '--subdir', 'DAGS_FOLDER/upload_mongo.py', '--cfg-path', '/tmp/tmpna0msnp5']
[2023-12-15T09:09:21.838-0300] {standard_task_runner.py:85} INFO - Job 404: Subtask store_gold_folder
[2023-12-15T09:09:21.879-0300] {task_command.py:416} INFO - Running <TaskInstance: ArmazenaPastaMongoDBDAG.store_gold_folder scheduled__2023-02-07T00:00:00+00:00 [running]> on host JulioPC.
[2023-12-15T09:09:21.948-0300] {taskinstance.py:1662} INFO - Exporting env vars: AIRFLOW_CTX_DAG_OWNER='airflow' AIRFLOW_CTX_DAG_ID='ArmazenaPastaMongoDBDAG' AIRFLOW_CTX_TASK_ID='store_gold_folder' AIRFLOW_CTX_EXECUTION_DATE='2023-02-07T00:00:00+00:00' AIRFLOW_CTX_TRY_NUMBER='1' AIRFLOW_CTX_DAG_RUN_ID='scheduled__2023-02-07T00:00:00+00:00'
[2023-12-15T09:09:22.080-0300] {python.py:194} INFO - Done. Returned value was: None
[2023-12-15T09:09:22.086-0300] {taskinstance.py:1400} INFO - Marking task as SUCCESS. dag_id=ArmazenaPastaMongoDBDAG, task_id=store_gold_folder, execution_date=20230207T000000, start_date=20231215T120921, end_date=20231215T120922
[2023-12-15T09:09:22.129-0300] {local_task_job_runner.py:228} INFO - Task exited with return code 0
[2023-12-15T09:09:22.142-0300] {taskinstance.py:2778} INFO - 0 downstream tasks scheduled from follow-on schedule check
[2023-12-15T09:15:29.914-0300] {taskinstance.py:1159} INFO - Dependencies all met for dep_context=non-requeueable deps ti=<TaskInstance: ArmazenaPastaMongoDBDAG.store_gold_folder scheduled__2023-02-07T00:00:00+00:00 [queued]>
[2023-12-15T09:15:29.930-0300] {taskinstance.py:1159} INFO - Dependencies all met for dep_context=requeueable deps ti=<TaskInstance: ArmazenaPastaMongoDBDAG.store_gold_folder scheduled__2023-02-07T00:00:00+00:00 [queued]>
[2023-12-15T09:15:29.931-0300] {taskinstance.py:1361} INFO - Starting attempt 1 of 1
[2023-12-15T09:15:29.959-0300] {taskinstance.py:1382} INFO - Executing <Task(PythonOperator): store_gold_folder> on 2023-02-07 00:00:00+00:00
[2023-12-15T09:15:29.967-0300] {standard_task_runner.py:57} INFO - Started process 22917 to run task
[2023-12-15T09:15:29.972-0300] {standard_task_runner.py:84} INFO - Running: ['airflow', 'tasks', 'run', 'ArmazenaPastaMongoDBDAG', 'store_gold_folder', 'scheduled__2023-02-07T00:00:00+00:00', '--job-id', '404', '--raw', '--subdir', 'DAGS_FOLDER/upload_mongo.py', '--cfg-path', '/tmp/tmpq7cb30hf']
[2023-12-15T09:15:29.973-0300] {standard_task_runner.py:85} INFO - Job 404: Subtask store_gold_folder
[2023-12-15T09:15:30.037-0300] {task_command.py:416} INFO - Running <TaskInstance: ArmazenaPastaMongoDBDAG.store_gold_folder scheduled__2023-02-07T00:00:00+00:00 [running]> on host JulioPC.
[2023-12-15T09:15:30.133-0300] {taskinstance.py:1662} INFO - Exporting env vars: AIRFLOW_CTX_DAG_OWNER='airflow' AIRFLOW_CTX_DAG_ID='ArmazenaPastaMongoDBDAG' AIRFLOW_CTX_TASK_ID='store_gold_folder' AIRFLOW_CTX_EXECUTION_DATE='2023-02-07T00:00:00+00:00' AIRFLOW_CTX_TRY_NUMBER='1' AIRFLOW_CTX_DAG_RUN_ID='scheduled__2023-02-07T00:00:00+00:00'
[2023-12-15T09:15:30.162-0300] {python.py:194} INFO - Done. Returned value was: None
[2023-12-15T09:15:30.172-0300] {taskinstance.py:1400} INFO - Marking task as SUCCESS. dag_id=ArmazenaPastaMongoDBDAG, task_id=store_gold_folder, execution_date=20230207T000000, start_date=20231215T121529, end_date=20231215T121530
[2023-12-15T09:15:30.226-0300] {local_task_job_runner.py:228} INFO - Task exited with return code 0
[2023-12-15T09:15:30.240-0300] {taskinstance.py:2778} INFO - 0 downstream tasks scheduled from follow-on schedule check
