[2023-12-15T08:50:57.451-0300] {taskinstance.py:1159} INFO - Dependencies all met for dep_context=non-requeueable deps ti=<TaskInstance: ArmazenaPastaMongoDBDAG.store_folder scheduled__2023-02-16T00:00:00+00:00 [queued]>
[2023-12-15T08:50:57.458-0300] {taskinstance.py:1159} INFO - Dependencies all met for dep_context=requeueable deps ti=<TaskInstance: ArmazenaPastaMongoDBDAG.store_folder scheduled__2023-02-16T00:00:00+00:00 [queued]>
[2023-12-15T08:50:57.458-0300] {taskinstance.py:1361} INFO - Starting attempt 1 of 1
[2023-12-15T08:50:57.475-0300] {taskinstance.py:1382} INFO - Executing <Task(PythonOperator): store_folder> on 2023-02-16 00:00:00+00:00
[2023-12-15T08:50:57.478-0300] {standard_task_runner.py:57} INFO - Started process 7760 to run task
[2023-12-15T08:50:57.481-0300] {standard_task_runner.py:84} INFO - Running: ['airflow', 'tasks', 'run', 'ArmazenaPastaMongoDBDAG', 'store_folder', 'scheduled__2023-02-16T00:00:00+00:00', '--job-id', '413', '--raw', '--subdir', 'DAGS_FOLDER/upload_mongo.py', '--cfg-path', '/tmp/tmpy64u6sxo']
[2023-12-15T08:50:57.482-0300] {standard_task_runner.py:85} INFO - Job 413: Subtask store_folder
[2023-12-15T08:50:57.518-0300] {task_command.py:416} INFO - Running <TaskInstance: ArmazenaPastaMongoDBDAG.store_folder scheduled__2023-02-16T00:00:00+00:00 [running]> on host JulioPC.
[2023-12-15T08:50:57.584-0300] {taskinstance.py:1662} INFO - Exporting env vars: AIRFLOW_CTX_DAG_OWNER='airflow' AIRFLOW_CTX_DAG_ID='ArmazenaPastaMongoDBDAG' AIRFLOW_CTX_TASK_ID='store_folder' AIRFLOW_CTX_EXECUTION_DATE='2023-02-16T00:00:00+00:00' AIRFLOW_CTX_TRY_NUMBER='1' AIRFLOW_CTX_DAG_RUN_ID='scheduled__2023-02-16T00:00:00+00:00'
[2023-12-15T08:50:58.758-0300] {python.py:194} INFO - Done. Returned value was: None
[2023-12-15T08:50:58.762-0300] {taskinstance.py:1400} INFO - Marking task as SUCCESS. dag_id=ArmazenaPastaMongoDBDAG, task_id=store_folder, execution_date=20230216T000000, start_date=20231215T115057, end_date=20231215T115058
[2023-12-15T08:50:58.787-0300] {local_task_job_runner.py:228} INFO - Task exited with return code 0
[2023-12-15T08:50:58.795-0300] {taskinstance.py:2778} INFO - 0 downstream tasks scheduled from follow-on schedule check
[2023-12-15T09:34:27.993-0300] {taskinstance.py:1159} INFO - Dependencies all met for dep_context=non-requeueable deps ti=<TaskInstance: ArmazenaPastaMongoDBDAG.store_folder scheduled__2023-02-16T00:00:00+00:00 [queued]>
[2023-12-15T09:34:28.000-0300] {taskinstance.py:1159} INFO - Dependencies all met for dep_context=requeueable deps ti=<TaskInstance: ArmazenaPastaMongoDBDAG.store_folder scheduled__2023-02-16T00:00:00+00:00 [queued]>
[2023-12-15T09:34:28.000-0300] {taskinstance.py:1361} INFO - Starting attempt 1 of 1
[2023-12-15T09:34:28.018-0300] {taskinstance.py:1382} INFO - Executing <Task(PythonOperator): store_folder> on 2023-02-16 00:00:00+00:00
[2023-12-15T09:34:28.022-0300] {standard_task_runner.py:57} INFO - Started process 33424 to run task
[2023-12-15T09:34:28.025-0300] {standard_task_runner.py:84} INFO - Running: ['airflow', 'tasks', 'run', 'ArmazenaPastaMongoDBDAG', 'store_folder', 'scheduled__2023-02-16T00:00:00+00:00', '--job-id', '413', '--raw', '--subdir', 'DAGS_FOLDER/upload_mongo.py', '--cfg-path', '/tmp/tmpqo0pudoo']
[2023-12-15T09:34:28.026-0300] {standard_task_runner.py:85} INFO - Job 413: Subtask store_folder
[2023-12-15T09:34:28.062-0300] {task_command.py:416} INFO - Running <TaskInstance: ArmazenaPastaMongoDBDAG.store_folder scheduled__2023-02-16T00:00:00+00:00 [running]> on host JulioPC.
[2023-12-15T09:34:28.127-0300] {taskinstance.py:1662} INFO - Exporting env vars: AIRFLOW_CTX_DAG_OWNER='airflow' AIRFLOW_CTX_DAG_ID='ArmazenaPastaMongoDBDAG' AIRFLOW_CTX_TASK_ID='store_folder' AIRFLOW_CTX_EXECUTION_DATE='2023-02-16T00:00:00+00:00' AIRFLOW_CTX_TRY_NUMBER='1' AIRFLOW_CTX_DAG_RUN_ID='scheduled__2023-02-16T00:00:00+00:00'
[2023-12-15T09:34:29.220-0300] {python.py:194} INFO - Done. Returned value was: None
[2023-12-15T09:34:29.228-0300] {taskinstance.py:1400} INFO - Marking task as SUCCESS. dag_id=ArmazenaPastaMongoDBDAG, task_id=store_folder, execution_date=20230216T000000, start_date=20231215T123427, end_date=20231215T123429
[2023-12-15T09:34:29.284-0300] {local_task_job_runner.py:228} INFO - Task exited with return code 0
[2023-12-15T09:34:29.297-0300] {taskinstance.py:2778} INFO - 0 downstream tasks scheduled from follow-on schedule check
