[2023-12-15T09:08:23.592-0300] {taskinstance.py:1159} INFO - Dependencies all met for dep_context=non-requeueable deps ti=<TaskInstance: ArmazenaPastaMongoDBDAG.store_gold_folder scheduled__2023-01-20T00:00:00+00:00 [queued]>
[2023-12-15T09:08:23.601-0300] {taskinstance.py:1159} INFO - Dependencies all met for dep_context=requeueable deps ti=<TaskInstance: ArmazenaPastaMongoDBDAG.store_gold_folder scheduled__2023-01-20T00:00:00+00:00 [queued]>
[2023-12-15T09:08:23.601-0300] {taskinstance.py:1361} INFO - Starting attempt 1 of 1
[2023-12-15T09:08:23.620-0300] {taskinstance.py:1382} INFO - Executing <Task(PythonOperator): store_gold_folder> on 2023-01-20 00:00:00+00:00
[2023-12-15T09:08:23.625-0300] {standard_task_runner.py:57} INFO - Started process 18670 to run task
[2023-12-15T09:08:23.628-0300] {standard_task_runner.py:84} INFO - Running: ['airflow', 'tasks', 'run', 'ArmazenaPastaMongoDBDAG', 'store_gold_folder', 'scheduled__2023-01-20T00:00:00+00:00', '--job-id', '386', '--raw', '--subdir', 'DAGS_FOLDER/upload_mongo.py', '--cfg-path', '/tmp/tmponnrj3x4']
[2023-12-15T09:08:23.630-0300] {standard_task_runner.py:85} INFO - Job 386: Subtask store_gold_folder
[2023-12-15T09:08:23.679-0300] {task_command.py:416} INFO - Running <TaskInstance: ArmazenaPastaMongoDBDAG.store_gold_folder scheduled__2023-01-20T00:00:00+00:00 [running]> on host JulioPC.
[2023-12-15T09:08:23.754-0300] {taskinstance.py:1662} INFO - Exporting env vars: AIRFLOW_CTX_DAG_OWNER='airflow' AIRFLOW_CTX_DAG_ID='ArmazenaPastaMongoDBDAG' AIRFLOW_CTX_TASK_ID='store_gold_folder' AIRFLOW_CTX_EXECUTION_DATE='2023-01-20T00:00:00+00:00' AIRFLOW_CTX_TRY_NUMBER='1' AIRFLOW_CTX_DAG_RUN_ID='scheduled__2023-01-20T00:00:00+00:00'
[2023-12-15T09:08:23.774-0300] {python.py:194} INFO - Done. Returned value was: None
[2023-12-15T09:08:23.781-0300] {taskinstance.py:1400} INFO - Marking task as SUCCESS. dag_id=ArmazenaPastaMongoDBDAG, task_id=store_gold_folder, execution_date=20230120T000000, start_date=20231215T120823, end_date=20231215T120823
[2023-12-15T09:08:23.801-0300] {local_task_job_runner.py:228} INFO - Task exited with return code 0
[2023-12-15T09:08:23.813-0300] {taskinstance.py:2778} INFO - 0 downstream tasks scheduled from follow-on schedule check
[2023-12-15T09:14:34.829-0300] {taskinstance.py:1159} INFO - Dependencies all met for dep_context=non-requeueable deps ti=<TaskInstance: ArmazenaPastaMongoDBDAG.store_gold_folder scheduled__2023-01-20T00:00:00+00:00 [queued]>
[2023-12-15T09:14:34.837-0300] {taskinstance.py:1159} INFO - Dependencies all met for dep_context=requeueable deps ti=<TaskInstance: ArmazenaPastaMongoDBDAG.store_gold_folder scheduled__2023-01-20T00:00:00+00:00 [queued]>
[2023-12-15T09:14:34.837-0300] {taskinstance.py:1361} INFO - Starting attempt 1 of 1
[2023-12-15T09:14:34.856-0300] {taskinstance.py:1382} INFO - Executing <Task(PythonOperator): store_gold_folder> on 2023-01-20 00:00:00+00:00
[2023-12-15T09:14:34.859-0300] {standard_task_runner.py:57} INFO - Started process 22650 to run task
[2023-12-15T09:14:34.862-0300] {standard_task_runner.py:84} INFO - Running: ['airflow', 'tasks', 'run', 'ArmazenaPastaMongoDBDAG', 'store_gold_folder', 'scheduled__2023-01-20T00:00:00+00:00', '--job-id', '386', '--raw', '--subdir', 'DAGS_FOLDER/upload_mongo.py', '--cfg-path', '/tmp/tmp9w24kkoq']
[2023-12-15T09:14:34.863-0300] {standard_task_runner.py:85} INFO - Job 386: Subtask store_gold_folder
[2023-12-15T09:14:34.904-0300] {task_command.py:416} INFO - Running <TaskInstance: ArmazenaPastaMongoDBDAG.store_gold_folder scheduled__2023-01-20T00:00:00+00:00 [running]> on host JulioPC.
[2023-12-15T09:14:34.967-0300] {taskinstance.py:1662} INFO - Exporting env vars: AIRFLOW_CTX_DAG_OWNER='airflow' AIRFLOW_CTX_DAG_ID='ArmazenaPastaMongoDBDAG' AIRFLOW_CTX_TASK_ID='store_gold_folder' AIRFLOW_CTX_EXECUTION_DATE='2023-01-20T00:00:00+00:00' AIRFLOW_CTX_TRY_NUMBER='1' AIRFLOW_CTX_DAG_RUN_ID='scheduled__2023-01-20T00:00:00+00:00'
[2023-12-15T09:14:34.984-0300] {python.py:194} INFO - Done. Returned value was: None
[2023-12-15T09:14:34.990-0300] {taskinstance.py:1400} INFO - Marking task as SUCCESS. dag_id=ArmazenaPastaMongoDBDAG, task_id=store_gold_folder, execution_date=20230120T000000, start_date=20231215T121434, end_date=20231215T121434
[2023-12-15T09:14:35.035-0300] {local_task_job_runner.py:228} INFO - Task exited with return code 0
[2023-12-15T09:14:35.044-0300] {taskinstance.py:2778} INFO - 0 downstream tasks scheduled from follow-on schedule check
