[2023-12-15T09:08:17.028-0300] {taskinstance.py:1159} INFO - Dependencies all met for dep_context=non-requeueable deps ti=<TaskInstance: ArmazenaPastaMongoDBDAG.store_gold_folder scheduled__2023-01-18T00:00:00+00:00 [queued]>
[2023-12-15T09:08:17.035-0300] {taskinstance.py:1159} INFO - Dependencies all met for dep_context=requeueable deps ti=<TaskInstance: ArmazenaPastaMongoDBDAG.store_gold_folder scheduled__2023-01-18T00:00:00+00:00 [queued]>
[2023-12-15T09:08:17.035-0300] {taskinstance.py:1361} INFO - Starting attempt 1 of 1
[2023-12-15T09:08:17.052-0300] {taskinstance.py:1382} INFO - Executing <Task(PythonOperator): store_gold_folder> on 2023-01-18 00:00:00+00:00
[2023-12-15T09:08:17.055-0300] {standard_task_runner.py:57} INFO - Started process 18633 to run task
[2023-12-15T09:08:17.058-0300] {standard_task_runner.py:84} INFO - Running: ['airflow', 'tasks', 'run', 'ArmazenaPastaMongoDBDAG', 'store_gold_folder', 'scheduled__2023-01-18T00:00:00+00:00', '--job-id', '384', '--raw', '--subdir', 'DAGS_FOLDER/upload_mongo.py', '--cfg-path', '/tmp/tmp7relxcph']
[2023-12-15T09:08:17.059-0300] {standard_task_runner.py:85} INFO - Job 384: Subtask store_gold_folder
[2023-12-15T09:08:17.096-0300] {task_command.py:416} INFO - Running <TaskInstance: ArmazenaPastaMongoDBDAG.store_gold_folder scheduled__2023-01-18T00:00:00+00:00 [running]> on host JulioPC.
[2023-12-15T09:08:17.159-0300] {taskinstance.py:1662} INFO - Exporting env vars: AIRFLOW_CTX_DAG_OWNER='airflow' AIRFLOW_CTX_DAG_ID='ArmazenaPastaMongoDBDAG' AIRFLOW_CTX_TASK_ID='store_gold_folder' AIRFLOW_CTX_EXECUTION_DATE='2023-01-18T00:00:00+00:00' AIRFLOW_CTX_TRY_NUMBER='1' AIRFLOW_CTX_DAG_RUN_ID='scheduled__2023-01-18T00:00:00+00:00'
[2023-12-15T09:08:17.178-0300] {python.py:194} INFO - Done. Returned value was: None
[2023-12-15T09:08:17.188-0300] {taskinstance.py:1400} INFO - Marking task as SUCCESS. dag_id=ArmazenaPastaMongoDBDAG, task_id=store_gold_folder, execution_date=20230118T000000, start_date=20231215T120817, end_date=20231215T120817
[2023-12-15T09:08:17.231-0300] {local_task_job_runner.py:228} INFO - Task exited with return code 0
[2023-12-15T09:08:17.243-0300] {taskinstance.py:2778} INFO - 0 downstream tasks scheduled from follow-on schedule check
[2023-12-15T09:14:28.555-0300] {taskinstance.py:1159} INFO - Dependencies all met for dep_context=non-requeueable deps ti=<TaskInstance: ArmazenaPastaMongoDBDAG.store_gold_folder scheduled__2023-01-18T00:00:00+00:00 [queued]>
[2023-12-15T09:14:28.563-0300] {taskinstance.py:1159} INFO - Dependencies all met for dep_context=requeueable deps ti=<TaskInstance: ArmazenaPastaMongoDBDAG.store_gold_folder scheduled__2023-01-18T00:00:00+00:00 [queued]>
[2023-12-15T09:14:28.564-0300] {taskinstance.py:1361} INFO - Starting attempt 1 of 1
[2023-12-15T09:14:28.581-0300] {taskinstance.py:1382} INFO - Executing <Task(PythonOperator): store_gold_folder> on 2023-01-18 00:00:00+00:00
[2023-12-15T09:14:28.584-0300] {standard_task_runner.py:57} INFO - Started process 22621 to run task
[2023-12-15T09:14:28.588-0300] {standard_task_runner.py:84} INFO - Running: ['airflow', 'tasks', 'run', 'ArmazenaPastaMongoDBDAG', 'store_gold_folder', 'scheduled__2023-01-18T00:00:00+00:00', '--job-id', '384', '--raw', '--subdir', 'DAGS_FOLDER/upload_mongo.py', '--cfg-path', '/tmp/tmpjds7dktu']
[2023-12-15T09:14:28.589-0300] {standard_task_runner.py:85} INFO - Job 384: Subtask store_gold_folder
[2023-12-15T09:14:28.640-0300] {task_command.py:416} INFO - Running <TaskInstance: ArmazenaPastaMongoDBDAG.store_gold_folder scheduled__2023-01-18T00:00:00+00:00 [running]> on host JulioPC.
[2023-12-15T09:14:28.705-0300] {taskinstance.py:1662} INFO - Exporting env vars: AIRFLOW_CTX_DAG_OWNER='airflow' AIRFLOW_CTX_DAG_ID='ArmazenaPastaMongoDBDAG' AIRFLOW_CTX_TASK_ID='store_gold_folder' AIRFLOW_CTX_EXECUTION_DATE='2023-01-18T00:00:00+00:00' AIRFLOW_CTX_TRY_NUMBER='1' AIRFLOW_CTX_DAG_RUN_ID='scheduled__2023-01-18T00:00:00+00:00'
[2023-12-15T09:14:28.722-0300] {python.py:194} INFO - Done. Returned value was: None
[2023-12-15T09:14:28.728-0300] {taskinstance.py:1400} INFO - Marking task as SUCCESS. dag_id=ArmazenaPastaMongoDBDAG, task_id=store_gold_folder, execution_date=20230118T000000, start_date=20231215T121428, end_date=20231215T121428
[2023-12-15T09:14:28.761-0300] {local_task_job_runner.py:228} INFO - Task exited with return code 0
[2023-12-15T09:14:28.769-0300] {taskinstance.py:2778} INFO - 0 downstream tasks scheduled from follow-on schedule check
