[2023-12-15T09:08:56.366-0300] {taskinstance.py:1159} INFO - Dependencies all met for dep_context=non-requeueable deps ti=<TaskInstance: ArmazenaPastaMongoDBDAG.store_gold_folder scheduled__2023-01-30T00:00:00+00:00 [queued]>
[2023-12-15T09:08:56.372-0300] {taskinstance.py:1159} INFO - Dependencies all met for dep_context=requeueable deps ti=<TaskInstance: ArmazenaPastaMongoDBDAG.store_gold_folder scheduled__2023-01-30T00:00:00+00:00 [queued]>
[2023-12-15T09:08:56.372-0300] {taskinstance.py:1361} INFO - Starting attempt 1 of 1
[2023-12-15T09:08:56.393-0300] {taskinstance.py:1382} INFO - Executing <Task(PythonOperator): store_gold_folder> on 2023-01-30 00:00:00+00:00
[2023-12-15T09:08:56.396-0300] {standard_task_runner.py:57} INFO - Started process 18815 to run task
[2023-12-15T09:08:56.399-0300] {standard_task_runner.py:84} INFO - Running: ['airflow', 'tasks', 'run', 'ArmazenaPastaMongoDBDAG', 'store_gold_folder', 'scheduled__2023-01-30T00:00:00+00:00', '--job-id', '396', '--raw', '--subdir', 'DAGS_FOLDER/upload_mongo.py', '--cfg-path', '/tmp/tmpdjqc5oi2']
[2023-12-15T09:08:56.401-0300] {standard_task_runner.py:85} INFO - Job 396: Subtask store_gold_folder
[2023-12-15T09:08:56.439-0300] {task_command.py:416} INFO - Running <TaskInstance: ArmazenaPastaMongoDBDAG.store_gold_folder scheduled__2023-01-30T00:00:00+00:00 [running]> on host JulioPC.
[2023-12-15T09:08:56.498-0300] {taskinstance.py:1662} INFO - Exporting env vars: AIRFLOW_CTX_DAG_OWNER='airflow' AIRFLOW_CTX_DAG_ID='ArmazenaPastaMongoDBDAG' AIRFLOW_CTX_TASK_ID='store_gold_folder' AIRFLOW_CTX_EXECUTION_DATE='2023-01-30T00:00:00+00:00' AIRFLOW_CTX_TRY_NUMBER='1' AIRFLOW_CTX_DAG_RUN_ID='scheduled__2023-01-30T00:00:00+00:00'
[2023-12-15T09:08:56.515-0300] {python.py:194} INFO - Done. Returned value was: None
[2023-12-15T09:08:56.520-0300] {taskinstance.py:1400} INFO - Marking task as SUCCESS. dag_id=ArmazenaPastaMongoDBDAG, task_id=store_gold_folder, execution_date=20230130T000000, start_date=20231215T120856, end_date=20231215T120856
[2023-12-15T09:08:56.573-0300] {local_task_job_runner.py:228} INFO - Task exited with return code 0
[2023-12-15T09:08:56.581-0300] {taskinstance.py:2778} INFO - 0 downstream tasks scheduled from follow-on schedule check
[2023-12-15T09:15:05.504-0300] {taskinstance.py:1159} INFO - Dependencies all met for dep_context=non-requeueable deps ti=<TaskInstance: ArmazenaPastaMongoDBDAG.store_gold_folder scheduled__2023-01-30T00:00:00+00:00 [queued]>
[2023-12-15T09:15:05.513-0300] {taskinstance.py:1159} INFO - Dependencies all met for dep_context=requeueable deps ti=<TaskInstance: ArmazenaPastaMongoDBDAG.store_gold_folder scheduled__2023-01-30T00:00:00+00:00 [queued]>
[2023-12-15T09:15:05.513-0300] {taskinstance.py:1361} INFO - Starting attempt 1 of 1
[2023-12-15T09:15:05.532-0300] {taskinstance.py:1382} INFO - Executing <Task(PythonOperator): store_gold_folder> on 2023-01-30 00:00:00+00:00
[2023-12-15T09:15:05.536-0300] {standard_task_runner.py:57} INFO - Started process 22798 to run task
[2023-12-15T09:15:05.539-0300] {standard_task_runner.py:84} INFO - Running: ['airflow', 'tasks', 'run', 'ArmazenaPastaMongoDBDAG', 'store_gold_folder', 'scheduled__2023-01-30T00:00:00+00:00', '--job-id', '396', '--raw', '--subdir', 'DAGS_FOLDER/upload_mongo.py', '--cfg-path', '/tmp/tmpm75gv9c6']
[2023-12-15T09:15:05.540-0300] {standard_task_runner.py:85} INFO - Job 396: Subtask store_gold_folder
[2023-12-15T09:15:05.579-0300] {task_command.py:416} INFO - Running <TaskInstance: ArmazenaPastaMongoDBDAG.store_gold_folder scheduled__2023-01-30T00:00:00+00:00 [running]> on host JulioPC.
[2023-12-15T09:15:05.642-0300] {taskinstance.py:1662} INFO - Exporting env vars: AIRFLOW_CTX_DAG_OWNER='airflow' AIRFLOW_CTX_DAG_ID='ArmazenaPastaMongoDBDAG' AIRFLOW_CTX_TASK_ID='store_gold_folder' AIRFLOW_CTX_EXECUTION_DATE='2023-01-30T00:00:00+00:00' AIRFLOW_CTX_TRY_NUMBER='1' AIRFLOW_CTX_DAG_RUN_ID='scheduled__2023-01-30T00:00:00+00:00'
[2023-12-15T09:15:05.663-0300] {python.py:194} INFO - Done. Returned value was: None
[2023-12-15T09:15:05.669-0300] {taskinstance.py:1400} INFO - Marking task as SUCCESS. dag_id=ArmazenaPastaMongoDBDAG, task_id=store_gold_folder, execution_date=20230130T000000, start_date=20231215T121505, end_date=20231215T121505
[2023-12-15T09:15:05.712-0300] {local_task_job_runner.py:228} INFO - Task exited with return code 0
[2023-12-15T09:15:05.723-0300] {taskinstance.py:2778} INFO - 0 downstream tasks scheduled from follow-on schedule check
