[2023-12-15T09:08:27.852-0300] {taskinstance.py:1159} INFO - Dependencies all met for dep_context=non-requeueable deps ti=<TaskInstance: ArmazenaPastaMongoDBDAG.store_gold_folder scheduled__2023-01-21T00:00:00+00:00 [queued]>
[2023-12-15T09:08:27.861-0300] {taskinstance.py:1159} INFO - Dependencies all met for dep_context=requeueable deps ti=<TaskInstance: ArmazenaPastaMongoDBDAG.store_gold_folder scheduled__2023-01-21T00:00:00+00:00 [queued]>
[2023-12-15T09:08:27.861-0300] {taskinstance.py:1361} INFO - Starting attempt 1 of 1
[2023-12-15T09:08:27.883-0300] {taskinstance.py:1382} INFO - Executing <Task(PythonOperator): store_gold_folder> on 2023-01-21 00:00:00+00:00
[2023-12-15T09:08:27.887-0300] {standard_task_runner.py:57} INFO - Started process 18685 to run task
[2023-12-15T09:08:27.891-0300] {standard_task_runner.py:84} INFO - Running: ['airflow', 'tasks', 'run', 'ArmazenaPastaMongoDBDAG', 'store_gold_folder', 'scheduled__2023-01-21T00:00:00+00:00', '--job-id', '387', '--raw', '--subdir', 'DAGS_FOLDER/upload_mongo.py', '--cfg-path', '/tmp/tmpi8u1jgml']
[2023-12-15T09:08:27.893-0300] {standard_task_runner.py:85} INFO - Job 387: Subtask store_gold_folder
[2023-12-15T09:08:27.939-0300] {task_command.py:416} INFO - Running <TaskInstance: ArmazenaPastaMongoDBDAG.store_gold_folder scheduled__2023-01-21T00:00:00+00:00 [running]> on host JulioPC.
[2023-12-15T09:08:28.018-0300] {taskinstance.py:1662} INFO - Exporting env vars: AIRFLOW_CTX_DAG_OWNER='airflow' AIRFLOW_CTX_DAG_ID='ArmazenaPastaMongoDBDAG' AIRFLOW_CTX_TASK_ID='store_gold_folder' AIRFLOW_CTX_EXECUTION_DATE='2023-01-21T00:00:00+00:00' AIRFLOW_CTX_TRY_NUMBER='1' AIRFLOW_CTX_DAG_RUN_ID='scheduled__2023-01-21T00:00:00+00:00'
[2023-12-15T09:08:28.040-0300] {python.py:194} INFO - Done. Returned value was: None
[2023-12-15T09:08:28.047-0300] {taskinstance.py:1400} INFO - Marking task as SUCCESS. dag_id=ArmazenaPastaMongoDBDAG, task_id=store_gold_folder, execution_date=20230121T000000, start_date=20231215T120827, end_date=20231215T120828
[2023-12-15T09:08:28.105-0300] {local_task_job_runner.py:228} INFO - Task exited with return code 0
[2023-12-15T09:08:28.116-0300] {taskinstance.py:2778} INFO - 0 downstream tasks scheduled from follow-on schedule check
[2023-12-15T09:14:38.351-0300] {taskinstance.py:1159} INFO - Dependencies all met for dep_context=non-requeueable deps ti=<TaskInstance: ArmazenaPastaMongoDBDAG.store_gold_folder scheduled__2023-01-21T00:00:00+00:00 [queued]>
[2023-12-15T09:14:38.358-0300] {taskinstance.py:1159} INFO - Dependencies all met for dep_context=requeueable deps ti=<TaskInstance: ArmazenaPastaMongoDBDAG.store_gold_folder scheduled__2023-01-21T00:00:00+00:00 [queued]>
[2023-12-15T09:14:38.359-0300] {taskinstance.py:1361} INFO - Starting attempt 1 of 1
[2023-12-15T09:14:38.375-0300] {taskinstance.py:1382} INFO - Executing <Task(PythonOperator): store_gold_folder> on 2023-01-21 00:00:00+00:00
[2023-12-15T09:14:38.378-0300] {standard_task_runner.py:57} INFO - Started process 22665 to run task
[2023-12-15T09:14:38.380-0300] {standard_task_runner.py:84} INFO - Running: ['airflow', 'tasks', 'run', 'ArmazenaPastaMongoDBDAG', 'store_gold_folder', 'scheduled__2023-01-21T00:00:00+00:00', '--job-id', '387', '--raw', '--subdir', 'DAGS_FOLDER/upload_mongo.py', '--cfg-path', '/tmp/tmps0oss20h']
[2023-12-15T09:14:38.381-0300] {standard_task_runner.py:85} INFO - Job 387: Subtask store_gold_folder
[2023-12-15T09:14:38.416-0300] {task_command.py:416} INFO - Running <TaskInstance: ArmazenaPastaMongoDBDAG.store_gold_folder scheduled__2023-01-21T00:00:00+00:00 [running]> on host JulioPC.
[2023-12-15T09:14:38.478-0300] {taskinstance.py:1662} INFO - Exporting env vars: AIRFLOW_CTX_DAG_OWNER='airflow' AIRFLOW_CTX_DAG_ID='ArmazenaPastaMongoDBDAG' AIRFLOW_CTX_TASK_ID='store_gold_folder' AIRFLOW_CTX_EXECUTION_DATE='2023-01-21T00:00:00+00:00' AIRFLOW_CTX_TRY_NUMBER='1' AIRFLOW_CTX_DAG_RUN_ID='scheduled__2023-01-21T00:00:00+00:00'
[2023-12-15T09:14:38.496-0300] {python.py:194} INFO - Done. Returned value was: None
[2023-12-15T09:14:38.502-0300] {taskinstance.py:1400} INFO - Marking task as SUCCESS. dag_id=ArmazenaPastaMongoDBDAG, task_id=store_gold_folder, execution_date=20230121T000000, start_date=20231215T121438, end_date=20231215T121438
[2023-12-15T09:14:38.554-0300] {local_task_job_runner.py:228} INFO - Task exited with return code 0
[2023-12-15T09:14:38.562-0300] {taskinstance.py:2778} INFO - 0 downstream tasks scheduled from follow-on schedule check
