[2023-12-15T09:08:41.518-0300] {taskinstance.py:1159} INFO - Dependencies all met for dep_context=non-requeueable deps ti=<TaskInstance: ArmazenaPastaMongoDBDAG.store_gold_folder scheduled__2023-01-25T00:00:00+00:00 [queued]>
[2023-12-15T09:08:41.525-0300] {taskinstance.py:1159} INFO - Dependencies all met for dep_context=requeueable deps ti=<TaskInstance: ArmazenaPastaMongoDBDAG.store_gold_folder scheduled__2023-01-25T00:00:00+00:00 [queued]>
[2023-12-15T09:08:41.525-0300] {taskinstance.py:1361} INFO - Starting attempt 1 of 1
[2023-12-15T09:08:41.544-0300] {taskinstance.py:1382} INFO - Executing <Task(PythonOperator): store_gold_folder> on 2023-01-25 00:00:00+00:00
[2023-12-15T09:08:41.547-0300] {standard_task_runner.py:57} INFO - Started process 18743 to run task
[2023-12-15T09:08:41.550-0300] {standard_task_runner.py:84} INFO - Running: ['airflow', 'tasks', 'run', 'ArmazenaPastaMongoDBDAG', 'store_gold_folder', 'scheduled__2023-01-25T00:00:00+00:00', '--job-id', '391', '--raw', '--subdir', 'DAGS_FOLDER/upload_mongo.py', '--cfg-path', '/tmp/tmpbwdbvx0d']
[2023-12-15T09:08:41.551-0300] {standard_task_runner.py:85} INFO - Job 391: Subtask store_gold_folder
[2023-12-15T09:08:41.605-0300] {task_command.py:416} INFO - Running <TaskInstance: ArmazenaPastaMongoDBDAG.store_gold_folder scheduled__2023-01-25T00:00:00+00:00 [running]> on host JulioPC.
[2023-12-15T09:08:41.694-0300] {taskinstance.py:1662} INFO - Exporting env vars: AIRFLOW_CTX_DAG_OWNER='airflow' AIRFLOW_CTX_DAG_ID='ArmazenaPastaMongoDBDAG' AIRFLOW_CTX_TASK_ID='store_gold_folder' AIRFLOW_CTX_EXECUTION_DATE='2023-01-25T00:00:00+00:00' AIRFLOW_CTX_TRY_NUMBER='1' AIRFLOW_CTX_DAG_RUN_ID='scheduled__2023-01-25T00:00:00+00:00'
[2023-12-15T09:08:41.721-0300] {python.py:194} INFO - Done. Returned value was: None
[2023-12-15T09:08:41.728-0300] {taskinstance.py:1400} INFO - Marking task as SUCCESS. dag_id=ArmazenaPastaMongoDBDAG, task_id=store_gold_folder, execution_date=20230125T000000, start_date=20231215T120841, end_date=20231215T120841
[2023-12-15T09:08:41.764-0300] {local_task_job_runner.py:228} INFO - Task exited with return code 0
[2023-12-15T09:08:41.778-0300] {taskinstance.py:2778} INFO - 0 downstream tasks scheduled from follow-on schedule check
[2023-12-15T09:14:50.212-0300] {taskinstance.py:1159} INFO - Dependencies all met for dep_context=non-requeueable deps ti=<TaskInstance: ArmazenaPastaMongoDBDAG.store_gold_folder scheduled__2023-01-25T00:00:00+00:00 [queued]>
[2023-12-15T09:14:50.220-0300] {taskinstance.py:1159} INFO - Dependencies all met for dep_context=requeueable deps ti=<TaskInstance: ArmazenaPastaMongoDBDAG.store_gold_folder scheduled__2023-01-25T00:00:00+00:00 [queued]>
[2023-12-15T09:14:50.220-0300] {taskinstance.py:1361} INFO - Starting attempt 1 of 1
[2023-12-15T09:14:50.238-0300] {taskinstance.py:1382} INFO - Executing <Task(PythonOperator): store_gold_folder> on 2023-01-25 00:00:00+00:00
[2023-12-15T09:14:50.241-0300] {standard_task_runner.py:57} INFO - Started process 22723 to run task
[2023-12-15T09:14:50.244-0300] {standard_task_runner.py:84} INFO - Running: ['airflow', 'tasks', 'run', 'ArmazenaPastaMongoDBDAG', 'store_gold_folder', 'scheduled__2023-01-25T00:00:00+00:00', '--job-id', '391', '--raw', '--subdir', 'DAGS_FOLDER/upload_mongo.py', '--cfg-path', '/tmp/tmpjpa97u3v']
[2023-12-15T09:14:50.246-0300] {standard_task_runner.py:85} INFO - Job 391: Subtask store_gold_folder
[2023-12-15T09:14:50.284-0300] {task_command.py:416} INFO - Running <TaskInstance: ArmazenaPastaMongoDBDAG.store_gold_folder scheduled__2023-01-25T00:00:00+00:00 [running]> on host JulioPC.
[2023-12-15T09:14:50.349-0300] {taskinstance.py:1662} INFO - Exporting env vars: AIRFLOW_CTX_DAG_OWNER='airflow' AIRFLOW_CTX_DAG_ID='ArmazenaPastaMongoDBDAG' AIRFLOW_CTX_TASK_ID='store_gold_folder' AIRFLOW_CTX_EXECUTION_DATE='2023-01-25T00:00:00+00:00' AIRFLOW_CTX_TRY_NUMBER='1' AIRFLOW_CTX_DAG_RUN_ID='scheduled__2023-01-25T00:00:00+00:00'
[2023-12-15T09:14:50.366-0300] {python.py:194} INFO - Done. Returned value was: None
[2023-12-15T09:14:50.372-0300] {taskinstance.py:1400} INFO - Marking task as SUCCESS. dag_id=ArmazenaPastaMongoDBDAG, task_id=store_gold_folder, execution_date=20230125T000000, start_date=20231215T121450, end_date=20231215T121450
[2023-12-15T09:14:50.418-0300] {local_task_job_runner.py:228} INFO - Task exited with return code 0
[2023-12-15T09:14:50.427-0300] {taskinstance.py:2778} INFO - 0 downstream tasks scheduled from follow-on schedule check
