[2023-12-15T09:07:46.693-0300] {taskinstance.py:1159} INFO - Dependencies all met for dep_context=non-requeueable deps ti=<TaskInstance: ArmazenaPastaMongoDBDAG.store_gold_folder scheduled__2023-01-09T00:00:00+00:00 [queued]>
[2023-12-15T09:07:46.700-0300] {taskinstance.py:1159} INFO - Dependencies all met for dep_context=requeueable deps ti=<TaskInstance: ArmazenaPastaMongoDBDAG.store_gold_folder scheduled__2023-01-09T00:00:00+00:00 [queued]>
[2023-12-15T09:07:46.701-0300] {taskinstance.py:1361} INFO - Starting attempt 1 of 1
[2023-12-15T09:07:46.718-0300] {taskinstance.py:1382} INFO - Executing <Task(PythonOperator): store_gold_folder> on 2023-01-09 00:00:00+00:00
[2023-12-15T09:07:46.722-0300] {standard_task_runner.py:57} INFO - Started process 17478 to run task
[2023-12-15T09:07:46.726-0300] {standard_task_runner.py:84} INFO - Running: ['airflow', 'tasks', 'run', 'ArmazenaPastaMongoDBDAG', 'store_gold_folder', 'scheduled__2023-01-09T00:00:00+00:00', '--job-id', '375', '--raw', '--subdir', 'DAGS_FOLDER/upload_mongo.py', '--cfg-path', '/tmp/tmp178zl8np']
[2023-12-15T09:07:46.728-0300] {standard_task_runner.py:85} INFO - Job 375: Subtask store_gold_folder
[2023-12-15T09:07:46.767-0300] {task_command.py:416} INFO - Running <TaskInstance: ArmazenaPastaMongoDBDAG.store_gold_folder scheduled__2023-01-09T00:00:00+00:00 [running]> on host JulioPC.
[2023-12-15T09:07:46.833-0300] {taskinstance.py:1662} INFO - Exporting env vars: AIRFLOW_CTX_DAG_OWNER='airflow' AIRFLOW_CTX_DAG_ID='ArmazenaPastaMongoDBDAG' AIRFLOW_CTX_TASK_ID='store_gold_folder' AIRFLOW_CTX_EXECUTION_DATE='2023-01-09T00:00:00+00:00' AIRFLOW_CTX_TRY_NUMBER='1' AIRFLOW_CTX_DAG_RUN_ID='scheduled__2023-01-09T00:00:00+00:00'
[2023-12-15T09:07:46.850-0300] {python.py:194} INFO - Done. Returned value was: None
[2023-12-15T09:07:46.857-0300] {taskinstance.py:1400} INFO - Marking task as SUCCESS. dag_id=ArmazenaPastaMongoDBDAG, task_id=store_gold_folder, execution_date=20230109T000000, start_date=20231215T120746, end_date=20231215T120746
[2023-12-15T09:07:46.900-0300] {local_task_job_runner.py:228} INFO - Task exited with return code 0
[2023-12-15T09:07:46.908-0300] {taskinstance.py:2778} INFO - 0 downstream tasks scheduled from follow-on schedule check
[2023-12-15T09:14:02.896-0300] {taskinstance.py:1159} INFO - Dependencies all met for dep_context=non-requeueable deps ti=<TaskInstance: ArmazenaPastaMongoDBDAG.store_gold_folder scheduled__2023-01-09T00:00:00+00:00 [queued]>
[2023-12-15T09:14:02.903-0300] {taskinstance.py:1159} INFO - Dependencies all met for dep_context=requeueable deps ti=<TaskInstance: ArmazenaPastaMongoDBDAG.store_gold_folder scheduled__2023-01-09T00:00:00+00:00 [queued]>
[2023-12-15T09:14:02.903-0300] {taskinstance.py:1361} INFO - Starting attempt 1 of 1
[2023-12-15T09:14:02.925-0300] {taskinstance.py:1382} INFO - Executing <Task(PythonOperator): store_gold_folder> on 2023-01-09 00:00:00+00:00
[2023-12-15T09:14:02.928-0300] {standard_task_runner.py:57} INFO - Started process 22483 to run task
[2023-12-15T09:14:02.931-0300] {standard_task_runner.py:84} INFO - Running: ['airflow', 'tasks', 'run', 'ArmazenaPastaMongoDBDAG', 'store_gold_folder', 'scheduled__2023-01-09T00:00:00+00:00', '--job-id', '375', '--raw', '--subdir', 'DAGS_FOLDER/upload_mongo.py', '--cfg-path', '/tmp/tmp8bil_4x2']
[2023-12-15T09:14:02.932-0300] {standard_task_runner.py:85} INFO - Job 375: Subtask store_gold_folder
[2023-12-15T09:14:02.989-0300] {task_command.py:416} INFO - Running <TaskInstance: ArmazenaPastaMongoDBDAG.store_gold_folder scheduled__2023-01-09T00:00:00+00:00 [running]> on host JulioPC.
[2023-12-15T09:14:03.050-0300] {taskinstance.py:1662} INFO - Exporting env vars: AIRFLOW_CTX_DAG_OWNER='airflow' AIRFLOW_CTX_DAG_ID='ArmazenaPastaMongoDBDAG' AIRFLOW_CTX_TASK_ID='store_gold_folder' AIRFLOW_CTX_EXECUTION_DATE='2023-01-09T00:00:00+00:00' AIRFLOW_CTX_TRY_NUMBER='1' AIRFLOW_CTX_DAG_RUN_ID='scheduled__2023-01-09T00:00:00+00:00'
[2023-12-15T09:14:03.067-0300] {python.py:194} INFO - Done. Returned value was: None
[2023-12-15T09:14:03.075-0300] {taskinstance.py:1400} INFO - Marking task as SUCCESS. dag_id=ArmazenaPastaMongoDBDAG, task_id=store_gold_folder, execution_date=20230109T000000, start_date=20231215T121402, end_date=20231215T121403
[2023-12-15T09:14:03.104-0300] {local_task_job_runner.py:228} INFO - Task exited with return code 0
[2023-12-15T09:14:03.114-0300] {taskinstance.py:2778} INFO - 0 downstream tasks scheduled from follow-on schedule check
