[2023-12-15T09:09:12.603-0300] {taskinstance.py:1159} INFO - Dependencies all met for dep_context=non-requeueable deps ti=<TaskInstance: ArmazenaPastaMongoDBDAG.store_gold_folder scheduled__2023-02-04T00:00:00+00:00 [queued]>
[2023-12-15T09:09:12.613-0300] {taskinstance.py:1159} INFO - Dependencies all met for dep_context=requeueable deps ti=<TaskInstance: ArmazenaPastaMongoDBDAG.store_gold_folder scheduled__2023-02-04T00:00:00+00:00 [queued]>
[2023-12-15T09:09:12.613-0300] {taskinstance.py:1361} INFO - Starting attempt 1 of 1
[2023-12-15T09:09:12.630-0300] {taskinstance.py:1382} INFO - Executing <Task(PythonOperator): store_gold_folder> on 2023-02-04 00:00:00+00:00
[2023-12-15T09:09:12.634-0300] {standard_task_runner.py:57} INFO - Started process 18888 to run task
[2023-12-15T09:09:12.637-0300] {standard_task_runner.py:84} INFO - Running: ['airflow', 'tasks', 'run', 'ArmazenaPastaMongoDBDAG', 'store_gold_folder', 'scheduled__2023-02-04T00:00:00+00:00', '--job-id', '401', '--raw', '--subdir', 'DAGS_FOLDER/upload_mongo.py', '--cfg-path', '/tmp/tmp_xa_eegu']
[2023-12-15T09:09:12.639-0300] {standard_task_runner.py:85} INFO - Job 401: Subtask store_gold_folder
[2023-12-15T09:09:12.676-0300] {task_command.py:416} INFO - Running <TaskInstance: ArmazenaPastaMongoDBDAG.store_gold_folder scheduled__2023-02-04T00:00:00+00:00 [running]> on host JulioPC.
[2023-12-15T09:09:12.747-0300] {taskinstance.py:1662} INFO - Exporting env vars: AIRFLOW_CTX_DAG_OWNER='airflow' AIRFLOW_CTX_DAG_ID='ArmazenaPastaMongoDBDAG' AIRFLOW_CTX_TASK_ID='store_gold_folder' AIRFLOW_CTX_EXECUTION_DATE='2023-02-04T00:00:00+00:00' AIRFLOW_CTX_TRY_NUMBER='1' AIRFLOW_CTX_DAG_RUN_ID='scheduled__2023-02-04T00:00:00+00:00'
[2023-12-15T09:09:12.766-0300] {python.py:194} INFO - Done. Returned value was: None
[2023-12-15T09:09:12.772-0300] {taskinstance.py:1400} INFO - Marking task as SUCCESS. dag_id=ArmazenaPastaMongoDBDAG, task_id=store_gold_folder, execution_date=20230204T000000, start_date=20231215T120912, end_date=20231215T120912
[2023-12-15T09:09:12.810-0300] {local_task_job_runner.py:228} INFO - Task exited with return code 0
[2023-12-15T09:09:12.819-0300] {taskinstance.py:2778} INFO - 0 downstream tasks scheduled from follow-on schedule check
[2023-12-15T09:15:19.811-0300] {taskinstance.py:1159} INFO - Dependencies all met for dep_context=non-requeueable deps ti=<TaskInstance: ArmazenaPastaMongoDBDAG.store_gold_folder scheduled__2023-02-04T00:00:00+00:00 [queued]>
[2023-12-15T09:15:19.818-0300] {taskinstance.py:1159} INFO - Dependencies all met for dep_context=requeueable deps ti=<TaskInstance: ArmazenaPastaMongoDBDAG.store_gold_folder scheduled__2023-02-04T00:00:00+00:00 [queued]>
[2023-12-15T09:15:19.818-0300] {taskinstance.py:1361} INFO - Starting attempt 1 of 1
[2023-12-15T09:15:19.835-0300] {taskinstance.py:1382} INFO - Executing <Task(PythonOperator): store_gold_folder> on 2023-02-04 00:00:00+00:00
[2023-12-15T09:15:19.838-0300] {standard_task_runner.py:57} INFO - Started process 22871 to run task
[2023-12-15T09:15:19.841-0300] {standard_task_runner.py:84} INFO - Running: ['airflow', 'tasks', 'run', 'ArmazenaPastaMongoDBDAG', 'store_gold_folder', 'scheduled__2023-02-04T00:00:00+00:00', '--job-id', '401', '--raw', '--subdir', 'DAGS_FOLDER/upload_mongo.py', '--cfg-path', '/tmp/tmpaf2xpry1']
[2023-12-15T09:15:19.842-0300] {standard_task_runner.py:85} INFO - Job 401: Subtask store_gold_folder
[2023-12-15T09:15:19.883-0300] {task_command.py:416} INFO - Running <TaskInstance: ArmazenaPastaMongoDBDAG.store_gold_folder scheduled__2023-02-04T00:00:00+00:00 [running]> on host JulioPC.
[2023-12-15T09:15:19.950-0300] {taskinstance.py:1662} INFO - Exporting env vars: AIRFLOW_CTX_DAG_OWNER='airflow' AIRFLOW_CTX_DAG_ID='ArmazenaPastaMongoDBDAG' AIRFLOW_CTX_TASK_ID='store_gold_folder' AIRFLOW_CTX_EXECUTION_DATE='2023-02-04T00:00:00+00:00' AIRFLOW_CTX_TRY_NUMBER='1' AIRFLOW_CTX_DAG_RUN_ID='scheduled__2023-02-04T00:00:00+00:00'
[2023-12-15T09:15:19.970-0300] {python.py:194} INFO - Done. Returned value was: None
[2023-12-15T09:15:19.976-0300] {taskinstance.py:1400} INFO - Marking task as SUCCESS. dag_id=ArmazenaPastaMongoDBDAG, task_id=store_gold_folder, execution_date=20230204T000000, start_date=20231215T121519, end_date=20231215T121519
[2023-12-15T09:15:20.015-0300] {local_task_job_runner.py:228} INFO - Task exited with return code 0
[2023-12-15T09:15:20.023-0300] {taskinstance.py:2778} INFO - 0 downstream tasks scheduled from follow-on schedule check
