[2023-12-15T08:50:12.821-0300] {taskinstance.py:1159} INFO - Dependencies all met for dep_context=non-requeueable deps ti=<TaskInstance: ArmazenaPastaMongoDBDAG.store_folder scheduled__2023-02-05T00:00:00+00:00 [queued]>
[2023-12-15T08:50:12.827-0300] {taskinstance.py:1159} INFO - Dependencies all met for dep_context=requeueable deps ti=<TaskInstance: ArmazenaPastaMongoDBDAG.store_folder scheduled__2023-02-05T00:00:00+00:00 [queued]>
[2023-12-15T08:50:12.827-0300] {taskinstance.py:1361} INFO - Starting attempt 1 of 1
[2023-12-15T08:50:12.842-0300] {taskinstance.py:1382} INFO - Executing <Task(PythonOperator): store_folder> on 2023-02-05 00:00:00+00:00
[2023-12-15T08:50:12.845-0300] {standard_task_runner.py:57} INFO - Started process 7560 to run task
[2023-12-15T08:50:12.848-0300] {standard_task_runner.py:84} INFO - Running: ['airflow', 'tasks', 'run', 'ArmazenaPastaMongoDBDAG', 'store_folder', 'scheduled__2023-02-05T00:00:00+00:00', '--job-id', '402', '--raw', '--subdir', 'DAGS_FOLDER/upload_mongo.py', '--cfg-path', '/tmp/tmptbcmmzz3']
[2023-12-15T08:50:12.849-0300] {standard_task_runner.py:85} INFO - Job 402: Subtask store_folder
[2023-12-15T08:50:12.881-0300] {task_command.py:416} INFO - Running <TaskInstance: ArmazenaPastaMongoDBDAG.store_folder scheduled__2023-02-05T00:00:00+00:00 [running]> on host JulioPC.
[2023-12-15T08:50:12.950-0300] {taskinstance.py:1662} INFO - Exporting env vars: AIRFLOW_CTX_DAG_OWNER='airflow' AIRFLOW_CTX_DAG_ID='ArmazenaPastaMongoDBDAG' AIRFLOW_CTX_TASK_ID='store_folder' AIRFLOW_CTX_EXECUTION_DATE='2023-02-05T00:00:00+00:00' AIRFLOW_CTX_TRY_NUMBER='1' AIRFLOW_CTX_DAG_RUN_ID='scheduled__2023-02-05T00:00:00+00:00'
[2023-12-15T08:50:14.018-0300] {python.py:194} INFO - Done. Returned value was: None
[2023-12-15T08:50:14.023-0300] {taskinstance.py:1400} INFO - Marking task as SUCCESS. dag_id=ArmazenaPastaMongoDBDAG, task_id=store_folder, execution_date=20230205T000000, start_date=20231215T115012, end_date=20231215T115014
[2023-12-15T08:50:14.072-0300] {local_task_job_runner.py:228} INFO - Task exited with return code 0
[2023-12-15T08:50:14.082-0300] {taskinstance.py:2778} INFO - 0 downstream tasks scheduled from follow-on schedule check
[2023-12-15T09:33:45.051-0300] {taskinstance.py:1159} INFO - Dependencies all met for dep_context=non-requeueable deps ti=<TaskInstance: ArmazenaPastaMongoDBDAG.store_folder scheduled__2023-02-05T00:00:00+00:00 [queued]>
[2023-12-15T09:33:45.070-0300] {taskinstance.py:1159} INFO - Dependencies all met for dep_context=requeueable deps ti=<TaskInstance: ArmazenaPastaMongoDBDAG.store_folder scheduled__2023-02-05T00:00:00+00:00 [queued]>
[2023-12-15T09:33:45.075-0300] {taskinstance.py:1361} INFO - Starting attempt 1 of 1
[2023-12-15T09:33:45.099-0300] {taskinstance.py:1382} INFO - Executing <Task(PythonOperator): store_folder> on 2023-02-05 00:00:00+00:00
[2023-12-15T09:33:45.105-0300] {standard_task_runner.py:57} INFO - Started process 33223 to run task
[2023-12-15T09:33:45.109-0300] {standard_task_runner.py:84} INFO - Running: ['airflow', 'tasks', 'run', 'ArmazenaPastaMongoDBDAG', 'store_folder', 'scheduled__2023-02-05T00:00:00+00:00', '--job-id', '402', '--raw', '--subdir', 'DAGS_FOLDER/upload_mongo.py', '--cfg-path', '/tmp/tmpj3oylfcq']
[2023-12-15T09:33:45.111-0300] {standard_task_runner.py:85} INFO - Job 402: Subtask store_folder
[2023-12-15T09:33:45.173-0300] {task_command.py:416} INFO - Running <TaskInstance: ArmazenaPastaMongoDBDAG.store_folder scheduled__2023-02-05T00:00:00+00:00 [running]> on host JulioPC.
[2023-12-15T09:33:45.319-0300] {taskinstance.py:1662} INFO - Exporting env vars: AIRFLOW_CTX_DAG_OWNER='airflow' AIRFLOW_CTX_DAG_ID='ArmazenaPastaMongoDBDAG' AIRFLOW_CTX_TASK_ID='store_folder' AIRFLOW_CTX_EXECUTION_DATE='2023-02-05T00:00:00+00:00' AIRFLOW_CTX_TRY_NUMBER='1' AIRFLOW_CTX_DAG_RUN_ID='scheduled__2023-02-05T00:00:00+00:00'
[2023-12-15T09:33:46.433-0300] {python.py:194} INFO - Done. Returned value was: None
[2023-12-15T09:33:46.437-0300] {taskinstance.py:1400} INFO - Marking task as SUCCESS. dag_id=ArmazenaPastaMongoDBDAG, task_id=store_folder, execution_date=20230205T000000, start_date=20231215T123345, end_date=20231215T123346
[2023-12-15T09:33:46.491-0300] {local_task_job_runner.py:228} INFO - Task exited with return code 0
[2023-12-15T09:33:46.500-0300] {taskinstance.py:2778} INFO - 0 downstream tasks scheduled from follow-on schedule check
