[2023-12-15T09:08:36.983-0300] {taskinstance.py:1159} INFO - Dependencies all met for dep_context=non-requeueable deps ti=<TaskInstance: ArmazenaPastaMongoDBDAG.store_gold_folder scheduled__2023-01-24T00:00:00+00:00 [queued]>
[2023-12-15T09:08:36.991-0300] {taskinstance.py:1159} INFO - Dependencies all met for dep_context=requeueable deps ti=<TaskInstance: ArmazenaPastaMongoDBDAG.store_gold_folder scheduled__2023-01-24T00:00:00+00:00 [queued]>
[2023-12-15T09:08:36.991-0300] {taskinstance.py:1361} INFO - Starting attempt 1 of 1
[2023-12-15T09:08:37.009-0300] {taskinstance.py:1382} INFO - Executing <Task(PythonOperator): store_gold_folder> on 2023-01-24 00:00:00+00:00
[2023-12-15T09:08:37.012-0300] {standard_task_runner.py:57} INFO - Started process 18728 to run task
[2023-12-15T09:08:37.015-0300] {standard_task_runner.py:84} INFO - Running: ['airflow', 'tasks', 'run', 'ArmazenaPastaMongoDBDAG', 'store_gold_folder', 'scheduled__2023-01-24T00:00:00+00:00', '--job-id', '390', '--raw', '--subdir', 'DAGS_FOLDER/upload_mongo.py', '--cfg-path', '/tmp/tmp1oy624zs']
[2023-12-15T09:08:37.016-0300] {standard_task_runner.py:85} INFO - Job 390: Subtask store_gold_folder
[2023-12-15T09:08:37.058-0300] {task_command.py:416} INFO - Running <TaskInstance: ArmazenaPastaMongoDBDAG.store_gold_folder scheduled__2023-01-24T00:00:00+00:00 [running]> on host JulioPC.
[2023-12-15T09:08:37.124-0300] {taskinstance.py:1662} INFO - Exporting env vars: AIRFLOW_CTX_DAG_OWNER='airflow' AIRFLOW_CTX_DAG_ID='ArmazenaPastaMongoDBDAG' AIRFLOW_CTX_TASK_ID='store_gold_folder' AIRFLOW_CTX_EXECUTION_DATE='2023-01-24T00:00:00+00:00' AIRFLOW_CTX_TRY_NUMBER='1' AIRFLOW_CTX_DAG_RUN_ID='scheduled__2023-01-24T00:00:00+00:00'
[2023-12-15T09:08:37.144-0300] {python.py:194} INFO - Done. Returned value was: None
[2023-12-15T09:08:37.151-0300] {taskinstance.py:1400} INFO - Marking task as SUCCESS. dag_id=ArmazenaPastaMongoDBDAG, task_id=store_gold_folder, execution_date=20230124T000000, start_date=20231215T120836, end_date=20231215T120837
[2023-12-15T09:08:37.188-0300] {local_task_job_runner.py:228} INFO - Task exited with return code 0
[2023-12-15T09:08:37.197-0300] {taskinstance.py:2778} INFO - 0 downstream tasks scheduled from follow-on schedule check
[2023-12-15T09:14:46.910-0300] {taskinstance.py:1159} INFO - Dependencies all met for dep_context=non-requeueable deps ti=<TaskInstance: ArmazenaPastaMongoDBDAG.store_gold_folder scheduled__2023-01-24T00:00:00+00:00 [queued]>
[2023-12-15T09:14:46.919-0300] {taskinstance.py:1159} INFO - Dependencies all met for dep_context=requeueable deps ti=<TaskInstance: ArmazenaPastaMongoDBDAG.store_gold_folder scheduled__2023-01-24T00:00:00+00:00 [queued]>
[2023-12-15T09:14:46.919-0300] {taskinstance.py:1361} INFO - Starting attempt 1 of 1
[2023-12-15T09:14:46.936-0300] {taskinstance.py:1382} INFO - Executing <Task(PythonOperator): store_gold_folder> on 2023-01-24 00:00:00+00:00
[2023-12-15T09:14:46.940-0300] {standard_task_runner.py:57} INFO - Started process 22708 to run task
[2023-12-15T09:14:46.944-0300] {standard_task_runner.py:84} INFO - Running: ['airflow', 'tasks', 'run', 'ArmazenaPastaMongoDBDAG', 'store_gold_folder', 'scheduled__2023-01-24T00:00:00+00:00', '--job-id', '390', '--raw', '--subdir', 'DAGS_FOLDER/upload_mongo.py', '--cfg-path', '/tmp/tmpltlbz4e0']
[2023-12-15T09:14:46.945-0300] {standard_task_runner.py:85} INFO - Job 390: Subtask store_gold_folder
[2023-12-15T09:14:46.998-0300] {task_command.py:416} INFO - Running <TaskInstance: ArmazenaPastaMongoDBDAG.store_gold_folder scheduled__2023-01-24T00:00:00+00:00 [running]> on host JulioPC.
[2023-12-15T09:14:47.063-0300] {taskinstance.py:1662} INFO - Exporting env vars: AIRFLOW_CTX_DAG_OWNER='airflow' AIRFLOW_CTX_DAG_ID='ArmazenaPastaMongoDBDAG' AIRFLOW_CTX_TASK_ID='store_gold_folder' AIRFLOW_CTX_EXECUTION_DATE='2023-01-24T00:00:00+00:00' AIRFLOW_CTX_TRY_NUMBER='1' AIRFLOW_CTX_DAG_RUN_ID='scheduled__2023-01-24T00:00:00+00:00'
[2023-12-15T09:14:47.081-0300] {python.py:194} INFO - Done. Returned value was: None
[2023-12-15T09:14:47.088-0300] {taskinstance.py:1400} INFO - Marking task as SUCCESS. dag_id=ArmazenaPastaMongoDBDAG, task_id=store_gold_folder, execution_date=20230124T000000, start_date=20231215T121446, end_date=20231215T121447
[2023-12-15T09:14:47.116-0300] {local_task_job_runner.py:228} INFO - Task exited with return code 0
[2023-12-15T09:14:47.126-0300] {taskinstance.py:2778} INFO - 0 downstream tasks scheduled from follow-on schedule check
