[2023-12-15T09:08:02.096-0300] {taskinstance.py:1159} INFO - Dependencies all met for dep_context=non-requeueable deps ti=<TaskInstance: ArmazenaPastaMongoDBDAG.store_gold_folder scheduled__2023-01-13T00:00:00+00:00 [queued]>
[2023-12-15T09:08:02.103-0300] {taskinstance.py:1159} INFO - Dependencies all met for dep_context=requeueable deps ti=<TaskInstance: ArmazenaPastaMongoDBDAG.store_gold_folder scheduled__2023-01-13T00:00:00+00:00 [queued]>
[2023-12-15T09:08:02.104-0300] {taskinstance.py:1361} INFO - Starting attempt 1 of 1
[2023-12-15T09:08:02.121-0300] {taskinstance.py:1382} INFO - Executing <Task(PythonOperator): store_gold_folder> on 2023-01-13 00:00:00+00:00
[2023-12-15T09:08:02.124-0300] {standard_task_runner.py:57} INFO - Started process 18559 to run task
[2023-12-15T09:08:02.127-0300] {standard_task_runner.py:84} INFO - Running: ['airflow', 'tasks', 'run', 'ArmazenaPastaMongoDBDAG', 'store_gold_folder', 'scheduled__2023-01-13T00:00:00+00:00', '--job-id', '379', '--raw', '--subdir', 'DAGS_FOLDER/upload_mongo.py', '--cfg-path', '/tmp/tmp8c47_2vm']
[2023-12-15T09:08:02.128-0300] {standard_task_runner.py:85} INFO - Job 379: Subtask store_gold_folder
[2023-12-15T09:08:02.165-0300] {task_command.py:416} INFO - Running <TaskInstance: ArmazenaPastaMongoDBDAG.store_gold_folder scheduled__2023-01-13T00:00:00+00:00 [running]> on host JulioPC.
[2023-12-15T09:08:02.227-0300] {taskinstance.py:1662} INFO - Exporting env vars: AIRFLOW_CTX_DAG_OWNER='airflow' AIRFLOW_CTX_DAG_ID='ArmazenaPastaMongoDBDAG' AIRFLOW_CTX_TASK_ID='store_gold_folder' AIRFLOW_CTX_EXECUTION_DATE='2023-01-13T00:00:00+00:00' AIRFLOW_CTX_TRY_NUMBER='1' AIRFLOW_CTX_DAG_RUN_ID='scheduled__2023-01-13T00:00:00+00:00'
[2023-12-15T09:08:02.245-0300] {python.py:194} INFO - Done. Returned value was: None
[2023-12-15T09:08:02.251-0300] {taskinstance.py:1400} INFO - Marking task as SUCCESS. dag_id=ArmazenaPastaMongoDBDAG, task_id=store_gold_folder, execution_date=20230113T000000, start_date=20231215T120802, end_date=20231215T120802
[2023-12-15T09:08:02.301-0300] {local_task_job_runner.py:228} INFO - Task exited with return code 0
[2023-12-15T09:08:02.309-0300] {taskinstance.py:2778} INFO - 0 downstream tasks scheduled from follow-on schedule check
[2023-12-15T09:14:13.862-0300] {taskinstance.py:1159} INFO - Dependencies all met for dep_context=non-requeueable deps ti=<TaskInstance: ArmazenaPastaMongoDBDAG.store_gold_folder scheduled__2023-01-13T00:00:00+00:00 [queued]>
[2023-12-15T09:14:13.869-0300] {taskinstance.py:1159} INFO - Dependencies all met for dep_context=requeueable deps ti=<TaskInstance: ArmazenaPastaMongoDBDAG.store_gold_folder scheduled__2023-01-13T00:00:00+00:00 [queued]>
[2023-12-15T09:14:13.869-0300] {taskinstance.py:1361} INFO - Starting attempt 1 of 1
[2023-12-15T09:14:13.886-0300] {taskinstance.py:1382} INFO - Executing <Task(PythonOperator): store_gold_folder> on 2023-01-13 00:00:00+00:00
[2023-12-15T09:14:13.889-0300] {standard_task_runner.py:57} INFO - Started process 22541 to run task
[2023-12-15T09:14:13.892-0300] {standard_task_runner.py:84} INFO - Running: ['airflow', 'tasks', 'run', 'ArmazenaPastaMongoDBDAG', 'store_gold_folder', 'scheduled__2023-01-13T00:00:00+00:00', '--job-id', '379', '--raw', '--subdir', 'DAGS_FOLDER/upload_mongo.py', '--cfg-path', '/tmp/tmpcnmrfqln']
[2023-12-15T09:14:13.893-0300] {standard_task_runner.py:85} INFO - Job 379: Subtask store_gold_folder
[2023-12-15T09:14:13.928-0300] {task_command.py:416} INFO - Running <TaskInstance: ArmazenaPastaMongoDBDAG.store_gold_folder scheduled__2023-01-13T00:00:00+00:00 [running]> on host JulioPC.
[2023-12-15T09:14:13.993-0300] {taskinstance.py:1662} INFO - Exporting env vars: AIRFLOW_CTX_DAG_OWNER='airflow' AIRFLOW_CTX_DAG_ID='ArmazenaPastaMongoDBDAG' AIRFLOW_CTX_TASK_ID='store_gold_folder' AIRFLOW_CTX_EXECUTION_DATE='2023-01-13T00:00:00+00:00' AIRFLOW_CTX_TRY_NUMBER='1' AIRFLOW_CTX_DAG_RUN_ID='scheduled__2023-01-13T00:00:00+00:00'
[2023-12-15T09:14:14.009-0300] {python.py:194} INFO - Done. Returned value was: None
[2023-12-15T09:14:14.015-0300] {taskinstance.py:1400} INFO - Marking task as SUCCESS. dag_id=ArmazenaPastaMongoDBDAG, task_id=store_gold_folder, execution_date=20230113T000000, start_date=20231215T121413, end_date=20231215T121414
[2023-12-15T09:14:14.065-0300] {local_task_job_runner.py:228} INFO - Task exited with return code 0
[2023-12-15T09:14:14.073-0300] {taskinstance.py:2778} INFO - 0 downstream tasks scheduled from follow-on schedule check
