[2023-12-15T08:51:17.741-0300] {taskinstance.py:1159} INFO - Dependencies all met for dep_context=non-requeueable deps ti=<TaskInstance: ArmazenaPastaMongoDBDAG.store_folder scheduled__2023-02-21T00:00:00+00:00 [queued]>
[2023-12-15T08:51:17.747-0300] {taskinstance.py:1159} INFO - Dependencies all met for dep_context=requeueable deps ti=<TaskInstance: ArmazenaPastaMongoDBDAG.store_folder scheduled__2023-02-21T00:00:00+00:00 [queued]>
[2023-12-15T08:51:17.747-0300] {taskinstance.py:1361} INFO - Starting attempt 1 of 1
[2023-12-15T08:51:17.762-0300] {taskinstance.py:1382} INFO - Executing <Task(PythonOperator): store_folder> on 2023-02-21 00:00:00+00:00
[2023-12-15T08:51:17.765-0300] {standard_task_runner.py:57} INFO - Started process 7849 to run task
[2023-12-15T08:51:17.768-0300] {standard_task_runner.py:84} INFO - Running: ['airflow', 'tasks', 'run', 'ArmazenaPastaMongoDBDAG', 'store_folder', 'scheduled__2023-02-21T00:00:00+00:00', '--job-id', '418', '--raw', '--subdir', 'DAGS_FOLDER/upload_mongo.py', '--cfg-path', '/tmp/tmpyrl2jiz3']
[2023-12-15T08:51:17.769-0300] {standard_task_runner.py:85} INFO - Job 418: Subtask store_folder
[2023-12-15T08:51:17.801-0300] {task_command.py:416} INFO - Running <TaskInstance: ArmazenaPastaMongoDBDAG.store_folder scheduled__2023-02-21T00:00:00+00:00 [running]> on host JulioPC.
[2023-12-15T08:51:17.888-0300] {taskinstance.py:1662} INFO - Exporting env vars: AIRFLOW_CTX_DAG_OWNER='airflow' AIRFLOW_CTX_DAG_ID='ArmazenaPastaMongoDBDAG' AIRFLOW_CTX_TASK_ID='store_folder' AIRFLOW_CTX_EXECUTION_DATE='2023-02-21T00:00:00+00:00' AIRFLOW_CTX_TRY_NUMBER='1' AIRFLOW_CTX_DAG_RUN_ID='scheduled__2023-02-21T00:00:00+00:00'
[2023-12-15T08:51:18.978-0300] {python.py:194} INFO - Done. Returned value was: None
[2023-12-15T08:51:18.982-0300] {taskinstance.py:1400} INFO - Marking task as SUCCESS. dag_id=ArmazenaPastaMongoDBDAG, task_id=store_folder, execution_date=20230221T000000, start_date=20231215T115117, end_date=20231215T115118
[2023-12-15T08:51:19.030-0300] {local_task_job_runner.py:228} INFO - Task exited with return code 0
[2023-12-15T08:51:19.041-0300] {taskinstance.py:2778} INFO - 0 downstream tasks scheduled from follow-on schedule check
[2023-12-15T09:34:49.549-0300] {taskinstance.py:1159} INFO - Dependencies all met for dep_context=non-requeueable deps ti=<TaskInstance: ArmazenaPastaMongoDBDAG.store_folder scheduled__2023-02-21T00:00:00+00:00 [queued]>
[2023-12-15T09:34:49.556-0300] {taskinstance.py:1159} INFO - Dependencies all met for dep_context=requeueable deps ti=<TaskInstance: ArmazenaPastaMongoDBDAG.store_folder scheduled__2023-02-21T00:00:00+00:00 [queued]>
[2023-12-15T09:34:49.557-0300] {taskinstance.py:1361} INFO - Starting attempt 1 of 1
[2023-12-15T09:34:49.573-0300] {taskinstance.py:1382} INFO - Executing <Task(PythonOperator): store_folder> on 2023-02-21 00:00:00+00:00
[2023-12-15T09:34:49.578-0300] {standard_task_runner.py:57} INFO - Started process 33520 to run task
[2023-12-15T09:34:49.581-0300] {standard_task_runner.py:84} INFO - Running: ['airflow', 'tasks', 'run', 'ArmazenaPastaMongoDBDAG', 'store_folder', 'scheduled__2023-02-21T00:00:00+00:00', '--job-id', '418', '--raw', '--subdir', 'DAGS_FOLDER/upload_mongo.py', '--cfg-path', '/tmp/tmp4upxng1p']
[2023-12-15T09:34:49.582-0300] {standard_task_runner.py:85} INFO - Job 418: Subtask store_folder
[2023-12-15T09:34:49.618-0300] {task_command.py:416} INFO - Running <TaskInstance: ArmazenaPastaMongoDBDAG.store_folder scheduled__2023-02-21T00:00:00+00:00 [running]> on host JulioPC.
[2023-12-15T09:34:49.693-0300] {taskinstance.py:1662} INFO - Exporting env vars: AIRFLOW_CTX_DAG_OWNER='airflow' AIRFLOW_CTX_DAG_ID='ArmazenaPastaMongoDBDAG' AIRFLOW_CTX_TASK_ID='store_folder' AIRFLOW_CTX_EXECUTION_DATE='2023-02-21T00:00:00+00:00' AIRFLOW_CTX_TRY_NUMBER='1' AIRFLOW_CTX_DAG_RUN_ID='scheduled__2023-02-21T00:00:00+00:00'
[2023-12-15T09:34:50.774-0300] {python.py:194} INFO - Done. Returned value was: None
[2023-12-15T09:34:50.779-0300] {taskinstance.py:1400} INFO - Marking task as SUCCESS. dag_id=ArmazenaPastaMongoDBDAG, task_id=store_folder, execution_date=20230221T000000, start_date=20231215T123449, end_date=20231215T123450
[2023-12-15T09:34:50.803-0300] {local_task_job_runner.py:228} INFO - Task exited with return code 0
[2023-12-15T09:34:50.810-0300] {taskinstance.py:2778} INFO - 0 downstream tasks scheduled from follow-on schedule check
