[2023-12-15T09:08:04.519-0300] {taskinstance.py:1159} INFO - Dependencies all met for dep_context=non-requeueable deps ti=<TaskInstance: ArmazenaPastaMongoDBDAG.store_gold_folder scheduled__2023-01-14T00:00:00+00:00 [queued]>
[2023-12-15T09:08:04.526-0300] {taskinstance.py:1159} INFO - Dependencies all met for dep_context=requeueable deps ti=<TaskInstance: ArmazenaPastaMongoDBDAG.store_gold_folder scheduled__2023-01-14T00:00:00+00:00 [queued]>
[2023-12-15T09:08:04.526-0300] {taskinstance.py:1361} INFO - Starting attempt 1 of 1
[2023-12-15T09:08:04.543-0300] {taskinstance.py:1382} INFO - Executing <Task(PythonOperator): store_gold_folder> on 2023-01-14 00:00:00+00:00
[2023-12-15T09:08:04.546-0300] {standard_task_runner.py:57} INFO - Started process 18573 to run task
[2023-12-15T09:08:04.550-0300] {standard_task_runner.py:84} INFO - Running: ['airflow', 'tasks', 'run', 'ArmazenaPastaMongoDBDAG', 'store_gold_folder', 'scheduled__2023-01-14T00:00:00+00:00', '--job-id', '380', '--raw', '--subdir', 'DAGS_FOLDER/upload_mongo.py', '--cfg-path', '/tmp/tmp4r5v2maj']
[2023-12-15T09:08:04.551-0300] {standard_task_runner.py:85} INFO - Job 380: Subtask store_gold_folder
[2023-12-15T09:08:04.589-0300] {task_command.py:416} INFO - Running <TaskInstance: ArmazenaPastaMongoDBDAG.store_gold_folder scheduled__2023-01-14T00:00:00+00:00 [running]> on host JulioPC.
[2023-12-15T09:08:04.652-0300] {taskinstance.py:1662} INFO - Exporting env vars: AIRFLOW_CTX_DAG_OWNER='airflow' AIRFLOW_CTX_DAG_ID='ArmazenaPastaMongoDBDAG' AIRFLOW_CTX_TASK_ID='store_gold_folder' AIRFLOW_CTX_EXECUTION_DATE='2023-01-14T00:00:00+00:00' AIRFLOW_CTX_TRY_NUMBER='1' AIRFLOW_CTX_DAG_RUN_ID='scheduled__2023-01-14T00:00:00+00:00'
[2023-12-15T09:08:04.671-0300] {python.py:194} INFO - Done. Returned value was: None
[2023-12-15T09:08:04.677-0300] {taskinstance.py:1400} INFO - Marking task as SUCCESS. dag_id=ArmazenaPastaMongoDBDAG, task_id=store_gold_folder, execution_date=20230114T000000, start_date=20231215T120804, end_date=20231215T120804
[2023-12-15T09:08:04.722-0300] {local_task_job_runner.py:228} INFO - Task exited with return code 0
[2023-12-15T09:08:04.731-0300] {taskinstance.py:2778} INFO - 0 downstream tasks scheduled from follow-on schedule check
[2023-12-15T09:14:16.155-0300] {taskinstance.py:1159} INFO - Dependencies all met for dep_context=non-requeueable deps ti=<TaskInstance: ArmazenaPastaMongoDBDAG.store_gold_folder scheduled__2023-01-14T00:00:00+00:00 [queued]>
[2023-12-15T09:14:16.163-0300] {taskinstance.py:1159} INFO - Dependencies all met for dep_context=requeueable deps ti=<TaskInstance: ArmazenaPastaMongoDBDAG.store_gold_folder scheduled__2023-01-14T00:00:00+00:00 [queued]>
[2023-12-15T09:14:16.163-0300] {taskinstance.py:1361} INFO - Starting attempt 1 of 1
[2023-12-15T09:14:16.181-0300] {taskinstance.py:1382} INFO - Executing <Task(PythonOperator): store_gold_folder> on 2023-01-14 00:00:00+00:00
[2023-12-15T09:14:16.185-0300] {standard_task_runner.py:57} INFO - Started process 22555 to run task
[2023-12-15T09:14:16.188-0300] {standard_task_runner.py:84} INFO - Running: ['airflow', 'tasks', 'run', 'ArmazenaPastaMongoDBDAG', 'store_gold_folder', 'scheduled__2023-01-14T00:00:00+00:00', '--job-id', '380', '--raw', '--subdir', 'DAGS_FOLDER/upload_mongo.py', '--cfg-path', '/tmp/tmp9m8y9az6']
[2023-12-15T09:14:16.189-0300] {standard_task_runner.py:85} INFO - Job 380: Subtask store_gold_folder
[2023-12-15T09:14:16.230-0300] {task_command.py:416} INFO - Running <TaskInstance: ArmazenaPastaMongoDBDAG.store_gold_folder scheduled__2023-01-14T00:00:00+00:00 [running]> on host JulioPC.
[2023-12-15T09:14:16.311-0300] {taskinstance.py:1662} INFO - Exporting env vars: AIRFLOW_CTX_DAG_OWNER='airflow' AIRFLOW_CTX_DAG_ID='ArmazenaPastaMongoDBDAG' AIRFLOW_CTX_TASK_ID='store_gold_folder' AIRFLOW_CTX_EXECUTION_DATE='2023-01-14T00:00:00+00:00' AIRFLOW_CTX_TRY_NUMBER='1' AIRFLOW_CTX_DAG_RUN_ID='scheduled__2023-01-14T00:00:00+00:00'
[2023-12-15T09:14:16.333-0300] {python.py:194} INFO - Done. Returned value was: None
[2023-12-15T09:14:16.340-0300] {taskinstance.py:1400} INFO - Marking task as SUCCESS. dag_id=ArmazenaPastaMongoDBDAG, task_id=store_gold_folder, execution_date=20230114T000000, start_date=20231215T121416, end_date=20231215T121416
[2023-12-15T09:14:16.361-0300] {local_task_job_runner.py:228} INFO - Task exited with return code 0
[2023-12-15T09:14:16.371-0300] {taskinstance.py:2778} INFO - 0 downstream tasks scheduled from follow-on schedule check
