[2023-12-15T09:07:26.366-0300] {taskinstance.py:1159} INFO - Dependencies all met for dep_context=non-requeueable deps ti=<TaskInstance: ArmazenaPastaMongoDBDAG.store_gold_folder scheduled__2023-01-04T00:00:00+00:00 [queued]>
[2023-12-15T09:07:26.371-0300] {taskinstance.py:1159} INFO - Dependencies all met for dep_context=requeueable deps ti=<TaskInstance: ArmazenaPastaMongoDBDAG.store_gold_folder scheduled__2023-01-04T00:00:00+00:00 [queued]>
[2023-12-15T09:07:26.372-0300] {taskinstance.py:1361} INFO - Starting attempt 1 of 1
[2023-12-15T09:07:26.388-0300] {taskinstance.py:1382} INFO - Executing <Task(PythonOperator): store_gold_folder> on 2023-01-04 00:00:00+00:00
[2023-12-15T09:07:26.391-0300] {standard_task_runner.py:57} INFO - Started process 17403 to run task
[2023-12-15T09:07:26.394-0300] {standard_task_runner.py:84} INFO - Running: ['airflow', 'tasks', 'run', 'ArmazenaPastaMongoDBDAG', 'store_gold_folder', 'scheduled__2023-01-04T00:00:00+00:00', '--job-id', '370', '--raw', '--subdir', 'DAGS_FOLDER/upload_mongo.py', '--cfg-path', '/tmp/tmp4ld5j4r4']
[2023-12-15T09:07:26.395-0300] {standard_task_runner.py:85} INFO - Job 370: Subtask store_gold_folder
[2023-12-15T09:07:26.427-0300] {task_command.py:416} INFO - Running <TaskInstance: ArmazenaPastaMongoDBDAG.store_gold_folder scheduled__2023-01-04T00:00:00+00:00 [running]> on host JulioPC.
[2023-12-15T09:07:26.484-0300] {taskinstance.py:1662} INFO - Exporting env vars: AIRFLOW_CTX_DAG_OWNER='airflow' AIRFLOW_CTX_DAG_ID='ArmazenaPastaMongoDBDAG' AIRFLOW_CTX_TASK_ID='store_gold_folder' AIRFLOW_CTX_EXECUTION_DATE='2023-01-04T00:00:00+00:00' AIRFLOW_CTX_TRY_NUMBER='1' AIRFLOW_CTX_DAG_RUN_ID='scheduled__2023-01-04T00:00:00+00:00'
[2023-12-15T09:07:26.500-0300] {python.py:194} INFO - Done. Returned value was: None
[2023-12-15T09:07:26.506-0300] {taskinstance.py:1400} INFO - Marking task as SUCCESS. dag_id=ArmazenaPastaMongoDBDAG, task_id=store_gold_folder, execution_date=20230104T000000, start_date=20231215T120726, end_date=20231215T120726
[2023-12-15T09:07:26.527-0300] {local_task_job_runner.py:228} INFO - Task exited with return code 0
[2023-12-15T09:07:26.534-0300] {taskinstance.py:2778} INFO - 0 downstream tasks scheduled from follow-on schedule check
[2023-12-15T09:13:47.990-0300] {taskinstance.py:1159} INFO - Dependencies all met for dep_context=non-requeueable deps ti=<TaskInstance: ArmazenaPastaMongoDBDAG.store_gold_folder scheduled__2023-01-04T00:00:00+00:00 [queued]>
[2023-12-15T09:13:47.998-0300] {taskinstance.py:1159} INFO - Dependencies all met for dep_context=requeueable deps ti=<TaskInstance: ArmazenaPastaMongoDBDAG.store_gold_folder scheduled__2023-01-04T00:00:00+00:00 [queued]>
[2023-12-15T09:13:47.998-0300] {taskinstance.py:1361} INFO - Starting attempt 1 of 1
[2023-12-15T09:13:48.015-0300] {taskinstance.py:1382} INFO - Executing <Task(PythonOperator): store_gold_folder> on 2023-01-04 00:00:00+00:00
[2023-12-15T09:13:48.018-0300] {standard_task_runner.py:57} INFO - Started process 22408 to run task
[2023-12-15T09:13:48.021-0300] {standard_task_runner.py:84} INFO - Running: ['airflow', 'tasks', 'run', 'ArmazenaPastaMongoDBDAG', 'store_gold_folder', 'scheduled__2023-01-04T00:00:00+00:00', '--job-id', '370', '--raw', '--subdir', 'DAGS_FOLDER/upload_mongo.py', '--cfg-path', '/tmp/tmp715g17vy']
[2023-12-15T09:13:48.022-0300] {standard_task_runner.py:85} INFO - Job 370: Subtask store_gold_folder
[2023-12-15T09:13:48.067-0300] {task_command.py:416} INFO - Running <TaskInstance: ArmazenaPastaMongoDBDAG.store_gold_folder scheduled__2023-01-04T00:00:00+00:00 [running]> on host JulioPC.
[2023-12-15T09:13:48.141-0300] {taskinstance.py:1662} INFO - Exporting env vars: AIRFLOW_CTX_DAG_OWNER='airflow' AIRFLOW_CTX_DAG_ID='ArmazenaPastaMongoDBDAG' AIRFLOW_CTX_TASK_ID='store_gold_folder' AIRFLOW_CTX_EXECUTION_DATE='2023-01-04T00:00:00+00:00' AIRFLOW_CTX_TRY_NUMBER='1' AIRFLOW_CTX_DAG_RUN_ID='scheduled__2023-01-04T00:00:00+00:00'
[2023-12-15T09:13:48.164-0300] {python.py:194} INFO - Done. Returned value was: None
[2023-12-15T09:13:48.171-0300] {taskinstance.py:1400} INFO - Marking task as SUCCESS. dag_id=ArmazenaPastaMongoDBDAG, task_id=store_gold_folder, execution_date=20230104T000000, start_date=20231215T121347, end_date=20231215T121348
[2023-12-15T09:13:48.194-0300] {local_task_job_runner.py:228} INFO - Task exited with return code 0
[2023-12-15T09:13:48.205-0300] {taskinstance.py:2778} INFO - 0 downstream tasks scheduled from follow-on schedule check
