[2023-12-15T01:51:08.961-0300] {taskinstance.py:1159} INFO - Dependencies all met for dep_context=non-requeueable deps ti=<TaskInstance: DropGoldLayerDAG.drop_gold_table scheduled__2023-12-14T00:00:00+00:00 [queued]>
[2023-12-15T01:51:08.967-0300] {taskinstance.py:1159} INFO - Dependencies all met for dep_context=requeueable deps ti=<TaskInstance: DropGoldLayerDAG.drop_gold_table scheduled__2023-12-14T00:00:00+00:00 [queued]>
[2023-12-15T01:51:08.968-0300] {taskinstance.py:1361} INFO - Starting attempt 1 of 1
[2023-12-15T01:51:08.985-0300] {taskinstance.py:1382} INFO - Executing <Task(PostgresOperator): drop_gold_table> on 2023-12-14 00:00:00+00:00
[2023-12-15T01:51:08.990-0300] {standard_task_runner.py:57} INFO - Started process 46709 to run task
[2023-12-15T01:51:09.005-0300] {standard_task_runner.py:84} INFO - Running: ['airflow', 'tasks', 'run', 'DropGoldLayerDAG', 'drop_gold_table', 'scheduled__2023-12-14T00:00:00+00:00', '--job-id', '69', '--raw', '--subdir', 'DAGS_FOLDER/drop_gold_layer_dag.py', '--cfg-path', '/tmp/tmp4imdb3if']
[2023-12-15T01:51:09.011-0300] {standard_task_runner.py:85} INFO - Job 69: Subtask drop_gold_table
[2023-12-15T01:51:09.192-0300] {task_command.py:416} INFO - Running <TaskInstance: DropGoldLayerDAG.drop_gold_table scheduled__2023-12-14T00:00:00+00:00 [running]> on host JulioPC.
[2023-12-15T01:51:09.298-0300] {taskinstance.py:1662} INFO - Exporting env vars: AIRFLOW_CTX_DAG_OWNER='airflow' AIRFLOW_CTX_DAG_ID='DropGoldLayerDAG' AIRFLOW_CTX_TASK_ID='drop_gold_table' AIRFLOW_CTX_EXECUTION_DATE='2023-12-14T00:00:00+00:00' AIRFLOW_CTX_TRY_NUMBER='1' AIRFLOW_CTX_DAG_RUN_ID='scheduled__2023-12-14T00:00:00+00:00'
[2023-12-15T01:51:09.309-0300] {base.py:73} INFO - Using connection ID '***_default' for task execution.
[2023-12-15T01:51:09.385-0300] {sql.py:432} INFO - Running statement: 
    DROP TABLE gold_layer_table;
    , parameters: None
[2023-12-15T01:51:09.403-0300] {taskinstance.py:1937} ERROR - Task failed with exception
Traceback (most recent call last):
  File "/home/julioubuntu/Projects/EGD/airflow-trabalho-final/venv/lib/python3.9/site-packages/airflow/providers/postgres/operators/postgres.py", line 92, in execute
    self.hook.run(self.sql, self.autocommit, parameters=self.parameters)
  File "/home/julioubuntu/Projects/EGD/airflow-trabalho-final/venv/lib/python3.9/site-packages/airflow/providers/common/sql/hooks/sql.py", line 392, in run
    self._run_command(cur, sql_statement, parameters)
  File "/home/julioubuntu/Projects/EGD/airflow-trabalho-final/venv/lib/python3.9/site-packages/airflow/providers/common/sql/hooks/sql.py", line 437, in _run_command
    cur.execute(sql_statement)
psycopg2.errors.UndefinedTable: table "gold_layer_table" does not exist

[2023-12-15T01:51:09.420-0300] {taskinstance.py:1400} INFO - Marking task as FAILED. dag_id=DropGoldLayerDAG, task_id=drop_gold_table, execution_date=20231214T000000, start_date=20231215T045108, end_date=20231215T045109
[2023-12-15T01:51:09.438-0300] {standard_task_runner.py:104} ERROR - Failed to execute job 69 for task drop_gold_table (table "gold_layer_table" does not exist
; 46709)
[2023-12-15T01:51:09.457-0300] {local_task_job_runner.py:228} INFO - Task exited with return code 1
[2023-12-15T01:51:09.467-0300] {taskinstance.py:2778} INFO - 0 downstream tasks scheduled from follow-on schedule check
[2023-12-15T01:52:12.610-0300] {taskinstance.py:1159} INFO - Dependencies all met for dep_context=non-requeueable deps ti=<TaskInstance: DropGoldLayerDAG.drop_gold_table scheduled__2023-12-14T00:00:00+00:00 [queued]>
[2023-12-15T01:52:12.619-0300] {taskinstance.py:1159} INFO - Dependencies all met for dep_context=requeueable deps ti=<TaskInstance: DropGoldLayerDAG.drop_gold_table scheduled__2023-12-14T00:00:00+00:00 [queued]>
[2023-12-15T01:52:12.620-0300] {taskinstance.py:1361} INFO - Starting attempt 1 of 1
[2023-12-15T01:52:12.638-0300] {taskinstance.py:1382} INFO - Executing <Task(PostgresOperator): drop_gold_table> on 2023-12-14 00:00:00+00:00
[2023-12-15T01:52:12.643-0300] {standard_task_runner.py:57} INFO - Started process 47757 to run task
[2023-12-15T01:52:12.645-0300] {standard_task_runner.py:84} INFO - Running: ['airflow', 'tasks', 'run', 'DropGoldLayerDAG', 'drop_gold_table', 'scheduled__2023-12-14T00:00:00+00:00', '--job-id', '69', '--raw', '--subdir', 'DAGS_FOLDER/drop_gold_layer_dag.py', '--cfg-path', '/tmp/tmpg_evvdxi']
[2023-12-15T01:52:12.646-0300] {standard_task_runner.py:85} INFO - Job 69: Subtask drop_gold_table
[2023-12-15T01:52:12.780-0300] {task_command.py:416} INFO - Running <TaskInstance: DropGoldLayerDAG.drop_gold_table scheduled__2023-12-14T00:00:00+00:00 [running]> on host JulioPC.
[2023-12-15T01:52:13.304-0300] {taskinstance.py:1662} INFO - Exporting env vars: AIRFLOW_CTX_DAG_OWNER='airflow' AIRFLOW_CTX_DAG_ID='DropGoldLayerDAG' AIRFLOW_CTX_TASK_ID='drop_gold_table' AIRFLOW_CTX_EXECUTION_DATE='2023-12-14T00:00:00+00:00' AIRFLOW_CTX_TRY_NUMBER='1' AIRFLOW_CTX_DAG_RUN_ID='scheduled__2023-12-14T00:00:00+00:00'
[2023-12-15T01:52:13.310-0300] {base.py:73} INFO - Using connection ID '***_default' for task execution.
[2023-12-15T01:52:13.335-0300] {sql.py:432} INFO - Running statement: 
    DROP TABLE gold_layer;
    , parameters: None
[2023-12-15T01:52:13.365-0300] {taskinstance.py:1400} INFO - Marking task as SUCCESS. dag_id=DropGoldLayerDAG, task_id=drop_gold_table, execution_date=20231214T000000, start_date=20231215T045212, end_date=20231215T045213
[2023-12-15T01:52:13.426-0300] {local_task_job_runner.py:228} INFO - Task exited with return code 0
[2023-12-15T01:52:13.434-0300] {taskinstance.py:2778} INFO - 0 downstream tasks scheduled from follow-on schedule check
