[2023-12-15T09:09:15.310-0300] {taskinstance.py:1159} INFO - Dependencies all met for dep_context=non-requeueable deps ti=<TaskInstance: ArmazenaPastaMongoDBDAG.store_gold_folder scheduled__2023-02-05T00:00:00+00:00 [queued]>
[2023-12-15T09:09:15.318-0300] {taskinstance.py:1159} INFO - Dependencies all met for dep_context=requeueable deps ti=<TaskInstance: ArmazenaPastaMongoDBDAG.store_gold_folder scheduled__2023-02-05T00:00:00+00:00 [queued]>
[2023-12-15T09:09:15.318-0300] {taskinstance.py:1361} INFO - Starting attempt 1 of 1
[2023-12-15T09:09:15.333-0300] {taskinstance.py:1382} INFO - Executing <Task(PythonOperator): store_gold_folder> on 2023-02-05 00:00:00+00:00
[2023-12-15T09:09:15.336-0300] {standard_task_runner.py:57} INFO - Started process 18902 to run task
[2023-12-15T09:09:15.340-0300] {standard_task_runner.py:84} INFO - Running: ['airflow', 'tasks', 'run', 'ArmazenaPastaMongoDBDAG', 'store_gold_folder', 'scheduled__2023-02-05T00:00:00+00:00', '--job-id', '402', '--raw', '--subdir', 'DAGS_FOLDER/upload_mongo.py', '--cfg-path', '/tmp/tmp5i1996hv']
[2023-12-15T09:09:15.341-0300] {standard_task_runner.py:85} INFO - Job 402: Subtask store_gold_folder
[2023-12-15T09:09:15.380-0300] {task_command.py:416} INFO - Running <TaskInstance: ArmazenaPastaMongoDBDAG.store_gold_folder scheduled__2023-02-05T00:00:00+00:00 [running]> on host JulioPC.
[2023-12-15T09:09:15.449-0300] {taskinstance.py:1662} INFO - Exporting env vars: AIRFLOW_CTX_DAG_OWNER='airflow' AIRFLOW_CTX_DAG_ID='ArmazenaPastaMongoDBDAG' AIRFLOW_CTX_TASK_ID='store_gold_folder' AIRFLOW_CTX_EXECUTION_DATE='2023-02-05T00:00:00+00:00' AIRFLOW_CTX_TRY_NUMBER='1' AIRFLOW_CTX_DAG_RUN_ID='scheduled__2023-02-05T00:00:00+00:00'
[2023-12-15T09:09:15.468-0300] {python.py:194} INFO - Done. Returned value was: None
[2023-12-15T09:09:15.474-0300] {taskinstance.py:1400} INFO - Marking task as SUCCESS. dag_id=ArmazenaPastaMongoDBDAG, task_id=store_gold_folder, execution_date=20230205T000000, start_date=20231215T120915, end_date=20231215T120915
[2023-12-15T09:09:15.513-0300] {local_task_job_runner.py:228} INFO - Task exited with return code 0
[2023-12-15T09:09:15.522-0300] {taskinstance.py:2778} INFO - 0 downstream tasks scheduled from follow-on schedule check
[2023-12-15T09:15:22.986-0300] {taskinstance.py:1159} INFO - Dependencies all met for dep_context=non-requeueable deps ti=<TaskInstance: ArmazenaPastaMongoDBDAG.store_gold_folder scheduled__2023-02-05T00:00:00+00:00 [queued]>
[2023-12-15T09:15:22.992-0300] {taskinstance.py:1159} INFO - Dependencies all met for dep_context=requeueable deps ti=<TaskInstance: ArmazenaPastaMongoDBDAG.store_gold_folder scheduled__2023-02-05T00:00:00+00:00 [queued]>
[2023-12-15T09:15:22.993-0300] {taskinstance.py:1361} INFO - Starting attempt 1 of 1
[2023-12-15T09:15:23.008-0300] {taskinstance.py:1382} INFO - Executing <Task(PythonOperator): store_gold_folder> on 2023-02-05 00:00:00+00:00
[2023-12-15T09:15:23.012-0300] {standard_task_runner.py:57} INFO - Started process 22886 to run task
[2023-12-15T09:15:23.015-0300] {standard_task_runner.py:84} INFO - Running: ['airflow', 'tasks', 'run', 'ArmazenaPastaMongoDBDAG', 'store_gold_folder', 'scheduled__2023-02-05T00:00:00+00:00', '--job-id', '402', '--raw', '--subdir', 'DAGS_FOLDER/upload_mongo.py', '--cfg-path', '/tmp/tmpgwb58i73']
[2023-12-15T09:15:23.016-0300] {standard_task_runner.py:85} INFO - Job 402: Subtask store_gold_folder
[2023-12-15T09:15:23.052-0300] {task_command.py:416} INFO - Running <TaskInstance: ArmazenaPastaMongoDBDAG.store_gold_folder scheduled__2023-02-05T00:00:00+00:00 [running]> on host JulioPC.
[2023-12-15T09:15:23.118-0300] {taskinstance.py:1662} INFO - Exporting env vars: AIRFLOW_CTX_DAG_OWNER='airflow' AIRFLOW_CTX_DAG_ID='ArmazenaPastaMongoDBDAG' AIRFLOW_CTX_TASK_ID='store_gold_folder' AIRFLOW_CTX_EXECUTION_DATE='2023-02-05T00:00:00+00:00' AIRFLOW_CTX_TRY_NUMBER='1' AIRFLOW_CTX_DAG_RUN_ID='scheduled__2023-02-05T00:00:00+00:00'
[2023-12-15T09:15:23.135-0300] {python.py:194} INFO - Done. Returned value was: None
[2023-12-15T09:15:23.142-0300] {taskinstance.py:1400} INFO - Marking task as SUCCESS. dag_id=ArmazenaPastaMongoDBDAG, task_id=store_gold_folder, execution_date=20230205T000000, start_date=20231215T121522, end_date=20231215T121523
[2023-12-15T09:15:23.188-0300] {local_task_job_runner.py:228} INFO - Task exited with return code 0
[2023-12-15T09:15:23.198-0300] {taskinstance.py:2778} INFO - 0 downstream tasks scheduled from follow-on schedule check
